WARNING: An illegal reflective access operation has occurred
WARNING: Illegal reflective access by org.eclipse.paho.client.mqttv3.internal.FileLock (jar:file:/tmp/thorntailorg.eclipse.paho.client.mqttv3-1.2.06922868824221241341.jar!/) to method sun.nio.ch.FileLockImpl.release()
WARNING: Please consider reporting this to the maintainers of org.eclipse.paho.client.mqttv3.internal.FileLock
WARNING: Use --illegal-access=warn to enable warnings of further illegal reflective access operations
WARNING: All illegal access operations will be denied in a future release
Connected to tcp://mosquitto-water2:1886
Sep 06, 2023 6:15:06 PM jdk.internal.reflect.NativeMethodAccessorImpl invoke0
INFO: THORN99999: Thorntail is Ready
ACTUATORactWater_2_4822625 | Receive data: { "value" : "5" } | Doing following action in consequence: actuando!
ACTUATORactWater_2_4822625 | Receive data: { "value" : "75" } | Doing following action in consequence: actuando!
ACTUATORactWater_2_4822625 | Receive data: { "value" : "85" } | Doing following action in consequence: actuando!
ACTUATORactWater_2_4822625 | Receive data: { "value" : "109" } | Doing following action in consequence: actuando!
ACTUATORactWater_2_4822625 | Receive data: { "value" : "27" } | Doing following action in consequence: actuando!
ACTUATORactWater_2_4822625 | Receive data: { "value" : "14" } | Doing following action in consequence: actuando!
ACTUATORactWater_2_4822625 | Receive data: { "value" : "43" } | Doing following action in consequence: actuando!
ACTUATORactWater_2_4822625 | Receive data: { "value" : "202" } | Doing following action in consequence: actuando!
ACTUATORactWater_2_4822625 | Receive data: { "value" : "68" } | Doing following action in consequence: actuando!
ACTUATORactWater_2_4822625 | Receive data: { "value" : "250" } | Doing following action in consequence: actuando!
ACTUATORactWater_2_4822625 | Receive data: { "value" : "126" } | Doing following action in consequence: actuando!
ACTUATORactWater_2_4822625 | Receive data: { "value" : "104" } | Doing following action in consequence: actuando!
ACTUATORactWater_2_4822625 | Receive data: { "value" : "128" } | Doing following action in consequence: actuando!
ACTUATORactWater_2_4822625 | Receive data: { "value" : "232" } | Doing following action in consequence: actuando!
ACTUATORactWater_2_4822625 | Receive data: { "value" : "144" } | Doing following action in consequence: actuando!
ACTUATORactWater_2_4822625 | Receive data: { "value" : "156" } | Doing following action in consequence: actuando!
ACTUATORactWater_2_4822625 | Receive data: { "value" : "15" } | Doing following action in consequence: actuando!
ACTUATORactWater_2_4822625 | Receive data: { "value" : "150" } | Doing following action in consequence: actuando!
ACTUATORactWater_2_4822625 | Receive data: { "value" : "178" } | Doing following action in consequence: actuando!
ACTUATORactWater_2_4822625 | Receive data: { "value" : "139" } | Doing following action in consequence: actuando!
ACTUATORactWater_2_4822625 | Receive data: { "value" : "56" } | Doing following action in consequence: actuando!
ACTUATORactWater_2_4822625 | Receive data: { "value" : "5" } | Doing following action in consequence: actuando!
ACTUATORactWater_2_4822625 | Receive data: { "value" : "113" } | Doing following action in consequence: actuando!
ACTUATORactWater_2_4822625 | Receive data: { "value" : "8" } | Doing following action in consequence: actuando!
ACTUATORactWater_2_4822625 | Receive data: { "value" : "90" } | Doing following action in consequence: actuando!
ACTUATORactWater_2_4822625 | Receive data: { "value" : "218" } | Doing following action in consequence: actuando!
ACTUATORactWater_2_4822625 | Receive data: { "value" : "178" } | Doing following action in consequence: actuando!
ACTUATORactWater_2_4822625 | Receive data: { "value" : "65" } | Doing following action in consequence: actuando!
ACTUATORactWater_2_4822625 | Receive data: { "value" : "9" } | Doing following action in consequence: actuando!
ACTUATORactWater_2_4822625 | Receive data: { "value" : "65" } | Doing following action in consequence: actuando!
ACTUATORactWater_2_4822625 | Receive data: { "value" : "232" } | Doing following action in consequence: actuando!
ACTUATORactWater_2_4822625 | Receive data: { "value" : "203" } | Doing following action in consequence: actuando!
ACTUATORactWater_2_4822625 | Receive data: { "value" : "104" } | Doing following action in consequence: actuando!
ACTUATORactWater_2_4822625 | Receive data: { "value" : "169" } | Doing following action in consequence: actuando!
ACTUATORactWater_2_4822625 | Receive data: { "value" : "228" } | Doing following action in consequence: actuando!
ACTUATORactWater_2_4822625 | Receive data: { "value" : "184" } | Doing following action in consequence: actuando!
ACTUATORactWater_2_4822625 | Receive data: { "value" : "228" } | Doing following action in consequence: actuando!
ACTUATORactWater_2_4822625 | Receive data: { "value" : "228" } | Doing following action in consequence: actuando!
ACTUATORactWater_2_4822625 | Receive data: { "value" : "1" } | Doing following action in consequence: actuando!
ACTUATORactWater_2_4822625 | Receive data: { "value" : "214" } | Doing following action in consequence: actuando!
ACTUATORactWater_2_4822625 | Receive data: { "value" : "133" } | Doing following action in consequence: actuando!
ACTUATORactWater_2_4822625 | Receive data: { "value" : "151" } | Doing following action in consequence: actuando!
ACTUATORactWater_2_4822625 | Receive data: { "value" : "239" } | Doing following action in consequence: actuando!
ACTUATORactWater_2_4822625 | Receive data: { "value" : "201" } | Doing following action in consequence: actuando!
ACTUATORactWater_2_4822625 | Receive data: { "value" : "210" } | Doing following action in consequence: actuando!
ACTUATORactWater_2_4822625 | Receive data: { "value" : "210" } | Doing following action in consequence: actuando!
ACTUATORactWater_2_4822625 | Receive data: { "value" : "67" } | Doing following action in consequence: actuando!
ACTUATORactWater_2_4822625 | Receive data: { "value" : "220" } | Doing following action in consequence: actuando!
ACTUATORactWater_2_4822625 | Receive data: { "value" : "96" } | Doing following action in consequence: actuando!
ACTUATORactWater_2_4822625 | Receive data: { "value" : "162" } | Doing following action in consequence: actuando!
ACTUATORactWater_2_4822625 | Receive data: { "value" : "219" } | Doing following action in consequence: actuando!
ACTUATORactWater_2_4822625 | Receive data: { "value" : "249" } | Doing following action in consequence: actuando!
ACTUATORactWater_2_4822625 | Receive data: { "value" : "5" } | Doing following action in consequence: actuando!
ACTUATORactWater_2_4822625 | Receive data: { "value" : "201" } | Doing following action in consequence: actuando!
ACTUATORactWater_2_4822625 | Receive data: { "value" : "136" } | Doing following action in consequence: actuando!
ACTUATORactWater_2_4822625 | Receive data: { "value" : "123" } | Doing following action in consequence: actuando!
ACTUATORactWater_2_4822625 | Receive data: { "value" : "48" } | Doing following action in consequence: actuando!
ACTUATORactWater_2_4822625 | Receive data: { "value" : "38" } | Doing following action in consequence: actuando!
ACTUATORactWater_2_4822625 | Receive data: { "value" : "26" } | Doing following action in consequence: actuando!
ACTUATORactWater_2_4822625 | Receive data: { "value" : "85" } | Doing following action in consequence: actuando!
ACTUATORactWater_2_4822625 | Receive data: { "value" : "204" } | Doing following action in consequence: actuando!
ACTUATORactWater_2_4822625 | Receive data: { "value" : "16" } | Doing following action in consequence: actuando!
ACTUATORactWater_2_4822625 | Receive data: { "value" : "191" } | Doing following action in consequence: actuando!
ACTUATORactWater_2_4822625 | Receive data: { "value" : "169" } | Doing following action in consequence: actuando!
ACTUATORactWater_2_4822625 | Receive data: { "value" : "225" } | Doing following action in consequence: actuando!
ACTUATORactWater_2_4822625 | Receive data: { "value" : "123" } | Doing following action in consequence: actuando!
ACTUATORactWater_2_4822625 | Receive data: { "value" : "30" } | Doing following action in consequence: actuando!
ACTUATORactWater_2_4822625 | Receive data: { "value" : "142" } | Doing following action in consequence: actuando!
ACTUATORactWater_2_4822625 | Receive data: { "value" : "207" } | Doing following action in consequence: actuando!
ACTUATORactWater_2_4822625 | Receive data: { "value" : "122" } | Doing following action in consequence: actuando!
ACTUATORactWater_2_4822625 | Receive data: { "value" : "165" } | Doing following action in consequence: actuando!
ACTUATORactWater_2_4822625 | Receive data: { "value" : "155" } | Doing following action in consequence: actuando!
ACTUATORactWater_2_4822625 | Receive data: { "value" : "204" } | Doing following action in consequence: actuando!
ACTUATORactWater_2_4822625 | Receive data: { "value" : "183" } | Doing following action in consequence: actuando!
ACTUATORactWater_2_4822625 | Receive data: { "value" : "113" } | Doing following action in consequence: actuando!
ACTUATORactWater_2_4822625 | Receive data: { "value" : "152" } | Doing following action in consequence: actuando!
ACTUATORactWater_2_4822625 | Receive data: { "value" : "174" } | Doing following action in consequence: actuando!
ACTUATORactWater_2_4822625 | Receive data: { "value" : "230" } | Doing following action in consequence: actuando!
ACTUATORactWater_2_4822625 | Receive data: { "value" : "44" } | Doing following action in consequence: actuando!
ACTUATORactWater_2_4822625 | Receive data: { "value" : "13" } | Doing following action in consequence: actuando!
ACTUATORactWater_2_4822625 | Receive data: { "value" : "128" } | Doing following action in consequence: actuando!
ACTUATORactWater_2_4822625 | Receive data: { "value" : "15" } | Doing following action in consequence: actuando!
ACTUATORactWater_2_4822625 | Receive data: { "value" : "19" } | Doing following action in consequence: actuando!
ACTUATORactWater_2_4822625 | Receive data: { "value" : "71" } | Doing following action in consequence: actuando!
ACTUATORactWater_2_4822625 | Receive data: { "value" : "141" } | Doing following action in consequence: actuando!
ACTUATORactWater_2_4822625 | Receive data: { "value" : "1" } | Doing following action in consequence: actuando!
ACTUATORactWater_2_4822625 | Receive data: { "value" : "136" } | Doing following action in consequence: actuando!
ACTUATORactWater_2_4822625 | Receive data: { "value" : "109" } | Doing following action in consequence: actuando!
ACTUATORactWater_2_4822625 | Receive data: { "value" : "12" } | Doing following action in consequence: actuando!
ACTUATORactWater_2_4822625 | Receive data: { "value" : "226" } | Doing following action in consequence: actuando!
ACTUATORactWater_2_4822625 | Receive data: { "value" : "4" } | Doing following action in consequence: actuando!
ACTUATORactWater_2_4822625 | Receive data: { "value" : "33" } | Doing following action in consequence: actuando!
ACTUATORactWater_2_4822625 | Receive data: { "value" : "138" } | Doing following action in consequence: actuando!
ACTUATORactWater_2_4822625 | Receive data: { "value" : "143" } | Doing following action in consequence: actuando!
ACTUATORactWater_2_4822625 | Receive data: { "value" : "24" } | Doing following action in consequence: actuando!
ACTUATORactWater_2_4822625 | Receive data: { "value" : "24" } | Doing following action in consequence: actuando!
ACTUATORactWater_2_4822625 | Receive data: { "value" : "225" } | Doing following action in consequence: actuando!
ACTUATORactWater_2_4822625 | Receive data: { "value" : "137" } | Doing following action in consequence: actuando!
ACTUATORactWater_2_4822625 | Receive data: { "value" : "88" } | Doing following action in consequence: actuando!
ACTUATORactWater_2_4822625 | Receive data: { "value" : "162" } | Doing following action in consequence: actuando!
