WARNING: An illegal reflective access operation has occurred
WARNING: Illegal reflective access by org.eclipse.paho.client.mqttv3.internal.FileLock (jar:file:/tmp/thorntailorg.eclipse.paho.client.mqttv3-1.2.015990071783250511743.jar!/) to method sun.nio.ch.FileLockImpl.release()
WARNING: Please consider reporting this to the maintainers of org.eclipse.paho.client.mqttv3.internal.FileLock
WARNING: Use --illegal-access=warn to enable warnings of further illegal reflective access operations
WARNING: All illegal access operations will be denied in a future release
Connected to tcp://mosquitto-gas3:1887
Sep 06, 2023 7:48:17 PM jdk.internal.reflect.NativeMethodAccessorImpl invoke0
INFO: THORN99999: Thorntail is Ready
ACTUATORactGas_3_222630 | Receive data: { "value" : "26" } | Doing following action in consequence: actuando!
ACTUATORactGas_3_222630 | Receive data: { "value" : "78" } | Doing following action in consequence: actuando!
ACTUATORactGas_3_222630 | Receive data: { "value" : "30" } | Doing following action in consequence: actuando!
ACTUATORactGas_3_222630 | Receive data: { "value" : "187" } | Doing following action in consequence: actuando!
ACTUATORactGas_3_222630 | Receive data: { "value" : "244" } | Doing following action in consequence: actuando!
ACTUATORactGas_3_222630 | Receive data: { "value" : "243" } | Doing following action in consequence: actuando!
ACTUATORactGas_3_222630 | Receive data: { "value" : "75" } | Doing following action in consequence: actuando!
ACTUATORactGas_3_222630 | Receive data: { "value" : "141" } | Doing following action in consequence: actuando!
ACTUATORactGas_3_222630 | Receive data: { "value" : "10" } | Doing following action in consequence: actuando!
ACTUATORactGas_3_222630 | Receive data: { "value" : "98" } | Doing following action in consequence: actuando!
ACTUATORactGas_3_222630 | Receive data: { "value" : "53" } | Doing following action in consequence: actuando!
ACTUATORactGas_3_222630 | Receive data: { "value" : "204" } | Doing following action in consequence: actuando!
ACTUATORactGas_3_222630 | Receive data: { "value" : "60" } | Doing following action in consequence: actuando!
ACTUATORactGas_3_222630 | Receive data: { "value" : "117" } | Doing following action in consequence: actuando!
ACTUATORactGas_3_222630 | Receive data: { "value" : "56" } | Doing following action in consequence: actuando!
ACTUATORactGas_3_222630 | Receive data: { "value" : "130" } | Doing following action in consequence: actuando!
ACTUATORactGas_3_222630 | Receive data: { "value" : "9" } | Doing following action in consequence: actuando!
ACTUATORactGas_3_222630 | Receive data: { "value" : "66" } | Doing following action in consequence: actuando!
ACTUATORactGas_3_222630 | Receive data: { "value" : "121" } | Doing following action in consequence: actuando!
ACTUATORactGas_3_222630 | Receive data: { "value" : "2" } | Doing following action in consequence: actuando!
ACTUATORactGas_3_222630 | Receive data: { "value" : "212" } | Doing following action in consequence: actuando!
ACTUATORactGas_3_222630 | Receive data: { "value" : "240" } | Doing following action in consequence: actuando!
ACTUATORactGas_3_222630 | Receive data: { "value" : "11" } | Doing following action in consequence: actuando!
ACTUATORactGas_3_222630 | Receive data: { "value" : "39" } | Doing following action in consequence: actuando!
ACTUATORactGas_3_222630 | Receive data: { "value" : "104" } | Doing following action in consequence: actuando!
ACTUATORactGas_3_222630 | Receive data: { "value" : "40" } | Doing following action in consequence: actuando!
ACTUATORactGas_3_222630 | Receive data: { "value" : "199" } | Doing following action in consequence: actuando!
ACTUATORactGas_3_222630 | Receive data: { "value" : "246" } | Doing following action in consequence: actuando!
ACTUATORactGas_3_222630 | Receive data: { "value" : "147" } | Doing following action in consequence: actuando!
ACTUATORactGas_3_222630 | Receive data: { "value" : "125" } | Doing following action in consequence: actuando!
ACTUATORactGas_3_222630 | Receive data: { "value" : "160" } | Doing following action in consequence: actuando!
ACTUATORactGas_3_222630 | Receive data: { "value" : "200" } | Doing following action in consequence: actuando!
ACTUATORactGas_3_222630 | Receive data: { "value" : "30" } | Doing following action in consequence: actuando!
ACTUATORactGas_3_222630 | Receive data: { "value" : "205" } | Doing following action in consequence: actuando!
ACTUATORactGas_3_222630 | Receive data: { "value" : "204" } | Doing following action in consequence: actuando!
ACTUATORactGas_3_222630 | Receive data: { "value" : "71" } | Doing following action in consequence: actuando!
ACTUATORactGas_3_222630 | Receive data: { "value" : "29" } | Doing following action in consequence: actuando!
ACTUATORactGas_3_222630 | Receive data: { "value" : "76" } | Doing following action in consequence: actuando!
ACTUATORactGas_3_222630 | Receive data: { "value" : "204" } | Doing following action in consequence: actuando!
ACTUATORactGas_3_222630 | Receive data: { "value" : "133" } | Doing following action in consequence: actuando!
ACTUATORactGas_3_222630 | Receive data: { "value" : "96" } | Doing following action in consequence: actuando!
ACTUATORactGas_3_222630 | Receive data: { "value" : "78" } | Doing following action in consequence: actuando!
ACTUATORactGas_3_222630 | Receive data: { "value" : "147" } | Doing following action in consequence: actuando!
ACTUATORactGas_3_222630 | Receive data: { "value" : "22" } | Doing following action in consequence: actuando!
ACTUATORactGas_3_222630 | Receive data: { "value" : "51" } | Doing following action in consequence: actuando!
ACTUATORactGas_3_222630 | Receive data: { "value" : "179" } | Doing following action in consequence: actuando!
ACTUATORactGas_3_222630 | Receive data: { "value" : "235" } | Doing following action in consequence: actuando!
ACTUATORactGas_3_222630 | Receive data: { "value" : "159" } | Doing following action in consequence: actuando!
ACTUATORactGas_3_222630 | Receive data: { "value" : "159" } | Doing following action in consequence: actuando!
ACTUATORactGas_3_222630 | Receive data: { "value" : "17" } | Doing following action in consequence: actuando!
ACTUATORactGas_3_222630 | Receive data: { "value" : "247" } | Doing following action in consequence: actuando!
ACTUATORactGas_3_222630 | Receive data: { "value" : "100" } | Doing following action in consequence: actuando!
ACTUATORactGas_3_222630 | Receive data: { "value" : "103" } | Doing following action in consequence: actuando!
ACTUATORactGas_3_222630 | Receive data: { "value" : "217" } | Doing following action in consequence: actuando!
ACTUATORactGas_3_222630 | Receive data: { "value" : "43" } | Doing following action in consequence: actuando!
ACTUATORactGas_3_222630 | Receive data: { "value" : "210" } | Doing following action in consequence: actuando!
ACTUATORactGas_3_222630 | Receive data: { "value" : "121" } | Doing following action in consequence: actuando!
ACTUATORactGas_3_222630 | Receive data: { "value" : "172" } | Doing following action in consequence: actuando!
ACTUATORactGas_3_222630 | Receive data: { "value" : "73" } | Doing following action in consequence: actuando!
ACTUATORactGas_3_222630 | Receive data: { "value" : "144" } | Doing following action in consequence: actuando!
ACTUATORactGas_3_222630 | Receive data: { "value" : "81" } | Doing following action in consequence: actuando!
ACTUATORactGas_3_222630 | Receive data: { "value" : "152" } | Doing following action in consequence: actuando!
ACTUATORactGas_3_222630 | Receive data: { "value" : "211" } | Doing following action in consequence: actuando!
ACTUATORactGas_3_222630 | Receive data: { "value" : "183" } | Doing following action in consequence: actuando!
ACTUATORactGas_3_222630 | Receive data: { "value" : "217" } | Doing following action in consequence: actuando!
ACTUATORactGas_3_222630 | Receive data: { "value" : "29" } | Doing following action in consequence: actuando!
ACTUATORactGas_3_222630 | Receive data: { "value" : "91" } | Doing following action in consequence: actuando!
ACTUATORactGas_3_222630 | Receive data: { "value" : "118" } | Doing following action in consequence: actuando!
ACTUATORactGas_3_222630 | Receive data: { "value" : "25" } | Doing following action in consequence: actuando!
ACTUATORactGas_3_222630 | Receive data: { "value" : "247" } | Doing following action in consequence: actuando!
ACTUATORactGas_3_222630 | Receive data: { "value" : "186" } | Doing following action in consequence: actuando!
ACTUATORactGas_3_222630 | Receive data: { "value" : "236" } | Doing following action in consequence: actuando!
ACTUATORactGas_3_222630 | Receive data: { "value" : "116" } | Doing following action in consequence: actuando!
ACTUATORactGas_3_222630 | Receive data: { "value" : "198" } | Doing following action in consequence: actuando!
ACTUATORactGas_3_222630 | Receive data: { "value" : "207" } | Doing following action in consequence: actuando!
ACTUATORactGas_3_222630 | Receive data: { "value" : "44" } | Doing following action in consequence: actuando!
ACTUATORactGas_3_222630 | Receive data: { "value" : "108" } | Doing following action in consequence: actuando!
ACTUATORactGas_3_222630 | Receive data: { "value" : "46" } | Doing following action in consequence: actuando!
ACTUATORactGas_3_222630 | Receive data: { "value" : "128" } | Doing following action in consequence: actuando!
ACTUATORactGas_3_222630 | Receive data: { "value" : "31" } | Doing following action in consequence: actuando!
ACTUATORactGas_3_222630 | Receive data: { "value" : "245" } | Doing following action in consequence: actuando!
ACTUATORactGas_3_222630 | Receive data: { "value" : "93" } | Doing following action in consequence: actuando!
ACTUATORactGas_3_222630 | Receive data: { "value" : "35" } | Doing following action in consequence: actuando!
ACTUATORactGas_3_222630 | Receive data: { "value" : "50" } | Doing following action in consequence: actuando!
ACTUATORactGas_3_222630 | Receive data: { "value" : "189" } | Doing following action in consequence: actuando!
ACTUATORactGas_3_222630 | Receive data: { "value" : "85" } | Doing following action in consequence: actuando!
ACTUATORactGas_3_222630 | Receive data: { "value" : "162" } | Doing following action in consequence: actuando!
ACTUATORactGas_3_222630 | Receive data: { "value" : "50" } | Doing following action in consequence: actuando!
ACTUATORactGas_3_222630 | Receive data: { "value" : "21" } | Doing following action in consequence: actuando!
ACTUATORactGas_3_222630 | Receive data: { "value" : "56" } | Doing following action in consequence: actuando!
ACTUATORactGas_3_222630 | Receive data: { "value" : "116" } | Doing following action in consequence: actuando!
ACTUATORactGas_3_222630 | Receive data: { "value" : "33" } | Doing following action in consequence: actuando!
ACTUATORactGas_3_222630 | Receive data: { "value" : "20" } | Doing following action in consequence: actuando!
ACTUATORactGas_3_222630 | Receive data: { "value" : "81" } | Doing following action in consequence: actuando!
ACTUATORactGas_3_222630 | Receive data: { "value" : "19" } | Doing following action in consequence: actuando!
ACTUATORactGas_3_222630 | Receive data: { "value" : "8" } | Doing following action in consequence: actuando!
ACTUATORactGas_3_222630 | Receive data: { "value" : "181" } | Doing following action in consequence: actuando!
ACTUATORactGas_3_222630 | Receive data: { "value" : "90" } | Doing following action in consequence: actuando!
ACTUATORactGas_3_222630 | Receive data: { "value" : "32" } | Doing following action in consequence: actuando!
ACTUATORactGas_3_222630 | Receive data: { "value" : "48" } | Doing following action in consequence: actuando!
