WARNING: An illegal reflective access operation has occurred
WARNING: Illegal reflective access by org.eclipse.paho.client.mqttv3.internal.FileLock (jar:file:/tmp/thorntailorg.eclipse.paho.client.mqttv3-1.2.018212351814043197948.jar!/) to method sun.nio.ch.FileLockImpl.release()
WARNING: Please consider reporting this to the maintainers of org.eclipse.paho.client.mqttv3.internal.FileLock
WARNING: Use --illegal-access=warn to enable warnings of further illegal reflective access operations
WARNING: All illegal access operations will be denied in a future release
Connected to tcp://mosquitto-water2:1886
Sep 06, 2023 7:48:16 PM jdk.internal.reflect.NativeMethodAccessorImpl invoke0
INFO: THORN99999: Thorntail is Ready
ACTUATORactWater_2_84227 | Receive data: { "value" : "196" } | Doing following action in consequence: actuando!
ACTUATORactWater_2_84227 | Receive data: { "value" : "59" } | Doing following action in consequence: actuando!
ACTUATORactWater_2_84227 | Receive data: { "value" : "50" } | Doing following action in consequence: actuando!
ACTUATORactWater_2_84227 | Receive data: { "value" : "84" } | Doing following action in consequence: actuando!
ACTUATORactWater_2_84227 | Receive data: { "value" : "212" } | Doing following action in consequence: actuando!
ACTUATORactWater_2_84227 | Receive data: { "value" : "31" } | Doing following action in consequence: actuando!
ACTUATORactWater_2_84227 | Receive data: { "value" : "164" } | Doing following action in consequence: actuando!
ACTUATORactWater_2_84227 | Receive data: { "value" : "97" } | Doing following action in consequence: actuando!
ACTUATORactWater_2_84227 | Receive data: { "value" : "59" } | Doing following action in consequence: actuando!
ACTUATORactWater_2_84227 | Receive data: { "value" : "113" } | Doing following action in consequence: actuando!
ACTUATORactWater_2_84227 | Receive data: { "value" : "148" } | Doing following action in consequence: actuando!
ACTUATORactWater_2_84227 | Receive data: { "value" : "7" } | Doing following action in consequence: actuando!
ACTUATORactWater_2_84227 | Receive data: { "value" : "26" } | Doing following action in consequence: actuando!
ACTUATORactWater_2_84227 | Receive data: { "value" : "215" } | Doing following action in consequence: actuando!
ACTUATORactWater_2_84227 | Receive data: { "value" : "74" } | Doing following action in consequence: actuando!
ACTUATORactWater_2_84227 | Receive data: { "value" : "73" } | Doing following action in consequence: actuando!
ACTUATORactWater_2_84227 | Receive data: { "value" : "174" } | Doing following action in consequence: actuando!
ACTUATORactWater_2_84227 | Receive data: { "value" : "81" } | Doing following action in consequence: actuando!
ACTUATORactWater_2_84227 | Receive data: { "value" : "44" } | Doing following action in consequence: actuando!
ACTUATORactWater_2_84227 | Receive data: { "value" : "217" } | Doing following action in consequence: actuando!
ACTUATORactWater_2_84227 | Receive data: { "value" : "210" } | Doing following action in consequence: actuando!
ACTUATORactWater_2_84227 | Receive data: { "value" : "108" } | Doing following action in consequence: actuando!
ACTUATORactWater_2_84227 | Receive data: { "value" : "130" } | Doing following action in consequence: actuando!
ACTUATORactWater_2_84227 | Receive data: { "value" : "235" } | Doing following action in consequence: actuando!
ACTUATORactWater_2_84227 | Receive data: { "value" : "3" } | Doing following action in consequence: actuando!
ACTUATORactWater_2_84227 | Receive data: { "value" : "74" } | Doing following action in consequence: actuando!
ACTUATORactWater_2_84227 | Receive data: { "value" : "93" } | Doing following action in consequence: actuando!
ACTUATORactWater_2_84227 | Receive data: { "value" : "130" } | Doing following action in consequence: actuando!
ACTUATORactWater_2_84227 | Receive data: { "value" : "75" } | Doing following action in consequence: actuando!
ACTUATORactWater_2_84227 | Receive data: { "value" : "164" } | Doing following action in consequence: actuando!
ACTUATORactWater_2_84227 | Receive data: { "value" : "113" } | Doing following action in consequence: actuando!
ACTUATORactWater_2_84227 | Receive data: { "value" : "81" } | Doing following action in consequence: actuando!
ACTUATORactWater_2_84227 | Receive data: { "value" : "55" } | Doing following action in consequence: actuando!
ACTUATORactWater_2_84227 | Receive data: { "value" : "165" } | Doing following action in consequence: actuando!
ACTUATORactWater_2_84227 | Receive data: { "value" : "35" } | Doing following action in consequence: actuando!
ACTUATORactWater_2_84227 | Receive data: { "value" : "75" } | Doing following action in consequence: actuando!
ACTUATORactWater_2_84227 | Receive data: { "value" : "242" } | Doing following action in consequence: actuando!
ACTUATORactWater_2_84227 | Receive data: { "value" : "132" } | Doing following action in consequence: actuando!
ACTUATORactWater_2_84227 | Receive data: { "value" : "98" } | Doing following action in consequence: actuando!
ACTUATORactWater_2_84227 | Receive data: { "value" : "123" } | Doing following action in consequence: actuando!
ACTUATORactWater_2_84227 | Receive data: { "value" : "114" } | Doing following action in consequence: actuando!
ACTUATORactWater_2_84227 | Receive data: { "value" : "115" } | Doing following action in consequence: actuando!
ACTUATORactWater_2_84227 | Receive data: { "value" : "112" } | Doing following action in consequence: actuando!
ACTUATORactWater_2_84227 | Receive data: { "value" : "61" } | Doing following action in consequence: actuando!
ACTUATORactWater_2_84227 | Receive data: { "value" : "90" } | Doing following action in consequence: actuando!
ACTUATORactWater_2_84227 | Receive data: { "value" : "163" } | Doing following action in consequence: actuando!
ACTUATORactWater_2_84227 | Receive data: { "value" : "195" } | Doing following action in consequence: actuando!
ACTUATORactWater_2_84227 | Receive data: { "value" : "151" } | Doing following action in consequence: actuando!
ACTUATORactWater_2_84227 | Receive data: { "value" : "62" } | Doing following action in consequence: actuando!
ACTUATORactWater_2_84227 | Receive data: { "value" : "233" } | Doing following action in consequence: actuando!
ACTUATORactWater_2_84227 | Receive data: { "value" : "214" } | Doing following action in consequence: actuando!
ACTUATORactWater_2_84227 | Receive data: { "value" : "26" } | Doing following action in consequence: actuando!
ACTUATORactWater_2_84227 | Receive data: { "value" : "104" } | Doing following action in consequence: actuando!
ACTUATORactWater_2_84227 | Receive data: { "value" : "145" } | Doing following action in consequence: actuando!
ACTUATORactWater_2_84227 | Receive data: { "value" : "24" } | Doing following action in consequence: actuando!
ACTUATORactWater_2_84227 | Receive data: { "value" : "117" } | Doing following action in consequence: actuando!
ACTUATORactWater_2_84227 | Receive data: { "value" : "193" } | Doing following action in consequence: actuando!
ACTUATORactWater_2_84227 | Receive data: { "value" : "131" } | Doing following action in consequence: actuando!
ACTUATORactWater_2_84227 | Receive data: { "value" : "115" } | Doing following action in consequence: actuando!
ACTUATORactWater_2_84227 | Receive data: { "value" : "23" } | Doing following action in consequence: actuando!
ACTUATORactWater_2_84227 | Receive data: { "value" : "73" } | Doing following action in consequence: actuando!
ACTUATORactWater_2_84227 | Receive data: { "value" : "97" } | Doing following action in consequence: actuando!
ACTUATORactWater_2_84227 | Receive data: { "value" : "40" } | Doing following action in consequence: actuando!
ACTUATORactWater_2_84227 | Receive data: { "value" : "126" } | Doing following action in consequence: actuando!
ACTUATORactWater_2_84227 | Receive data: { "value" : "109" } | Doing following action in consequence: actuando!
ACTUATORactWater_2_84227 | Receive data: { "value" : "70" } | Doing following action in consequence: actuando!
ACTUATORactWater_2_84227 | Receive data: { "value" : "137" } | Doing following action in consequence: actuando!
ACTUATORactWater_2_84227 | Receive data: { "value" : "197" } | Doing following action in consequence: actuando!
ACTUATORactWater_2_84227 | Receive data: { "value" : "115" } | Doing following action in consequence: actuando!
ACTUATORactWater_2_84227 | Receive data: { "value" : "195" } | Doing following action in consequence: actuando!
ACTUATORactWater_2_84227 | Receive data: { "value" : "137" } | Doing following action in consequence: actuando!
ACTUATORactWater_2_84227 | Receive data: { "value" : "224" } | Doing following action in consequence: actuando!
ACTUATORactWater_2_84227 | Receive data: { "value" : "77" } | Doing following action in consequence: actuando!
ACTUATORactWater_2_84227 | Receive data: { "value" : "54" } | Doing following action in consequence: actuando!
ACTUATORactWater_2_84227 | Receive data: { "value" : "61" } | Doing following action in consequence: actuando!
ACTUATORactWater_2_84227 | Receive data: { "value" : "78" } | Doing following action in consequence: actuando!
ACTUATORactWater_2_84227 | Receive data: { "value" : "210" } | Doing following action in consequence: actuando!
ACTUATORactWater_2_84227 | Receive data: { "value" : "51" } | Doing following action in consequence: actuando!
ACTUATORactWater_2_84227 | Receive data: { "value" : "42" } | Doing following action in consequence: actuando!
ACTUATORactWater_2_84227 | Receive data: { "value" : "125" } | Doing following action in consequence: actuando!
ACTUATORactWater_2_84227 | Receive data: { "value" : "149" } | Doing following action in consequence: actuando!
ACTUATORactWater_2_84227 | Receive data: { "value" : "133" } | Doing following action in consequence: actuando!
ACTUATORactWater_2_84227 | Receive data: { "value" : "190" } | Doing following action in consequence: actuando!
ACTUATORactWater_2_84227 | Receive data: { "value" : "198" } | Doing following action in consequence: actuando!
ACTUATORactWater_2_84227 | Receive data: { "value" : "245" } | Doing following action in consequence: actuando!
ACTUATORactWater_2_84227 | Receive data: { "value" : "246" } | Doing following action in consequence: actuando!
ACTUATORactWater_2_84227 | Receive data: { "value" : "96" } | Doing following action in consequence: actuando!
ACTUATORactWater_2_84227 | Receive data: { "value" : "161" } | Doing following action in consequence: actuando!
ACTUATORactWater_2_84227 | Receive data: { "value" : "132" } | Doing following action in consequence: actuando!
ACTUATORactWater_2_84227 | Receive data: { "value" : "147" } | Doing following action in consequence: actuando!
ACTUATORactWater_2_84227 | Receive data: { "value" : "119" } | Doing following action in consequence: actuando!
ACTUATORactWater_2_84227 | Receive data: { "value" : "38" } | Doing following action in consequence: actuando!
ACTUATORactWater_2_84227 | Receive data: { "value" : "221" } | Doing following action in consequence: actuando!
ACTUATORactWater_2_84227 | Receive data: { "value" : "247" } | Doing following action in consequence: actuando!
ACTUATORactWater_2_84227 | Receive data: { "value" : "75" } | Doing following action in consequence: actuando!
ACTUATORactWater_2_84227 | Receive data: { "value" : "3" } | Doing following action in consequence: actuando!
ACTUATORactWater_2_84227 | Receive data: { "value" : "218" } | Doing following action in consequence: actuando!
ACTUATORactWater_2_84227 | Receive data: { "value" : "180" } | Doing following action in consequence: actuando!
ACTUATORactWater_2_84227 | Receive data: { "value" : "98" } | Doing following action in consequence: actuando!
ACTUATORactWater_2_84227 | Receive data: { "value" : "234" } | Doing following action in consequence: actuando!
