WARNING: An illegal reflective access operation has occurred
WARNING: Illegal reflective access by org.eclipse.paho.client.mqttv3.internal.FileLock (jar:file:/tmp/thorntailorg.eclipse.paho.client.mqttv3-1.2.08896143754715584799.jar!/) to method sun.nio.ch.FileLockImpl.release()
WARNING: Please consider reporting this to the maintainers of org.eclipse.paho.client.mqttv3.internal.FileLock
WARNING: Use --illegal-access=warn to enable warnings of further illegal reflective access operations
WARNING: All illegal access operations will be denied in a future release
Connected to tcp://mosquitto-presence0:1884
Sep 06, 2023 6:15:32 PM jdk.internal.reflect.NativeMethodAccessorImpl invoke0
INFO: THORN99999: Thorntail is Ready
ACTUATORactPresence_0_9639465 | Receive data: { "value" : "1" } | Doing following action in consequence: actuando!
ACTUATORactPresence_0_9639465 | Receive data: Presence detected! | Doing following action in consequence: actuando!
ACTUATORactPresence_0_9639465 | Receive data: { "value" : "0" } | Doing following action in consequence: actuando!
ACTUATORactPresence_0_9639465 | Receive data: { "value" : "1" } | Doing following action in consequence: actuando!
ACTUATORactPresence_0_9639465 | Receive data: { "value" : "1" } | Doing following action in consequence: actuando!
ACTUATORactPresence_0_9639465 | Receive data: { "value" : "0" } | Doing following action in consequence: actuando!
ACTUATORactPresence_0_9639465 | Receive data: { "value" : "1" } | Doing following action in consequence: actuando!
ACTUATORactPresence_0_9639465 | Receive data: { "value" : "0" } | Doing following action in consequence: actuando!
ACTUATORactPresence_0_9639465 | Receive data: { "value" : "0" } | Doing following action in consequence: actuando!
ACTUATORactPresence_0_9639465 | Receive data: { "value" : "0" } | Doing following action in consequence: actuando!
ACTUATORactPresence_0_9639465 | Receive data: { "value" : "1" } | Doing following action in consequence: actuando!
ACTUATORactPresence_0_9639465 | Receive data: Presence detected! | Doing following action in consequence: actuando!
ACTUATORactPresence_0_9639465 | Receive data: { "value" : "1" } | Doing following action in consequence: actuando!
ACTUATORactPresence_0_9639465 | Receive data: { "value" : "0" } | Doing following action in consequence: actuando!
ACTUATORactPresence_0_9639465 | Receive data: { "value" : "1" } | Doing following action in consequence: actuando!
ACTUATORactPresence_0_9639465 | Receive data: { "value" : "1" } | Doing following action in consequence: actuando!
ACTUATORactPresence_0_9639465 | Receive data: { "value" : "0" } | Doing following action in consequence: actuando!
ACTUATORactPresence_0_9639465 | Receive data: { "value" : "0" } | Doing following action in consequence: actuando!
ACTUATORactPresence_0_9639465 | Receive data: { "value" : "1" } | Doing following action in consequence: actuando!
ACTUATORactPresence_0_9639465 | Receive data: Presence detected! | Doing following action in consequence: actuando!
ACTUATORactPresence_0_9639465 | Receive data: { "value" : "0" } | Doing following action in consequence: actuando!
ACTUATORactPresence_0_9639465 | Receive data: { "value" : "1" } | Doing following action in consequence: actuando!
ACTUATORactPresence_0_9639465 | Receive data: { "value" : "1" } | Doing following action in consequence: actuando!
ACTUATORactPresence_0_9639465 | Receive data: { "value" : "0" } | Doing following action in consequence: actuando!
ACTUATORactPresence_0_9639465 | Receive data: { "value" : "1" } | Doing following action in consequence: actuando!
ACTUATORactPresence_0_9639465 | Receive data: Presence detected! | Doing following action in consequence: actuando!
ACTUATORactPresence_0_9639465 | Receive data: { "value" : "1" } | Doing following action in consequence: actuando!
ACTUATORactPresence_0_9639465 | Receive data: { "value" : "1" } | Doing following action in consequence: actuando!
ACTUATORactPresence_0_9639465 | Receive data: { "value" : "1" } | Doing following action in consequence: actuando!
ACTUATORactPresence_0_9639465 | Receive data: { "value" : "0" } | Doing following action in consequence: actuando!
ACTUATORactPresence_0_9639465 | Receive data: { "value" : "1" } | Doing following action in consequence: actuando!
ACTUATORactPresence_0_9639465 | Receive data: { "value" : "1" } | Doing following action in consequence: actuando!
ACTUATORactPresence_0_9639465 | Receive data: Presence detected! | Doing following action in consequence: actuando!
ACTUATORactPresence_0_9639465 | Receive data: { "value" : "0" } | Doing following action in consequence: actuando!
ACTUATORactPresence_0_9639465 | Receive data: { "value" : "1" } | Doing following action in consequence: actuando!
ACTUATORactPresence_0_9639465 | Receive data: { "value" : "0" } | Doing following action in consequence: actuando!
ACTUATORactPresence_0_9639465 | Receive data: { "value" : "1" } | Doing following action in consequence: actuando!
ACTUATORactPresence_0_9639465 | Receive data: { "value" : "0" } | Doing following action in consequence: actuando!
ACTUATORactPresence_0_9639465 | Receive data: { "value" : "1" } | Doing following action in consequence: actuando!
ACTUATORactPresence_0_9639465 | Receive data: Presence detected! | Doing following action in consequence: actuando!
ACTUATORactPresence_0_9639465 | Receive data: { "value" : "1" } | Doing following action in consequence: actuando!
ACTUATORactPresence_0_9639465 | Receive data: { "value" : "0" } | Doing following action in consequence: actuando!
ACTUATORactPresence_0_9639465 | Receive data: { "value" : "0" } | Doing following action in consequence: actuando!
ACTUATORactPresence_0_9639465 | Receive data: { "value" : "0" } | Doing following action in consequence: actuando!
ACTUATORactPresence_0_9639465 | Receive data: { "value" : "0" } | Doing following action in consequence: actuando!
ACTUATORactPresence_0_9639465 | Receive data: { "value" : "1" } | Doing following action in consequence: actuando!
ACTUATORactPresence_0_9639465 | Receive data: Presence detected! | Doing following action in consequence: actuando!
ACTUATORactPresence_0_9639465 | Receive data: { "value" : "0" } | Doing following action in consequence: actuando!
ACTUATORactPresence_0_9639465 | Receive data: { "value" : "1" } | Doing following action in consequence: actuando!
ACTUATORactPresence_0_9639465 | Receive data: { "value" : "1" } | Doing following action in consequence: actuando!
ACTUATORactPresence_0_9639465 | Receive data: { "value" : "1" } | Doing following action in consequence: actuando!
ACTUATORactPresence_0_9639465 | Receive data: { "value" : "1" } | Doing following action in consequence: actuando!
ACTUATORactPresence_0_9639465 | Receive data: { "value" : "0" } | Doing following action in consequence: actuando!
ACTUATORactPresence_0_9639465 | Receive data: { "value" : "1" } | Doing following action in consequence: actuando!
ACTUATORactPresence_0_9639465 | Receive data: Presence detected! | Doing following action in consequence: actuando!
ACTUATORactPresence_0_9639465 | Receive data: { "value" : "1" } | Doing following action in consequence: actuando!
ACTUATORactPresence_0_9639465 | Receive data: { "value" : "0" } | Doing following action in consequence: actuando!
ACTUATORactPresence_0_9639465 | Receive data: { "value" : "1" } | Doing following action in consequence: actuando!
ACTUATORactPresence_0_9639465 | Receive data: { "value" : "0" } | Doing following action in consequence: actuando!
ACTUATORactPresence_0_9639465 | Receive data: { "value" : "1" } | Doing following action in consequence: actuando!
ACTUATORactPresence_0_9639465 | Receive data: Presence detected! | Doing following action in consequence: actuando!
ACTUATORactPresence_0_9639465 | Receive data: { "value" : "0" } | Doing following action in consequence: actuando!
ACTUATORactPresence_0_9639465 | Receive data: { "value" : "1" } | Doing following action in consequence: actuando!
ACTUATORactPresence_0_9639465 | Receive data: { "value" : "0" } | Doing following action in consequence: actuando!
ACTUATORactPresence_0_9639465 | Receive data: { "value" : "1" } | Doing following action in consequence: actuando!
ACTUATORactPresence_0_9639465 | Receive data: { "value" : "1" } | Doing following action in consequence: actuando!
ACTUATORactPresence_0_9639465 | Receive data: { "value" : "0" } | Doing following action in consequence: actuando!
ACTUATORactPresence_0_9639465 | Receive data: { "value" : "0" } | Doing following action in consequence: actuando!
ACTUATORactPresence_0_9639465 | Receive data: { "value" : "0" } | Doing following action in consequence: actuando!
ACTUATORactPresence_0_9639465 | Receive data: { "value" : "1" } | Doing following action in consequence: actuando!
ACTUATORactPresence_0_9639465 | Receive data: Presence detected! | Doing following action in consequence: actuando!
ACTUATORactPresence_0_9639465 | Receive data: { "value" : "0" } | Doing following action in consequence: actuando!
ACTUATORactPresence_0_9639465 | Receive data: { "value" : "1" } | Doing following action in consequence: actuando!
ACTUATORactPresence_0_9639465 | Receive data: { "value" : "1" } | Doing following action in consequence: actuando!
ACTUATORactPresence_0_9639465 | Receive data: { "value" : "0" } | Doing following action in consequence: actuando!
ACTUATORactPresence_0_9639465 | Receive data: { "value" : "0" } | Doing following action in consequence: actuando!
ACTUATORactPresence_0_9639465 | Receive data: { "value" : "0" } | Doing following action in consequence: actuando!
ACTUATORactPresence_0_9639465 | Receive data: { "value" : "0" } | Doing following action in consequence: actuando!
ACTUATORactPresence_0_9639465 | Receive data: { "value" : "0" } | Doing following action in consequence: actuando!
ACTUATORactPresence_0_9639465 | Receive data: { "value" : "1" } | Doing following action in consequence: actuando!
ACTUATORactPresence_0_9639465 | Receive data: Presence detected! | Doing following action in consequence: actuando!
ACTUATORactPresence_0_9639465 | Receive data: { "value" : "0" } | Doing following action in consequence: actuando!
ACTUATORactPresence_0_9639465 | Receive data: { "value" : "1" } | Doing following action in consequence: actuando!
ACTUATORactPresence_0_9639465 | Receive data: { "value" : "0" } | Doing following action in consequence: actuando!
ACTUATORactPresence_0_9639465 | Receive data: { "value" : "0" } | Doing following action in consequence: actuando!
ACTUATORactPresence_0_9639465 | Receive data: { "value" : "0" } | Doing following action in consequence: actuando!
ACTUATORactPresence_0_9639465 | Receive data: { "value" : "0" } | Doing following action in consequence: actuando!
ACTUATORactPresence_0_9639465 | Receive data: { "value" : "0" } | Doing following action in consequence: actuando!
ACTUATORactPresence_0_9639465 | Receive data: { "value" : "1" } | Doing following action in consequence: actuando!
ACTUATORactPresence_0_9639465 | Receive data: Presence detected! | Doing following action in consequence: actuando!
ACTUATORactPresence_0_9639465 | Receive data: { "value" : "0" } | Doing following action in consequence: actuando!
ACTUATORactPresence_0_9639465 | Receive data: { "value" : "0" } | Doing following action in consequence: actuando!
ACTUATORactPresence_0_9639465 | Receive data: { "value" : "0" } | Doing following action in consequence: actuando!
ACTUATORactPresence_0_9639465 | Receive data: { "value" : "1" } | Doing following action in consequence: actuando!
ACTUATORactPresence_0_9639465 | Receive data: Presence detected! | Doing following action in consequence: actuando!
ACTUATORactPresence_0_9639465 | Receive data: { "value" : "1" } | Doing following action in consequence: actuando!
ACTUATORactPresence_0_9639465 | Receive data: { "value" : "0" } | Doing following action in consequence: actuando!
ACTUATORactPresence_0_9639465 | Receive data: { "value" : "0" } | Doing following action in consequence: actuando!
ACTUATORactPresence_0_9639465 | Receive data: { "value" : "0" } | Doing following action in consequence: actuando!
ACTUATORactPresence_0_9639465 | Receive data: { "value" : "0" } | Doing following action in consequence: actuando!
ACTUATORactPresence_0_9639465 | Receive data: { "value" : "1" } | Doing following action in consequence: actuando!
ACTUATORactPresence_0_9639465 | Receive data: Presence detected! | Doing following action in consequence: actuando!
ACTUATORactPresence_0_9639465 | Receive data: { "value" : "0" } | Doing following action in consequence: actuando!
ACTUATORactPresence_0_9639465 | Receive data: { "value" : "0" } | Doing following action in consequence: actuando!
ACTUATORactPresence_0_9639465 | Receive data: { "value" : "1" } | Doing following action in consequence: actuando!
ACTUATORactPresence_0_9639465 | Receive data: { "value" : "0" } | Doing following action in consequence: actuando!
ACTUATORactPresence_0_9639465 | Receive data: { "value" : "1" } | Doing following action in consequence: actuando!
ACTUATORactPresence_0_9639465 | Receive data: { "value" : "1" } | Doing following action in consequence: actuando!
ACTUATORactPresence_0_9639465 | Receive data: Presence detected! | Doing following action in consequence: actuando!
ACTUATORactPresence_0_9639465 | Receive data: { "value" : "0" } | Doing following action in consequence: actuando!
ACTUATORactPresence_0_9639465 | Receive data: { "value" : "1" } | Doing following action in consequence: actuando!
ACTUATORactPresence_0_9639465 | Receive data: { "value" : "1" } | Doing following action in consequence: actuando!
ACTUATORactPresence_0_9639465 | Receive data: { "value" : "0" } | Doing following action in consequence: actuando!
ACTUATORactPresence_0_9639465 | Receive data: { "value" : "1" } | Doing following action in consequence: actuando!
ACTUATORactPresence_0_9639465 | Receive data: { "value" : "1" } | Doing following action in consequence: actuando!
ACTUATORactPresence_0_9639465 | Receive data: Presence detected! | Doing following action in consequence: actuando!
