WARNING: An illegal reflective access operation has occurred
WARNING: Illegal reflective access by org.eclipse.paho.client.mqttv3.internal.FileLock (jar:file:/tmp/thorntailorg.eclipse.paho.client.mqttv3-1.2.015172224695530387494.jar!/) to method sun.nio.ch.FileLockImpl.release()
WARNING: Please consider reporting this to the maintainers of org.eclipse.paho.client.mqttv3.internal.FileLock
WARNING: Use --illegal-access=warn to enable warnings of further illegal reflective access operations
WARNING: All illegal access operations will be denied in a future release
Connected to tcp://mosquitto-brightness1:1885
Sep 06, 2023 6:14:24 PM jdk.internal.reflect.NativeMethodAccessorImpl invoke0
INFO: THORN99999: Thorntail is Ready
FOG Brightness_1 | Received data: { "value" : "29" } |From topic: Brightness
FOG Brightness_1 | Received data: { "value" : "48" } |From topic: Brightness
FOG Brightness_1 | Received data: { "value" : "56" } |From topic: Brightness
FOG Brightness_1 | Received data: { "value" : "46" } |From topic: Brightness
FOG Brightness_1 | Received data: { "value" : "73" } |From topic: Brightness
FOG Brightness_1 | Received data: { "value" : "81" } |From topic: Brightness
FOG Brightness_1 | Received data: { "value" : "77" } |From topic: Brightness
FOG Brightness_1 | Received data: { "value" : "74" } |From topic: Brightness
FOG Brightness_1 | Received data: { "value" : "20" } |From topic: Brightness
FOG Brightness_1 | Received data: { "value" : "60" } |From topic: Brightness
FOG Brightness_1 | Received data: { "value" : "90" } |From topic: Brightness
FOG Brightness_1 | Received data: { "value" : "30" } |From topic: Brightness
FOG Brightness_1 | Received data: { "value" : "93" } |From topic: Brightness
FOG Brightness_1 | Received data: { "value" : "36" } |From topic: Brightness
FOG Brightness_1 | Received data: { "value" : "86" } |From topic: Brightness
FOG Brightness_1 | Received data: { "value" : "15" } |From topic: Brightness
FOG Brightness_1 | Received data: { "value" : "48" } |From topic: Brightness
FOG Brightness_1 | Received data: { "value" : "82" } |From topic: Brightness
FOG Brightness_1 | Received data: { "value" : "13" } |From topic: Brightness
FOG Brightness_1 | Received data: { "value" : "64" } |From topic: Brightness
FOG Brightness_1 | Received data: { "value" : "80" } |From topic: Brightness
FOG Brightness_1 | Received data: { "value" : "11" } |From topic: Brightness
FOG Brightness_1 | Received data: { "value" : "99" } |From topic: Brightness
FOG Brightness_1 | Received data: { "value" : "57" } |From topic: Brightness
FOG Brightness_1 | Received data: { "value" : "50" } |From topic: Brightness
FOG Brightness_1 | Received data: { "value" : "37" } |From topic: Brightness
FOG Brightness_1 | Received data: { "value" : "57" } |From topic: Brightness
FOG Brightness_1 | Received data: { "value" : "24" } |From topic: Brightness
FOG Brightness_1 | Received data: { "value" : "75" } |From topic: Brightness
FOG Brightness_1 | Received data: { "value" : "53" } |From topic: Brightness
FOG Brightness_1 | Received data: { "value" : "98" } |From topic: Brightness
FOG Brightness_1 | Received data: { "value" : "48" } |From topic: Brightness
FOG Brightness_1 | Received data: { "value" : "41" } |From topic: Brightness
FOG Brightness_1 | Received data: { "value" : "11" } |From topic: Brightness
FOG Brightness_1 | Received data: { "value" : "85" } |From topic: Brightness
FOG Brightness_1 | Received data: { "value" : "61" } |From topic: Brightness
FOG Brightness_1 | Received data: { "value" : "16" } |From topic: Brightness
FOG Brightness_1 | Received data: { "value" : "19" } |From topic: Brightness
FOG Brightness_1 | Received data: { "value" : "92" } |From topic: Brightness
FOG Brightness_1 | Received data: { "value" : "79" } |From topic: Brightness
FOG Brightness_1 | Received data: { "value" : "6" } |From topic: Brightness
FOG Brightness_1 | Received data: { "value" : "59" } |From topic: Brightness
FOG Brightness_1 | Received data: { "value" : "10" } |From topic: Brightness
FOG Brightness_1 | Received data: { "value" : "68" } |From topic: Brightness
FOG Brightness_1 | Received data: { "value" : "33" } |From topic: Brightness
FOG Brightness_1 | Received data: { "value" : "27" } |From topic: Brightness
FOG Brightness_1 | Received data: { "value" : "1" } |From topic: Brightness
FOG Brightness_1 | Received data: { "value" : "62" } |From topic: Brightness
FOG Brightness_1 | Received data: { "value" : "84" } |From topic: Brightness
FOG Brightness_1 | Received data: { "value" : "63" } |From topic: Brightness
FOG Brightness_1 | Received data: { "value" : "93" } |From topic: Brightness
FOG Brightness_1 | Received data: { "value" : "25" } |From topic: Brightness
FOG Brightness_1 | Received data: { "value" : "11" } |From topic: Brightness
FOG Brightness_1 | Received data: { "value" : "80" } |From topic: Brightness
FOG Brightness_1 | Received data: { "value" : "16" } |From topic: Brightness
FOG Brightness_1 | Received data: { "value" : "75" } |From topic: Brightness
FOG Brightness_1 | Received data: { "value" : "17" } |From topic: Brightness
FOG Brightness_1 | Received data: { "value" : "95" } |From topic: Brightness
FOG Brightness_1 | Received data: { "value" : "28" } |From topic: Brightness
FOG Brightness_1 | Received data: { "value" : "9" } |From topic: Brightness
FOG Brightness_1 | Received data: { "value" : "100" } |From topic: Brightness
FOG Brightness_1 | Received data: { "value" : "2" } |From topic: Brightness
FOG Brightness_1 | Received data: { "value" : "33" } |From topic: Brightness
FOG Brightness_1 | Received data: { "value" : "99" } |From topic: Brightness
FOG Brightness_1 | Received data: { "value" : "15" } |From topic: Brightness
FOG Brightness_1 | Received data: { "value" : "59" } |From topic: Brightness
FOG Brightness_1 | Received data: { "value" : "92" } |From topic: Brightness
FOG Brightness_1 | Received data: { "value" : "32" } |From topic: Brightness
FOG Brightness_1 | Received data: { "value" : "57" } |From topic: Brightness
FOG Brightness_1 | Received data: { "value" : "67" } |From topic: Brightness
FOG Brightness_1 | Received data: { "value" : "30" } |From topic: Brightness
FOG Brightness_1 | Received data: { "value" : "6" } |From topic: Brightness
FOG Brightness_1 | Received data: { "value" : "64" } |From topic: Brightness
FOG Brightness_1 | Received data: { "value" : "79" } |From topic: Brightness
FOG Brightness_1 | Received data: { "value" : "75" } |From topic: Brightness
FOG Brightness_1 | Received data: { "value" : "8" } |From topic: Brightness
FOG Brightness_1 | Received data: { "value" : "66" } |From topic: Brightness
FOG Brightness_1 | Received data: { "value" : "71" } |From topic: Brightness
FOG Brightness_1 | Received data: { "value" : "16" } |From topic: Brightness
FOG Brightness_1 | Received data: { "value" : "77" } |From topic: Brightness
FOG Brightness_1 | Received data: { "value" : "70" } |From topic: Brightness
FOG Brightness_1 | Received data: { "value" : "60" } |From topic: Brightness
FOG Brightness_1 | Received data: { "value" : "83" } |From topic: Brightness
FOG Brightness_1 | Received data: { "value" : "23" } |From topic: Brightness
FOG Brightness_1 | Received data: { "value" : "91" } |From topic: Brightness
FOG Brightness_1 | Received data: { "value" : "72" } |From topic: Brightness
FOG Brightness_1 | Received data: { "value" : "95" } |From topic: Brightness
FOG Brightness_1 | Received data: { "value" : "18" } |From topic: Brightness
FOG Brightness_1 | Received data: { "value" : "53" } |From topic: Brightness
FOG Brightness_1 | Received data: { "value" : "8" } |From topic: Brightness
FOG Brightness_1 | Received data: { "value" : "77" } |From topic: Brightness
FOG Brightness_1 | Received data: { "value" : "23" } |From topic: Brightness
FOG Brightness_1 | Received data: { "value" : "86" } |From topic: Brightness
FOG Brightness_1 | Received data: { "value" : "36" } |From topic: Brightness
FOG Brightness_1 | Received data: { "value" : "92" } |From topic: Brightness
FOG Brightness_1 | Received data: { "value" : "36" } |From topic: Brightness
FOG Brightness_1 | Received data: { "value" : "3" } |From topic: Brightness
FOG Brightness_1 | Received data: { "value" : "37" } |From topic: Brightness
FOG Brightness_1 | Received data: { "value" : "82" } |From topic: Brightness
FOG Brightness_1 | Received data: { "value" : "78" } |From topic: Brightness
