WARNING: An illegal reflective access operation has occurred
WARNING: Illegal reflective access by org.eclipse.paho.client.mqttv3.internal.FileLock (jar:file:/tmp/thorntailorg.eclipse.paho.client.mqttv3-1.2.011627212736707124471.jar!/) to method sun.nio.ch.FileLockImpl.release()
WARNING: Please consider reporting this to the maintainers of org.eclipse.paho.client.mqttv3.internal.FileLock
WARNING: Use --illegal-access=warn to enable warnings of further illegal reflective access operations
WARNING: All illegal access operations will be denied in a future release
Connected to tcp://mosquitto-gas3:1887
FOG Gas_3 | Received data: { "value" : "78" } |From topic: Gas
FOG Gas_3 | Received data: { "value" : "30" } |From topic: Gas
FOG Gas_3 | Received data: { "value" : "187" } |From topic: Gas
FOG Gas_3 | Received data: { "value" : "244" } |From topic: Gas
Sep 06, 2023 7:48:23 PM jdk.internal.reflect.NativeMethodAccessorImpl invoke0
INFO: THORN99999: Thorntail is Ready
FOG Gas_3 | Received data: { "value" : "243" } |From topic: Gas
FOG Gas_3 | Received data: { "value" : "75" } |From topic: Gas
FOG Gas_3 | Received data: { "value" : "141" } |From topic: Gas
FOG Gas_3 | Received data: { "value" : "10" } |From topic: Gas
FOG Gas_3 | Received data: { "value" : "98" } |From topic: Gas
FOG Gas_3 | Received data: { "value" : "53" } |From topic: Gas
FOG Gas_3 | Received data: { "value" : "204" } |From topic: Gas
FOG Gas_3 | Received data: { "value" : "60" } |From topic: Gas
FOG Gas_3 | Received data: { "value" : "117" } |From topic: Gas
FOG Gas_3 | Received data: { "value" : "56" } |From topic: Gas
FOG Gas_3 | Received data: { "value" : "130" } |From topic: Gas
FOG Gas_3 | Received data: { "value" : "9" } |From topic: Gas
FOG Gas_3 | Received data: { "value" : "66" } |From topic: Gas
FOG Gas_3 | Received data: { "value" : "121" } |From topic: Gas
FOG Gas_3 | Received data: { "value" : "2" } |From topic: Gas
FOG Gas_3 | Received data: { "value" : "212" } |From topic: Gas
FOG Gas_3 | Received data: { "value" : "240" } |From topic: Gas
FOG Gas_3 | Received data: { "value" : "11" } |From topic: Gas
FOG Gas_3 | Received data: { "value" : "39" } |From topic: Gas
FOG Gas_3 | Received data: { "value" : "104" } |From topic: Gas
FOG Gas_3 | Received data: { "value" : "40" } |From topic: Gas
FOG Gas_3 | Received data: { "value" : "199" } |From topic: Gas
FOG Gas_3 | Received data: { "value" : "246" } |From topic: Gas
FOG Gas_3 | Received data: { "value" : "147" } |From topic: Gas
FOG Gas_3 | Received data: { "value" : "125" } |From topic: Gas
FOG Gas_3 | Received data: { "value" : "160" } |From topic: Gas
FOG Gas_3 | Received data: { "value" : "200" } |From topic: Gas
FOG Gas_3 | Received data: { "value" : "30" } |From topic: Gas
FOG Gas_3 | Received data: { "value" : "205" } |From topic: Gas
FOG Gas_3 | Received data: { "value" : "204" } |From topic: Gas
FOG Gas_3 | Received data: { "value" : "71" } |From topic: Gas
FOG Gas_3 | Received data: { "value" : "29" } |From topic: Gas
FOG Gas_3 | Received data: { "value" : "76" } |From topic: Gas
FOG Gas_3 | Received data: { "value" : "204" } |From topic: Gas
FOG Gas_3 | Received data: { "value" : "133" } |From topic: Gas
FOG Gas_3 | Received data: { "value" : "96" } |From topic: Gas
FOG Gas_3 | Received data: { "value" : "78" } |From topic: Gas
FOG Gas_3 | Received data: { "value" : "147" } |From topic: Gas
FOG Gas_3 | Received data: { "value" : "22" } |From topic: Gas
FOG Gas_3 | Received data: { "value" : "51" } |From topic: Gas
FOG Gas_3 | Received data: { "value" : "179" } |From topic: Gas
FOG Gas_3 | Received data: { "value" : "235" } |From topic: Gas
FOG Gas_3 | Received data: { "value" : "159" } |From topic: Gas
FOG Gas_3 | Received data: { "value" : "159" } |From topic: Gas
FOG Gas_3 | Received data: { "value" : "17" } |From topic: Gas
FOG Gas_3 | Received data: { "value" : "247" } |From topic: Gas
FOG Gas_3 | Received data: { "value" : "100" } |From topic: Gas
FOG Gas_3 | Received data: { "value" : "103" } |From topic: Gas
FOG Gas_3 | Received data: { "value" : "217" } |From topic: Gas
FOG Gas_3 | Received data: { "value" : "43" } |From topic: Gas
FOG Gas_3 | Received data: { "value" : "210" } |From topic: Gas
FOG Gas_3 | Received data: { "value" : "121" } |From topic: Gas
FOG Gas_3 | Received data: { "value" : "172" } |From topic: Gas
FOG Gas_3 | Received data: { "value" : "73" } |From topic: Gas
FOG Gas_3 | Received data: { "value" : "144" } |From topic: Gas
FOG Gas_3 | Received data: { "value" : "81" } |From topic: Gas
FOG Gas_3 | Received data: { "value" : "152" } |From topic: Gas
FOG Gas_3 | Received data: { "value" : "211" } |From topic: Gas
FOG Gas_3 | Received data: { "value" : "183" } |From topic: Gas
FOG Gas_3 | Received data: { "value" : "217" } |From topic: Gas
FOG Gas_3 | Received data: { "value" : "29" } |From topic: Gas
FOG Gas_3 | Received data: { "value" : "91" } |From topic: Gas
FOG Gas_3 | Received data: { "value" : "118" } |From topic: Gas
FOG Gas_3 | Received data: { "value" : "25" } |From topic: Gas
FOG Gas_3 | Received data: { "value" : "247" } |From topic: Gas
FOG Gas_3 | Received data: { "value" : "186" } |From topic: Gas
FOG Gas_3 | Received data: { "value" : "236" } |From topic: Gas
FOG Gas_3 | Received data: { "value" : "116" } |From topic: Gas
FOG Gas_3 | Received data: { "value" : "198" } |From topic: Gas
FOG Gas_3 | Received data: { "value" : "207" } |From topic: Gas
FOG Gas_3 | Received data: { "value" : "44" } |From topic: Gas
FOG Gas_3 | Received data: { "value" : "108" } |From topic: Gas
FOG Gas_3 | Received data: { "value" : "46" } |From topic: Gas
FOG Gas_3 | Received data: { "value" : "128" } |From topic: Gas
FOG Gas_3 | Received data: { "value" : "31" } |From topic: Gas
FOG Gas_3 | Received data: { "value" : "245" } |From topic: Gas
FOG Gas_3 | Received data: { "value" : "93" } |From topic: Gas
FOG Gas_3 | Received data: { "value" : "35" } |From topic: Gas
FOG Gas_3 | Received data: { "value" : "50" } |From topic: Gas
FOG Gas_3 | Received data: { "value" : "189" } |From topic: Gas
FOG Gas_3 | Received data: { "value" : "85" } |From topic: Gas
FOG Gas_3 | Received data: { "value" : "162" } |From topic: Gas
FOG Gas_3 | Received data: { "value" : "50" } |From topic: Gas
FOG Gas_3 | Received data: { "value" : "21" } |From topic: Gas
FOG Gas_3 | Received data: { "value" : "56" } |From topic: Gas
FOG Gas_3 | Received data: { "value" : "116" } |From topic: Gas
FOG Gas_3 | Received data: { "value" : "33" } |From topic: Gas
FOG Gas_3 | Received data: { "value" : "20" } |From topic: Gas
FOG Gas_3 | Received data: { "value" : "81" } |From topic: Gas
FOG Gas_3 | Received data: { "value" : "19" } |From topic: Gas
FOG Gas_3 | Received data: { "value" : "8" } |From topic: Gas
FOG Gas_3 | Received data: { "value" : "181" } |From topic: Gas
FOG Gas_3 | Received data: { "value" : "90" } |From topic: Gas
FOG Gas_3 | Received data: { "value" : "32" } |From topic: Gas
FOG Gas_3 | Received data: { "value" : "48" } |From topic: Gas
