WARNING: An illegal reflective access operation has occurred
WARNING: Illegal reflective access by org.eclipse.paho.client.mqttv3.internal.FileLock (jar:file:/tmp/thorntailorg.eclipse.paho.client.mqttv3-1.2.09344526889508834569.jar!/) to method sun.nio.ch.FileLockImpl.release()
WARNING: Please consider reporting this to the maintainers of org.eclipse.paho.client.mqttv3.internal.FileLock
WARNING: Use --illegal-access=warn to enable warnings of further illegal reflective access operations
WARNING: All illegal access operations will be denied in a future release
Connected to tcp://mosquitto-gas3:1887
Sep 06, 2023 6:15:57 PM jdk.internal.reflect.NativeMethodAccessorImpl invoke0
INFO: THORN99999: Thorntail is Ready
FOG Gas_3 | Received data: { "value" : "113" } |From topic: Gas
FOG Gas_3 | Received data: { "value" : "77" } |From topic: Gas
FOG Gas_3 | Received data: { "value" : "178" } |From topic: Gas
FOG Gas_3 | Received data: { "value" : "187" } |From topic: Gas
FOG Gas_3 | Received data: { "value" : "204" } |From topic: Gas
FOG Gas_3 | Received data: { "value" : "186" } |From topic: Gas
FOG Gas_3 | Received data: { "value" : "70" } |From topic: Gas
FOG Gas_3 | Received data: { "value" : "1" } |From topic: Gas
FOG Gas_3 | Received data: { "value" : "42" } |From topic: Gas
FOG Gas_3 | Received data: { "value" : "22" } |From topic: Gas
FOG Gas_3 | Received data: { "value" : "171" } |From topic: Gas
FOG Gas_3 | Received data: { "value" : "4" } |From topic: Gas
FOG Gas_3 | Received data: { "value" : "139" } |From topic: Gas
FOG Gas_3 | Received data: { "value" : "103" } |From topic: Gas
FOG Gas_3 | Received data: { "value" : "152" } |From topic: Gas
FOG Gas_3 | Received data: { "value" : "52" } |From topic: Gas
FOG Gas_3 | Received data: { "value" : "64" } |From topic: Gas
FOG Gas_3 | Received data: { "value" : "153" } |From topic: Gas
FOG Gas_3 | Received data: { "value" : "73" } |From topic: Gas
FOG Gas_3 | Received data: { "value" : "51" } |From topic: Gas
FOG Gas_3 | Received data: { "value" : "171" } |From topic: Gas
FOG Gas_3 | Received data: { "value" : "132" } |From topic: Gas
FOG Gas_3 | Received data: { "value" : "200" } |From topic: Gas
FOG Gas_3 | Received data: { "value" : "41" } |From topic: Gas
FOG Gas_3 | Received data: { "value" : "8" } |From topic: Gas
FOG Gas_3 | Received data: { "value" : "130" } |From topic: Gas
FOG Gas_3 | Received data: { "value" : "171" } |From topic: Gas
FOG Gas_3 | Received data: { "value" : "234" } |From topic: Gas
FOG Gas_3 | Received data: { "value" : "151" } |From topic: Gas
FOG Gas_3 | Received data: { "value" : "100" } |From topic: Gas
FOG Gas_3 | Received data: { "value" : "47" } |From topic: Gas
FOG Gas_3 | Received data: { "value" : "192" } |From topic: Gas
FOG Gas_3 | Received data: { "value" : "66" } |From topic: Gas
FOG Gas_3 | Received data: { "value" : "149" } |From topic: Gas
FOG Gas_3 | Received data: { "value" : "96" } |From topic: Gas
FOG Gas_3 | Received data: { "value" : "65" } |From topic: Gas
FOG Gas_3 | Received data: { "value" : "57" } |From topic: Gas
FOG Gas_3 | Received data: { "value" : "64" } |From topic: Gas
FOG Gas_3 | Received data: { "value" : "250" } |From topic: Gas
FOG Gas_3 | Received data: { "value" : "21" } |From topic: Gas
FOG Gas_3 | Received data: { "value" : "20" } |From topic: Gas
FOG Gas_3 | Received data: { "value" : "238" } |From topic: Gas
FOG Gas_3 | Received data: { "value" : "163" } |From topic: Gas
FOG Gas_3 | Received data: { "value" : "207" } |From topic: Gas
FOG Gas_3 | Received data: { "value" : "129" } |From topic: Gas
FOG Gas_3 | Received data: { "value" : "214" } |From topic: Gas
FOG Gas_3 | Received data: { "value" : "103" } |From topic: Gas
FOG Gas_3 | Received data: { "value" : "193" } |From topic: Gas
FOG Gas_3 | Received data: { "value" : "145" } |From topic: Gas
FOG Gas_3 | Received data: { "value" : "150" } |From topic: Gas
FOG Gas_3 | Received data: { "value" : "231" } |From topic: Gas
FOG Gas_3 | Received data: { "value" : "237" } |From topic: Gas
FOG Gas_3 | Received data: { "value" : "71" } |From topic: Gas
FOG Gas_3 | Received data: { "value" : "19" } |From topic: Gas
FOG Gas_3 | Received data: { "value" : "115" } |From topic: Gas
FOG Gas_3 | Received data: { "value" : "98" } |From topic: Gas
FOG Gas_3 | Received data: { "value" : "203" } |From topic: Gas
FOG Gas_3 | Received data: { "value" : "241" } |From topic: Gas
FOG Gas_3 | Received data: { "value" : "163" } |From topic: Gas
FOG Gas_3 | Received data: { "value" : "45" } |From topic: Gas
FOG Gas_3 | Received data: { "value" : "81" } |From topic: Gas
FOG Gas_3 | Received data: { "value" : "19" } |From topic: Gas
FOG Gas_3 | Received data: { "value" : "250" } |From topic: Gas
FOG Gas_3 | Received data: { "value" : "236" } |From topic: Gas
FOG Gas_3 | Received data: { "value" : "238" } |From topic: Gas
FOG Gas_3 | Received data: { "value" : "142" } |From topic: Gas
FOG Gas_3 | Received data: { "value" : "26" } |From topic: Gas
FOG Gas_3 | Received data: { "value" : "197" } |From topic: Gas
FOG Gas_3 | Received data: { "value" : "245" } |From topic: Gas
FOG Gas_3 | Received data: { "value" : "45" } |From topic: Gas
FOG Gas_3 | Received data: { "value" : "144" } |From topic: Gas
FOG Gas_3 | Received data: { "value" : "20" } |From topic: Gas
FOG Gas_3 | Received data: { "value" : "178" } |From topic: Gas
FOG Gas_3 | Received data: { "value" : "126" } |From topic: Gas
FOG Gas_3 | Received data: { "value" : "119" } |From topic: Gas
FOG Gas_3 | Received data: { "value" : "135" } |From topic: Gas
FOG Gas_3 | Received data: { "value" : "102" } |From topic: Gas
FOG Gas_3 | Received data: { "value" : "193" } |From topic: Gas
FOG Gas_3 | Received data: { "value" : "225" } |From topic: Gas
FOG Gas_3 | Received data: { "value" : "10" } |From topic: Gas
FOG Gas_3 | Received data: { "value" : "249" } |From topic: Gas
FOG Gas_3 | Received data: { "value" : "63" } |From topic: Gas
FOG Gas_3 | Received data: { "value" : "1" } |From topic: Gas
FOG Gas_3 | Received data: { "value" : "40" } |From topic: Gas
FOG Gas_3 | Received data: { "value" : "238" } |From topic: Gas
FOG Gas_3 | Received data: { "value" : "155" } |From topic: Gas
FOG Gas_3 | Received data: { "value" : "190" } |From topic: Gas
FOG Gas_3 | Received data: { "value" : "199" } |From topic: Gas
FOG Gas_3 | Received data: { "value" : "50" } |From topic: Gas
FOG Gas_3 | Received data: { "value" : "154" } |From topic: Gas
FOG Gas_3 | Received data: { "value" : "17" } |From topic: Gas
FOG Gas_3 | Received data: { "value" : "103" } |From topic: Gas
FOG Gas_3 | Received data: { "value" : "54" } |From topic: Gas
FOG Gas_3 | Received data: { "value" : "172" } |From topic: Gas
FOG Gas_3 | Received data: { "value" : "230" } |From topic: Gas
FOG Gas_3 | Received data: { "value" : "246" } |From topic: Gas
FOG Gas_3 | Received data: { "value" : "119" } |From topic: Gas
FOG Gas_3 | Received data: { "value" : "7" } |From topic: Gas
FOG Gas_3 | Received data: { "value" : "196" } |From topic: Gas
FOG Gas_3 | Received data: { "value" : "241" } |From topic: Gas
