WARNING: An illegal reflective access operation has occurred
WARNING: Illegal reflective access by org.eclipse.paho.client.mqttv3.internal.FileLock (jar:file:/tmp/thorntailorg.eclipse.paho.client.mqttv3-1.2.05539706527573780530.jar!/) to method sun.nio.ch.FileLockImpl.release()
WARNING: Please consider reporting this to the maintainers of org.eclipse.paho.client.mqttv3.internal.FileLock
WARNING: Use --illegal-access=warn to enable warnings of further illegal reflective access operations
WARNING: All illegal access operations will be denied in a future release
Connected to tcp://mosquitto-gas3:1887
FOG Gas_3 | Received data: { "value" : "207" } |From topic: Gas
Sep 06, 2023 8:15:18 PM jdk.internal.reflect.NativeMethodAccessorImpl invoke0
INFO: THORN99999: Thorntail is Ready
FOG Gas_3 | Received data: { "value" : "143" } |From topic: Gas
FOG Gas_3 | Received data: { "value" : "114" } |From topic: Gas
FOG Gas_3 | Received data: { "value" : "89" } |From topic: Gas
FOG Gas_3 | Received data: { "value" : "106" } |From topic: Gas
FOG Gas_3 | Received data: { "value" : "35" } |From topic: Gas
FOG Gas_3 | Received data: { "value" : "49" } |From topic: Gas
FOG Gas_3 | Received data: { "value" : "75" } |From topic: Gas
FOG Gas_3 | Received data: { "value" : "220" } |From topic: Gas
FOG Gas_3 | Received data: { "value" : "246" } |From topic: Gas
FOG Gas_3 | Received data: { "value" : "215" } |From topic: Gas
FOG Gas_3 | Received data: { "value" : "162" } |From topic: Gas
FOG Gas_3 | Received data: { "value" : "44" } |From topic: Gas
FOG Gas_3 | Received data: { "value" : "141" } |From topic: Gas
FOG Gas_3 | Received data: { "value" : "36" } |From topic: Gas
FOG Gas_3 | Received data: { "value" : "237" } |From topic: Gas
FOG Gas_3 | Received data: { "value" : "147" } |From topic: Gas
FOG Gas_3 | Received data: { "value" : "185" } |From topic: Gas
FOG Gas_3 | Received data: { "value" : "20" } |From topic: Gas
FOG Gas_3 | Received data: { "value" : "36" } |From topic: Gas
FOG Gas_3 | Received data: { "value" : "89" } |From topic: Gas
FOG Gas_3 | Received data: { "value" : "121" } |From topic: Gas
FOG Gas_3 | Received data: { "value" : "167" } |From topic: Gas
FOG Gas_3 | Received data: { "value" : "222" } |From topic: Gas
FOG Gas_3 | Received data: { "value" : "247" } |From topic: Gas
FOG Gas_3 | Received data: { "value" : "31" } |From topic: Gas
FOG Gas_3 | Received data: { "value" : "60" } |From topic: Gas
FOG Gas_3 | Received data: { "value" : "15" } |From topic: Gas
FOG Gas_3 | Received data: { "value" : "135" } |From topic: Gas
FOG Gas_3 | Received data: { "value" : "205" } |From topic: Gas
FOG Gas_3 | Received data: { "value" : "232" } |From topic: Gas
FOG Gas_3 | Received data: { "value" : "112" } |From topic: Gas
FOG Gas_3 | Received data: { "value" : "177" } |From topic: Gas
FOG Gas_3 | Received data: { "value" : "150" } |From topic: Gas
FOG Gas_3 | Received data: { "value" : "2" } |From topic: Gas
FOG Gas_3 | Received data: { "value" : "176" } |From topic: Gas
FOG Gas_3 | Received data: { "value" : "249" } |From topic: Gas
FOG Gas_3 | Received data: { "value" : "87" } |From topic: Gas
FOG Gas_3 | Received data: { "value" : "216" } |From topic: Gas
FOG Gas_3 | Received data: { "value" : "53" } |From topic: Gas
FOG Gas_3 | Received data: { "value" : "242" } |From topic: Gas
FOG Gas_3 | Received data: { "value" : "116" } |From topic: Gas
FOG Gas_3 | Received data: { "value" : "179" } |From topic: Gas
FOG Gas_3 | Received data: { "value" : "14" } |From topic: Gas
FOG Gas_3 | Received data: { "value" : "171" } |From topic: Gas
FOG Gas_3 | Received data: { "value" : "214" } |From topic: Gas
FOG Gas_3 | Received data: { "value" : "104" } |From topic: Gas
FOG Gas_3 | Received data: { "value" : "243" } |From topic: Gas
FOG Gas_3 | Received data: { "value" : "203" } |From topic: Gas
FOG Gas_3 | Received data: { "value" : "165" } |From topic: Gas
FOG Gas_3 | Received data: { "value" : "48" } |From topic: Gas
FOG Gas_3 | Received data: { "value" : "165" } |From topic: Gas
FOG Gas_3 | Received data: { "value" : "34" } |From topic: Gas
FOG Gas_3 | Received data: { "value" : "230" } |From topic: Gas
FOG Gas_3 | Received data: { "value" : "224" } |From topic: Gas
FOG Gas_3 | Received data: { "value" : "166" } |From topic: Gas
FOG Gas_3 | Received data: { "value" : "183" } |From topic: Gas
FOG Gas_3 | Received data: { "value" : "43" } |From topic: Gas
FOG Gas_3 | Received data: { "value" : "191" } |From topic: Gas
FOG Gas_3 | Received data: { "value" : "129" } |From topic: Gas
FOG Gas_3 | Received data: { "value" : "196" } |From topic: Gas
FOG Gas_3 | Received data: { "value" : "179" } |From topic: Gas
FOG Gas_3 | Received data: { "value" : "158" } |From topic: Gas
FOG Gas_3 | Received data: { "value" : "74" } |From topic: Gas
FOG Gas_3 | Received data: { "value" : "162" } |From topic: Gas
FOG Gas_3 | Received data: { "value" : "116" } |From topic: Gas
FOG Gas_3 | Received data: { "value" : "44" } |From topic: Gas
FOG Gas_3 | Received data: { "value" : "105" } |From topic: Gas
FOG Gas_3 | Received data: { "value" : "61" } |From topic: Gas
FOG Gas_3 | Received data: { "value" : "140" } |From topic: Gas
FOG Gas_3 | Received data: { "value" : "94" } |From topic: Gas
FOG Gas_3 | Received data: { "value" : "13" } |From topic: Gas
FOG Gas_3 | Received data: { "value" : "156" } |From topic: Gas
FOG Gas_3 | Received data: { "value" : "136" } |From topic: Gas
FOG Gas_3 | Received data: { "value" : "173" } |From topic: Gas
FOG Gas_3 | Received data: { "value" : "15" } |From topic: Gas
FOG Gas_3 | Received data: { "value" : "47" } |From topic: Gas
FOG Gas_3 | Received data: { "value" : "134" } |From topic: Gas
FOG Gas_3 | Received data: { "value" : "185" } |From topic: Gas
FOG Gas_3 | Received data: { "value" : "240" } |From topic: Gas
FOG Gas_3 | Received data: { "value" : "151" } |From topic: Gas
FOG Gas_3 | Received data: { "value" : "23" } |From topic: Gas
FOG Gas_3 | Received data: { "value" : "246" } |From topic: Gas
FOG Gas_3 | Received data: { "value" : "26" } |From topic: Gas
FOG Gas_3 | Received data: { "value" : "12" } |From topic: Gas
FOG Gas_3 | Received data: { "value" : "92" } |From topic: Gas
FOG Gas_3 | Received data: { "value" : "112" } |From topic: Gas
FOG Gas_3 | Received data: { "value" : "230" } |From topic: Gas
FOG Gas_3 | Received data: { "value" : "77" } |From topic: Gas
FOG Gas_3 | Received data: { "value" : "236" } |From topic: Gas
FOG Gas_3 | Received data: { "value" : "123" } |From topic: Gas
FOG Gas_3 | Received data: { "value" : "149" } |From topic: Gas
FOG Gas_3 | Received data: { "value" : "244" } |From topic: Gas
FOG Gas_3 | Received data: { "value" : "191" } |From topic: Gas
FOG Gas_3 | Received data: { "value" : "75" } |From topic: Gas
FOG Gas_3 | Received data: { "value" : "223" } |From topic: Gas
FOG Gas_3 | Received data: { "value" : "172" } |From topic: Gas
FOG Gas_3 | Received data: { "value" : "147" } |From topic: Gas
FOG Gas_3 | Received data: { "value" : "33" } |From topic: Gas
FOG Gas_3 | Received data: { "value" : "171" } |From topic: Gas
