WARNING: An illegal reflective access operation has occurred
WARNING: Illegal reflective access by org.eclipse.paho.client.mqttv3.internal.FileLock (jar:file:/tmp/thorntailorg.eclipse.paho.client.mqttv3-1.2.08650153192213578473.jar!/) to method sun.nio.ch.FileLockImpl.release()
WARNING: Please consider reporting this to the maintainers of org.eclipse.paho.client.mqttv3.internal.FileLock
WARNING: Use --illegal-access=warn to enable warnings of further illegal reflective access operations
WARNING: All illegal access operations will be denied in a future release
Connected to tcp://mosquitto-gas3:1887
DEVICE sensGas_3_3821267 | Publishing data = { "value" : "207" } | To topic Gas
DEVICE sensGas_3_3821267 | Publishing data = { "value" : "143" } | To topic Gas
DEVICE sensGas_3_3821267 | Publishing data = { "value" : "114" } | To topic Gas
DEVICE sensGas_3_3821267 | Publishing data = { "value" : "89" } | To topic Gas
DEVICE sensGas_3_3821267 | Publishing data = { "value" : "106" } | To topic Gas
DEVICE sensGas_3_3821267 | Publishing data = { "value" : "35" } | To topic Gas
DEVICE sensGas_3_3821267 | Publishing data = { "value" : "49" } | To topic Gas
DEVICE sensGas_3_3821267 | Publishing data = { "value" : "75" } | To topic Gas
DEVICE sensGas_3_3821267 | Publishing data = { "value" : "220" } | To topic Gas
DEVICE sensGas_3_3821267 | Publishing data = { "value" : "246" } | To topic Gas
DEVICE sensGas_3_3821267 | Publishing data = { "value" : "215" } | To topic Gas
DEVICE sensGas_3_3821267 | Publishing data = { "value" : "162" } | To topic Gas
DEVICE sensGas_3_3821267 | Publishing data = { "value" : "44" } | To topic Gas
DEVICE sensGas_3_3821267 | Publishing data = { "value" : "141" } | To topic Gas
DEVICE sensGas_3_3821267 | Publishing data = { "value" : "36" } | To topic Gas
DEVICE sensGas_3_3821267 | Publishing data = { "value" : "237" } | To topic Gas
DEVICE sensGas_3_3821267 | Publishing data = { "value" : "147" } | To topic Gas
DEVICE sensGas_3_3821267 | Publishing data = { "value" : "185" } | To topic Gas
DEVICE sensGas_3_3821267 | Publishing data = { "value" : "20" } | To topic Gas
DEVICE sensGas_3_3821267 | Publishing data = { "value" : "36" } | To topic Gas
DEVICE sensGas_3_3821267 | Publishing data = { "value" : "89" } | To topic Gas
DEVICE sensGas_3_3821267 | Publishing data = { "value" : "121" } | To topic Gas
DEVICE sensGas_3_3821267 | Publishing data = { "value" : "167" } | To topic Gas
DEVICE sensGas_3_3821267 | Publishing data = { "value" : "222" } | To topic Gas
DEVICE sensGas_3_3821267 | Publishing data = { "value" : "247" } | To topic Gas
DEVICE sensGas_3_3821267 | Publishing data = { "value" : "31" } | To topic Gas
DEVICE sensGas_3_3821267 | Publishing data = { "value" : "60" } | To topic Gas
DEVICE sensGas_3_3821267 | Publishing data = { "value" : "15" } | To topic Gas
DEVICE sensGas_3_3821267 | Publishing data = { "value" : "135" } | To topic Gas
DEVICE sensGas_3_3821267 | Publishing data = { "value" : "205" } | To topic Gas
DEVICE sensGas_3_3821267 | Publishing data = { "value" : "232" } | To topic Gas
DEVICE sensGas_3_3821267 | Publishing data = { "value" : "112" } | To topic Gas
DEVICE sensGas_3_3821267 | Publishing data = { "value" : "177" } | To topic Gas
DEVICE sensGas_3_3821267 | Publishing data = { "value" : "150" } | To topic Gas
DEVICE sensGas_3_3821267 | Publishing data = { "value" : "2" } | To topic Gas
DEVICE sensGas_3_3821267 | Publishing data = { "value" : "176" } | To topic Gas
DEVICE sensGas_3_3821267 | Publishing data = { "value" : "249" } | To topic Gas
DEVICE sensGas_3_3821267 | Publishing data = { "value" : "87" } | To topic Gas
DEVICE sensGas_3_3821267 | Publishing data = { "value" : "216" } | To topic Gas
DEVICE sensGas_3_3821267 | Publishing data = { "value" : "53" } | To topic Gas
DEVICE sensGas_3_3821267 | Publishing data = { "value" : "242" } | To topic Gas
DEVICE sensGas_3_3821267 | Publishing data = { "value" : "116" } | To topic Gas
DEVICE sensGas_3_3821267 | Publishing data = { "value" : "179" } | To topic Gas
DEVICE sensGas_3_3821267 | Publishing data = { "value" : "14" } | To topic Gas
DEVICE sensGas_3_3821267 | Publishing data = { "value" : "171" } | To topic Gas
DEVICE sensGas_3_3821267 | Publishing data = { "value" : "214" } | To topic Gas
DEVICE sensGas_3_3821267 | Publishing data = { "value" : "104" } | To topic Gas
DEVICE sensGas_3_3821267 | Publishing data = { "value" : "243" } | To topic Gas
DEVICE sensGas_3_3821267 | Publishing data = { "value" : "203" } | To topic Gas
DEVICE sensGas_3_3821267 | Publishing data = { "value" : "165" } | To topic Gas
DEVICE sensGas_3_3821267 | Publishing data = { "value" : "48" } | To topic Gas
DEVICE sensGas_3_3821267 | Publishing data = { "value" : "165" } | To topic Gas
DEVICE sensGas_3_3821267 | Publishing data = { "value" : "34" } | To topic Gas
DEVICE sensGas_3_3821267 | Publishing data = { "value" : "230" } | To topic Gas
DEVICE sensGas_3_3821267 | Publishing data = { "value" : "224" } | To topic Gas
DEVICE sensGas_3_3821267 | Publishing data = { "value" : "166" } | To topic Gas
DEVICE sensGas_3_3821267 | Publishing data = { "value" : "183" } | To topic Gas
DEVICE sensGas_3_3821267 | Publishing data = { "value" : "43" } | To topic Gas
DEVICE sensGas_3_3821267 | Publishing data = { "value" : "191" } | To topic Gas
DEVICE sensGas_3_3821267 | Publishing data = { "value" : "129" } | To topic Gas
DEVICE sensGas_3_3821267 | Publishing data = { "value" : "196" } | To topic Gas
DEVICE sensGas_3_3821267 | Publishing data = { "value" : "179" } | To topic Gas
DEVICE sensGas_3_3821267 | Publishing data = { "value" : "158" } | To topic Gas
DEVICE sensGas_3_3821267 | Publishing data = { "value" : "74" } | To topic Gas
DEVICE sensGas_3_3821267 | Publishing data = { "value" : "162" } | To topic Gas
DEVICE sensGas_3_3821267 | Publishing data = { "value" : "116" } | To topic Gas
DEVICE sensGas_3_3821267 | Publishing data = { "value" : "44" } | To topic Gas
DEVICE sensGas_3_3821267 | Publishing data = { "value" : "105" } | To topic Gas
DEVICE sensGas_3_3821267 | Publishing data = { "value" : "61" } | To topic Gas
DEVICE sensGas_3_3821267 | Publishing data = { "value" : "140" } | To topic Gas
DEVICE sensGas_3_3821267 | Publishing data = { "value" : "94" } | To topic Gas
DEVICE sensGas_3_3821267 | Publishing data = { "value" : "13" } | To topic Gas
DEVICE sensGas_3_3821267 | Publishing data = { "value" : "156" } | To topic Gas
DEVICE sensGas_3_3821267 | Publishing data = { "value" : "136" } | To topic Gas
DEVICE sensGas_3_3821267 | Publishing data = { "value" : "173" } | To topic Gas
DEVICE sensGas_3_3821267 | Publishing data = { "value" : "15" } | To topic Gas
DEVICE sensGas_3_3821267 | Publishing data = { "value" : "47" } | To topic Gas
DEVICE sensGas_3_3821267 | Publishing data = { "value" : "134" } | To topic Gas
DEVICE sensGas_3_3821267 | Publishing data = { "value" : "185" } | To topic Gas
DEVICE sensGas_3_3821267 | Publishing data = { "value" : "240" } | To topic Gas
DEVICE sensGas_3_3821267 | Publishing data = { "value" : "151" } | To topic Gas
DEVICE sensGas_3_3821267 | Publishing data = { "value" : "23" } | To topic Gas
DEVICE sensGas_3_3821267 | Publishing data = { "value" : "246" } | To topic Gas
DEVICE sensGas_3_3821267 | Publishing data = { "value" : "26" } | To topic Gas
DEVICE sensGas_3_3821267 | Publishing data = { "value" : "12" } | To topic Gas
DEVICE sensGas_3_3821267 | Publishing data = { "value" : "92" } | To topic Gas
DEVICE sensGas_3_3821267 | Publishing data = { "value" : "112" } | To topic Gas
DEVICE sensGas_3_3821267 | Publishing data = { "value" : "230" } | To topic Gas
DEVICE sensGas_3_3821267 | Publishing data = { "value" : "77" } | To topic Gas
DEVICE sensGas_3_3821267 | Publishing data = { "value" : "236" } | To topic Gas
DEVICE sensGas_3_3821267 | Publishing data = { "value" : "123" } | To topic Gas
DEVICE sensGas_3_3821267 | Publishing data = { "value" : "149" } | To topic Gas
DEVICE sensGas_3_3821267 | Publishing data = { "value" : "244" } | To topic Gas
DEVICE sensGas_3_3821267 | Publishing data = { "value" : "191" } | To topic Gas
DEVICE sensGas_3_3821267 | Publishing data = { "value" : "75" } | To topic Gas
DEVICE sensGas_3_3821267 | Publishing data = { "value" : "223" } | To topic Gas
DEVICE sensGas_3_3821267 | Publishing data = { "value" : "172" } | To topic Gas
DEVICE sensGas_3_3821267 | Publishing data = { "value" : "147" } | To topic Gas
DEVICE sensGas_3_3821267 | Publishing data = { "value" : "33" } | To topic Gas
DEVICE sensGas_3_3821267 | Publishing data = { "value" : "171" } | To topic Gas
Sep 06, 2023 8:16:59 PM jdk.internal.reflect.NativeMethodAccessorImpl invoke0
INFO: THORN99999: Thorntail is Ready
