WARNING: An illegal reflective access operation has occurred
WARNING: Illegal reflective access by org.eclipse.paho.client.mqttv3.internal.FileLock (jar:file:/tmp/thorntailorg.eclipse.paho.client.mqttv3-1.2.018435986085302364470.jar!/) to method sun.nio.ch.FileLockImpl.release()
WARNING: Please consider reporting this to the maintainers of org.eclipse.paho.client.mqttv3.internal.FileLock
WARNING: Use --illegal-access=warn to enable warnings of further illegal reflective access operations
WARNING: All illegal access operations will be denied in a future release
Connected to tcp://mosquitto-brightness1:1885
DEVICE sensBrightness_1_9925518 | Publishing data = { "value" : "80" } | To topic Brightness
DEVICE sensBrightness_1_9925518 | Publishing data = { "value" : "89" } | To topic Brightness
DEVICE sensBrightness_1_9925518 | Publishing data = { "value" : "17" } | To topic Brightness
DEVICE sensBrightness_1_9925518 | Publishing data = { "value" : "83" } | To topic Brightness
DEVICE sensBrightness_1_9925518 | Publishing data = { "value" : "83" } | To topic Brightness
DEVICE sensBrightness_1_9925518 | Publishing data = { "value" : "42" } | To topic Brightness
DEVICE sensBrightness_1_9925518 | Publishing data = { "value" : "96" } | To topic Brightness
DEVICE sensBrightness_1_9925518 | Publishing data = { "value" : "53" } | To topic Brightness
DEVICE sensBrightness_1_9925518 | Publishing data = { "value" : "37" } | To topic Brightness
DEVICE sensBrightness_1_9925518 | Publishing data = { "value" : "31" } | To topic Brightness
DEVICE sensBrightness_1_9925518 | Publishing data = { "value" : "54" } | To topic Brightness
DEVICE sensBrightness_1_9925518 | Publishing data = { "value" : "9" } | To topic Brightness
DEVICE sensBrightness_1_9925518 | Publishing data = { "value" : "28" } | To topic Brightness
DEVICE sensBrightness_1_9925518 | Publishing data = { "value" : "61" } | To topic Brightness
DEVICE sensBrightness_1_9925518 | Publishing data = { "value" : "47" } | To topic Brightness
DEVICE sensBrightness_1_9925518 | Publishing data = { "value" : "47" } | To topic Brightness
DEVICE sensBrightness_1_9925518 | Publishing data = { "value" : "16" } | To topic Brightness
DEVICE sensBrightness_1_9925518 | Publishing data = { "value" : "32" } | To topic Brightness
DEVICE sensBrightness_1_9925518 | Publishing data = { "value" : "97" } | To topic Brightness
DEVICE sensBrightness_1_9925518 | Publishing data = { "value" : "30" } | To topic Brightness
DEVICE sensBrightness_1_9925518 | Publishing data = { "value" : "35" } | To topic Brightness
DEVICE sensBrightness_1_9925518 | Publishing data = { "value" : "40" } | To topic Brightness
DEVICE sensBrightness_1_9925518 | Publishing data = { "value" : "84" } | To topic Brightness
DEVICE sensBrightness_1_9925518 | Publishing data = { "value" : "42" } | To topic Brightness
DEVICE sensBrightness_1_9925518 | Publishing data = { "value" : "15" } | To topic Brightness
DEVICE sensBrightness_1_9925518 | Publishing data = { "value" : "80" } | To topic Brightness
DEVICE sensBrightness_1_9925518 | Publishing data = { "value" : "75" } | To topic Brightness
DEVICE sensBrightness_1_9925518 | Publishing data = { "value" : "84" } | To topic Brightness
DEVICE sensBrightness_1_9925518 | Publishing data = { "value" : "40" } | To topic Brightness
DEVICE sensBrightness_1_9925518 | Publishing data = { "value" : "52" } | To topic Brightness
DEVICE sensBrightness_1_9925518 | Publishing data = { "value" : "48" } | To topic Brightness
DEVICE sensBrightness_1_9925518 | Publishing data = { "value" : "18" } | To topic Brightness
DEVICE sensBrightness_1_9925518 | Publishing data = { "value" : "42" } | To topic Brightness
DEVICE sensBrightness_1_9925518 | Publishing data = { "value" : "44" } | To topic Brightness
DEVICE sensBrightness_1_9925518 | Publishing data = { "value" : "36" } | To topic Brightness
DEVICE sensBrightness_1_9925518 | Publishing data = { "value" : "77" } | To topic Brightness
DEVICE sensBrightness_1_9925518 | Publishing data = { "value" : "39" } | To topic Brightness
DEVICE sensBrightness_1_9925518 | Publishing data = { "value" : "81" } | To topic Brightness
DEVICE sensBrightness_1_9925518 | Publishing data = { "value" : "64" } | To topic Brightness
DEVICE sensBrightness_1_9925518 | Publishing data = { "value" : "47" } | To topic Brightness
DEVICE sensBrightness_1_9925518 | Publishing data = { "value" : "35" } | To topic Brightness
DEVICE sensBrightness_1_9925518 | Publishing data = { "value" : "73" } | To topic Brightness
DEVICE sensBrightness_1_9925518 | Publishing data = { "value" : "91" } | To topic Brightness
DEVICE sensBrightness_1_9925518 | Publishing data = { "value" : "64" } | To topic Brightness
DEVICE sensBrightness_1_9925518 | Publishing data = { "value" : "100" } | To topic Brightness
DEVICE sensBrightness_1_9925518 | Publishing data = { "value" : "74" } | To topic Brightness
DEVICE sensBrightness_1_9925518 | Publishing data = { "value" : "12" } | To topic Brightness
DEVICE sensBrightness_1_9925518 | Publishing data = { "value" : "81" } | To topic Brightness
DEVICE sensBrightness_1_9925518 | Publishing data = { "value" : "15" } | To topic Brightness
DEVICE sensBrightness_1_9925518 | Publishing data = { "value" : "84" } | To topic Brightness
DEVICE sensBrightness_1_9925518 | Publishing data = { "value" : "69" } | To topic Brightness
DEVICE sensBrightness_1_9925518 | Publishing data = { "value" : "12" } | To topic Brightness
DEVICE sensBrightness_1_9925518 | Publishing data = { "value" : "85" } | To topic Brightness
DEVICE sensBrightness_1_9925518 | Publishing data = { "value" : "31" } | To topic Brightness
DEVICE sensBrightness_1_9925518 | Publishing data = { "value" : "84" } | To topic Brightness
DEVICE sensBrightness_1_9925518 | Publishing data = { "value" : "73" } | To topic Brightness
DEVICE sensBrightness_1_9925518 | Publishing data = { "value" : "25" } | To topic Brightness
DEVICE sensBrightness_1_9925518 | Publishing data = { "value" : "12" } | To topic Brightness
DEVICE sensBrightness_1_9925518 | Publishing data = { "value" : "80" } | To topic Brightness
DEVICE sensBrightness_1_9925518 | Publishing data = { "value" : "13" } | To topic Brightness
DEVICE sensBrightness_1_9925518 | Publishing data = { "value" : "90" } | To topic Brightness
DEVICE sensBrightness_1_9925518 | Publishing data = { "value" : "93" } | To topic Brightness
DEVICE sensBrightness_1_9925518 | Publishing data = { "value" : "18" } | To topic Brightness
DEVICE sensBrightness_1_9925518 | Publishing data = { "value" : "41" } | To topic Brightness
DEVICE sensBrightness_1_9925518 | Publishing data = { "value" : "83" } | To topic Brightness
DEVICE sensBrightness_1_9925518 | Publishing data = { "value" : "37" } | To topic Brightness
DEVICE sensBrightness_1_9925518 | Publishing data = { "value" : "42" } | To topic Brightness
DEVICE sensBrightness_1_9925518 | Publishing data = { "value" : "3" } | To topic Brightness
DEVICE sensBrightness_1_9925518 | Publishing data = { "value" : "52" } | To topic Brightness
DEVICE sensBrightness_1_9925518 | Publishing data = { "value" : "52" } | To topic Brightness
DEVICE sensBrightness_1_9925518 | Publishing data = { "value" : "38" } | To topic Brightness
DEVICE sensBrightness_1_9925518 | Publishing data = { "value" : "82" } | To topic Brightness
DEVICE sensBrightness_1_9925518 | Publishing data = { "value" : "77" } | To topic Brightness
DEVICE sensBrightness_1_9925518 | Publishing data = { "value" : "71" } | To topic Brightness
DEVICE sensBrightness_1_9925518 | Publishing data = { "value" : "77" } | To topic Brightness
DEVICE sensBrightness_1_9925518 | Publishing data = { "value" : "14" } | To topic Brightness
DEVICE sensBrightness_1_9925518 | Publishing data = { "value" : "69" } | To topic Brightness
DEVICE sensBrightness_1_9925518 | Publishing data = { "value" : "99" } | To topic Brightness
DEVICE sensBrightness_1_9925518 | Publishing data = { "value" : "57" } | To topic Brightness
DEVICE sensBrightness_1_9925518 | Publishing data = { "value" : "58" } | To topic Brightness
DEVICE sensBrightness_1_9925518 | Publishing data = { "value" : "21" } | To topic Brightness
DEVICE sensBrightness_1_9925518 | Publishing data = { "value" : "17" } | To topic Brightness
DEVICE sensBrightness_1_9925518 | Publishing data = { "value" : "48" } | To topic Brightness
DEVICE sensBrightness_1_9925518 | Publishing data = { "value" : "83" } | To topic Brightness
DEVICE sensBrightness_1_9925518 | Publishing data = { "value" : "58" } | To topic Brightness
DEVICE sensBrightness_1_9925518 | Publishing data = { "value" : "78" } | To topic Brightness
DEVICE sensBrightness_1_9925518 | Publishing data = { "value" : "44" } | To topic Brightness
DEVICE sensBrightness_1_9925518 | Publishing data = { "value" : "1" } | To topic Brightness
DEVICE sensBrightness_1_9925518 | Publishing data = { "value" : "28" } | To topic Brightness
DEVICE sensBrightness_1_9925518 | Publishing data = { "value" : "97" } | To topic Brightness
DEVICE sensBrightness_1_9925518 | Publishing data = { "value" : "93" } | To topic Brightness
DEVICE sensBrightness_1_9925518 | Publishing data = { "value" : "38" } | To topic Brightness
DEVICE sensBrightness_1_9925518 | Publishing data = { "value" : "88" } | To topic Brightness
DEVICE sensBrightness_1_9925518 | Publishing data = { "value" : "92" } | To topic Brightness
DEVICE sensBrightness_1_9925518 | Publishing data = { "value" : "95" } | To topic Brightness
DEVICE sensBrightness_1_9925518 | Publishing data = { "value" : "50" } | To topic Brightness
DEVICE sensBrightness_1_9925518 | Publishing data = { "value" : "86" } | To topic Brightness
DEVICE sensBrightness_1_9925518 | Publishing data = { "value" : "75" } | To topic Brightness
DEVICE sensBrightness_1_9925518 | Publishing data = { "value" : "2" } | To topic Brightness
DEVICE sensBrightness_1_9925518 | Publishing data = { "value" : "49" } | To topic Brightness
Sep 06, 2023 8:17:01 PM jdk.internal.reflect.NativeMethodAccessorImpl invoke0
INFO: THORN99999: Thorntail is Ready
