WARNING: An illegal reflective access operation has occurred
WARNING: Illegal reflective access by org.eclipse.paho.client.mqttv3.internal.FileLock (jar:file:/tmp/thorntailorg.eclipse.paho.client.mqttv3-1.2.03161820670433197355.jar!/) to method sun.nio.ch.FileLockImpl.release()
WARNING: Please consider reporting this to the maintainers of org.eclipse.paho.client.mqttv3.internal.FileLock
WARNING: Use --illegal-access=warn to enable warnings of further illegal reflective access operations
WARNING: All illegal access operations will be denied in a future release
Connected to tcp://mosquitto-water2:1886
DEVICE sensWater_2_9546290 | Publishing data = { "value" : "196" } | To topic Water
DEVICE sensWater_2_9546290 | Publishing data = { "value" : "59" } | To topic Water
DEVICE sensWater_2_9546290 | Publishing data = { "value" : "50" } | To topic Water
DEVICE sensWater_2_9546290 | Publishing data = { "value" : "84" } | To topic Water
DEVICE sensWater_2_9546290 | Publishing data = { "value" : "212" } | To topic Water
DEVICE sensWater_2_9546290 | Publishing data = { "value" : "31" } | To topic Water
DEVICE sensWater_2_9546290 | Publishing data = { "value" : "164" } | To topic Water
DEVICE sensWater_2_9546290 | Publishing data = { "value" : "97" } | To topic Water
DEVICE sensWater_2_9546290 | Publishing data = { "value" : "59" } | To topic Water
DEVICE sensWater_2_9546290 | Publishing data = { "value" : "113" } | To topic Water
DEVICE sensWater_2_9546290 | Publishing data = { "value" : "148" } | To topic Water
DEVICE sensWater_2_9546290 | Publishing data = { "value" : "7" } | To topic Water
DEVICE sensWater_2_9546290 | Publishing data = { "value" : "26" } | To topic Water
DEVICE sensWater_2_9546290 | Publishing data = { "value" : "215" } | To topic Water
DEVICE sensWater_2_9546290 | Publishing data = { "value" : "74" } | To topic Water
DEVICE sensWater_2_9546290 | Publishing data = { "value" : "73" } | To topic Water
DEVICE sensWater_2_9546290 | Publishing data = { "value" : "174" } | To topic Water
DEVICE sensWater_2_9546290 | Publishing data = { "value" : "81" } | To topic Water
DEVICE sensWater_2_9546290 | Publishing data = { "value" : "44" } | To topic Water
DEVICE sensWater_2_9546290 | Publishing data = { "value" : "217" } | To topic Water
DEVICE sensWater_2_9546290 | Publishing data = { "value" : "210" } | To topic Water
DEVICE sensWater_2_9546290 | Publishing data = { "value" : "108" } | To topic Water
DEVICE sensWater_2_9546290 | Publishing data = { "value" : "130" } | To topic Water
DEVICE sensWater_2_9546290 | Publishing data = { "value" : "235" } | To topic Water
DEVICE sensWater_2_9546290 | Publishing data = { "value" : "3" } | To topic Water
DEVICE sensWater_2_9546290 | Publishing data = { "value" : "74" } | To topic Water
DEVICE sensWater_2_9546290 | Publishing data = { "value" : "93" } | To topic Water
DEVICE sensWater_2_9546290 | Publishing data = { "value" : "130" } | To topic Water
DEVICE sensWater_2_9546290 | Publishing data = { "value" : "75" } | To topic Water
DEVICE sensWater_2_9546290 | Publishing data = { "value" : "164" } | To topic Water
DEVICE sensWater_2_9546290 | Publishing data = { "value" : "113" } | To topic Water
DEVICE sensWater_2_9546290 | Publishing data = { "value" : "81" } | To topic Water
DEVICE sensWater_2_9546290 | Publishing data = { "value" : "55" } | To topic Water
DEVICE sensWater_2_9546290 | Publishing data = { "value" : "165" } | To topic Water
DEVICE sensWater_2_9546290 | Publishing data = { "value" : "35" } | To topic Water
DEVICE sensWater_2_9546290 | Publishing data = { "value" : "75" } | To topic Water
DEVICE sensWater_2_9546290 | Publishing data = { "value" : "242" } | To topic Water
DEVICE sensWater_2_9546290 | Publishing data = { "value" : "132" } | To topic Water
DEVICE sensWater_2_9546290 | Publishing data = { "value" : "98" } | To topic Water
DEVICE sensWater_2_9546290 | Publishing data = { "value" : "123" } | To topic Water
DEVICE sensWater_2_9546290 | Publishing data = { "value" : "114" } | To topic Water
DEVICE sensWater_2_9546290 | Publishing data = { "value" : "115" } | To topic Water
DEVICE sensWater_2_9546290 | Publishing data = { "value" : "112" } | To topic Water
DEVICE sensWater_2_9546290 | Publishing data = { "value" : "61" } | To topic Water
DEVICE sensWater_2_9546290 | Publishing data = { "value" : "90" } | To topic Water
DEVICE sensWater_2_9546290 | Publishing data = { "value" : "163" } | To topic Water
DEVICE sensWater_2_9546290 | Publishing data = { "value" : "195" } | To topic Water
DEVICE sensWater_2_9546290 | Publishing data = { "value" : "151" } | To topic Water
DEVICE sensWater_2_9546290 | Publishing data = { "value" : "62" } | To topic Water
DEVICE sensWater_2_9546290 | Publishing data = { "value" : "233" } | To topic Water
DEVICE sensWater_2_9546290 | Publishing data = { "value" : "214" } | To topic Water
DEVICE sensWater_2_9546290 | Publishing data = { "value" : "26" } | To topic Water
DEVICE sensWater_2_9546290 | Publishing data = { "value" : "104" } | To topic Water
DEVICE sensWater_2_9546290 | Publishing data = { "value" : "145" } | To topic Water
DEVICE sensWater_2_9546290 | Publishing data = { "value" : "24" } | To topic Water
DEVICE sensWater_2_9546290 | Publishing data = { "value" : "117" } | To topic Water
DEVICE sensWater_2_9546290 | Publishing data = { "value" : "193" } | To topic Water
DEVICE sensWater_2_9546290 | Publishing data = { "value" : "131" } | To topic Water
DEVICE sensWater_2_9546290 | Publishing data = { "value" : "115" } | To topic Water
DEVICE sensWater_2_9546290 | Publishing data = { "value" : "23" } | To topic Water
DEVICE sensWater_2_9546290 | Publishing data = { "value" : "73" } | To topic Water
DEVICE sensWater_2_9546290 | Publishing data = { "value" : "97" } | To topic Water
DEVICE sensWater_2_9546290 | Publishing data = { "value" : "40" } | To topic Water
DEVICE sensWater_2_9546290 | Publishing data = { "value" : "126" } | To topic Water
DEVICE sensWater_2_9546290 | Publishing data = { "value" : "109" } | To topic Water
DEVICE sensWater_2_9546290 | Publishing data = { "value" : "70" } | To topic Water
DEVICE sensWater_2_9546290 | Publishing data = { "value" : "137" } | To topic Water
DEVICE sensWater_2_9546290 | Publishing data = { "value" : "197" } | To topic Water
DEVICE sensWater_2_9546290 | Publishing data = { "value" : "115" } | To topic Water
DEVICE sensWater_2_9546290 | Publishing data = { "value" : "195" } | To topic Water
DEVICE sensWater_2_9546290 | Publishing data = { "value" : "137" } | To topic Water
DEVICE sensWater_2_9546290 | Publishing data = { "value" : "224" } | To topic Water
DEVICE sensWater_2_9546290 | Publishing data = { "value" : "77" } | To topic Water
DEVICE sensWater_2_9546290 | Publishing data = { "value" : "54" } | To topic Water
DEVICE sensWater_2_9546290 | Publishing data = { "value" : "61" } | To topic Water
DEVICE sensWater_2_9546290 | Publishing data = { "value" : "78" } | To topic Water
DEVICE sensWater_2_9546290 | Publishing data = { "value" : "210" } | To topic Water
DEVICE sensWater_2_9546290 | Publishing data = { "value" : "51" } | To topic Water
DEVICE sensWater_2_9546290 | Publishing data = { "value" : "42" } | To topic Water
DEVICE sensWater_2_9546290 | Publishing data = { "value" : "125" } | To topic Water
DEVICE sensWater_2_9546290 | Publishing data = { "value" : "149" } | To topic Water
DEVICE sensWater_2_9546290 | Publishing data = { "value" : "133" } | To topic Water
DEVICE sensWater_2_9546290 | Publishing data = { "value" : "190" } | To topic Water
DEVICE sensWater_2_9546290 | Publishing data = { "value" : "198" } | To topic Water
DEVICE sensWater_2_9546290 | Publishing data = { "value" : "245" } | To topic Water
DEVICE sensWater_2_9546290 | Publishing data = { "value" : "246" } | To topic Water
DEVICE sensWater_2_9546290 | Publishing data = { "value" : "96" } | To topic Water
DEVICE sensWater_2_9546290 | Publishing data = { "value" : "161" } | To topic Water
DEVICE sensWater_2_9546290 | Publishing data = { "value" : "132" } | To topic Water
DEVICE sensWater_2_9546290 | Publishing data = { "value" : "147" } | To topic Water
DEVICE sensWater_2_9546290 | Publishing data = { "value" : "119" } | To topic Water
DEVICE sensWater_2_9546290 | Publishing data = { "value" : "38" } | To topic Water
DEVICE sensWater_2_9546290 | Publishing data = { "value" : "221" } | To topic Water
DEVICE sensWater_2_9546290 | Publishing data = { "value" : "247" } | To topic Water
DEVICE sensWater_2_9546290 | Publishing data = { "value" : "75" } | To topic Water
DEVICE sensWater_2_9546290 | Publishing data = { "value" : "3" } | To topic Water
DEVICE sensWater_2_9546290 | Publishing data = { "value" : "218" } | To topic Water
DEVICE sensWater_2_9546290 | Publishing data = { "value" : "180" } | To topic Water
DEVICE sensWater_2_9546290 | Publishing data = { "value" : "98" } | To topic Water
DEVICE sensWater_2_9546290 | Publishing data = { "value" : "234" } | To topic Water
Sep 06, 2023 7:50:08 PM jdk.internal.reflect.NativeMethodAccessorImpl invoke0
INFO: THORN99999: Thorntail is Ready
