WARNING: An illegal reflective access operation has occurred
WARNING: Illegal reflective access by org.eclipse.paho.client.mqttv3.internal.FileLock (jar:file:/tmp/thorntailorg.eclipse.paho.client.mqttv3-1.2.018195017545281696403.jar!/) to method sun.nio.ch.FileLockImpl.release()
WARNING: Please consider reporting this to the maintainers of org.eclipse.paho.client.mqttv3.internal.FileLock
WARNING: Use --illegal-access=warn to enable warnings of further illegal reflective access operations
WARNING: All illegal access operations will be denied in a future release
Connected to tcp://mosquitto-water2:1886
DEVICE sensWater_2_4658349 | Publishing data = { "value" : "5" } | To topic Water
DEVICE sensWater_2_4658349 | Publishing data = { "value" : "75" } | To topic Water
DEVICE sensWater_2_4658349 | Publishing data = { "value" : "85" } | To topic Water
DEVICE sensWater_2_4658349 | Publishing data = { "value" : "109" } | To topic Water
DEVICE sensWater_2_4658349 | Publishing data = { "value" : "27" } | To topic Water
DEVICE sensWater_2_4658349 | Publishing data = { "value" : "14" } | To topic Water
DEVICE sensWater_2_4658349 | Publishing data = { "value" : "43" } | To topic Water
DEVICE sensWater_2_4658349 | Publishing data = { "value" : "202" } | To topic Water
DEVICE sensWater_2_4658349 | Publishing data = { "value" : "68" } | To topic Water
DEVICE sensWater_2_4658349 | Publishing data = { "value" : "250" } | To topic Water
DEVICE sensWater_2_4658349 | Publishing data = { "value" : "126" } | To topic Water
DEVICE sensWater_2_4658349 | Publishing data = { "value" : "104" } | To topic Water
DEVICE sensWater_2_4658349 | Publishing data = { "value" : "128" } | To topic Water
DEVICE sensWater_2_4658349 | Publishing data = { "value" : "232" } | To topic Water
DEVICE sensWater_2_4658349 | Publishing data = { "value" : "144" } | To topic Water
DEVICE sensWater_2_4658349 | Publishing data = { "value" : "156" } | To topic Water
DEVICE sensWater_2_4658349 | Publishing data = { "value" : "15" } | To topic Water
DEVICE sensWater_2_4658349 | Publishing data = { "value" : "150" } | To topic Water
DEVICE sensWater_2_4658349 | Publishing data = { "value" : "178" } | To topic Water
DEVICE sensWater_2_4658349 | Publishing data = { "value" : "139" } | To topic Water
DEVICE sensWater_2_4658349 | Publishing data = { "value" : "56" } | To topic Water
DEVICE sensWater_2_4658349 | Publishing data = { "value" : "5" } | To topic Water
DEVICE sensWater_2_4658349 | Publishing data = { "value" : "113" } | To topic Water
DEVICE sensWater_2_4658349 | Publishing data = { "value" : "8" } | To topic Water
DEVICE sensWater_2_4658349 | Publishing data = { "value" : "90" } | To topic Water
DEVICE sensWater_2_4658349 | Publishing data = { "value" : "218" } | To topic Water
DEVICE sensWater_2_4658349 | Publishing data = { "value" : "178" } | To topic Water
DEVICE sensWater_2_4658349 | Publishing data = { "value" : "65" } | To topic Water
DEVICE sensWater_2_4658349 | Publishing data = { "value" : "9" } | To topic Water
DEVICE sensWater_2_4658349 | Publishing data = { "value" : "65" } | To topic Water
DEVICE sensWater_2_4658349 | Publishing data = { "value" : "232" } | To topic Water
DEVICE sensWater_2_4658349 | Publishing data = { "value" : "203" } | To topic Water
DEVICE sensWater_2_4658349 | Publishing data = { "value" : "104" } | To topic Water
DEVICE sensWater_2_4658349 | Publishing data = { "value" : "169" } | To topic Water
DEVICE sensWater_2_4658349 | Publishing data = { "value" : "228" } | To topic Water
DEVICE sensWater_2_4658349 | Publishing data = { "value" : "184" } | To topic Water
DEVICE sensWater_2_4658349 | Publishing data = { "value" : "228" } | To topic Water
DEVICE sensWater_2_4658349 | Publishing data = { "value" : "228" } | To topic Water
DEVICE sensWater_2_4658349 | Publishing data = { "value" : "1" } | To topic Water
DEVICE sensWater_2_4658349 | Publishing data = { "value" : "214" } | To topic Water
DEVICE sensWater_2_4658349 | Publishing data = { "value" : "133" } | To topic Water
DEVICE sensWater_2_4658349 | Publishing data = { "value" : "151" } | To topic Water
DEVICE sensWater_2_4658349 | Publishing data = { "value" : "239" } | To topic Water
DEVICE sensWater_2_4658349 | Publishing data = { "value" : "201" } | To topic Water
DEVICE sensWater_2_4658349 | Publishing data = { "value" : "210" } | To topic Water
DEVICE sensWater_2_4658349 | Publishing data = { "value" : "210" } | To topic Water
DEVICE sensWater_2_4658349 | Publishing data = { "value" : "67" } | To topic Water
DEVICE sensWater_2_4658349 | Publishing data = { "value" : "220" } | To topic Water
DEVICE sensWater_2_4658349 | Publishing data = { "value" : "96" } | To topic Water
DEVICE sensWater_2_4658349 | Publishing data = { "value" : "162" } | To topic Water
DEVICE sensWater_2_4658349 | Publishing data = { "value" : "219" } | To topic Water
DEVICE sensWater_2_4658349 | Publishing data = { "value" : "249" } | To topic Water
DEVICE sensWater_2_4658349 | Publishing data = { "value" : "5" } | To topic Water
DEVICE sensWater_2_4658349 | Publishing data = { "value" : "201" } | To topic Water
DEVICE sensWater_2_4658349 | Publishing data = { "value" : "136" } | To topic Water
DEVICE sensWater_2_4658349 | Publishing data = { "value" : "123" } | To topic Water
DEVICE sensWater_2_4658349 | Publishing data = { "value" : "48" } | To topic Water
DEVICE sensWater_2_4658349 | Publishing data = { "value" : "38" } | To topic Water
DEVICE sensWater_2_4658349 | Publishing data = { "value" : "26" } | To topic Water
DEVICE sensWater_2_4658349 | Publishing data = { "value" : "85" } | To topic Water
DEVICE sensWater_2_4658349 | Publishing data = { "value" : "204" } | To topic Water
DEVICE sensWater_2_4658349 | Publishing data = { "value" : "16" } | To topic Water
DEVICE sensWater_2_4658349 | Publishing data = { "value" : "191" } | To topic Water
DEVICE sensWater_2_4658349 | Publishing data = { "value" : "169" } | To topic Water
DEVICE sensWater_2_4658349 | Publishing data = { "value" : "225" } | To topic Water
DEVICE sensWater_2_4658349 | Publishing data = { "value" : "123" } | To topic Water
DEVICE sensWater_2_4658349 | Publishing data = { "value" : "30" } | To topic Water
DEVICE sensWater_2_4658349 | Publishing data = { "value" : "142" } | To topic Water
DEVICE sensWater_2_4658349 | Publishing data = { "value" : "207" } | To topic Water
DEVICE sensWater_2_4658349 | Publishing data = { "value" : "122" } | To topic Water
DEVICE sensWater_2_4658349 | Publishing data = { "value" : "165" } | To topic Water
DEVICE sensWater_2_4658349 | Publishing data = { "value" : "155" } | To topic Water
DEVICE sensWater_2_4658349 | Publishing data = { "value" : "204" } | To topic Water
DEVICE sensWater_2_4658349 | Publishing data = { "value" : "183" } | To topic Water
DEVICE sensWater_2_4658349 | Publishing data = { "value" : "113" } | To topic Water
DEVICE sensWater_2_4658349 | Publishing data = { "value" : "152" } | To topic Water
DEVICE sensWater_2_4658349 | Publishing data = { "value" : "174" } | To topic Water
DEVICE sensWater_2_4658349 | Publishing data = { "value" : "230" } | To topic Water
DEVICE sensWater_2_4658349 | Publishing data = { "value" : "44" } | To topic Water
DEVICE sensWater_2_4658349 | Publishing data = { "value" : "13" } | To topic Water
DEVICE sensWater_2_4658349 | Publishing data = { "value" : "128" } | To topic Water
DEVICE sensWater_2_4658349 | Publishing data = { "value" : "15" } | To topic Water
DEVICE sensWater_2_4658349 | Publishing data = { "value" : "19" } | To topic Water
DEVICE sensWater_2_4658349 | Publishing data = { "value" : "71" } | To topic Water
DEVICE sensWater_2_4658349 | Publishing data = { "value" : "141" } | To topic Water
DEVICE sensWater_2_4658349 | Publishing data = { "value" : "1" } | To topic Water
DEVICE sensWater_2_4658349 | Publishing data = { "value" : "136" } | To topic Water
DEVICE sensWater_2_4658349 | Publishing data = { "value" : "109" } | To topic Water
DEVICE sensWater_2_4658349 | Publishing data = { "value" : "12" } | To topic Water
DEVICE sensWater_2_4658349 | Publishing data = { "value" : "226" } | To topic Water
DEVICE sensWater_2_4658349 | Publishing data = { "value" : "4" } | To topic Water
DEVICE sensWater_2_4658349 | Publishing data = { "value" : "33" } | To topic Water
DEVICE sensWater_2_4658349 | Publishing data = { "value" : "138" } | To topic Water
DEVICE sensWater_2_4658349 | Publishing data = { "value" : "143" } | To topic Water
DEVICE sensWater_2_4658349 | Publishing data = { "value" : "24" } | To topic Water
DEVICE sensWater_2_4658349 | Publishing data = { "value" : "24" } | To topic Water
DEVICE sensWater_2_4658349 | Publishing data = { "value" : "225" } | To topic Water
DEVICE sensWater_2_4658349 | Publishing data = { "value" : "137" } | To topic Water
DEVICE sensWater_2_4658349 | Publishing data = { "value" : "88" } | To topic Water
DEVICE sensWater_2_4658349 | Publishing data = { "value" : "162" } | To topic Water
Sep 06, 2023 6:22:32 PM jdk.internal.reflect.NativeMethodAccessorImpl invoke0
INFO: THORN99999: Thorntail is Ready
