WARNING: An illegal reflective access operation has occurred
WARNING: Illegal reflective access by org.eclipse.paho.client.mqttv3.internal.FileLock (jar:file:/tmp/thorntailorg.eclipse.paho.client.mqttv3-1.2.017644414893883450679.jar!/) to method sun.nio.ch.FileLockImpl.release()
WARNING: Please consider reporting this to the maintainers of org.eclipse.paho.client.mqttv3.internal.FileLock
WARNING: Use --illegal-access=warn to enable warnings of further illegal reflective access operations
WARNING: All illegal access operations will be denied in a future release
Connected to tcp://mosquitto-gas3:1887
DEVICE sensGas_3_9481689 | Publishing data = { "value" : "113" } | To topic Gas
DEVICE sensGas_3_9481689 | Publishing data = { "value" : "77" } | To topic Gas
DEVICE sensGas_3_9481689 | Publishing data = { "value" : "178" } | To topic Gas
DEVICE sensGas_3_9481689 | Publishing data = { "value" : "187" } | To topic Gas
DEVICE sensGas_3_9481689 | Publishing data = { "value" : "204" } | To topic Gas
DEVICE sensGas_3_9481689 | Publishing data = { "value" : "186" } | To topic Gas
DEVICE sensGas_3_9481689 | Publishing data = { "value" : "70" } | To topic Gas
DEVICE sensGas_3_9481689 | Publishing data = { "value" : "1" } | To topic Gas
DEVICE sensGas_3_9481689 | Publishing data = { "value" : "42" } | To topic Gas
DEVICE sensGas_3_9481689 | Publishing data = { "value" : "22" } | To topic Gas
DEVICE sensGas_3_9481689 | Publishing data = { "value" : "171" } | To topic Gas
DEVICE sensGas_3_9481689 | Publishing data = { "value" : "4" } | To topic Gas
DEVICE sensGas_3_9481689 | Publishing data = { "value" : "139" } | To topic Gas
DEVICE sensGas_3_9481689 | Publishing data = { "value" : "103" } | To topic Gas
DEVICE sensGas_3_9481689 | Publishing data = { "value" : "152" } | To topic Gas
DEVICE sensGas_3_9481689 | Publishing data = { "value" : "52" } | To topic Gas
DEVICE sensGas_3_9481689 | Publishing data = { "value" : "64" } | To topic Gas
DEVICE sensGas_3_9481689 | Publishing data = { "value" : "153" } | To topic Gas
DEVICE sensGas_3_9481689 | Publishing data = { "value" : "73" } | To topic Gas
DEVICE sensGas_3_9481689 | Publishing data = { "value" : "51" } | To topic Gas
DEVICE sensGas_3_9481689 | Publishing data = { "value" : "171" } | To topic Gas
DEVICE sensGas_3_9481689 | Publishing data = { "value" : "132" } | To topic Gas
DEVICE sensGas_3_9481689 | Publishing data = { "value" : "200" } | To topic Gas
DEVICE sensGas_3_9481689 | Publishing data = { "value" : "41" } | To topic Gas
DEVICE sensGas_3_9481689 | Publishing data = { "value" : "8" } | To topic Gas
DEVICE sensGas_3_9481689 | Publishing data = { "value" : "130" } | To topic Gas
DEVICE sensGas_3_9481689 | Publishing data = { "value" : "171" } | To topic Gas
DEVICE sensGas_3_9481689 | Publishing data = { "value" : "234" } | To topic Gas
DEVICE sensGas_3_9481689 | Publishing data = { "value" : "151" } | To topic Gas
DEVICE sensGas_3_9481689 | Publishing data = { "value" : "100" } | To topic Gas
DEVICE sensGas_3_9481689 | Publishing data = { "value" : "47" } | To topic Gas
DEVICE sensGas_3_9481689 | Publishing data = { "value" : "192" } | To topic Gas
DEVICE sensGas_3_9481689 | Publishing data = { "value" : "66" } | To topic Gas
DEVICE sensGas_3_9481689 | Publishing data = { "value" : "149" } | To topic Gas
DEVICE sensGas_3_9481689 | Publishing data = { "value" : "96" } | To topic Gas
DEVICE sensGas_3_9481689 | Publishing data = { "value" : "65" } | To topic Gas
DEVICE sensGas_3_9481689 | Publishing data = { "value" : "57" } | To topic Gas
DEVICE sensGas_3_9481689 | Publishing data = { "value" : "64" } | To topic Gas
DEVICE sensGas_3_9481689 | Publishing data = { "value" : "250" } | To topic Gas
DEVICE sensGas_3_9481689 | Publishing data = { "value" : "21" } | To topic Gas
DEVICE sensGas_3_9481689 | Publishing data = { "value" : "20" } | To topic Gas
DEVICE sensGas_3_9481689 | Publishing data = { "value" : "238" } | To topic Gas
DEVICE sensGas_3_9481689 | Publishing data = { "value" : "163" } | To topic Gas
DEVICE sensGas_3_9481689 | Publishing data = { "value" : "207" } | To topic Gas
DEVICE sensGas_3_9481689 | Publishing data = { "value" : "129" } | To topic Gas
DEVICE sensGas_3_9481689 | Publishing data = { "value" : "214" } | To topic Gas
DEVICE sensGas_3_9481689 | Publishing data = { "value" : "103" } | To topic Gas
DEVICE sensGas_3_9481689 | Publishing data = { "value" : "193" } | To topic Gas
DEVICE sensGas_3_9481689 | Publishing data = { "value" : "145" } | To topic Gas
DEVICE sensGas_3_9481689 | Publishing data = { "value" : "150" } | To topic Gas
DEVICE sensGas_3_9481689 | Publishing data = { "value" : "231" } | To topic Gas
DEVICE sensGas_3_9481689 | Publishing data = { "value" : "237" } | To topic Gas
DEVICE sensGas_3_9481689 | Publishing data = { "value" : "71" } | To topic Gas
DEVICE sensGas_3_9481689 | Publishing data = { "value" : "19" } | To topic Gas
DEVICE sensGas_3_9481689 | Publishing data = { "value" : "115" } | To topic Gas
DEVICE sensGas_3_9481689 | Publishing data = { "value" : "98" } | To topic Gas
DEVICE sensGas_3_9481689 | Publishing data = { "value" : "203" } | To topic Gas
DEVICE sensGas_3_9481689 | Publishing data = { "value" : "241" } | To topic Gas
DEVICE sensGas_3_9481689 | Publishing data = { "value" : "163" } | To topic Gas
DEVICE sensGas_3_9481689 | Publishing data = { "value" : "45" } | To topic Gas
DEVICE sensGas_3_9481689 | Publishing data = { "value" : "81" } | To topic Gas
DEVICE sensGas_3_9481689 | Publishing data = { "value" : "19" } | To topic Gas
DEVICE sensGas_3_9481689 | Publishing data = { "value" : "250" } | To topic Gas
DEVICE sensGas_3_9481689 | Publishing data = { "value" : "236" } | To topic Gas
DEVICE sensGas_3_9481689 | Publishing data = { "value" : "238" } | To topic Gas
DEVICE sensGas_3_9481689 | Publishing data = { "value" : "142" } | To topic Gas
DEVICE sensGas_3_9481689 | Publishing data = { "value" : "26" } | To topic Gas
DEVICE sensGas_3_9481689 | Publishing data = { "value" : "197" } | To topic Gas
DEVICE sensGas_3_9481689 | Publishing data = { "value" : "245" } | To topic Gas
DEVICE sensGas_3_9481689 | Publishing data = { "value" : "45" } | To topic Gas
DEVICE sensGas_3_9481689 | Publishing data = { "value" : "144" } | To topic Gas
DEVICE sensGas_3_9481689 | Publishing data = { "value" : "20" } | To topic Gas
DEVICE sensGas_3_9481689 | Publishing data = { "value" : "178" } | To topic Gas
DEVICE sensGas_3_9481689 | Publishing data = { "value" : "126" } | To topic Gas
DEVICE sensGas_3_9481689 | Publishing data = { "value" : "119" } | To topic Gas
DEVICE sensGas_3_9481689 | Publishing data = { "value" : "135" } | To topic Gas
DEVICE sensGas_3_9481689 | Publishing data = { "value" : "102" } | To topic Gas
DEVICE sensGas_3_9481689 | Publishing data = { "value" : "193" } | To topic Gas
DEVICE sensGas_3_9481689 | Publishing data = { "value" : "225" } | To topic Gas
DEVICE sensGas_3_9481689 | Publishing data = { "value" : "10" } | To topic Gas
DEVICE sensGas_3_9481689 | Publishing data = { "value" : "249" } | To topic Gas
DEVICE sensGas_3_9481689 | Publishing data = { "value" : "63" } | To topic Gas
DEVICE sensGas_3_9481689 | Publishing data = { "value" : "1" } | To topic Gas
DEVICE sensGas_3_9481689 | Publishing data = { "value" : "40" } | To topic Gas
DEVICE sensGas_3_9481689 | Publishing data = { "value" : "238" } | To topic Gas
DEVICE sensGas_3_9481689 | Publishing data = { "value" : "155" } | To topic Gas
DEVICE sensGas_3_9481689 | Publishing data = { "value" : "190" } | To topic Gas
DEVICE sensGas_3_9481689 | Publishing data = { "value" : "199" } | To topic Gas
DEVICE sensGas_3_9481689 | Publishing data = { "value" : "50" } | To topic Gas
DEVICE sensGas_3_9481689 | Publishing data = { "value" : "154" } | To topic Gas
DEVICE sensGas_3_9481689 | Publishing data = { "value" : "17" } | To topic Gas
DEVICE sensGas_3_9481689 | Publishing data = { "value" : "103" } | To topic Gas
DEVICE sensGas_3_9481689 | Publishing data = { "value" : "54" } | To topic Gas
DEVICE sensGas_3_9481689 | Publishing data = { "value" : "172" } | To topic Gas
DEVICE sensGas_3_9481689 | Publishing data = { "value" : "230" } | To topic Gas
DEVICE sensGas_3_9481689 | Publishing data = { "value" : "246" } | To topic Gas
DEVICE sensGas_3_9481689 | Publishing data = { "value" : "119" } | To topic Gas
DEVICE sensGas_3_9481689 | Publishing data = { "value" : "7" } | To topic Gas
DEVICE sensGas_3_9481689 | Publishing data = { "value" : "196" } | To topic Gas
DEVICE sensGas_3_9481689 | Publishing data = { "value" : "241" } | To topic Gas
Sep 06, 2023 6:20:42 PM jdk.internal.reflect.NativeMethodAccessorImpl invoke0
INFO: THORN99999: Thorntail is Ready
