WARNING: An illegal reflective access operation has occurred
WARNING: Illegal reflective access by org.eclipse.paho.client.mqttv3.internal.FileLock (jar:file:/tmp/thorntailorg.eclipse.paho.client.mqttv3-1.2.018435986085302364470.jar!/) to method sun.nio.ch.FileLockImpl.release()
WARNING: Please consider reporting this to the maintainers of org.eclipse.paho.client.mqttv3.internal.FileLock
WARNING: Use --illegal-access=warn to enable warnings of further illegal reflective access operations
WARNING: All illegal access operations will be denied in a future release
Connected to tcp://mosquitto-brightness1:1885
DEVICE sensBrightness_1_9925518 | Publishing data = { "value" : "asdasd" } | To topic Brightness
DEVICE sensBrightness_1_9925518 | Publishing data = { "value" : "asdassadasdd" } | To topic Brightness
DEVICE sensBrightness_1_9925518 | Publishing data = { "value" : "asdasd" } | To topic Brightness
DEVICE sensBrightness_1_9925518 | Publishing data = { "value" : "dfgdfgasdasd" } | To topic Brightness
DEVICE sensBrightness_1_9925518 | Publishing data = { "value" : "asdagdfgsd" } | To topic Brightness
DEVICE sensBrightness_1_9925518 | Publishing data = { "value" : "asdasd" } | To topic Brightness
DEVICE sensBrightness_1_9925518 | Publishing data = { "value" : "asdasd" } | To topic Brightness
DEVICE sensBrightness_1_9925518 | Publishing data = { "value" : "afgdfgdsdasd" } | To topic Brightness
DEVICE sensBrightness_1_9925518 | Publishing data = { "value" : "asdasd" } | To topic Brightness
DEVICE sensBrightness_1_9925518 | Publishing data = { "value" : "asdasd" } | To topic Brightness
DEVICE sensBrightness_1_9925518 | Publishing data = { "value" : "asdasd" } | To topic Brightness
DEVICE sensBrightness_1_9925518 | Publishing data = { "value" : "asdasd" } | To topic Brightness
DEVICE sensBrightness_1_9925518 | Publishing data = { "value" : "asdasd" } | To topic Brightness
DEVICE sensBrightness_1_9925518 | Publishing data = { "value" : "asdadddddsd" } | To topic Brightness
DEVICE sensBrightness_1_9925518 | Publishing data = { "value" : "asdasd" } | To topic Brightness
DEVICE sensBrightness_1_9925518 | Publishing data = { "value" : "asdagdfgfsd" } | To topic Brightness
DEVICE sensBrightness_1_9925518 | Publishing data = { "value" : "asdasasdasd" } | To topic Brightness
DEVICE sensBrightness_1_9925518 | Publishing data = { "value" : "asdasd" } | To topic Brightness
DEVICE sensBrightness_1_9925518 | Publishing data = { "value" : "asdasd" } | To topic Brightness
DEVICE sensBrightness_1_9925518 | Publishing data = { "value" : "asdasd" } | To topic Brightness
DEVICE sensBrightness_1_9925518 | Publishing data = { "value" : "asdasd" } | To topic Brightness
DEVICE sensBrightness_1_9925518 | Publishing data = { "value" : "asdasd" } | To topic Brightness
DEVICE sensBrightness_1_9925518 | Publishing data = { "value" : "asdasd" } | To topic Brightness
DEVICE sensBrightness_1_9925518 | Publishing data = { "value" : "weguidhgasdasd" } | To topic Brightness
DEVICE sensBrightness_1_9925518 | Publishing data = { "value" : "asdasd" } | To topic Brightness
DEVICE sensBrightness_1_9925518 | Publishing data = { "value" : "asdasd" } | To topic Brightness
DEVICE sensBrightness_1_9925518 | Publishing data = { "value" : "asdasd" } | To topic Brightness
DEVICE sensBrightness_1_9925518 | Publishing data = { "value" : "asdasd" } | To topic Brightness
DEVICE sensBrightness_1_9925518 | Publishing data = { "value" : "asdasdaskdasd" } | To topic Brightness
DEVICE sensBrightness_1_9925518 | Publishing data = { "value" : "asdasd" } | To topic Brightness
DEVICE sensBrightness_1_9925518 | Publishing data = { "value" : "asdasd" } | To topic Brightness
DEVICE sensBrightness_1_9925518 | Publishing data = { "value" : "asdasd" } | To topic Brightness
DEVICE sensBrightness_1_9925518 | Publishing data = { "value" : "asdarruohooghiosgsd" } | To topic Brightness
DEVICE sensBrightness_1_9925518 | Publishing data = { "value" : "asdasd" } | To topic Brightness
DEVICE sensBrightness_1_9925518 | Publishing data = { "value" : "asdasd" } | To topic Brightness
DEVICE sensBrightness_1_9925518 | Publishing data = { "value" : "asdasd" } | To topic Brightness
DEVICE sensBrightness_1_9925518 | Publishing data = { "value" : "asdasd" } | To topic Brightness
DEVICE sensBrightness_1_9925518 | Publishing data = { "value" : "asdasd" } | To topic Brightness
DEVICE sensBrightness_1_9925518 | Publishing data = { "value" : "asdasd" } | To topic Brightness
DEVICE sensBrightness_1_9925518 | Publishing data = { "value" : "asdasd" } | To topic Brightness
DEVICE sensBrightness_1_9925518 | Publishing data = { "value" : "asdasd" } | To topic Brightness
DEVICE sensBrightness_1_9925518 | Publishing data = { "value" : "adifoiwogwsdasd" } | To topic Brightness
DEVICE sensBrightness_1_9925518 | Publishing data = { "value" : "asdasd" } | To topic Brightness
DEVICE sensBrightness_1_9925518 | Publishing data = { "value" : "asdasd" } | To topic Brightness
DEVICE sensBrightness_1_9925518 | Publishing data = { "value" : "asdasd" } | To topic Brightness
DEVICE sensBrightness_1_9925518 | Publishing data = { "value" : "asdasd" } | To topic Brightness
DEVICE sensBrightness_1_9925518 | Publishing data = { "value" : "asdasd" } | To topic Brightness
DEVICE sensBrightness_1_9925518 | Publishing data = { "value" : "asdasd" } | To topic Brightness
DEVICE sensBrightness_1_9925518 | Publishing data = { "value" : "asdasd" } | To topic Brightness
DEVICE sensBrightness_1_9925518 | Publishing data = { "value" : "asdasd" } | To topic Brightness
DEVICE sensBrightness_1_9925518 | Publishing data = { "value" : "asdasd" } | To topic Brightness
DEVICE sensBrightness_1_9925518 | Publishing data = { "value" : "asdasd" } | To topic Brightness
DEVICE sensBrightness_1_9925518 | Publishing data = { "value" : "asdasd" } | To topic Brightness
DEVICE sensBrightness_1_9925518 | Publishing data = { "value" : "asdasd" } | To topic Brightness
DEVICE sensBrightness_1_9925518 | Publishing data = { "value" : "asdasd" } | To topic Brightness
DEVICE sensBrightness_1_9925518 | Publishing data = { "value" : "asdasd" } | To topic Brightness
DEVICE sensBrightness_1_9925518 | Publishing data = { "value" : "asdauvsd" } | To topic Brightness
DEVICE sensBrightness_1_9925518 | Publishing data = { "value" : "asdasd" } | To topic Brightness
DEVICE sensBrightness_1_9925518 | Publishing data = { "value" : "asdasd" } | To topic Brightness
DEVICE sensBrightness_1_9925518 | Publishing data = { "value" : "asdasd" } | To topic Brightness
DEVICE sensBrightness_1_9925518 | Publishing data = { "value" : "asdasd" } | To topic Brightness
DEVICE sensBrightness_1_9925518 | Publishing data = { "value" : "asdasd" } | To topic Brightness
DEVICE sensBrightness_1_9925518 | Publishing data = { "value" : "assdhkshlfdasd" } | To topic Brightness
DEVICE sensBrightness_1_9925518 | Publishing data = { "value" : "asdasd" } | To topic Brightness
DEVICE sensBrightness_1_9925518 | Publishing data = { "value" : "asdasd" } | To topic Brightness
DEVICE sensBrightness_1_9925518 | Publishing data = { "value" : "asdasd" } | To topic Brightness
DEVICE sensBrightness_1_9925518 | Publishing data = { "value" : "asdasd" } | To topic Brightness
DEVICE sensBrightness_1_9925518 | Publishing data = { "value" : "asdasd" } | To topic Brightness
DEVICE sensBrightness_1_9925518 | Publishing data = { "value" : "asdasd" } | To topic Brightness
DEVICE sensBrightness_1_9925518 | Publishing data = { "value" : "asdasd" } | To topic Brightness
DEVICE sensBrightness_1_9925518 | Publishing data = { "value" : "asdasd" } | To topic Brightness
DEVICE sensBrightness_1_9925518 | Publishing data = { "value" : "asdasd" } | To topic Brightness
DEVICE sensBrightness_1_9925518 | Publishing data = { "value" : "asdasd" } | To topic Brightness
DEVICE sensBrightness_1_9925518 | Publishing data = { "value" : "asdasajfkahjkfd" } | To topic Brightness
DEVICE sensBrightness_1_9925518 | Publishing data = { "value" : "asdasd" } | To topic Brightness
DEVICE sensBrightness_1_9925518 | Publishing data = { "value" : "asdasd" } | To topic Brightness
DEVICE sensBrightness_1_9925518 | Publishing data = { "value" : "asdasd" } | To topic Brightness
DEVICE sensBrightness_1_9925518 | Publishing data = { "value" : "asdasd" } | To topic Brightness
DEVICE sensBrightness_1_9925518 | Publishing data = { "value" : "asdasd" } | To topic Brightness
DEVICE sensBrightness_1_9925518 | Publishing data = { "value" : "asdasd" } | To topic Brightness
DEVICE sensBrightness_1_9925518 | Publishing data = { "value" : "asdasd" } | To topic Brightness
DEVICE sensBrightness_1_9925518 | Publishing data = { "value" : "asdasd" } | To topic Brightness
DEVICE sensBrightness_1_9925518 | Publishing data = { "value" : "asdasd" } | To topic Brightness
DEVICE sensBrightness_1_9925518 | Publishing data = { "value" : "asdasd" } | To topic Brightness
DEVICE sensBrightness_1_9925518 | Publishing data = { "value" : "asdaajsdjshasd" } | To topic Brightness
DEVICE sensBrightness_1_9925518 | Publishing data = { "value" : "asdasd" } | To topic Brightness
DEVICE sensBrightness_1_9925518 | Publishing data = { "value" : "asdasd" } | To topic Brightness
DEVICE sensBrightness_1_9925518 | Publishing data = { "value" : "asdasd" } | To topic Brightness
DEVICE sensBrightness_1_9925518 | Publishing data = { "value" : "asdasd" } | To topic Brightness
DEVICE sensBrightness_1_9925518 | Publishing data = { "value" : "asdasd" } | To topic Brightness
DEVICE sensBrightness_1_9925518 | Publishing data = { "value" : "asdasd" } | To topic Brightness
DEVICE sensBrightness_1_9925518 | Publishing data = { "value" : "asdasd" } | To topic Brightness
DEVICE sensBrightness_1_9925518 | Publishing data = { "value" : "asdasd" } | To topic Brightness
DEVICE sensBrightness_1_9925518 | Publishing data = { "value" : "asdasd" } | To topic Brightness
DEVICE sensBrightness_1_9925518 | Publishing data = { "value" : "asdaalsdjassd" } | To topic Brightness
DEVICE sensBrightness_1_9925518 | Publishing data = { "value" : "asdasd" } | To topic Brightness
DEVICE sensBrightness_1_9925518 | Publishing data = { "value" : "asdasd" } | To topic Brightness
DEVICE sensBrightness_1_9925518 | Publishing data = { "value" : "asdasd" } | To topic Brightness
DEVICE sensBrightness_1_9925518 | Publishing data = { "value" : "asdasd" } | To topic Brightness
DEVICE sensBrightness_1_9925518 | Publishing data = { "value" : "asdasd" } | To topic Brightness
Sep 06, 2023 8:17:01 PM jdk.internal.reflect.NativeMethodAccessorImpl invoke0
INFO: THORN99999: Thorntail is Ready
