WARNING: An illegal reflective access operation has occurred
WARNING: Illegal reflective access by org.eclipse.paho.client.mqttv3.internal.FileLock (jar:file:/tmp/thorntailorg.eclipse.paho.client.mqttv3-1.2.05841952570656279605.jar!/) to method sun.nio.ch.FileLockImpl.release()
WARNING: Please consider reporting this to the maintainers of org.eclipse.paho.client.mqttv3.internal.FileLock
WARNING: Use --illegal-access=warn to enable warnings of further illegal reflective access operations
WARNING: All illegal access operations will be denied in a future release
Connected to tcp://mosquitto-water2:1886
DEVICE sensWater_2_9182718 | Publishing data = { "value" : "96" } | To topic Water
DEVICE sensWater_2_9182718 | Publishing data = { "value" : "174" } | To topic Water
DEVICE sensWater_2_9182718 | Publishing data = { "value" : "156" } | To topic Water
DEVICE sensWater_2_9182718 | Publishing data = { "value" : "54" } | To topic Water
DEVICE sensWater_2_9182718 | Publishing data = { "value" : "238" } | To topic Water
DEVICE sensWater_2_9182718 | Publishing data = { "value" : "70" } | To topic Water
DEVICE sensWater_2_9182718 | Publishing data = { "value" : "17" } | To topic Water
DEVICE sensWater_2_9182718 | Publishing data = { "value" : "90" } | To topic Water
DEVICE sensWater_2_9182718 | Publishing data = { "value" : "222" } | To topic Water
DEVICE sensWater_2_9182718 | Publishing data = { "value" : "144" } | To topic Water
DEVICE sensWater_2_9182718 | Publishing data = { "value" : "63" } | To topic Water
DEVICE sensWater_2_9182718 | Publishing data = { "value" : "26" } | To topic Water
DEVICE sensWater_2_9182718 | Publishing data = { "value" : "194" } | To topic Water
DEVICE sensWater_2_9182718 | Publishing data = { "value" : "178" } | To topic Water
DEVICE sensWater_2_9182718 | Publishing data = { "value" : "216" } | To topic Water
DEVICE sensWater_2_9182718 | Publishing data = { "value" : "65" } | To topic Water
DEVICE sensWater_2_9182718 | Publishing data = { "value" : "55" } | To topic Water
DEVICE sensWater_2_9182718 | Publishing data = { "value" : "225" } | To topic Water
DEVICE sensWater_2_9182718 | Publishing data = { "value" : "46" } | To topic Water
DEVICE sensWater_2_9182718 | Publishing data = { "value" : "169" } | To topic Water
DEVICE sensWater_2_9182718 | Publishing data = { "value" : "3" } | To topic Water
DEVICE sensWater_2_9182718 | Publishing data = { "value" : "204" } | To topic Water
DEVICE sensWater_2_9182718 | Publishing data = { "value" : "165" } | To topic Water
DEVICE sensWater_2_9182718 | Publishing data = { "value" : "157" } | To topic Water
DEVICE sensWater_2_9182718 | Publishing data = { "value" : "174" } | To topic Water
DEVICE sensWater_2_9182718 | Publishing data = { "value" : "108" } | To topic Water
DEVICE sensWater_2_9182718 | Publishing data = { "value" : "57" } | To topic Water
DEVICE sensWater_2_9182718 | Publishing data = { "value" : "159" } | To topic Water
DEVICE sensWater_2_9182718 | Publishing data = { "value" : "223" } | To topic Water
DEVICE sensWater_2_9182718 | Publishing data = { "value" : "185" } | To topic Water
DEVICE sensWater_2_9182718 | Publishing data = { "value" : "27" } | To topic Water
DEVICE sensWater_2_9182718 | Publishing data = { "value" : "56" } | To topic Water
DEVICE sensWater_2_9182718 | Publishing data = { "value" : "181" } | To topic Water
DEVICE sensWater_2_9182718 | Publishing data = { "value" : "220" } | To topic Water
DEVICE sensWater_2_9182718 | Publishing data = { "value" : "106" } | To topic Water
DEVICE sensWater_2_9182718 | Publishing data = { "value" : "118" } | To topic Water
DEVICE sensWater_2_9182718 | Publishing data = { "value" : "221" } | To topic Water
DEVICE sensWater_2_9182718 | Publishing data = { "value" : "96" } | To topic Water
DEVICE sensWater_2_9182718 | Publishing data = { "value" : "149" } | To topic Water
DEVICE sensWater_2_9182718 | Publishing data = { "value" : "21" } | To topic Water
DEVICE sensWater_2_9182718 | Publishing data = { "value" : "75" } | To topic Water
DEVICE sensWater_2_9182718 | Publishing data = { "value" : "58" } | To topic Water
DEVICE sensWater_2_9182718 | Publishing data = { "value" : "156" } | To topic Water
DEVICE sensWater_2_9182718 | Publishing data = { "value" : "146" } | To topic Water
DEVICE sensWater_2_9182718 | Publishing data = { "value" : "135" } | To topic Water
DEVICE sensWater_2_9182718 | Publishing data = { "value" : "117" } | To topic Water
DEVICE sensWater_2_9182718 | Publishing data = { "value" : "217" } | To topic Water
DEVICE sensWater_2_9182718 | Publishing data = { "value" : "51" } | To topic Water
DEVICE sensWater_2_9182718 | Publishing data = { "value" : "109" } | To topic Water
DEVICE sensWater_2_9182718 | Publishing data = { "value" : "69" } | To topic Water
DEVICE sensWater_2_9182718 | Publishing data = { "value" : "150" } | To topic Water
DEVICE sensWater_2_9182718 | Publishing data = { "value" : "11" } | To topic Water
DEVICE sensWater_2_9182718 | Publishing data = { "value" : "11" } | To topic Water
DEVICE sensWater_2_9182718 | Publishing data = { "value" : "22" } | To topic Water
DEVICE sensWater_2_9182718 | Publishing data = { "value" : "231" } | To topic Water
DEVICE sensWater_2_9182718 | Publishing data = { "value" : "12" } | To topic Water
DEVICE sensWater_2_9182718 | Publishing data = { "value" : "103" } | To topic Water
DEVICE sensWater_2_9182718 | Publishing data = { "value" : "184" } | To topic Water
DEVICE sensWater_2_9182718 | Publishing data = { "value" : "131" } | To topic Water
DEVICE sensWater_2_9182718 | Publishing data = { "value" : "54" } | To topic Water
DEVICE sensWater_2_9182718 | Publishing data = { "value" : "73" } | To topic Water
DEVICE sensWater_2_9182718 | Publishing data = { "value" : "148" } | To topic Water
DEVICE sensWater_2_9182718 | Publishing data = { "value" : "18" } | To topic Water
DEVICE sensWater_2_9182718 | Publishing data = { "value" : "129" } | To topic Water
DEVICE sensWater_2_9182718 | Publishing data = { "value" : "85" } | To topic Water
DEVICE sensWater_2_9182718 | Publishing data = { "value" : "53" } | To topic Water
DEVICE sensWater_2_9182718 | Publishing data = { "value" : "193" } | To topic Water
DEVICE sensWater_2_9182718 | Publishing data = { "value" : "214" } | To topic Water
DEVICE sensWater_2_9182718 | Publishing data = { "value" : "82" } | To topic Water
DEVICE sensWater_2_9182718 | Publishing data = { "value" : "62" } | To topic Water
DEVICE sensWater_2_9182718 | Publishing data = { "value" : "47" } | To topic Water
DEVICE sensWater_2_9182718 | Publishing data = { "value" : "45" } | To topic Water
DEVICE sensWater_2_9182718 | Publishing data = { "value" : "164" } | To topic Water
DEVICE sensWater_2_9182718 | Publishing data = { "value" : "20" } | To topic Water
DEVICE sensWater_2_9182718 | Publishing data = { "value" : "172" } | To topic Water
DEVICE sensWater_2_9182718 | Publishing data = { "value" : "73" } | To topic Water
DEVICE sensWater_2_9182718 | Publishing data = { "value" : "160" } | To topic Water
DEVICE sensWater_2_9182718 | Publishing data = { "value" : "136" } | To topic Water
DEVICE sensWater_2_9182718 | Publishing data = { "value" : "145" } | To topic Water
DEVICE sensWater_2_9182718 | Publishing data = { "value" : "31" } | To topic Water
DEVICE sensWater_2_9182718 | Publishing data = { "value" : "133" } | To topic Water
DEVICE sensWater_2_9182718 | Publishing data = { "value" : "119" } | To topic Water
DEVICE sensWater_2_9182718 | Publishing data = { "value" : "22" } | To topic Water
DEVICE sensWater_2_9182718 | Publishing data = { "value" : "60" } | To topic Water
DEVICE sensWater_2_9182718 | Publishing data = { "value" : "87" } | To topic Water
DEVICE sensWater_2_9182718 | Publishing data = { "value" : "201" } | To topic Water
DEVICE sensWater_2_9182718 | Publishing data = { "value" : "141" } | To topic Water
DEVICE sensWater_2_9182718 | Publishing data = { "value" : "237" } | To topic Water
DEVICE sensWater_2_9182718 | Publishing data = { "value" : "187" } | To topic Water
DEVICE sensWater_2_9182718 | Publishing data = { "value" : "212" } | To topic Water
DEVICE sensWater_2_9182718 | Publishing data = { "value" : "71" } | To topic Water
DEVICE sensWater_2_9182718 | Publishing data = { "value" : "86" } | To topic Water
DEVICE sensWater_2_9182718 | Publishing data = { "value" : "54" } | To topic Water
DEVICE sensWater_2_9182718 | Publishing data = { "value" : "148" } | To topic Water
DEVICE sensWater_2_9182718 | Publishing data = { "value" : "116" } | To topic Water
DEVICE sensWater_2_9182718 | Publishing data = { "value" : "136" } | To topic Water
DEVICE sensWater_2_9182718 | Publishing data = { "value" : "2" } | To topic Water
DEVICE sensWater_2_9182718 | Publishing data = { "value" : "147" } | To topic Water
DEVICE sensWater_2_9182718 | Publishing data = { "value" : "5" } | To topic Water
DEVICE sensWater_2_9182718 | Publishing data = { "value" : "115" } | To topic Water
Sep 06, 2023 8:16:59 PM jdk.internal.reflect.NativeMethodAccessorImpl invoke0
INFO: THORN99999: Thorntail is Ready
