WARNING: An illegal reflective access operation has occurred
WARNING: Illegal reflective access by org.eclipse.paho.client.mqttv3.internal.FileLock (jar:file:/tmp/thorntailorg.eclipse.paho.client.mqttv3-1.2.06308209506361973232.jar!/) to method sun.nio.ch.FileLockImpl.release()
WARNING: Please consider reporting this to the maintainers of org.eclipse.paho.client.mqttv3.internal.FileLock
WARNING: Use --illegal-access=warn to enable warnings of further illegal reflective access operations
WARNING: All illegal access operations will be denied in a future release
Connected to tcp://mosquitto-gas3:1887
DEVICE sensGas_3_7575855 | Publishing data = { "value" : "26" } | To topic Gas
DEVICE sensGas_3_7575855 | Publishing data = { "value" : "78" } | To topic Gas
DEVICE sensGas_3_7575855 | Publishing data = { "value" : "30" } | To topic Gas
DEVICE sensGas_3_7575855 | Publishing data = { "value" : "187" } | To topic Gas
DEVICE sensGas_3_7575855 | Publishing data = { "value" : "244" } | To topic Gas
DEVICE sensGas_3_7575855 | Publishing data = { "value" : "243" } | To topic Gas
DEVICE sensGas_3_7575855 | Publishing data = { "value" : "75" } | To topic Gas
DEVICE sensGas_3_7575855 | Publishing data = { "value" : "141" } | To topic Gas
DEVICE sensGas_3_7575855 | Publishing data = { "value" : "10" } | To topic Gas
DEVICE sensGas_3_7575855 | Publishing data = { "value" : "98" } | To topic Gas
DEVICE sensGas_3_7575855 | Publishing data = { "value" : "53" } | To topic Gas
DEVICE sensGas_3_7575855 | Publishing data = { "value" : "204" } | To topic Gas
DEVICE sensGas_3_7575855 | Publishing data = { "value" : "60" } | To topic Gas
DEVICE sensGas_3_7575855 | Publishing data = { "value" : "117" } | To topic Gas
DEVICE sensGas_3_7575855 | Publishing data = { "value" : "56" } | To topic Gas
DEVICE sensGas_3_7575855 | Publishing data = { "value" : "130" } | To topic Gas
DEVICE sensGas_3_7575855 | Publishing data = { "value" : "9" } | To topic Gas
DEVICE sensGas_3_7575855 | Publishing data = { "value" : "66" } | To topic Gas
DEVICE sensGas_3_7575855 | Publishing data = { "value" : "121" } | To topic Gas
DEVICE sensGas_3_7575855 | Publishing data = { "value" : "2" } | To topic Gas
DEVICE sensGas_3_7575855 | Publishing data = { "value" : "212" } | To topic Gas
DEVICE sensGas_3_7575855 | Publishing data = { "value" : "240" } | To topic Gas
DEVICE sensGas_3_7575855 | Publishing data = { "value" : "11" } | To topic Gas
DEVICE sensGas_3_7575855 | Publishing data = { "value" : "39" } | To topic Gas
DEVICE sensGas_3_7575855 | Publishing data = { "value" : "104" } | To topic Gas
DEVICE sensGas_3_7575855 | Publishing data = { "value" : "40" } | To topic Gas
DEVICE sensGas_3_7575855 | Publishing data = { "value" : "199" } | To topic Gas
DEVICE sensGas_3_7575855 | Publishing data = { "value" : "246" } | To topic Gas
DEVICE sensGas_3_7575855 | Publishing data = { "value" : "147" } | To topic Gas
DEVICE sensGas_3_7575855 | Publishing data = { "value" : "125" } | To topic Gas
DEVICE sensGas_3_7575855 | Publishing data = { "value" : "160" } | To topic Gas
DEVICE sensGas_3_7575855 | Publishing data = { "value" : "200" } | To topic Gas
DEVICE sensGas_3_7575855 | Publishing data = { "value" : "30" } | To topic Gas
DEVICE sensGas_3_7575855 | Publishing data = { "value" : "205" } | To topic Gas
DEVICE sensGas_3_7575855 | Publishing data = { "value" : "204" } | To topic Gas
DEVICE sensGas_3_7575855 | Publishing data = { "value" : "71" } | To topic Gas
DEVICE sensGas_3_7575855 | Publishing data = { "value" : "29" } | To topic Gas
DEVICE sensGas_3_7575855 | Publishing data = { "value" : "76" } | To topic Gas
DEVICE sensGas_3_7575855 | Publishing data = { "value" : "204" } | To topic Gas
DEVICE sensGas_3_7575855 | Publishing data = { "value" : "133" } | To topic Gas
DEVICE sensGas_3_7575855 | Publishing data = { "value" : "96" } | To topic Gas
DEVICE sensGas_3_7575855 | Publishing data = { "value" : "78" } | To topic Gas
DEVICE sensGas_3_7575855 | Publishing data = { "value" : "147" } | To topic Gas
DEVICE sensGas_3_7575855 | Publishing data = { "value" : "22" } | To topic Gas
DEVICE sensGas_3_7575855 | Publishing data = { "value" : "51" } | To topic Gas
DEVICE sensGas_3_7575855 | Publishing data = { "value" : "179" } | To topic Gas
DEVICE sensGas_3_7575855 | Publishing data = { "value" : "235" } | To topic Gas
DEVICE sensGas_3_7575855 | Publishing data = { "value" : "159" } | To topic Gas
DEVICE sensGas_3_7575855 | Publishing data = { "value" : "159" } | To topic Gas
DEVICE sensGas_3_7575855 | Publishing data = { "value" : "17" } | To topic Gas
DEVICE sensGas_3_7575855 | Publishing data = { "value" : "247" } | To topic Gas
DEVICE sensGas_3_7575855 | Publishing data = { "value" : "100" } | To topic Gas
DEVICE sensGas_3_7575855 | Publishing data = { "value" : "103" } | To topic Gas
DEVICE sensGas_3_7575855 | Publishing data = { "value" : "217" } | To topic Gas
DEVICE sensGas_3_7575855 | Publishing data = { "value" : "43" } | To topic Gas
DEVICE sensGas_3_7575855 | Publishing data = { "value" : "210" } | To topic Gas
DEVICE sensGas_3_7575855 | Publishing data = { "value" : "121" } | To topic Gas
DEVICE sensGas_3_7575855 | Publishing data = { "value" : "172" } | To topic Gas
DEVICE sensGas_3_7575855 | Publishing data = { "value" : "73" } | To topic Gas
DEVICE sensGas_3_7575855 | Publishing data = { "value" : "144" } | To topic Gas
DEVICE sensGas_3_7575855 | Publishing data = { "value" : "81" } | To topic Gas
DEVICE sensGas_3_7575855 | Publishing data = { "value" : "152" } | To topic Gas
DEVICE sensGas_3_7575855 | Publishing data = { "value" : "211" } | To topic Gas
DEVICE sensGas_3_7575855 | Publishing data = { "value" : "183" } | To topic Gas
DEVICE sensGas_3_7575855 | Publishing data = { "value" : "217" } | To topic Gas
DEVICE sensGas_3_7575855 | Publishing data = { "value" : "29" } | To topic Gas
DEVICE sensGas_3_7575855 | Publishing data = { "value" : "91" } | To topic Gas
DEVICE sensGas_3_7575855 | Publishing data = { "value" : "118" } | To topic Gas
DEVICE sensGas_3_7575855 | Publishing data = { "value" : "25" } | To topic Gas
DEVICE sensGas_3_7575855 | Publishing data = { "value" : "247" } | To topic Gas
DEVICE sensGas_3_7575855 | Publishing data = { "value" : "186" } | To topic Gas
DEVICE sensGas_3_7575855 | Publishing data = { "value" : "236" } | To topic Gas
DEVICE sensGas_3_7575855 | Publishing data = { "value" : "116" } | To topic Gas
DEVICE sensGas_3_7575855 | Publishing data = { "value" : "198" } | To topic Gas
DEVICE sensGas_3_7575855 | Publishing data = { "value" : "207" } | To topic Gas
DEVICE sensGas_3_7575855 | Publishing data = { "value" : "44" } | To topic Gas
DEVICE sensGas_3_7575855 | Publishing data = { "value" : "108" } | To topic Gas
DEVICE sensGas_3_7575855 | Publishing data = { "value" : "46" } | To topic Gas
DEVICE sensGas_3_7575855 | Publishing data = { "value" : "128" } | To topic Gas
DEVICE sensGas_3_7575855 | Publishing data = { "value" : "31" } | To topic Gas
DEVICE sensGas_3_7575855 | Publishing data = { "value" : "245" } | To topic Gas
DEVICE sensGas_3_7575855 | Publishing data = { "value" : "93" } | To topic Gas
DEVICE sensGas_3_7575855 | Publishing data = { "value" : "35" } | To topic Gas
DEVICE sensGas_3_7575855 | Publishing data = { "value" : "50" } | To topic Gas
DEVICE sensGas_3_7575855 | Publishing data = { "value" : "189" } | To topic Gas
DEVICE sensGas_3_7575855 | Publishing data = { "value" : "85" } | To topic Gas
DEVICE sensGas_3_7575855 | Publishing data = { "value" : "162" } | To topic Gas
DEVICE sensGas_3_7575855 | Publishing data = { "value" : "50" } | To topic Gas
DEVICE sensGas_3_7575855 | Publishing data = { "value" : "21" } | To topic Gas
DEVICE sensGas_3_7575855 | Publishing data = { "value" : "56" } | To topic Gas
DEVICE sensGas_3_7575855 | Publishing data = { "value" : "116" } | To topic Gas
DEVICE sensGas_3_7575855 | Publishing data = { "value" : "33" } | To topic Gas
DEVICE sensGas_3_7575855 | Publishing data = { "value" : "20" } | To topic Gas
DEVICE sensGas_3_7575855 | Publishing data = { "value" : "81" } | To topic Gas
DEVICE sensGas_3_7575855 | Publishing data = { "value" : "19" } | To topic Gas
DEVICE sensGas_3_7575855 | Publishing data = { "value" : "8" } | To topic Gas
DEVICE sensGas_3_7575855 | Publishing data = { "value" : "181" } | To topic Gas
DEVICE sensGas_3_7575855 | Publishing data = { "value" : "90" } | To topic Gas
DEVICE sensGas_3_7575855 | Publishing data = { "value" : "32" } | To topic Gas
DEVICE sensGas_3_7575855 | Publishing data = { "value" : "48" } | To topic Gas
Sep 06, 2023 7:50:01 PM jdk.internal.reflect.NativeMethodAccessorImpl invoke0
INFO: THORN99999: Thorntail is Ready
