WARNING: An illegal reflective access operation has occurred
WARNING: Illegal reflective access by org.eclipse.paho.client.mqttv3.internal.FileLock (jar:file:/tmp/thorntailorg.eclipse.paho.client.mqttv3-1.2.01751620392984767560.jar!/) to method sun.nio.ch.FileLockImpl.release()
WARNING: Please consider reporting this to the maintainers of org.eclipse.paho.client.mqttv3.internal.FileLock
WARNING: Use --illegal-access=warn to enable warnings of further illegal reflective access operations
WARNING: All illegal access operations will be denied in a future release
Connected to tcp://mosquitto-presence0:1884
DEVICE sensPresence_0_2787917 | Publishing data = { "value" : "1" } | To topic Presence
DEVICE sensPresence_0_2787917 | Publishing data = { "value" : "1" } | To topic Presence
DEVICE sensPresence_0_2787917 | Publishing data = { "value" : "0" } | To topic Presence
DEVICE sensPresence_0_2787917 | Publishing data = { "value" : "0" } | To topic Presence
DEVICE sensPresence_0_2787917 | Publishing data = { "value" : "0" } | To topic Presence
DEVICE sensPresence_0_2787917 | Publishing data = { "value" : "1" } | To topic Presence
DEVICE sensPresence_0_2787917 | Publishing data = { "value" : "0" } | To topic Presence
DEVICE sensPresence_0_2787917 | Publishing data = { "value" : "0" } | To topic Presence
DEVICE sensPresence_0_2787917 | Publishing data = { "value" : "1" } | To topic Presence
DEVICE sensPresence_0_2787917 | Publishing data = { "value" : "0" } | To topic Presence
DEVICE sensPresence_0_2787917 | Publishing data = { "value" : "1" } | To topic Presence
DEVICE sensPresence_0_2787917 | Publishing data = { "value" : "0" } | To topic Presence
DEVICE sensPresence_0_2787917 | Publishing data = { "value" : "0" } | To topic Presence
DEVICE sensPresence_0_2787917 | Publishing data = { "value" : "1" } | To topic Presence
DEVICE sensPresence_0_2787917 | Publishing data = { "value" : "0" } | To topic Presence
DEVICE sensPresence_0_2787917 | Publishing data = { "value" : "0" } | To topic Presence
DEVICE sensPresence_0_2787917 | Publishing data = { "value" : "1" } | To topic Presence
DEVICE sensPresence_0_2787917 | Publishing data = { "value" : "0" } | To topic Presence
DEVICE sensPresence_0_2787917 | Publishing data = { "value" : "0" } | To topic Presence
DEVICE sensPresence_0_2787917 | Publishing data = { "value" : "0" } | To topic Presence
DEVICE sensPresence_0_2787917 | Publishing data = { "value" : "1" } | To topic Presence
DEVICE sensPresence_0_2787917 | Publishing data = { "value" : "0" } | To topic Presence
DEVICE sensPresence_0_2787917 | Publishing data = { "value" : "1" } | To topic Presence
DEVICE sensPresence_0_2787917 | Publishing data = { "value" : "1" } | To topic Presence
DEVICE sensPresence_0_2787917 | Publishing data = { "value" : "1" } | To topic Presence
DEVICE sensPresence_0_2787917 | Publishing data = { "value" : "0" } | To topic Presence
DEVICE sensPresence_0_2787917 | Publishing data = { "value" : "1" } | To topic Presence
DEVICE sensPresence_0_2787917 | Publishing data = { "value" : "0" } | To topic Presence
DEVICE sensPresence_0_2787917 | Publishing data = { "value" : "1" } | To topic Presence
DEVICE sensPresence_0_2787917 | Publishing data = { "value" : "1" } | To topic Presence
DEVICE sensPresence_0_2787917 | Publishing data = { "value" : "0" } | To topic Presence
DEVICE sensPresence_0_2787917 | Publishing data = { "value" : "1" } | To topic Presence
DEVICE sensPresence_0_2787917 | Publishing data = { "value" : "1" } | To topic Presence
DEVICE sensPresence_0_2787917 | Publishing data = { "value" : "0" } | To topic Presence
DEVICE sensPresence_0_2787917 | Publishing data = { "value" : "0" } | To topic Presence
DEVICE sensPresence_0_2787917 | Publishing data = { "value" : "0" } | To topic Presence
DEVICE sensPresence_0_2787917 | Publishing data = { "value" : "0" } | To topic Presence
DEVICE sensPresence_0_2787917 | Publishing data = { "value" : "0" } | To topic Presence
DEVICE sensPresence_0_2787917 | Publishing data = { "value" : "1" } | To topic Presence
DEVICE sensPresence_0_2787917 | Publishing data = { "value" : "1" } | To topic Presence
DEVICE sensPresence_0_2787917 | Publishing data = { "value" : "0" } | To topic Presence
DEVICE sensPresence_0_2787917 | Publishing data = { "value" : "1" } | To topic Presence
DEVICE sensPresence_0_2787917 | Publishing data = { "value" : "0" } | To topic Presence
DEVICE sensPresence_0_2787917 | Publishing data = { "value" : "1" } | To topic Presence
DEVICE sensPresence_0_2787917 | Publishing data = { "value" : "0" } | To topic Presence
DEVICE sensPresence_0_2787917 | Publishing data = { "value" : "1" } | To topic Presence
DEVICE sensPresence_0_2787917 | Publishing data = { "value" : "0" } | To topic Presence
DEVICE sensPresence_0_2787917 | Publishing data = { "value" : "1" } | To topic Presence
DEVICE sensPresence_0_2787917 | Publishing data = { "value" : "1" } | To topic Presence
DEVICE sensPresence_0_2787917 | Publishing data = { "value" : "1" } | To topic Presence
DEVICE sensPresence_0_2787917 | Publishing data = { "value" : "1" } | To topic Presence
DEVICE sensPresence_0_2787917 | Publishing data = { "value" : "0" } | To topic Presence
DEVICE sensPresence_0_2787917 | Publishing data = { "value" : "1" } | To topic Presence
DEVICE sensPresence_0_2787917 | Publishing data = { "value" : "1" } | To topic Presence
DEVICE sensPresence_0_2787917 | Publishing data = { "value" : "0" } | To topic Presence
DEVICE sensPresence_0_2787917 | Publishing data = { "value" : "1" } | To topic Presence
DEVICE sensPresence_0_2787917 | Publishing data = { "value" : "0" } | To topic Presence
DEVICE sensPresence_0_2787917 | Publishing data = { "value" : "1" } | To topic Presence
DEVICE sensPresence_0_2787917 | Publishing data = { "value" : "0" } | To topic Presence
DEVICE sensPresence_0_2787917 | Publishing data = { "value" : "0" } | To topic Presence
DEVICE sensPresence_0_2787917 | Publishing data = { "value" : "1" } | To topic Presence
DEVICE sensPresence_0_2787917 | Publishing data = { "value" : "0" } | To topic Presence
DEVICE sensPresence_0_2787917 | Publishing data = { "value" : "1" } | To topic Presence
DEVICE sensPresence_0_2787917 | Publishing data = { "value" : "1" } | To topic Presence
DEVICE sensPresence_0_2787917 | Publishing data = { "value" : "0" } | To topic Presence
DEVICE sensPresence_0_2787917 | Publishing data = { "value" : "0" } | To topic Presence
DEVICE sensPresence_0_2787917 | Publishing data = { "value" : "0" } | To topic Presence
DEVICE sensPresence_0_2787917 | Publishing data = { "value" : "0" } | To topic Presence
DEVICE sensPresence_0_2787917 | Publishing data = { "value" : "1" } | To topic Presence
DEVICE sensPresence_0_2787917 | Publishing data = { "value" : "1" } | To topic Presence
DEVICE sensPresence_0_2787917 | Publishing data = { "value" : "0" } | To topic Presence
DEVICE sensPresence_0_2787917 | Publishing data = { "value" : "1" } | To topic Presence
DEVICE sensPresence_0_2787917 | Publishing data = { "value" : "0" } | To topic Presence
DEVICE sensPresence_0_2787917 | Publishing data = { "value" : "0" } | To topic Presence
DEVICE sensPresence_0_2787917 | Publishing data = { "value" : "1" } | To topic Presence
DEVICE sensPresence_0_2787917 | Publishing data = { "value" : "1" } | To topic Presence
DEVICE sensPresence_0_2787917 | Publishing data = { "value" : "0" } | To topic Presence
DEVICE sensPresence_0_2787917 | Publishing data = { "value" : "0" } | To topic Presence
DEVICE sensPresence_0_2787917 | Publishing data = { "value" : "0" } | To topic Presence
DEVICE sensPresence_0_2787917 | Publishing data = { "value" : "1" } | To topic Presence
DEVICE sensPresence_0_2787917 | Publishing data = { "value" : "0" } | To topic Presence
DEVICE sensPresence_0_2787917 | Publishing data = { "value" : "0" } | To topic Presence
DEVICE sensPresence_0_2787917 | Publishing data = { "value" : "0" } | To topic Presence
DEVICE sensPresence_0_2787917 | Publishing data = { "value" : "0" } | To topic Presence
DEVICE sensPresence_0_2787917 | Publishing data = { "value" : "0" } | To topic Presence
DEVICE sensPresence_0_2787917 | Publishing data = { "value" : "1" } | To topic Presence
DEVICE sensPresence_0_2787917 | Publishing data = { "value" : "1" } | To topic Presence
DEVICE sensPresence_0_2787917 | Publishing data = { "value" : "0" } | To topic Presence
DEVICE sensPresence_0_2787917 | Publishing data = { "value" : "1" } | To topic Presence
DEVICE sensPresence_0_2787917 | Publishing data = { "value" : "0" } | To topic Presence
DEVICE sensPresence_0_2787917 | Publishing data = { "value" : "0" } | To topic Presence
DEVICE sensPresence_0_2787917 | Publishing data = { "value" : "0" } | To topic Presence
DEVICE sensPresence_0_2787917 | Publishing data = { "value" : "1" } | To topic Presence
DEVICE sensPresence_0_2787917 | Publishing data = { "value" : "1" } | To topic Presence
DEVICE sensPresence_0_2787917 | Publishing data = { "value" : "0" } | To topic Presence
DEVICE sensPresence_0_2787917 | Publishing data = { "value" : "0" } | To topic Presence
DEVICE sensPresence_0_2787917 | Publishing data = { "value" : "1" } | To topic Presence
DEVICE sensPresence_0_2787917 | Publishing data = { "value" : "1" } | To topic Presence
DEVICE sensPresence_0_2787917 | Publishing data = { "value" : "1" } | To topic Presence
DEVICE sensPresence_0_2787917 | Publishing data = { "value" : "1" } | To topic Presence
Sep 06, 2023 7:50:10 PM jdk.internal.reflect.NativeMethodAccessorImpl invoke0
INFO: THORN99999: Thorntail is Ready
