WARNING: An illegal reflective access operation has occurred
WARNING: Illegal reflective access by org.eclipse.paho.client.mqttv3.internal.FileLock (jar:file:/tmp/thorntailorg.eclipse.paho.client.mqttv3-1.2.010507221925422632158.jar!/) to method sun.nio.ch.FileLockImpl.release()
WARNING: Please consider reporting this to the maintainers of org.eclipse.paho.client.mqttv3.internal.FileLock
WARNING: Use --illegal-access=warn to enable warnings of further illegal reflective access operations
WARNING: All illegal access operations will be denied in a future release
Connected to tcp://mosquitto-brightness1:1885
DEVICE sensBrightness_1_9741727 | Publishing data = { "value" : "29" } | To topic Brightness
DEVICE sensBrightness_1_9741727 | Publishing data = { "value" : "48" } | To topic Brightness
DEVICE sensBrightness_1_9741727 | Publishing data = { "value" : "56" } | To topic Brightness
DEVICE sensBrightness_1_9741727 | Publishing data = { "value" : "46" } | To topic Brightness
DEVICE sensBrightness_1_9741727 | Publishing data = { "value" : "73" } | To topic Brightness
DEVICE sensBrightness_1_9741727 | Publishing data = { "value" : "81" } | To topic Brightness
DEVICE sensBrightness_1_9741727 | Publishing data = { "value" : "77" } | To topic Brightness
DEVICE sensBrightness_1_9741727 | Publishing data = { "value" : "74" } | To topic Brightness
DEVICE sensBrightness_1_9741727 | Publishing data = { "value" : "20" } | To topic Brightness
DEVICE sensBrightness_1_9741727 | Publishing data = { "value" : "60" } | To topic Brightness
DEVICE sensBrightness_1_9741727 | Publishing data = { "value" : "90" } | To topic Brightness
DEVICE sensBrightness_1_9741727 | Publishing data = { "value" : "30" } | To topic Brightness
DEVICE sensBrightness_1_9741727 | Publishing data = { "value" : "93" } | To topic Brightness
DEVICE sensBrightness_1_9741727 | Publishing data = { "value" : "36" } | To topic Brightness
DEVICE sensBrightness_1_9741727 | Publishing data = { "value" : "86" } | To topic Brightness
DEVICE sensBrightness_1_9741727 | Publishing data = { "value" : "15" } | To topic Brightness
DEVICE sensBrightness_1_9741727 | Publishing data = { "value" : "48" } | To topic Brightness
DEVICE sensBrightness_1_9741727 | Publishing data = { "value" : "82" } | To topic Brightness
DEVICE sensBrightness_1_9741727 | Publishing data = { "value" : "13" } | To topic Brightness
DEVICE sensBrightness_1_9741727 | Publishing data = { "value" : "64" } | To topic Brightness
DEVICE sensBrightness_1_9741727 | Publishing data = { "value" : "80" } | To topic Brightness
DEVICE sensBrightness_1_9741727 | Publishing data = { "value" : "11" } | To topic Brightness
DEVICE sensBrightness_1_9741727 | Publishing data = { "value" : "99" } | To topic Brightness
DEVICE sensBrightness_1_9741727 | Publishing data = { "value" : "57" } | To topic Brightness
DEVICE sensBrightness_1_9741727 | Publishing data = { "value" : "50" } | To topic Brightness
DEVICE sensBrightness_1_9741727 | Publishing data = { "value" : "37" } | To topic Brightness
DEVICE sensBrightness_1_9741727 | Publishing data = { "value" : "57" } | To topic Brightness
DEVICE sensBrightness_1_9741727 | Publishing data = { "value" : "24" } | To topic Brightness
DEVICE sensBrightness_1_9741727 | Publishing data = { "value" : "75" } | To topic Brightness
DEVICE sensBrightness_1_9741727 | Publishing data = { "value" : "53" } | To topic Brightness
DEVICE sensBrightness_1_9741727 | Publishing data = { "value" : "98" } | To topic Brightness
DEVICE sensBrightness_1_9741727 | Publishing data = { "value" : "48" } | To topic Brightness
DEVICE sensBrightness_1_9741727 | Publishing data = { "value" : "41" } | To topic Brightness
DEVICE sensBrightness_1_9741727 | Publishing data = { "value" : "11" } | To topic Brightness
DEVICE sensBrightness_1_9741727 | Publishing data = { "value" : "85" } | To topic Brightness
DEVICE sensBrightness_1_9741727 | Publishing data = { "value" : "61" } | To topic Brightness
DEVICE sensBrightness_1_9741727 | Publishing data = { "value" : "16" } | To topic Brightness
DEVICE sensBrightness_1_9741727 | Publishing data = { "value" : "19" } | To topic Brightness
DEVICE sensBrightness_1_9741727 | Publishing data = { "value" : "92" } | To topic Brightness
DEVICE sensBrightness_1_9741727 | Publishing data = { "value" : "79" } | To topic Brightness
DEVICE sensBrightness_1_9741727 | Publishing data = { "value" : "6" } | To topic Brightness
DEVICE sensBrightness_1_9741727 | Publishing data = { "value" : "59" } | To topic Brightness
DEVICE sensBrightness_1_9741727 | Publishing data = { "value" : "10" } | To topic Brightness
DEVICE sensBrightness_1_9741727 | Publishing data = { "value" : "68" } | To topic Brightness
DEVICE sensBrightness_1_9741727 | Publishing data = { "value" : "33" } | To topic Brightness
DEVICE sensBrightness_1_9741727 | Publishing data = { "value" : "27" } | To topic Brightness
DEVICE sensBrightness_1_9741727 | Publishing data = { "value" : "1" } | To topic Brightness
DEVICE sensBrightness_1_9741727 | Publishing data = { "value" : "62" } | To topic Brightness
DEVICE sensBrightness_1_9741727 | Publishing data = { "value" : "84" } | To topic Brightness
DEVICE sensBrightness_1_9741727 | Publishing data = { "value" : "63" } | To topic Brightness
DEVICE sensBrightness_1_9741727 | Publishing data = { "value" : "93" } | To topic Brightness
DEVICE sensBrightness_1_9741727 | Publishing data = { "value" : "25" } | To topic Brightness
DEVICE sensBrightness_1_9741727 | Publishing data = { "value" : "11" } | To topic Brightness
DEVICE sensBrightness_1_9741727 | Publishing data = { "value" : "80" } | To topic Brightness
DEVICE sensBrightness_1_9741727 | Publishing data = { "value" : "16" } | To topic Brightness
DEVICE sensBrightness_1_9741727 | Publishing data = { "value" : "75" } | To topic Brightness
DEVICE sensBrightness_1_9741727 | Publishing data = { "value" : "17" } | To topic Brightness
DEVICE sensBrightness_1_9741727 | Publishing data = { "value" : "95" } | To topic Brightness
DEVICE sensBrightness_1_9741727 | Publishing data = { "value" : "28" } | To topic Brightness
DEVICE sensBrightness_1_9741727 | Publishing data = { "value" : "9" } | To topic Brightness
DEVICE sensBrightness_1_9741727 | Publishing data = { "value" : "100" } | To topic Brightness
DEVICE sensBrightness_1_9741727 | Publishing data = { "value" : "2" } | To topic Brightness
DEVICE sensBrightness_1_9741727 | Publishing data = { "value" : "33" } | To topic Brightness
DEVICE sensBrightness_1_9741727 | Publishing data = { "value" : "99" } | To topic Brightness
DEVICE sensBrightness_1_9741727 | Publishing data = { "value" : "15" } | To topic Brightness
DEVICE sensBrightness_1_9741727 | Publishing data = { "value" : "59" } | To topic Brightness
DEVICE sensBrightness_1_9741727 | Publishing data = { "value" : "92" } | To topic Brightness
DEVICE sensBrightness_1_9741727 | Publishing data = { "value" : "32" } | To topic Brightness
DEVICE sensBrightness_1_9741727 | Publishing data = { "value" : "57" } | To topic Brightness
DEVICE sensBrightness_1_9741727 | Publishing data = { "value" : "67" } | To topic Brightness
DEVICE sensBrightness_1_9741727 | Publishing data = { "value" : "30" } | To topic Brightness
DEVICE sensBrightness_1_9741727 | Publishing data = { "value" : "6" } | To topic Brightness
DEVICE sensBrightness_1_9741727 | Publishing data = { "value" : "64" } | To topic Brightness
DEVICE sensBrightness_1_9741727 | Publishing data = { "value" : "79" } | To topic Brightness
DEVICE sensBrightness_1_9741727 | Publishing data = { "value" : "75" } | To topic Brightness
DEVICE sensBrightness_1_9741727 | Publishing data = { "value" : "8" } | To topic Brightness
DEVICE sensBrightness_1_9741727 | Publishing data = { "value" : "66" } | To topic Brightness
DEVICE sensBrightness_1_9741727 | Publishing data = { "value" : "71" } | To topic Brightness
DEVICE sensBrightness_1_9741727 | Publishing data = { "value" : "16" } | To topic Brightness
DEVICE sensBrightness_1_9741727 | Publishing data = { "value" : "77" } | To topic Brightness
DEVICE sensBrightness_1_9741727 | Publishing data = { "value" : "70" } | To topic Brightness
DEVICE sensBrightness_1_9741727 | Publishing data = { "value" : "60" } | To topic Brightness
DEVICE sensBrightness_1_9741727 | Publishing data = { "value" : "83" } | To topic Brightness
DEVICE sensBrightness_1_9741727 | Publishing data = { "value" : "23" } | To topic Brightness
DEVICE sensBrightness_1_9741727 | Publishing data = { "value" : "91" } | To topic Brightness
DEVICE sensBrightness_1_9741727 | Publishing data = { "value" : "72" } | To topic Brightness
DEVICE sensBrightness_1_9741727 | Publishing data = { "value" : "95" } | To topic Brightness
DEVICE sensBrightness_1_9741727 | Publishing data = { "value" : "18" } | To topic Brightness
DEVICE sensBrightness_1_9741727 | Publishing data = { "value" : "53" } | To topic Brightness
DEVICE sensBrightness_1_9741727 | Publishing data = { "value" : "8" } | To topic Brightness
DEVICE sensBrightness_1_9741727 | Publishing data = { "value" : "77" } | To topic Brightness
DEVICE sensBrightness_1_9741727 | Publishing data = { "value" : "23" } | To topic Brightness
DEVICE sensBrightness_1_9741727 | Publishing data = { "value" : "86" } | To topic Brightness
DEVICE sensBrightness_1_9741727 | Publishing data = { "value" : "36" } | To topic Brightness
DEVICE sensBrightness_1_9741727 | Publishing data = { "value" : "92" } | To topic Brightness
DEVICE sensBrightness_1_9741727 | Publishing data = { "value" : "36" } | To topic Brightness
DEVICE sensBrightness_1_9741727 | Publishing data = { "value" : "3" } | To topic Brightness
DEVICE sensBrightness_1_9741727 | Publishing data = { "value" : "37" } | To topic Brightness
DEVICE sensBrightness_1_9741727 | Publishing data = { "value" : "82" } | To topic Brightness
DEVICE sensBrightness_1_9741727 | Publishing data = { "value" : "78" } | To topic Brightness
Sep 06, 2023 6:18:02 PM jdk.internal.reflect.NativeMethodAccessorImpl invoke0
INFO: THORN99999: Thorntail is Ready
