WARNING: An illegal reflective access operation has occurred
WARNING: Illegal reflective access by org.eclipse.paho.client.mqttv3.internal.FileLock (jar:file:/tmp/thorntailorg.eclipse.paho.client.mqttv3-1.2.04176654747183497496.jar!/) to method sun.nio.ch.FileLockImpl.release()
WARNING: Please consider reporting this to the maintainers of org.eclipse.paho.client.mqttv3.internal.FileLock
WARNING: Use --illegal-access=warn to enable warnings of further illegal reflective access operations
WARNING: All illegal access operations will be denied in a future release
Connected to tcp://mosquitto-water2:1886
FOG Water_2 | Received data: { "value" : "196" } |From topic: Water
FOG Water_2 | Received data: { "value" : "59" } |From topic: Water
FOG Water_2 | Received data: { "value" : "50" } |From topic: Water
Sep 06, 2023 7:48:29 PM jdk.internal.reflect.NativeMethodAccessorImpl invoke0
INFO: THORN99999: Thorntail is Ready
FOG Water_2 | Received data: { "value" : "84" } |From topic: Water
FOG Water_2 | Received data: { "value" : "212" } |From topic: Water
FOG Water_2 | Received data: { "value" : "31" } |From topic: Water
FOG Water_2 | Received data: { "value" : "164" } |From topic: Water
FOG Water_2 | Received data: { "value" : "97" } |From topic: Water
FOG Water_2 | Received data: { "value" : "59" } |From topic: Water
FOG Water_2 | Received data: { "value" : "113" } |From topic: Water
FOG Water_2 | Received data: { "value" : "148" } |From topic: Water
FOG Water_2 | Received data: { "value" : "7" } |From topic: Water
FOG Water_2 | Received data: { "value" : "26" } |From topic: Water
FOG Water_2 | Received data: { "value" : "215" } |From topic: Water
FOG Water_2 | Received data: { "value" : "74" } |From topic: Water
FOG Water_2 | Received data: { "value" : "73" } |From topic: Water
FOG Water_2 | Received data: { "value" : "174" } |From topic: Water
FOG Water_2 | Received data: { "value" : "81" } |From topic: Water
FOG Water_2 | Received data: { "value" : "44" } |From topic: Water
FOG Water_2 | Received data: { "value" : "217" } |From topic: Water
FOG Water_2 | Received data: { "value" : "210" } |From topic: Water
FOG Water_2 | Received data: { "value" : "108" } |From topic: Water
FOG Water_2 | Received data: { "value" : "130" } |From topic: Water
FOG Water_2 | Received data: { "value" : "235" } |From topic: Water
FOG Water_2 | Received data: { "value" : "3" } |From topic: Water
FOG Water_2 | Received data: { "value" : "74" } |From topic: Water
FOG Water_2 | Received data: { "value" : "93" } |From topic: Water
FOG Water_2 | Received data: { "value" : "130" } |From topic: Water
FOG Water_2 | Received data: { "value" : "75" } |From topic: Water
FOG Water_2 | Received data: { "value" : "164" } |From topic: Water
FOG Water_2 | Received data: { "value" : "113" } |From topic: Water
FOG Water_2 | Received data: { "value" : "81" } |From topic: Water
FOG Water_2 | Received data: { "value" : "55" } |From topic: Water
FOG Water_2 | Received data: { "value" : "165" } |From topic: Water
FOG Water_2 | Received data: { "value" : "35" } |From topic: Water
FOG Water_2 | Received data: { "value" : "75" } |From topic: Water
FOG Water_2 | Received data: { "value" : "242" } |From topic: Water
FOG Water_2 | Received data: { "value" : "132" } |From topic: Water
FOG Water_2 | Received data: { "value" : "98" } |From topic: Water
FOG Water_2 | Received data: { "value" : "123" } |From topic: Water
FOG Water_2 | Received data: { "value" : "114" } |From topic: Water
FOG Water_2 | Received data: { "value" : "115" } |From topic: Water
FOG Water_2 | Received data: { "value" : "112" } |From topic: Water
FOG Water_2 | Received data: { "value" : "61" } |From topic: Water
FOG Water_2 | Received data: { "value" : "90" } |From topic: Water
FOG Water_2 | Received data: { "value" : "163" } |From topic: Water
FOG Water_2 | Received data: { "value" : "195" } |From topic: Water
FOG Water_2 | Received data: { "value" : "151" } |From topic: Water
FOG Water_2 | Received data: { "value" : "62" } |From topic: Water
FOG Water_2 | Received data: { "value" : "233" } |From topic: Water
FOG Water_2 | Received data: { "value" : "214" } |From topic: Water
FOG Water_2 | Received data: { "value" : "26" } |From topic: Water
FOG Water_2 | Received data: { "value" : "104" } |From topic: Water
FOG Water_2 | Received data: { "value" : "145" } |From topic: Water
FOG Water_2 | Received data: { "value" : "24" } |From topic: Water
FOG Water_2 | Received data: { "value" : "117" } |From topic: Water
FOG Water_2 | Received data: { "value" : "193" } |From topic: Water
FOG Water_2 | Received data: { "value" : "131" } |From topic: Water
FOG Water_2 | Received data: { "value" : "115" } |From topic: Water
FOG Water_2 | Received data: { "value" : "23" } |From topic: Water
FOG Water_2 | Received data: { "value" : "73" } |From topic: Water
FOG Water_2 | Received data: { "value" : "97" } |From topic: Water
FOG Water_2 | Received data: { "value" : "40" } |From topic: Water
FOG Water_2 | Received data: { "value" : "126" } |From topic: Water
FOG Water_2 | Received data: { "value" : "109" } |From topic: Water
FOG Water_2 | Received data: { "value" : "70" } |From topic: Water
FOG Water_2 | Received data: { "value" : "137" } |From topic: Water
FOG Water_2 | Received data: { "value" : "197" } |From topic: Water
FOG Water_2 | Received data: { "value" : "115" } |From topic: Water
FOG Water_2 | Received data: { "value" : "195" } |From topic: Water
FOG Water_2 | Received data: { "value" : "137" } |From topic: Water
FOG Water_2 | Received data: { "value" : "224" } |From topic: Water
FOG Water_2 | Received data: { "value" : "77" } |From topic: Water
FOG Water_2 | Received data: { "value" : "54" } |From topic: Water
FOG Water_2 | Received data: { "value" : "61" } |From topic: Water
FOG Water_2 | Received data: { "value" : "78" } |From topic: Water
FOG Water_2 | Received data: { "value" : "210" } |From topic: Water
FOG Water_2 | Received data: { "value" : "51" } |From topic: Water
FOG Water_2 | Received data: { "value" : "42" } |From topic: Water
FOG Water_2 | Received data: { "value" : "125" } |From topic: Water
FOG Water_2 | Received data: { "value" : "149" } |From topic: Water
FOG Water_2 | Received data: { "value" : "133" } |From topic: Water
FOG Water_2 | Received data: { "value" : "190" } |From topic: Water
FOG Water_2 | Received data: { "value" : "198" } |From topic: Water
FOG Water_2 | Received data: { "value" : "245" } |From topic: Water
FOG Water_2 | Received data: { "value" : "246" } |From topic: Water
FOG Water_2 | Received data: { "value" : "96" } |From topic: Water
FOG Water_2 | Received data: { "value" : "161" } |From topic: Water
FOG Water_2 | Received data: { "value" : "132" } |From topic: Water
FOG Water_2 | Received data: { "value" : "147" } |From topic: Water
FOG Water_2 | Received data: { "value" : "119" } |From topic: Water
FOG Water_2 | Received data: { "value" : "38" } |From topic: Water
FOG Water_2 | Received data: { "value" : "221" } |From topic: Water
FOG Water_2 | Received data: { "value" : "247" } |From topic: Water
FOG Water_2 | Received data: { "value" : "75" } |From topic: Water
FOG Water_2 | Received data: { "value" : "3" } |From topic: Water
FOG Water_2 | Received data: { "value" : "218" } |From topic: Water
FOG Water_2 | Received data: { "value" : "180" } |From topic: Water
FOG Water_2 | Received data: { "value" : "98" } |From topic: Water
FOG Water_2 | Received data: { "value" : "234" } |From topic: Water
