WARNING: An illegal reflective access operation has occurred
WARNING: Illegal reflective access by org.eclipse.paho.client.mqttv3.internal.FileLock (jar:file:/tmp/thorntailorg.eclipse.paho.client.mqttv3-1.2.01804279260959038176.jar!/) to method sun.nio.ch.FileLockImpl.release()
WARNING: Please consider reporting this to the maintainers of org.eclipse.paho.client.mqttv3.internal.FileLock
WARNING: Use --illegal-access=warn to enable warnings of further illegal reflective access operations
WARNING: All illegal access operations will be denied in a future release
Connected to tcp://mosquitto-water2:1886
FOG Water_2 | Received data: { "value" : "238" } |From topic: Water
Sep 06, 2023 8:15:23 PM jdk.internal.reflect.NativeMethodAccessorImpl invoke0
INFO: THORN99999: Thorntail is Ready
FOG Water_2 | Received data: { "value" : "70" } |From topic: Water
FOG Water_2 | Received data: { "value" : "17" } |From topic: Water
FOG Water_2 | Received data: { "value" : "90" } |From topic: Water
FOG Water_2 | Received data: { "value" : "222" } |From topic: Water
FOG Water_2 | Received data: { "value" : "144" } |From topic: Water
FOG Water_2 | Received data: { "value" : "63" } |From topic: Water
FOG Water_2 | Received data: { "value" : "26" } |From topic: Water
FOG Water_2 | Received data: { "value" : "194" } |From topic: Water
FOG Water_2 | Received data: { "value" : "178" } |From topic: Water
FOG Water_2 | Received data: { "value" : "216" } |From topic: Water
FOG Water_2 | Received data: { "value" : "65" } |From topic: Water
FOG Water_2 | Received data: { "value" : "55" } |From topic: Water
FOG Water_2 | Received data: { "value" : "225" } |From topic: Water
FOG Water_2 | Received data: { "value" : "46" } |From topic: Water
FOG Water_2 | Received data: { "value" : "169" } |From topic: Water
FOG Water_2 | Received data: { "value" : "3" } |From topic: Water
FOG Water_2 | Received data: { "value" : "204" } |From topic: Water
FOG Water_2 | Received data: { "value" : "165" } |From topic: Water
FOG Water_2 | Received data: { "value" : "157" } |From topic: Water
FOG Water_2 | Received data: { "value" : "174" } |From topic: Water
FOG Water_2 | Received data: { "value" : "108" } |From topic: Water
FOG Water_2 | Received data: { "value" : "57" } |From topic: Water
FOG Water_2 | Received data: { "value" : "159" } |From topic: Water
FOG Water_2 | Received data: { "value" : "223" } |From topic: Water
FOG Water_2 | Received data: { "value" : "185" } |From topic: Water
FOG Water_2 | Received data: { "value" : "27" } |From topic: Water
FOG Water_2 | Received data: { "value" : "56" } |From topic: Water
FOG Water_2 | Received data: { "value" : "181" } |From topic: Water
FOG Water_2 | Received data: { "value" : "220" } |From topic: Water
FOG Water_2 | Received data: { "value" : "106" } |From topic: Water
FOG Water_2 | Received data: { "value" : "118" } |From topic: Water
FOG Water_2 | Received data: { "value" : "221" } |From topic: Water
FOG Water_2 | Received data: { "value" : "96" } |From topic: Water
FOG Water_2 | Received data: { "value" : "149" } |From topic: Water
FOG Water_2 | Received data: { "value" : "21" } |From topic: Water
FOG Water_2 | Received data: { "value" : "75" } |From topic: Water
FOG Water_2 | Received data: { "value" : "58" } |From topic: Water
FOG Water_2 | Received data: { "value" : "156" } |From topic: Water
FOG Water_2 | Received data: { "value" : "146" } |From topic: Water
FOG Water_2 | Received data: { "value" : "135" } |From topic: Water
FOG Water_2 | Received data: { "value" : "117" } |From topic: Water
FOG Water_2 | Received data: { "value" : "217" } |From topic: Water
FOG Water_2 | Received data: { "value" : "51" } |From topic: Water
FOG Water_2 | Received data: { "value" : "109" } |From topic: Water
FOG Water_2 | Received data: { "value" : "69" } |From topic: Water
FOG Water_2 | Received data: { "value" : "150" } |From topic: Water
FOG Water_2 | Received data: { "value" : "11" } |From topic: Water
FOG Water_2 | Received data: { "value" : "11" } |From topic: Water
FOG Water_2 | Received data: { "value" : "22" } |From topic: Water
FOG Water_2 | Received data: { "value" : "231" } |From topic: Water
FOG Water_2 | Received data: { "value" : "12" } |From topic: Water
FOG Water_2 | Received data: { "value" : "103" } |From topic: Water
FOG Water_2 | Received data: { "value" : "184" } |From topic: Water
FOG Water_2 | Received data: { "value" : "131" } |From topic: Water
FOG Water_2 | Received data: { "value" : "54" } |From topic: Water
FOG Water_2 | Received data: { "value" : "73" } |From topic: Water
FOG Water_2 | Received data: { "value" : "148" } |From topic: Water
FOG Water_2 | Received data: { "value" : "18" } |From topic: Water
FOG Water_2 | Received data: { "value" : "129" } |From topic: Water
FOG Water_2 | Received data: { "value" : "85" } |From topic: Water
FOG Water_2 | Received data: { "value" : "53" } |From topic: Water
FOG Water_2 | Received data: { "value" : "193" } |From topic: Water
FOG Water_2 | Received data: { "value" : "214" } |From topic: Water
FOG Water_2 | Received data: { "value" : "82" } |From topic: Water
FOG Water_2 | Received data: { "value" : "62" } |From topic: Water
FOG Water_2 | Received data: { "value" : "47" } |From topic: Water
FOG Water_2 | Received data: { "value" : "45" } |From topic: Water
FOG Water_2 | Received data: { "value" : "164" } |From topic: Water
FOG Water_2 | Received data: { "value" : "20" } |From topic: Water
FOG Water_2 | Received data: { "value" : "172" } |From topic: Water
FOG Water_2 | Received data: { "value" : "73" } |From topic: Water
FOG Water_2 | Received data: { "value" : "160" } |From topic: Water
FOG Water_2 | Received data: { "value" : "136" } |From topic: Water
FOG Water_2 | Received data: { "value" : "145" } |From topic: Water
FOG Water_2 | Received data: { "value" : "31" } |From topic: Water
FOG Water_2 | Received data: { "value" : "133" } |From topic: Water
FOG Water_2 | Received data: { "value" : "119" } |From topic: Water
FOG Water_2 | Received data: { "value" : "22" } |From topic: Water
FOG Water_2 | Received data: { "value" : "60" } |From topic: Water
FOG Water_2 | Received data: { "value" : "87" } |From topic: Water
FOG Water_2 | Received data: { "value" : "201" } |From topic: Water
FOG Water_2 | Received data: { "value" : "141" } |From topic: Water
FOG Water_2 | Received data: { "value" : "237" } |From topic: Water
FOG Water_2 | Received data: { "value" : "187" } |From topic: Water
FOG Water_2 | Received data: { "value" : "212" } |From topic: Water
FOG Water_2 | Received data: { "value" : "71" } |From topic: Water
FOG Water_2 | Received data: { "value" : "86" } |From topic: Water
FOG Water_2 | Received data: { "value" : "54" } |From topic: Water
FOG Water_2 | Received data: { "value" : "148" } |From topic: Water
FOG Water_2 | Received data: { "value" : "116" } |From topic: Water
FOG Water_2 | Received data: { "value" : "136" } |From topic: Water
FOG Water_2 | Received data: { "value" : "2" } |From topic: Water
FOG Water_2 | Received data: { "value" : "147" } |From topic: Water
FOG Water_2 | Received data: { "value" : "5" } |From topic: Water
FOG Water_2 | Received data: { "value" : "115" } |From topic: Water
