WARNING: An illegal reflective access operation has occurred
WARNING: Illegal reflective access by org.eclipse.paho.client.mqttv3.internal.FileLock (jar:file:/tmp/thorntailorg.eclipse.paho.client.mqttv3-1.2.04214461991090759699.jar!/) to method sun.nio.ch.FileLockImpl.release()
WARNING: Please consider reporting this to the maintainers of org.eclipse.paho.client.mqttv3.internal.FileLock
WARNING: Use --illegal-access=warn to enable warnings of further illegal reflective access operations
WARNING: All illegal access operations will be denied in a future release
Connected to tcp://mosquitto-water2:1886
Sep 06, 2023 6:18:16 PM jdk.internal.reflect.NativeMethodAccessorImpl invoke0
INFO: THORN99999: Thorntail is Ready
FOG Water_2 | Received data: { "value" : "5" } |From topic: Water
FOG Water_2 | Received data: { "value" : "75" } |From topic: Water
FOG Water_2 | Received data: { "value" : "85" } |From topic: Water
FOG Water_2 | Received data: { "value" : "109" } |From topic: Water
FOG Water_2 | Received data: { "value" : "27" } |From topic: Water
FOG Water_2 | Received data: { "value" : "14" } |From topic: Water
FOG Water_2 | Received data: { "value" : "43" } |From topic: Water
FOG Water_2 | Received data: { "value" : "202" } |From topic: Water
FOG Water_2 | Received data: { "value" : "68" } |From topic: Water
FOG Water_2 | Received data: { "value" : "250" } |From topic: Water
FOG Water_2 | Received data: { "value" : "126" } |From topic: Water
FOG Water_2 | Received data: { "value" : "104" } |From topic: Water
FOG Water_2 | Received data: { "value" : "128" } |From topic: Water
FOG Water_2 | Received data: { "value" : "232" } |From topic: Water
FOG Water_2 | Received data: { "value" : "144" } |From topic: Water
FOG Water_2 | Received data: { "value" : "156" } |From topic: Water
FOG Water_2 | Received data: { "value" : "15" } |From topic: Water
FOG Water_2 | Received data: { "value" : "150" } |From topic: Water
FOG Water_2 | Received data: { "value" : "178" } |From topic: Water
FOG Water_2 | Received data: { "value" : "139" } |From topic: Water
FOG Water_2 | Received data: { "value" : "56" } |From topic: Water
FOG Water_2 | Received data: { "value" : "5" } |From topic: Water
FOG Water_2 | Received data: { "value" : "113" } |From topic: Water
FOG Water_2 | Received data: { "value" : "8" } |From topic: Water
FOG Water_2 | Received data: { "value" : "90" } |From topic: Water
FOG Water_2 | Received data: { "value" : "218" } |From topic: Water
FOG Water_2 | Received data: { "value" : "178" } |From topic: Water
FOG Water_2 | Received data: { "value" : "65" } |From topic: Water
FOG Water_2 | Received data: { "value" : "9" } |From topic: Water
FOG Water_2 | Received data: { "value" : "65" } |From topic: Water
FOG Water_2 | Received data: { "value" : "232" } |From topic: Water
FOG Water_2 | Received data: { "value" : "203" } |From topic: Water
FOG Water_2 | Received data: { "value" : "104" } |From topic: Water
FOG Water_2 | Received data: { "value" : "169" } |From topic: Water
FOG Water_2 | Received data: { "value" : "228" } |From topic: Water
FOG Water_2 | Received data: { "value" : "184" } |From topic: Water
FOG Water_2 | Received data: { "value" : "228" } |From topic: Water
FOG Water_2 | Received data: { "value" : "228" } |From topic: Water
FOG Water_2 | Received data: { "value" : "1" } |From topic: Water
FOG Water_2 | Received data: { "value" : "214" } |From topic: Water
FOG Water_2 | Received data: { "value" : "133" } |From topic: Water
FOG Water_2 | Received data: { "value" : "151" } |From topic: Water
FOG Water_2 | Received data: { "value" : "239" } |From topic: Water
FOG Water_2 | Received data: { "value" : "201" } |From topic: Water
FOG Water_2 | Received data: { "value" : "210" } |From topic: Water
FOG Water_2 | Received data: { "value" : "210" } |From topic: Water
FOG Water_2 | Received data: { "value" : "67" } |From topic: Water
FOG Water_2 | Received data: { "value" : "220" } |From topic: Water
FOG Water_2 | Received data: { "value" : "96" } |From topic: Water
FOG Water_2 | Received data: { "value" : "162" } |From topic: Water
FOG Water_2 | Received data: { "value" : "219" } |From topic: Water
FOG Water_2 | Received data: { "value" : "249" } |From topic: Water
FOG Water_2 | Received data: { "value" : "5" } |From topic: Water
FOG Water_2 | Received data: { "value" : "201" } |From topic: Water
FOG Water_2 | Received data: { "value" : "136" } |From topic: Water
FOG Water_2 | Received data: { "value" : "123" } |From topic: Water
FOG Water_2 | Received data: { "value" : "48" } |From topic: Water
FOG Water_2 | Received data: { "value" : "38" } |From topic: Water
FOG Water_2 | Received data: { "value" : "26" } |From topic: Water
FOG Water_2 | Received data: { "value" : "85" } |From topic: Water
FOG Water_2 | Received data: { "value" : "204" } |From topic: Water
FOG Water_2 | Received data: { "value" : "16" } |From topic: Water
FOG Water_2 | Received data: { "value" : "191" } |From topic: Water
FOG Water_2 | Received data: { "value" : "169" } |From topic: Water
FOG Water_2 | Received data: { "value" : "225" } |From topic: Water
FOG Water_2 | Received data: { "value" : "123" } |From topic: Water
FOG Water_2 | Received data: { "value" : "30" } |From topic: Water
FOG Water_2 | Received data: { "value" : "142" } |From topic: Water
FOG Water_2 | Received data: { "value" : "207" } |From topic: Water
FOG Water_2 | Received data: { "value" : "122" } |From topic: Water
FOG Water_2 | Received data: { "value" : "165" } |From topic: Water
FOG Water_2 | Received data: { "value" : "155" } |From topic: Water
FOG Water_2 | Received data: { "value" : "204" } |From topic: Water
FOG Water_2 | Received data: { "value" : "183" } |From topic: Water
FOG Water_2 | Received data: { "value" : "113" } |From topic: Water
FOG Water_2 | Received data: { "value" : "152" } |From topic: Water
FOG Water_2 | Received data: { "value" : "174" } |From topic: Water
FOG Water_2 | Received data: { "value" : "230" } |From topic: Water
FOG Water_2 | Received data: { "value" : "44" } |From topic: Water
FOG Water_2 | Received data: { "value" : "13" } |From topic: Water
FOG Water_2 | Received data: { "value" : "128" } |From topic: Water
FOG Water_2 | Received data: { "value" : "15" } |From topic: Water
FOG Water_2 | Received data: { "value" : "19" } |From topic: Water
FOG Water_2 | Received data: { "value" : "71" } |From topic: Water
FOG Water_2 | Received data: { "value" : "141" } |From topic: Water
FOG Water_2 | Received data: { "value" : "1" } |From topic: Water
FOG Water_2 | Received data: { "value" : "136" } |From topic: Water
FOG Water_2 | Received data: { "value" : "109" } |From topic: Water
FOG Water_2 | Received data: { "value" : "12" } |From topic: Water
FOG Water_2 | Received data: { "value" : "226" } |From topic: Water
FOG Water_2 | Received data: { "value" : "4" } |From topic: Water
FOG Water_2 | Received data: { "value" : "33" } |From topic: Water
FOG Water_2 | Received data: { "value" : "138" } |From topic: Water
FOG Water_2 | Received data: { "value" : "143" } |From topic: Water
FOG Water_2 | Received data: { "value" : "24" } |From topic: Water
FOG Water_2 | Received data: { "value" : "24" } |From topic: Water
FOG Water_2 | Received data: { "value" : "225" } |From topic: Water
FOG Water_2 | Received data: { "value" : "137" } |From topic: Water
FOG Water_2 | Received data: { "value" : "88" } |From topic: Water
FOG Water_2 | Received data: { "value" : "162" } |From topic: Water
