WARNING: An illegal reflective access operation has occurred
WARNING: Illegal reflective access by org.eclipse.paho.client.mqttv3.internal.FileLock (jar:file:/tmp/thorntailorg.eclipse.paho.client.mqttv3-1.2.010032664132143433607.jar!/) to method sun.nio.ch.FileLockImpl.release()
WARNING: Please consider reporting this to the maintainers of org.eclipse.paho.client.mqttv3.internal.FileLock
WARNING: Use --illegal-access=warn to enable warnings of further illegal reflective access operations
WARNING: All illegal access operations will be denied in a future release
PROBLEMs connectting to tcp://mosquitto-waterlevel2:1886, waiting 3 seconds for the next connection attempt
PROBLEMs connectting to tcp://mosquitto-waterlevel2:1886, waiting 3 seconds for the next connection attempt
PROBLEMs connectting to tcp://mosquitto-waterlevel2:1886, waiting 3 seconds for the next connection attempt
PROBLEMs connectting to tcp://mosquitto-waterlevel2:1886, waiting 3 seconds for the next connection attempt
PROBLEMs connectting to tcp://mosquitto-waterlevel2:1886, waiting 3 seconds for the next connection attempt
PROBLEMs connectting to tcp://mosquitto-waterlevel2:1886, waiting 3 seconds for the next connection attempt
PROBLEMs connectting to tcp://mosquitto-waterlevel2:1886, waiting 3 seconds for the next connection attempt
PROBLEMs connectting to tcp://mosquitto-waterlevel2:1886, waiting 3 seconds for the next connection attempt
Connected to tcp://mosquitto-waterlevel2:1886
DEVICE sensWaterLevel_2_17657 | Publishing data = { "value" : "111" } | To topic WaterLevel
DEVICE sensWaterLevel_2_17657 | Publishing data = { "value" : "244" } | To topic WaterLevel
DEVICE sensWaterLevel_2_17657 | Publishing data = { "value" : "52" } | To topic WaterLevel
DEVICE sensWaterLevel_2_17657 | Publishing data = { "value" : "227" } | To topic WaterLevel
DEVICE sensWaterLevel_2_17657 | Publishing data = { "value" : "118" } | To topic WaterLevel
DEVICE sensWaterLevel_2_17657 | Publishing data = { "value" : "183" } | To topic WaterLevel
DEVICE sensWaterLevel_2_17657 | Publishing data = { "value" : "237" } | To topic WaterLevel
DEVICE sensWaterLevel_2_17657 | Publishing data = { "value" : "55" } | To topic WaterLevel
DEVICE sensWaterLevel_2_17657 | Publishing data = { "value" : "59" } | To topic WaterLevel
DEVICE sensWaterLevel_2_17657 | Publishing data = { "value" : "49" } | To topic WaterLevel
DEVICE sensWaterLevel_2_17657 | Publishing data = { "value" : "146" } | To topic WaterLevel
DEVICE sensWaterLevel_2_17657 | Publishing data = { "value" : "155" } | To topic WaterLevel
DEVICE sensWaterLevel_2_17657 | Publishing data = { "value" : "1" } | To topic WaterLevel
DEVICE sensWaterLevel_2_17657 | Publishing data = { "value" : "168" } | To topic WaterLevel
DEVICE sensWaterLevel_2_17657 | Publishing data = { "value" : "92" } | To topic WaterLevel
DEVICE sensWaterLevel_2_17657 | Publishing data = { "value" : "48" } | To topic WaterLevel
DEVICE sensWaterLevel_2_17657 | Publishing data = { "value" : "53" } | To topic WaterLevel
DEVICE sensWaterLevel_2_17657 | Publishing data = { "value" : "152" } | To topic WaterLevel
DEVICE sensWaterLevel_2_17657 | Publishing data = { "value" : "2" } | To topic WaterLevel
DEVICE sensWaterLevel_2_17657 | Publishing data = { "value" : "196" } | To topic WaterLevel
DEVICE sensWaterLevel_2_17657 | Publishing data = { "value" : "205" } | To topic WaterLevel
DEVICE sensWaterLevel_2_17657 | Publishing data = { "value" : "165" } | To topic WaterLevel
DEVICE sensWaterLevel_2_17657 | Publishing data = { "value" : "62" } | To topic WaterLevel
DEVICE sensWaterLevel_2_17657 | Publishing data = { "value" : "3" } | To topic WaterLevel
DEVICE sensWaterLevel_2_17657 | Publishing data = { "value" : "198" } | To topic WaterLevel
DEVICE sensWaterLevel_2_17657 | Publishing data = { "value" : "157" } | To topic WaterLevel
DEVICE sensWaterLevel_2_17657 | Publishing data = { "value" : "141" } | To topic WaterLevel
DEVICE sensWaterLevel_2_17657 | Publishing data = { "value" : "97" } | To topic WaterLevel
DEVICE sensWaterLevel_2_17657 | Publishing data = { "value" : "96" } | To topic WaterLevel
DEVICE sensWaterLevel_2_17657 | Publishing data = { "value" : "248" } | To topic WaterLevel
DEVICE sensWaterLevel_2_17657 | Publishing data = { "value" : "102" } | To topic WaterLevel
DEVICE sensWaterLevel_2_17657 | Publishing data = { "value" : "189" } | To topic WaterLevel
DEVICE sensWaterLevel_2_17657 | Publishing data = { "value" : "60" } | To topic WaterLevel
DEVICE sensWaterLevel_2_17657 | Publishing data = { "value" : "43" } | To topic WaterLevel
DEVICE sensWaterLevel_2_17657 | Publishing data = { "value" : "73" } | To topic WaterLevel
DEVICE sensWaterLevel_2_17657 | Publishing data = { "value" : "118" } | To topic WaterLevel
DEVICE sensWaterLevel_2_17657 | Publishing data = { "value" : "82" } | To topic WaterLevel
DEVICE sensWaterLevel_2_17657 | Publishing data = { "value" : "100" } | To topic WaterLevel
DEVICE sensWaterLevel_2_17657 | Publishing data = { "value" : "13" } | To topic WaterLevel
DEVICE sensWaterLevel_2_17657 | Publishing data = { "value" : "155" } | To topic WaterLevel
DEVICE sensWaterLevel_2_17657 | Publishing data = { "value" : "168" } | To topic WaterLevel
DEVICE sensWaterLevel_2_17657 | Publishing data = { "value" : "192" } | To topic WaterLevel
DEVICE sensWaterLevel_2_17657 | Publishing data = { "value" : "124" } | To topic WaterLevel
DEVICE sensWaterLevel_2_17657 | Publishing data = { "value" : "77" } | To topic WaterLevel
DEVICE sensWaterLevel_2_17657 | Publishing data = { "value" : "228" } | To topic WaterLevel
DEVICE sensWaterLevel_2_17657 | Publishing data = { "value" : "188" } | To topic WaterLevel
DEVICE sensWaterLevel_2_17657 | Publishing data = { "value" : "198" } | To topic WaterLevel
DEVICE sensWaterLevel_2_17657 | Publishing data = { "value" : "152" } | To topic WaterLevel
DEVICE sensWaterLevel_2_17657 | Publishing data = { "value" : "215" } | To topic WaterLevel
DEVICE sensWaterLevel_2_17657 | Publishing data = { "value" : "166" } | To topic WaterLevel
DEVICE sensWaterLevel_2_17657 | Publishing data = { "value" : "22" } | To topic WaterLevel
DEVICE sensWaterLevel_2_17657 | Publishing data = { "value" : "126" } | To topic WaterLevel
DEVICE sensWaterLevel_2_17657 | Publishing data = { "value" : "102" } | To topic WaterLevel
DEVICE sensWaterLevel_2_17657 | Publishing data = { "value" : "72" } | To topic WaterLevel
DEVICE sensWaterLevel_2_17657 | Publishing data = { "value" : "12" } | To topic WaterLevel
DEVICE sensWaterLevel_2_17657 | Publishing data = { "value" : "86" } | To topic WaterLevel
DEVICE sensWaterLevel_2_17657 | Publishing data = { "value" : "86" } | To topic WaterLevel
DEVICE sensWaterLevel_2_17657 | Publishing data = { "value" : "233" } | To topic WaterLevel
DEVICE sensWaterLevel_2_17657 | Publishing data = { "value" : "123" } | To topic WaterLevel
DEVICE sensWaterLevel_2_17657 | Publishing data = { "value" : "49" } | To topic WaterLevel
DEVICE sensWaterLevel_2_17657 | Publishing data = { "value" : "57" } | To topic WaterLevel
DEVICE sensWaterLevel_2_17657 | Publishing data = { "value" : "36" } | To topic WaterLevel
DEVICE sensWaterLevel_2_17657 | Publishing data = { "value" : "12" } | To topic WaterLevel
DEVICE sensWaterLevel_2_17657 | Publishing data = { "value" : "228" } | To topic WaterLevel
DEVICE sensWaterLevel_2_17657 | Publishing data = { "value" : "151" } | To topic WaterLevel
DEVICE sensWaterLevel_2_17657 | Publishing data = { "value" : "198" } | To topic WaterLevel
DEVICE sensWaterLevel_2_17657 | Publishing data = { "value" : "224" } | To topic WaterLevel
DEVICE sensWaterLevel_2_17657 | Publishing data = { "value" : "103" } | To topic WaterLevel
DEVICE sensWaterLevel_2_17657 | Publishing data = { "value" : "60" } | To topic WaterLevel
DEVICE sensWaterLevel_2_17657 | Publishing data = { "value" : "123" } | To topic WaterLevel
DEVICE sensWaterLevel_2_17657 | Publishing data = { "value" : "136" } | To topic WaterLevel
DEVICE sensWaterLevel_2_17657 | Publishing data = { "value" : "126" } | To topic WaterLevel
DEVICE sensWaterLevel_2_17657 | Publishing data = { "value" : "155" } | To topic WaterLevel
DEVICE sensWaterLevel_2_17657 | Publishing data = { "value" : "67" } | To topic WaterLevel
DEVICE sensWaterLevel_2_17657 | Publishing data = { "value" : "54" } | To topic WaterLevel
DEVICE sensWaterLevel_2_17657 | Publishing data = { "value" : "98" } | To topic WaterLevel
DEVICE sensWaterLevel_2_17657 | Publishing data = { "value" : "51" } | To topic WaterLevel
DEVICE sensWaterLevel_2_17657 | Publishing data = { "value" : "10" } | To topic WaterLevel
DEVICE sensWaterLevel_2_17657 | Publishing data = { "value" : "67" } | To topic WaterLevel
DEVICE sensWaterLevel_2_17657 | Publishing data = { "value" : "56" } | To topic WaterLevel
DEVICE sensWaterLevel_2_17657 | Publishing data = { "value" : "234" } | To topic WaterLevel
DEVICE sensWaterLevel_2_17657 | Publishing data = { "value" : "211" } | To topic WaterLevel
DEVICE sensWaterLevel_2_17657 | Publishing data = { "value" : "149" } | To topic WaterLevel
DEVICE sensWaterLevel_2_17657 | Publishing data = { "value" : "122" } | To topic WaterLevel
DEVICE sensWaterLevel_2_17657 | Publishing data = { "value" : "45" } | To topic WaterLevel
DEVICE sensWaterLevel_2_17657 | Publishing data = { "value" : "148" } | To topic WaterLevel
DEVICE sensWaterLevel_2_17657 | Publishing data = { "value" : "151" } | To topic WaterLevel
DEVICE sensWaterLevel_2_17657 | Publishing data = { "value" : "46" } | To topic WaterLevel
DEVICE sensWaterLevel_2_17657 | Publishing data = { "value" : "157" } | To topic WaterLevel
DEVICE sensWaterLevel_2_17657 | Publishing data = { "value" : "61" } | To topic WaterLevel
DEVICE sensWaterLevel_2_17657 | Publishing data = { "value" : "200" } | To topic WaterLevel
DEVICE sensWaterLevel_2_17657 | Publishing data = { "value" : "64" } | To topic WaterLevel
DEVICE sensWaterLevel_2_17657 | Publishing data = { "value" : "46" } | To topic WaterLevel
DEVICE sensWaterLevel_2_17657 | Publishing data = { "value" : "186" } | To topic WaterLevel
DEVICE sensWaterLevel_2_17657 | Publishing data = { "value" : "125" } | To topic WaterLevel
DEVICE sensWaterLevel_2_17657 | Publishing data = { "value" : "106" } | To topic WaterLevel
DEVICE sensWaterLevel_2_17657 | Publishing data = { "value" : "246" } | To topic WaterLevel
DEVICE sensWaterLevel_2_17657 | Publishing data = { "value" : "146" } | To topic WaterLevel
DEVICE sensWaterLevel_2_17657 | Publishing data = { "value" : "95" } | To topic WaterLevel
DEVICE sensWaterLevel_2_17657 | Publishing data = { "value" : "11" } | To topic WaterLevel
Aug 22, 2023 5:55:32 PM jdk.internal.reflect.NativeMethodAccessorImpl invoke0
INFO: THORN99999: Thorntail is Ready
