WARNING: An illegal reflective access operation has occurred
WARNING: Illegal reflective access by org.eclipse.paho.client.mqttv3.internal.FileLock (jar:file:/tmp/thorntailorg.eclipse.paho.client.mqttv3-1.2.09980672843404823232.jar!/) to method sun.nio.ch.FileLockImpl.release()
WARNING: Please consider reporting this to the maintainers of org.eclipse.paho.client.mqttv3.internal.FileLock
WARNING: Use --illegal-access=warn to enable warnings of further illegal reflective access operations
WARNING: All illegal access operations will be denied in a future release
Connected to tcp://mosquitto-waterlevel2:1886
ACTUATORactWaterLevel_2_2072248 | Receive data: { "value" : "16" } | Doing following action in consequence: actuando!
ACTUATORactWaterLevel_2_2072248 | Receive data: { "value" : "86" } | Doing following action in consequence: actuando!
Sep 07, 2023 3:33:45 PM jdk.internal.reflect.NativeMethodAccessorImpl invoke0
INFO: THORN99999: Thorntail is Ready
ACTUATORactWaterLevel_2_2072248 | Receive data: { "value" : "104" } | Doing following action in consequence: actuando!
ACTUATORactWaterLevel_2_2072248 | Receive data: { "value" : "98" } | Doing following action in consequence: actuando!
ACTUATORactWaterLevel_2_2072248 | Receive data: { "value" : "81" } | Doing following action in consequence: actuando!
ACTUATORactWaterLevel_2_2072248 | Receive data: { "value" : "239" } | Doing following action in consequence: actuando!
ACTUATORactWaterLevel_2_2072248 | Receive data: { "value" : "120" } | Doing following action in consequence: actuando!
ACTUATORactWaterLevel_2_2072248 | Receive data: { "value" : "157" } | Doing following action in consequence: actuando!
ACTUATORactWaterLevel_2_2072248 | Receive data: { "value" : "232" } | Doing following action in consequence: actuando!
ACTUATORactWaterLevel_2_2072248 | Receive data: { "value" : "70" } | Doing following action in consequence: actuando!
ACTUATORactWaterLevel_2_2072248 | Receive data: { "value" : "90" } | Doing following action in consequence: actuando!
ACTUATORactWaterLevel_2_2072248 | Receive data: { "value" : "102" } | Doing following action in consequence: actuando!
ACTUATORactWaterLevel_2_2072248 | Receive data: { "value" : "204" } | Doing following action in consequence: actuando!
ACTUATORactWaterLevel_2_2072248 | Receive data: { "value" : "232" } | Doing following action in consequence: actuando!
ACTUATORactWaterLevel_2_2072248 | Receive data: { "value" : "37" } | Doing following action in consequence: actuando!
ACTUATORactWaterLevel_2_2072248 | Receive data: { "value" : "73" } | Doing following action in consequence: actuando!
ACTUATORactWaterLevel_2_2072248 | Receive data: { "value" : "25" } | Doing following action in consequence: actuando!
ACTUATORactWaterLevel_2_2072248 | Receive data: { "value" : "75" } | Doing following action in consequence: actuando!
ACTUATORactWaterLevel_2_2072248 | Receive data: { "value" : "226" } | Doing following action in consequence: actuando!
ACTUATORactWaterLevel_2_2072248 | Receive data: { "value" : "140" } | Doing following action in consequence: actuando!
ACTUATORactWaterLevel_2_2072248 | Receive data: { "value" : "88" } | Doing following action in consequence: actuando!
ACTUATORactWaterLevel_2_2072248 | Receive data: { "value" : "207" } | Doing following action in consequence: actuando!
ACTUATORactWaterLevel_2_2072248 | Receive data: { "value" : "13" } | Doing following action in consequence: actuando!
ACTUATORactWaterLevel_2_2072248 | Receive data: { "value" : "145" } | Doing following action in consequence: actuando!
ACTUATORactWaterLevel_2_2072248 | Receive data: { "value" : "143" } | Doing following action in consequence: actuando!
ACTUATORactWaterLevel_2_2072248 | Receive data: { "value" : "202" } | Doing following action in consequence: actuando!
ACTUATORactWaterLevel_2_2072248 | Receive data: { "value" : "231" } | Doing following action in consequence: actuando!
ACTUATORactWaterLevel_2_2072248 | Receive data: { "value" : "91" } | Doing following action in consequence: actuando!
ACTUATORactWaterLevel_2_2072248 | Receive data: { "value" : "185" } | Doing following action in consequence: actuando!
ACTUATORactWaterLevel_2_2072248 | Receive data: { "value" : "27" } | Doing following action in consequence: actuando!
ACTUATORactWaterLevel_2_2072248 | Receive data: { "value" : "159" } | Doing following action in consequence: actuando!
ACTUATORactWaterLevel_2_2072248 | Receive data: { "value" : "171" } | Doing following action in consequence: actuando!
ACTUATORactWaterLevel_2_2072248 | Receive data: { "value" : "59" } | Doing following action in consequence: actuando!
ACTUATORactWaterLevel_2_2072248 | Receive data: { "value" : "118" } | Doing following action in consequence: actuando!
ACTUATORactWaterLevel_2_2072248 | Receive data: { "value" : "211" } | Doing following action in consequence: actuando!
ACTUATORactWaterLevel_2_2072248 | Receive data: { "value" : "140" } | Doing following action in consequence: actuando!
ACTUATORactWaterLevel_2_2072248 | Receive data: { "value" : "165" } | Doing following action in consequence: actuando!
ACTUATORactWaterLevel_2_2072248 | Receive data: { "value" : "21" } | Doing following action in consequence: actuando!
ACTUATORactWaterLevel_2_2072248 | Receive data: { "value" : "103" } | Doing following action in consequence: actuando!
ACTUATORactWaterLevel_2_2072248 | Receive data: { "value" : "89" } | Doing following action in consequence: actuando!
ACTUATORactWaterLevel_2_2072248 | Receive data: { "value" : "133" } | Doing following action in consequence: actuando!
ACTUATORactWaterLevel_2_2072248 | Receive data: { "value" : "15" } | Doing following action in consequence: actuando!
ACTUATORactWaterLevel_2_2072248 | Receive data: { "value" : "122" } | Doing following action in consequence: actuando!
ACTUATORactWaterLevel_2_2072248 | Receive data: { "value" : "66" } | Doing following action in consequence: actuando!
ACTUATORactWaterLevel_2_2072248 | Receive data: { "value" : "114" } | Doing following action in consequence: actuando!
ACTUATORactWaterLevel_2_2072248 | Receive data: { "value" : "128" } | Doing following action in consequence: actuando!
ACTUATORactWaterLevel_2_2072248 | Receive data: { "value" : "225" } | Doing following action in consequence: actuando!
ACTUATORactWaterLevel_2_2072248 | Receive data: { "value" : "139" } | Doing following action in consequence: actuando!
ACTUATORactWaterLevel_2_2072248 | Receive data: { "value" : "187" } | Doing following action in consequence: actuando!
ACTUATORactWaterLevel_2_2072248 | Receive data: { "value" : "157" } | Doing following action in consequence: actuando!
ACTUATORactWaterLevel_2_2072248 | Receive data: { "value" : "114" } | Doing following action in consequence: actuando!
ACTUATORactWaterLevel_2_2072248 | Receive data: { "value" : "111" } | Doing following action in consequence: actuando!
ACTUATORactWaterLevel_2_2072248 | Receive data: { "value" : "52" } | Doing following action in consequence: actuando!
ACTUATORactWaterLevel_2_2072248 | Receive data: { "value" : "33" } | Doing following action in consequence: actuando!
ACTUATORactWaterLevel_2_2072248 | Receive data: { "value" : "138" } | Doing following action in consequence: actuando!
ACTUATORactWaterLevel_2_2072248 | Receive data: { "value" : "138" } | Doing following action in consequence: actuando!
ACTUATORactWaterLevel_2_2072248 | Receive data: { "value" : "63" } | Doing following action in consequence: actuando!
ACTUATORactWaterLevel_2_2072248 | Receive data: { "value" : "205" } | Doing following action in consequence: actuando!
ACTUATORactWaterLevel_2_2072248 | Receive data: { "value" : "104" } | Doing following action in consequence: actuando!
ACTUATORactWaterLevel_2_2072248 | Receive data: { "value" : "63" } | Doing following action in consequence: actuando!
ACTUATORactWaterLevel_2_2072248 | Receive data: { "value" : "224" } | Doing following action in consequence: actuando!
ACTUATORactWaterLevel_2_2072248 | Receive data: { "value" : "212" } | Doing following action in consequence: actuando!
ACTUATORactWaterLevel_2_2072248 | Receive data: { "value" : "8" } | Doing following action in consequence: actuando!
ACTUATORactWaterLevel_2_2072248 | Receive data: { "value" : "182" } | Doing following action in consequence: actuando!
ACTUATORactWaterLevel_2_2072248 | Receive data: { "value" : "135" } | Doing following action in consequence: actuando!
ACTUATORactWaterLevel_2_2072248 | Receive data: { "value" : "230" } | Doing following action in consequence: actuando!
ACTUATORactWaterLevel_2_2072248 | Receive data: { "value" : "90" } | Doing following action in consequence: actuando!
ACTUATORactWaterLevel_2_2072248 | Receive data: { "value" : "25" } | Doing following action in consequence: actuando!
ACTUATORactWaterLevel_2_2072248 | Receive data: { "value" : "245" } | Doing following action in consequence: actuando!
ACTUATORactWaterLevel_2_2072248 | Receive data: { "value" : "238" } | Doing following action in consequence: actuando!
ACTUATORactWaterLevel_2_2072248 | Receive data: { "value" : "85" } | Doing following action in consequence: actuando!
ACTUATORactWaterLevel_2_2072248 | Receive data: { "value" : "179" } | Doing following action in consequence: actuando!
ACTUATORactWaterLevel_2_2072248 | Receive data: { "value" : "97" } | Doing following action in consequence: actuando!
ACTUATORactWaterLevel_2_2072248 | Receive data: { "value" : "133" } | Doing following action in consequence: actuando!
ACTUATORactWaterLevel_2_2072248 | Receive data: { "value" : "3" } | Doing following action in consequence: actuando!
ACTUATORactWaterLevel_2_2072248 | Receive data: { "value" : "141" } | Doing following action in consequence: actuando!
ACTUATORactWaterLevel_2_2072248 | Receive data: { "value" : "135" } | Doing following action in consequence: actuando!
ACTUATORactWaterLevel_2_2072248 | Receive data: { "value" : "151" } | Doing following action in consequence: actuando!
ACTUATORactWaterLevel_2_2072248 | Receive data: { "value" : "108" } | Doing following action in consequence: actuando!
ACTUATORactWaterLevel_2_2072248 | Receive data: { "value" : "236" } | Doing following action in consequence: actuando!
ACTUATORactWaterLevel_2_2072248 | Receive data: { "value" : "123" } | Doing following action in consequence: actuando!
ACTUATORactWaterLevel_2_2072248 | Receive data: { "value" : "205" } | Doing following action in consequence: actuando!
ACTUATORactWaterLevel_2_2072248 | Receive data: { "value" : "104" } | Doing following action in consequence: actuando!
ACTUATORactWaterLevel_2_2072248 | Receive data: { "value" : "74" } | Doing following action in consequence: actuando!
ACTUATORactWaterLevel_2_2072248 | Receive data: { "value" : "116" } | Doing following action in consequence: actuando!
ACTUATORactWaterLevel_2_2072248 | Receive data: { "value" : "172" } | Doing following action in consequence: actuando!
ACTUATORactWaterLevel_2_2072248 | Receive data: { "value" : "201" } | Doing following action in consequence: actuando!
ACTUATORactWaterLevel_2_2072248 | Receive data: { "value" : "235" } | Doing following action in consequence: actuando!
ACTUATORactWaterLevel_2_2072248 | Receive data: { "value" : "203" } | Doing following action in consequence: actuando!
ACTUATORactWaterLevel_2_2072248 | Receive data: { "value" : "42" } | Doing following action in consequence: actuando!
ACTUATORactWaterLevel_2_2072248 | Receive data: { "value" : "52" } | Doing following action in consequence: actuando!
ACTUATORactWaterLevel_2_2072248 | Receive data: { "value" : "102" } | Doing following action in consequence: actuando!
ACTUATORactWaterLevel_2_2072248 | Receive data: { "value" : "242" } | Doing following action in consequence: actuando!
ACTUATORactWaterLevel_2_2072248 | Receive data: { "value" : "113" } | Doing following action in consequence: actuando!
ACTUATORactWaterLevel_2_2072248 | Receive data: { "value" : "61" } | Doing following action in consequence: actuando!
ACTUATORactWaterLevel_2_2072248 | Receive data: { "value" : "228" } | Doing following action in consequence: actuando!
ACTUATORactWaterLevel_2_2072248 | Receive data: { "value" : "12" } | Doing following action in consequence: actuando!
ACTUATORactWaterLevel_2_2072248 | Receive data: { "value" : "4" } | Doing following action in consequence: actuando!
ACTUATORactWaterLevel_2_2072248 | Receive data: { "value" : "115" } | Doing following action in consequence: actuando!
ACTUATORactWaterLevel_2_2072248 | Receive data: { "value" : "31" } | Doing following action in consequence: actuando!
