WARNING: An illegal reflective access operation has occurred
WARNING: Illegal reflective access by org.eclipse.paho.client.mqttv3.internal.FileLock (jar:file:/tmp/thorntailorg.eclipse.paho.client.mqttv3-1.2.08805161950528446834.jar!/) to method sun.nio.ch.FileLockImpl.release()
WARNING: Please consider reporting this to the maintainers of org.eclipse.paho.client.mqttv3.internal.FileLock
WARNING: Use --illegal-access=warn to enable warnings of further illegal reflective access operations
WARNING: All illegal access operations will be denied in a future release
Connected to tcp://mosquitto-humidity0:1884
Sep 07, 2023 3:43:13 PM jdk.internal.reflect.NativeMethodAccessorImpl invoke0
INFO: THORN99999: Thorntail is Ready
ACTUATORactHumidity_0_9018996 | Receive data: { "value" : "167" } | Doing following action in consequence: actuando!
ACTUATORactHumidity_0_9018996 | Receive data: { "value" : "172" } | Doing following action in consequence: actuando!
ACTUATORactHumidity_0_9018996 | Receive data: { "value" : "133" } | Doing following action in consequence: actuando!
ACTUATORactHumidity_0_9018996 | Receive data: { "value" : "49" } | Doing following action in consequence: actuando!
ACTUATORactHumidity_0_9018996 | Receive data: { "value" : "34" } | Doing following action in consequence: actuando!
ACTUATORactHumidity_0_9018996 | Receive data: { "value" : "67" } | Doing following action in consequence: actuando!
ACTUATORactHumidity_0_9018996 | Receive data: { "value" : "153" } | Doing following action in consequence: actuando!
ACTUATORactHumidity_0_9018996 | Receive data: { "value" : "86" } | Doing following action in consequence: actuando!
ACTUATORactHumidity_0_9018996 | Receive data: { "value" : "31" } | Doing following action in consequence: actuando!
ACTUATORactHumidity_0_9018996 | Receive data: { "value" : "20" } | Doing following action in consequence: actuando!
ACTUATORactHumidity_0_9018996 | Receive data: { "value" : "85" } | Doing following action in consequence: actuando!
ACTUATORactHumidity_0_9018996 | Receive data: { "value" : "87" } | Doing following action in consequence: actuando!
ACTUATORactHumidity_0_9018996 | Receive data: { "value" : "41" } | Doing following action in consequence: actuando!
ACTUATORactHumidity_0_9018996 | Receive data: { "value" : "200" } | Doing following action in consequence: actuando!
ACTUATORactHumidity_0_9018996 | Receive data: { "value" : "219" } | Doing following action in consequence: actuando!
ACTUATORactHumidity_0_9018996 | Receive data: { "value" : "237" } | Doing following action in consequence: actuando!
ACTUATORactHumidity_0_9018996 | Receive data: { "value" : "235" } | Doing following action in consequence: actuando!
ACTUATORactHumidity_0_9018996 | Receive data: { "value" : "6" } | Doing following action in consequence: actuando!
ACTUATORactHumidity_0_9018996 | Receive data: { "value" : "182" } | Doing following action in consequence: actuando!
ACTUATORactHumidity_0_9018996 | Receive data: { "value" : "95" } | Doing following action in consequence: actuando!
ACTUATORactHumidity_0_9018996 | Receive data: { "value" : "184" } | Doing following action in consequence: actuando!
ACTUATORactHumidity_0_9018996 | Receive data: { "value" : "191" } | Doing following action in consequence: actuando!
ACTUATORactHumidity_0_9018996 | Receive data: { "value" : "195" } | Doing following action in consequence: actuando!
ACTUATORactHumidity_0_9018996 | Receive data: { "value" : "126" } | Doing following action in consequence: actuando!
ACTUATORactHumidity_0_9018996 | Receive data: { "value" : "116" } | Doing following action in consequence: actuando!
ACTUATORactHumidity_0_9018996 | Receive data: { "value" : "194" } | Doing following action in consequence: actuando!
ACTUATORactHumidity_0_9018996 | Receive data: { "value" : "12" } | Doing following action in consequence: actuando!
ACTUATORactHumidity_0_9018996 | Receive data: { "value" : "71" } | Doing following action in consequence: actuando!
ACTUATORactHumidity_0_9018996 | Receive data: { "value" : "176" } | Doing following action in consequence: actuando!
ACTUATORactHumidity_0_9018996 | Receive data: { "value" : "248" } | Doing following action in consequence: actuando!
ACTUATORactHumidity_0_9018996 | Receive data: { "value" : "9" } | Doing following action in consequence: actuando!
ACTUATORactHumidity_0_9018996 | Receive data: { "value" : "108" } | Doing following action in consequence: actuando!
ACTUATORactHumidity_0_9018996 | Receive data: { "value" : "185" } | Doing following action in consequence: actuando!
ACTUATORactHumidity_0_9018996 | Receive data: { "value" : "13" } | Doing following action in consequence: actuando!
ACTUATORactHumidity_0_9018996 | Receive data: { "value" : "250" } | Doing following action in consequence: actuando!
ACTUATORactHumidity_0_9018996 | Receive data: { "value" : "37" } | Doing following action in consequence: actuando!
ACTUATORactHumidity_0_9018996 | Receive data: { "value" : "139" } | Doing following action in consequence: actuando!
ACTUATORactHumidity_0_9018996 | Receive data: { "value" : "220" } | Doing following action in consequence: actuando!
ACTUATORactHumidity_0_9018996 | Receive data: { "value" : "121" } | Doing following action in consequence: actuando!
ACTUATORactHumidity_0_9018996 | Receive data: { "value" : "39" } | Doing following action in consequence: actuando!
ACTUATORactHumidity_0_9018996 | Receive data: { "value" : "87" } | Doing following action in consequence: actuando!
ACTUATORactHumidity_0_9018996 | Receive data: { "value" : "157" } | Doing following action in consequence: actuando!
ACTUATORactHumidity_0_9018996 | Receive data: { "value" : "135" } | Doing following action in consequence: actuando!
ACTUATORactHumidity_0_9018996 | Receive data: { "value" : "209" } | Doing following action in consequence: actuando!
ACTUATORactHumidity_0_9018996 | Receive data: { "value" : "158" } | Doing following action in consequence: actuando!
ACTUATORactHumidity_0_9018996 | Receive data: { "value" : "49" } | Doing following action in consequence: actuando!
ACTUATORactHumidity_0_9018996 | Receive data: { "value" : "97" } | Doing following action in consequence: actuando!
ACTUATORactHumidity_0_9018996 | Receive data: { "value" : "248" } | Doing following action in consequence: actuando!
ACTUATORactHumidity_0_9018996 | Receive data: { "value" : "232" } | Doing following action in consequence: actuando!
ACTUATORactHumidity_0_9018996 | Receive data: { "value" : "47" } | Doing following action in consequence: actuando!
ACTUATORactHumidity_0_9018996 | Receive data: { "value" : "198" } | Doing following action in consequence: actuando!
ACTUATORactHumidity_0_9018996 | Receive data: { "value" : "249" } | Doing following action in consequence: actuando!
ACTUATORactHumidity_0_9018996 | Receive data: { "value" : "184" } | Doing following action in consequence: actuando!
ACTUATORactHumidity_0_9018996 | Receive data: { "value" : "8" } | Doing following action in consequence: actuando!
ACTUATORactHumidity_0_9018996 | Receive data: { "value" : "97" } | Doing following action in consequence: actuando!
ACTUATORactHumidity_0_9018996 | Receive data: { "value" : "113" } | Doing following action in consequence: actuando!
ACTUATORactHumidity_0_9018996 | Receive data: { "value" : "217" } | Doing following action in consequence: actuando!
ACTUATORactHumidity_0_9018996 | Receive data: { "value" : "182" } | Doing following action in consequence: actuando!
ACTUATORactHumidity_0_9018996 | Receive data: { "value" : "49" } | Doing following action in consequence: actuando!
ACTUATORactHumidity_0_9018996 | Receive data: { "value" : "235" } | Doing following action in consequence: actuando!
ACTUATORactHumidity_0_9018996 | Receive data: { "value" : "181" } | Doing following action in consequence: actuando!
ACTUATORactHumidity_0_9018996 | Receive data: { "value" : "26" } | Doing following action in consequence: actuando!
ACTUATORactHumidity_0_9018996 | Receive data: { "value" : "139" } | Doing following action in consequence: actuando!
ACTUATORactHumidity_0_9018996 | Receive data: { "value" : "32" } | Doing following action in consequence: actuando!
ACTUATORactHumidity_0_9018996 | Receive data: { "value" : "116" } | Doing following action in consequence: actuando!
ACTUATORactHumidity_0_9018996 | Receive data: { "value" : "237" } | Doing following action in consequence: actuando!
ACTUATORactHumidity_0_9018996 | Receive data: { "value" : "61" } | Doing following action in consequence: actuando!
ACTUATORactHumidity_0_9018996 | Receive data: { "value" : "71" } | Doing following action in consequence: actuando!
ACTUATORactHumidity_0_9018996 | Receive data: { "value" : "88" } | Doing following action in consequence: actuando!
ACTUATORactHumidity_0_9018996 | Receive data: { "value" : "130" } | Doing following action in consequence: actuando!
ACTUATORactHumidity_0_9018996 | Receive data: { "value" : "108" } | Doing following action in consequence: actuando!
ACTUATORactHumidity_0_9018996 | Receive data: { "value" : "194" } | Doing following action in consequence: actuando!
ACTUATORactHumidity_0_9018996 | Receive data: { "value" : "74" } | Doing following action in consequence: actuando!
ACTUATORactHumidity_0_9018996 | Receive data: { "value" : "210" } | Doing following action in consequence: actuando!
ACTUATORactHumidity_0_9018996 | Receive data: { "value" : "190" } | Doing following action in consequence: actuando!
ACTUATORactHumidity_0_9018996 | Receive data: { "value" : "193" } | Doing following action in consequence: actuando!
ACTUATORactHumidity_0_9018996 | Receive data: { "value" : "242" } | Doing following action in consequence: actuando!
ACTUATORactHumidity_0_9018996 | Receive data: { "value" : "142" } | Doing following action in consequence: actuando!
ACTUATORactHumidity_0_9018996 | Receive data: { "value" : "213" } | Doing following action in consequence: actuando!
ACTUATORactHumidity_0_9018996 | Receive data: { "value" : "104" } | Doing following action in consequence: actuando!
ACTUATORactHumidity_0_9018996 | Receive data: { "value" : "94" } | Doing following action in consequence: actuando!
ACTUATORactHumidity_0_9018996 | Receive data: { "value" : "245" } | Doing following action in consequence: actuando!
ACTUATORactHumidity_0_9018996 | Receive data: { "value" : "10" } | Doing following action in consequence: actuando!
ACTUATORactHumidity_0_9018996 | Receive data: { "value" : "144" } | Doing following action in consequence: actuando!
ACTUATORactHumidity_0_9018996 | Receive data: { "value" : "247" } | Doing following action in consequence: actuando!
ACTUATORactHumidity_0_9018996 | Receive data: { "value" : "98" } | Doing following action in consequence: actuando!
ACTUATORactHumidity_0_9018996 | Receive data: { "value" : "60" } | Doing following action in consequence: actuando!
ACTUATORactHumidity_0_9018996 | Receive data: { "value" : "111" } | Doing following action in consequence: actuando!
ACTUATORactHumidity_0_9018996 | Receive data: { "value" : "124" } | Doing following action in consequence: actuando!
ACTUATORactHumidity_0_9018996 | Receive data: { "value" : "103" } | Doing following action in consequence: actuando!
ACTUATORactHumidity_0_9018996 | Receive data: { "value" : "208" } | Doing following action in consequence: actuando!
ACTUATORactHumidity_0_9018996 | Receive data: { "value" : "134" } | Doing following action in consequence: actuando!
ACTUATORactHumidity_0_9018996 | Receive data: { "value" : "161" } | Doing following action in consequence: actuando!
ACTUATORactHumidity_0_9018996 | Receive data: { "value" : "147" } | Doing following action in consequence: actuando!
ACTUATORactHumidity_0_9018996 | Receive data: { "value" : "232" } | Doing following action in consequence: actuando!
ACTUATORactHumidity_0_9018996 | Receive data: { "value" : "150" } | Doing following action in consequence: actuando!
ACTUATORactHumidity_0_9018996 | Receive data: { "value" : "85" } | Doing following action in consequence: actuando!
ACTUATORactHumidity_0_9018996 | Receive data: { "value" : "89" } | Doing following action in consequence: actuando!
ACTUATORactHumidity_0_9018996 | Receive data: { "value" : "151" } | Doing following action in consequence: actuando!
ACTUATORactHumidity_0_9018996 | Receive data: { "value" : "165" } | Doing following action in consequence: actuando!
