WARNING: An illegal reflective access operation has occurred
WARNING: Illegal reflective access by org.eclipse.paho.client.mqttv3.internal.FileLock (jar:file:/tmp/thorntailorg.eclipse.paho.client.mqttv3-1.2.010667863270139847790.jar!/) to method sun.nio.ch.FileLockImpl.release()
WARNING: Please consider reporting this to the maintainers of org.eclipse.paho.client.mqttv3.internal.FileLock
WARNING: Use --illegal-access=warn to enable warnings of further illegal reflective access operations
WARNING: All illegal access operations will be denied in a future release
Connected to tcp://mosquitto-waterlevel2:1886
Sep 07, 2023 3:30:48 PM jdk.internal.reflect.NativeMethodAccessorImpl invoke0
INFO: THORN99999: Thorntail is Ready
ACTUATORactWaterLevel_2_9605147 | Receive data: { "value" : "247" } | Doing following action in consequence: actuando!
ACTUATORactWaterLevel_2_9605147 | Receive data: { "value" : "210" } | Doing following action in consequence: actuando!
ACTUATORactWaterLevel_2_9605147 | Receive data: { "value" : "115" } | Doing following action in consequence: actuando!
ACTUATORactWaterLevel_2_9605147 | Receive data: { "value" : "16" } | Doing following action in consequence: actuando!
ACTUATORactWaterLevel_2_9605147 | Receive data: { "value" : "32" } | Doing following action in consequence: actuando!
ACTUATORactWaterLevel_2_9605147 | Receive data: { "value" : "63" } | Doing following action in consequence: actuando!
ACTUATORactWaterLevel_2_9605147 | Receive data: { "value" : "20" } | Doing following action in consequence: actuando!
ACTUATORactWaterLevel_2_9605147 | Receive data: { "value" : "246" } | Doing following action in consequence: actuando!
ACTUATORactWaterLevel_2_9605147 | Receive data: { "value" : "185" } | Doing following action in consequence: actuando!
ACTUATORactWaterLevel_2_9605147 | Receive data: { "value" : "51" } | Doing following action in consequence: actuando!
ACTUATORactWaterLevel_2_9605147 | Receive data: { "value" : "46" } | Doing following action in consequence: actuando!
ACTUATORactWaterLevel_2_9605147 | Receive data: { "value" : "170" } | Doing following action in consequence: actuando!
ACTUATORactWaterLevel_2_9605147 | Receive data: { "value" : "79" } | Doing following action in consequence: actuando!
ACTUATORactWaterLevel_2_9605147 | Receive data: { "value" : "75" } | Doing following action in consequence: actuando!
ACTUATORactWaterLevel_2_9605147 | Receive data: { "value" : "192" } | Doing following action in consequence: actuando!
ACTUATORactWaterLevel_2_9605147 | Receive data: { "value" : "239" } | Doing following action in consequence: actuando!
ACTUATORactWaterLevel_2_9605147 | Receive data: { "value" : "162" } | Doing following action in consequence: actuando!
ACTUATORactWaterLevel_2_9605147 | Receive data: { "value" : "70" } | Doing following action in consequence: actuando!
ACTUATORactWaterLevel_2_9605147 | Receive data: { "value" : "193" } | Doing following action in consequence: actuando!
ACTUATORactWaterLevel_2_9605147 | Receive data: { "value" : "220" } | Doing following action in consequence: actuando!
ACTUATORactWaterLevel_2_9605147 | Receive data: { "value" : "247" } | Doing following action in consequence: actuando!
ACTUATORactWaterLevel_2_9605147 | Receive data: { "value" : "106" } | Doing following action in consequence: actuando!
ACTUATORactWaterLevel_2_9605147 | Receive data: { "value" : "74" } | Doing following action in consequence: actuando!
ACTUATORactWaterLevel_2_9605147 | Receive data: { "value" : "163" } | Doing following action in consequence: actuando!
ACTUATORactWaterLevel_2_9605147 | Receive data: { "value" : "221" } | Doing following action in consequence: actuando!
ACTUATORactWaterLevel_2_9605147 | Receive data: { "value" : "35" } | Doing following action in consequence: actuando!
ACTUATORactWaterLevel_2_9605147 | Receive data: { "value" : "238" } | Doing following action in consequence: actuando!
ACTUATORactWaterLevel_2_9605147 | Receive data: { "value" : "25" } | Doing following action in consequence: actuando!
ACTUATORactWaterLevel_2_9605147 | Receive data: { "value" : "185" } | Doing following action in consequence: actuando!
ACTUATORactWaterLevel_2_9605147 | Receive data: { "value" : "160" } | Doing following action in consequence: actuando!
ACTUATORactWaterLevel_2_9605147 | Receive data: { "value" : "205" } | Doing following action in consequence: actuando!
ACTUATORactWaterLevel_2_9605147 | Receive data: { "value" : "232" } | Doing following action in consequence: actuando!
ACTUATORactWaterLevel_2_9605147 | Receive data: { "value" : "198" } | Doing following action in consequence: actuando!
ACTUATORactWaterLevel_2_9605147 | Receive data: { "value" : "142" } | Doing following action in consequence: actuando!
ACTUATORactWaterLevel_2_9605147 | Receive data: { "value" : "239" } | Doing following action in consequence: actuando!
ACTUATORactWaterLevel_2_9605147 | Receive data: { "value" : "168" } | Doing following action in consequence: actuando!
ACTUATORactWaterLevel_2_9605147 | Receive data: { "value" : "157" } | Doing following action in consequence: actuando!
ACTUATORactWaterLevel_2_9605147 | Receive data: { "value" : "230" } | Doing following action in consequence: actuando!
ACTUATORactWaterLevel_2_9605147 | Receive data: { "value" : "147" } | Doing following action in consequence: actuando!
ACTUATORactWaterLevel_2_9605147 | Receive data: { "value" : "237" } | Doing following action in consequence: actuando!
ACTUATORactWaterLevel_2_9605147 | Receive data: { "value" : "38" } | Doing following action in consequence: actuando!
ACTUATORactWaterLevel_2_9605147 | Receive data: { "value" : "116" } | Doing following action in consequence: actuando!
ACTUATORactWaterLevel_2_9605147 | Receive data: { "value" : "14" } | Doing following action in consequence: actuando!
ACTUATORactWaterLevel_2_9605147 | Receive data: { "value" : "64" } | Doing following action in consequence: actuando!
ACTUATORactWaterLevel_2_9605147 | Receive data: { "value" : "193" } | Doing following action in consequence: actuando!
ACTUATORactWaterLevel_2_9605147 | Receive data: { "value" : "70" } | Doing following action in consequence: actuando!
ACTUATORactWaterLevel_2_9605147 | Receive data: { "value" : "111" } | Doing following action in consequence: actuando!
ACTUATORactWaterLevel_2_9605147 | Receive data: { "value" : "124" } | Doing following action in consequence: actuando!
ACTUATORactWaterLevel_2_9605147 | Receive data: { "value" : "124" } | Doing following action in consequence: actuando!
ACTUATORactWaterLevel_2_9605147 | Receive data: { "value" : "124" } | Doing following action in consequence: actuando!
ACTUATORactWaterLevel_2_9605147 | Receive data: { "value" : "169" } | Doing following action in consequence: actuando!
ACTUATORactWaterLevel_2_9605147 | Receive data: { "value" : "116" } | Doing following action in consequence: actuando!
ACTUATORactWaterLevel_2_9605147 | Receive data: { "value" : "104" } | Doing following action in consequence: actuando!
ACTUATORactWaterLevel_2_9605147 | Receive data: { "value" : "25" } | Doing following action in consequence: actuando!
ACTUATORactWaterLevel_2_9605147 | Receive data: { "value" : "237" } | Doing following action in consequence: actuando!
ACTUATORactWaterLevel_2_9605147 | Receive data: { "value" : "47" } | Doing following action in consequence: actuando!
ACTUATORactWaterLevel_2_9605147 | Receive data: { "value" : "248" } | Doing following action in consequence: actuando!
ACTUATORactWaterLevel_2_9605147 | Receive data: { "value" : "209" } | Doing following action in consequence: actuando!
ACTUATORactWaterLevel_2_9605147 | Receive data: { "value" : "65" } | Doing following action in consequence: actuando!
ACTUATORactWaterLevel_2_9605147 | Receive data: { "value" : "242" } | Doing following action in consequence: actuando!
ACTUATORactWaterLevel_2_9605147 | Receive data: { "value" : "99" } | Doing following action in consequence: actuando!
ACTUATORactWaterLevel_2_9605147 | Receive data: { "value" : "193" } | Doing following action in consequence: actuando!
ACTUATORactWaterLevel_2_9605147 | Receive data: { "value" : "18" } | Doing following action in consequence: actuando!
ACTUATORactWaterLevel_2_9605147 | Receive data: { "value" : "140" } | Doing following action in consequence: actuando!
ACTUATORactWaterLevel_2_9605147 | Receive data: { "value" : "234" } | Doing following action in consequence: actuando!
ACTUATORactWaterLevel_2_9605147 | Receive data: { "value" : "154" } | Doing following action in consequence: actuando!
ACTUATORactWaterLevel_2_9605147 | Receive data: { "value" : "7" } | Doing following action in consequence: actuando!
ACTUATORactWaterLevel_2_9605147 | Receive data: { "value" : "153" } | Doing following action in consequence: actuando!
ACTUATORactWaterLevel_2_9605147 | Receive data: { "value" : "206" } | Doing following action in consequence: actuando!
ACTUATORactWaterLevel_2_9605147 | Receive data: { "value" : "222" } | Doing following action in consequence: actuando!
ACTUATORactWaterLevel_2_9605147 | Receive data: { "value" : "241" } | Doing following action in consequence: actuando!
ACTUATORactWaterLevel_2_9605147 | Receive data: { "value" : "149" } | Doing following action in consequence: actuando!
ACTUATORactWaterLevel_2_9605147 | Receive data: { "value" : "129" } | Doing following action in consequence: actuando!
ACTUATORactWaterLevel_2_9605147 | Receive data: { "value" : "241" } | Doing following action in consequence: actuando!
ACTUATORactWaterLevel_2_9605147 | Receive data: { "value" : "106" } | Doing following action in consequence: actuando!
ACTUATORactWaterLevel_2_9605147 | Receive data: { "value" : "99" } | Doing following action in consequence: actuando!
ACTUATORactWaterLevel_2_9605147 | Receive data: { "value" : "180" } | Doing following action in consequence: actuando!
ACTUATORactWaterLevel_2_9605147 | Receive data: { "value" : "13" } | Doing following action in consequence: actuando!
ACTUATORactWaterLevel_2_9605147 | Receive data: { "value" : "145" } | Doing following action in consequence: actuando!
ACTUATORactWaterLevel_2_9605147 | Receive data: { "value" : "245" } | Doing following action in consequence: actuando!
ACTUATORactWaterLevel_2_9605147 | Receive data: { "value" : "239" } | Doing following action in consequence: actuando!
ACTUATORactWaterLevel_2_9605147 | Receive data: { "value" : "116" } | Doing following action in consequence: actuando!
ACTUATORactWaterLevel_2_9605147 | Receive data: { "value" : "62" } | Doing following action in consequence: actuando!
ACTUATORactWaterLevel_2_9605147 | Receive data: { "value" : "194" } | Doing following action in consequence: actuando!
ACTUATORactWaterLevel_2_9605147 | Receive data: { "value" : "32" } | Doing following action in consequence: actuando!
ACTUATORactWaterLevel_2_9605147 | Receive data: { "value" : "206" } | Doing following action in consequence: actuando!
ACTUATORactWaterLevel_2_9605147 | Receive data: { "value" : "133" } | Doing following action in consequence: actuando!
ACTUATORactWaterLevel_2_9605147 | Receive data: { "value" : "175" } | Doing following action in consequence: actuando!
ACTUATORactWaterLevel_2_9605147 | Receive data: { "value" : "66" } | Doing following action in consequence: actuando!
ACTUATORactWaterLevel_2_9605147 | Receive data: { "value" : "17" } | Doing following action in consequence: actuando!
ACTUATORactWaterLevel_2_9605147 | Receive data: { "value" : "99" } | Doing following action in consequence: actuando!
ACTUATORactWaterLevel_2_9605147 | Receive data: { "value" : "64" } | Doing following action in consequence: actuando!
ACTUATORactWaterLevel_2_9605147 | Receive data: { "value" : "247" } | Doing following action in consequence: actuando!
ACTUATORactWaterLevel_2_9605147 | Receive data: { "value" : "128" } | Doing following action in consequence: actuando!
ACTUATORactWaterLevel_2_9605147 | Receive data: { "value" : "114" } | Doing following action in consequence: actuando!
ACTUATORactWaterLevel_2_9605147 | Receive data: { "value" : "242" } | Doing following action in consequence: actuando!
ACTUATORactWaterLevel_2_9605147 | Receive data: { "value" : "222" } | Doing following action in consequence: actuando!
ACTUATORactWaterLevel_2_9605147 | Receive data: { "value" : "129" } | Doing following action in consequence: actuando!
ACTUATORactWaterLevel_2_9605147 | Receive data: { "value" : "212" } | Doing following action in consequence: actuando!
ACTUATORactWaterLevel_2_9605147 | Receive data: { "value" : "78" } | Doing following action in consequence: actuando!
