WARNING: An illegal reflective access operation has occurred
WARNING: Illegal reflective access by org.eclipse.paho.client.mqttv3.internal.FileLock (jar:file:/tmp/thorntailorg.eclipse.paho.client.mqttv3-1.2.012902330814952231856.jar!/) to method sun.nio.ch.FileLockImpl.release()
WARNING: Please consider reporting this to the maintainers of org.eclipse.paho.client.mqttv3.internal.FileLock
WARNING: Use --illegal-access=warn to enable warnings of further illegal reflective access operations
WARNING: All illegal access operations will be denied in a future release
Connected to tcp://mosquitto-waterlevel2:1886
Sep 07, 2023 3:43:14 PM jdk.internal.reflect.NativeMethodAccessorImpl invoke0
INFO: THORN99999: Thorntail is Ready
ACTUATORactWaterLevel_2_4580189 | Receive data: { "value" : "173" } | Doing following action in consequence: actuando!
ACTUATORactWaterLevel_2_4580189 | Receive data: { "value" : "222" } | Doing following action in consequence: actuando!
ACTUATORactWaterLevel_2_4580189 | Receive data: { "value" : "203" } | Doing following action in consequence: actuando!
ACTUATORactWaterLevel_2_4580189 | Receive data: { "value" : "73" } | Doing following action in consequence: actuando!
ACTUATORactWaterLevel_2_4580189 | Receive data: { "value" : "182" } | Doing following action in consequence: actuando!
ACTUATORactWaterLevel_2_4580189 | Receive data: { "value" : "106" } | Doing following action in consequence: actuando!
ACTUATORactWaterLevel_2_4580189 | Receive data: { "value" : "179" } | Doing following action in consequence: actuando!
ACTUATORactWaterLevel_2_4580189 | Receive data: { "value" : "127" } | Doing following action in consequence: actuando!
ACTUATORactWaterLevel_2_4580189 | Receive data: { "value" : "172" } | Doing following action in consequence: actuando!
ACTUATORactWaterLevel_2_4580189 | Receive data: { "value" : "140" } | Doing following action in consequence: actuando!
ACTUATORactWaterLevel_2_4580189 | Receive data: { "value" : "87" } | Doing following action in consequence: actuando!
ACTUATORactWaterLevel_2_4580189 | Receive data: { "value" : "58" } | Doing following action in consequence: actuando!
ACTUATORactWaterLevel_2_4580189 | Receive data: { "value" : "143" } | Doing following action in consequence: actuando!
ACTUATORactWaterLevel_2_4580189 | Receive data: { "value" : "53" } | Doing following action in consequence: actuando!
ACTUATORactWaterLevel_2_4580189 | Receive data: { "value" : "5" } | Doing following action in consequence: actuando!
ACTUATORactWaterLevel_2_4580189 | Receive data: { "value" : "30" } | Doing following action in consequence: actuando!
ACTUATORactWaterLevel_2_4580189 | Receive data: { "value" : "117" } | Doing following action in consequence: actuando!
ACTUATORactWaterLevel_2_4580189 | Receive data: { "value" : "96" } | Doing following action in consequence: actuando!
ACTUATORactWaterLevel_2_4580189 | Receive data: { "value" : "62" } | Doing following action in consequence: actuando!
ACTUATORactWaterLevel_2_4580189 | Receive data: { "value" : "23" } | Doing following action in consequence: actuando!
ACTUATORactWaterLevel_2_4580189 | Receive data: { "value" : "117" } | Doing following action in consequence: actuando!
ACTUATORactWaterLevel_2_4580189 | Receive data: { "value" : "55" } | Doing following action in consequence: actuando!
ACTUATORactWaterLevel_2_4580189 | Receive data: { "value" : "30" } | Doing following action in consequence: actuando!
ACTUATORactWaterLevel_2_4580189 | Receive data: { "value" : "244" } | Doing following action in consequence: actuando!
ACTUATORactWaterLevel_2_4580189 | Receive data: { "value" : "113" } | Doing following action in consequence: actuando!
ACTUATORactWaterLevel_2_4580189 | Receive data: { "value" : "32" } | Doing following action in consequence: actuando!
ACTUATORactWaterLevel_2_4580189 | Receive data: { "value" : "202" } | Doing following action in consequence: actuando!
ACTUATORactWaterLevel_2_4580189 | Receive data: { "value" : "5" } | Doing following action in consequence: actuando!
ACTUATORactWaterLevel_2_4580189 | Receive data: { "value" : "59" } | Doing following action in consequence: actuando!
ACTUATORactWaterLevel_2_4580189 | Receive data: { "value" : "131" } | Doing following action in consequence: actuando!
ACTUATORactWaterLevel_2_4580189 | Receive data: { "value" : "74" } | Doing following action in consequence: actuando!
ACTUATORactWaterLevel_2_4580189 | Receive data: { "value" : "70" } | Doing following action in consequence: actuando!
ACTUATORactWaterLevel_2_4580189 | Receive data: { "value" : "249" } | Doing following action in consequence: actuando!
ACTUATORactWaterLevel_2_4580189 | Receive data: { "value" : "244" } | Doing following action in consequence: actuando!
ACTUATORactWaterLevel_2_4580189 | Receive data: { "value" : "232" } | Doing following action in consequence: actuando!
ACTUATORactWaterLevel_2_4580189 | Receive data: { "value" : "24" } | Doing following action in consequence: actuando!
ACTUATORactWaterLevel_2_4580189 | Receive data: { "value" : "138" } | Doing following action in consequence: actuando!
ACTUATORactWaterLevel_2_4580189 | Receive data: { "value" : "250" } | Doing following action in consequence: actuando!
ACTUATORactWaterLevel_2_4580189 | Receive data: { "value" : "70" } | Doing following action in consequence: actuando!
ACTUATORactWaterLevel_2_4580189 | Receive data: { "value" : "128" } | Doing following action in consequence: actuando!
ACTUATORactWaterLevel_2_4580189 | Receive data: { "value" : "90" } | Doing following action in consequence: actuando!
ACTUATORactWaterLevel_2_4580189 | Receive data: { "value" : "93" } | Doing following action in consequence: actuando!
ACTUATORactWaterLevel_2_4580189 | Receive data: { "value" : "20" } | Doing following action in consequence: actuando!
ACTUATORactWaterLevel_2_4580189 | Receive data: { "value" : "105" } | Doing following action in consequence: actuando!
ACTUATORactWaterLevel_2_4580189 | Receive data: { "value" : "129" } | Doing following action in consequence: actuando!
ACTUATORactWaterLevel_2_4580189 | Receive data: { "value" : "8" } | Doing following action in consequence: actuando!
ACTUATORactWaterLevel_2_4580189 | Receive data: { "value" : "132" } | Doing following action in consequence: actuando!
ACTUATORactWaterLevel_2_4580189 | Receive data: { "value" : "5" } | Doing following action in consequence: actuando!
ACTUATORactWaterLevel_2_4580189 | Receive data: { "value" : "117" } | Doing following action in consequence: actuando!
ACTUATORactWaterLevel_2_4580189 | Receive data: { "value" : "125" } | Doing following action in consequence: actuando!
ACTUATORactWaterLevel_2_4580189 | Receive data: { "value" : "45" } | Doing following action in consequence: actuando!
ACTUATORactWaterLevel_2_4580189 | Receive data: { "value" : "231" } | Doing following action in consequence: actuando!
ACTUATORactWaterLevel_2_4580189 | Receive data: { "value" : "40" } | Doing following action in consequence: actuando!
ACTUATORactWaterLevel_2_4580189 | Receive data: { "value" : "66" } | Doing following action in consequence: actuando!
ACTUATORactWaterLevel_2_4580189 | Receive data: { "value" : "174" } | Doing following action in consequence: actuando!
ACTUATORactWaterLevel_2_4580189 | Receive data: { "value" : "26" } | Doing following action in consequence: actuando!
ACTUATORactWaterLevel_2_4580189 | Receive data: { "value" : "106" } | Doing following action in consequence: actuando!
ACTUATORactWaterLevel_2_4580189 | Receive data: { "value" : "208" } | Doing following action in consequence: actuando!
ACTUATORactWaterLevel_2_4580189 | Receive data: { "value" : "172" } | Doing following action in consequence: actuando!
ACTUATORactWaterLevel_2_4580189 | Receive data: { "value" : "123" } | Doing following action in consequence: actuando!
ACTUATORactWaterLevel_2_4580189 | Receive data: { "value" : "69" } | Doing following action in consequence: actuando!
ACTUATORactWaterLevel_2_4580189 | Receive data: { "value" : "97" } | Doing following action in consequence: actuando!
ACTUATORactWaterLevel_2_4580189 | Receive data: { "value" : "81" } | Doing following action in consequence: actuando!
ACTUATORactWaterLevel_2_4580189 | Receive data: { "value" : "26" } | Doing following action in consequence: actuando!
ACTUATORactWaterLevel_2_4580189 | Receive data: { "value" : "173" } | Doing following action in consequence: actuando!
ACTUATORactWaterLevel_2_4580189 | Receive data: { "value" : "173" } | Doing following action in consequence: actuando!
ACTUATORactWaterLevel_2_4580189 | Receive data: { "value" : "20" } | Doing following action in consequence: actuando!
ACTUATORactWaterLevel_2_4580189 | Receive data: { "value" : "87" } | Doing following action in consequence: actuando!
ACTUATORactWaterLevel_2_4580189 | Receive data: { "value" : "163" } | Doing following action in consequence: actuando!
ACTUATORactWaterLevel_2_4580189 | Receive data: { "value" : "135" } | Doing following action in consequence: actuando!
ACTUATORactWaterLevel_2_4580189 | Receive data: { "value" : "33" } | Doing following action in consequence: actuando!
ACTUATORactWaterLevel_2_4580189 | Receive data: { "value" : "103" } | Doing following action in consequence: actuando!
ACTUATORactWaterLevel_2_4580189 | Receive data: { "value" : "236" } | Doing following action in consequence: actuando!
ACTUATORactWaterLevel_2_4580189 | Receive data: { "value" : "166" } | Doing following action in consequence: actuando!
ACTUATORactWaterLevel_2_4580189 | Receive data: { "value" : "99" } | Doing following action in consequence: actuando!
ACTUATORactWaterLevel_2_4580189 | Receive data: { "value" : "229" } | Doing following action in consequence: actuando!
ACTUATORactWaterLevel_2_4580189 | Receive data: { "value" : "188" } | Doing following action in consequence: actuando!
ACTUATORactWaterLevel_2_4580189 | Receive data: { "value" : "201" } | Doing following action in consequence: actuando!
ACTUATORactWaterLevel_2_4580189 | Receive data: { "value" : "80" } | Doing following action in consequence: actuando!
ACTUATORactWaterLevel_2_4580189 | Receive data: { "value" : "237" } | Doing following action in consequence: actuando!
ACTUATORactWaterLevel_2_4580189 | Receive data: { "value" : "40" } | Doing following action in consequence: actuando!
ACTUATORactWaterLevel_2_4580189 | Receive data: { "value" : "189" } | Doing following action in consequence: actuando!
ACTUATORactWaterLevel_2_4580189 | Receive data: { "value" : "49" } | Doing following action in consequence: actuando!
ACTUATORactWaterLevel_2_4580189 | Receive data: { "value" : "62" } | Doing following action in consequence: actuando!
ACTUATORactWaterLevel_2_4580189 | Receive data: { "value" : "14" } | Doing following action in consequence: actuando!
ACTUATORactWaterLevel_2_4580189 | Receive data: { "value" : "234" } | Doing following action in consequence: actuando!
ACTUATORactWaterLevel_2_4580189 | Receive data: { "value" : "39" } | Doing following action in consequence: actuando!
ACTUATORactWaterLevel_2_4580189 | Receive data: { "value" : "170" } | Doing following action in consequence: actuando!
ACTUATORactWaterLevel_2_4580189 | Receive data: { "value" : "180" } | Doing following action in consequence: actuando!
ACTUATORactWaterLevel_2_4580189 | Receive data: { "value" : "123" } | Doing following action in consequence: actuando!
ACTUATORactWaterLevel_2_4580189 | Receive data: { "value" : "151" } | Doing following action in consequence: actuando!
ACTUATORactWaterLevel_2_4580189 | Receive data: { "value" : "62" } | Doing following action in consequence: actuando!
ACTUATORactWaterLevel_2_4580189 | Receive data: { "value" : "47" } | Doing following action in consequence: actuando!
ACTUATORactWaterLevel_2_4580189 | Receive data: { "value" : "68" } | Doing following action in consequence: actuando!
ACTUATORactWaterLevel_2_4580189 | Receive data: { "value" : "100" } | Doing following action in consequence: actuando!
ACTUATORactWaterLevel_2_4580189 | Receive data: { "value" : "104" } | Doing following action in consequence: actuando!
ACTUATORactWaterLevel_2_4580189 | Receive data: { "value" : "149" } | Doing following action in consequence: actuando!
ACTUATORactWaterLevel_2_4580189 | Receive data: { "value" : "219" } | Doing following action in consequence: actuando!
ACTUATORactWaterLevel_2_4580189 | Receive data: { "value" : "216" } | Doing following action in consequence: actuando!
ACTUATORactWaterLevel_2_4580189 | Receive data: { "value" : "106" } | Doing following action in consequence: actuando!
