WARNING: An illegal reflective access operation has occurred
WARNING: Illegal reflective access by org.eclipse.paho.client.mqttv3.internal.FileLock (jar:file:/tmp/thorntailorg.eclipse.paho.client.mqttv3-1.2.04773843704247096407.jar!/) to method sun.nio.ch.FileLockImpl.release()
WARNING: Please consider reporting this to the maintainers of org.eclipse.paho.client.mqttv3.internal.FileLock
WARNING: Use --illegal-access=warn to enable warnings of further illegal reflective access operations
WARNING: All illegal access operations will be denied in a future release
Connected to tcp://mosquitto-humidity0:1884
ACTUATORactHumidity_0_1344977 | Receive data: { "value" : "208" } | Doing following action in consequence: actuando!
Sep 07, 2023 3:33:53 PM jdk.internal.reflect.NativeMethodAccessorImpl invoke0
INFO: THORN99999: Thorntail is Ready
ACTUATORactHumidity_0_1344977 | Receive data: { "value" : "130" } | Doing following action in consequence: actuando!
ACTUATORactHumidity_0_1344977 | Receive data: { "value" : "108" } | Doing following action in consequence: actuando!
ACTUATORactHumidity_0_1344977 | Receive data: { "value" : "185" } | Doing following action in consequence: actuando!
ACTUATORactHumidity_0_1344977 | Receive data: { "value" : "194" } | Doing following action in consequence: actuando!
ACTUATORactHumidity_0_1344977 | Receive data: { "value" : "176" } | Doing following action in consequence: actuando!
ACTUATORactHumidity_0_1344977 | Receive data: { "value" : "212" } | Doing following action in consequence: actuando!
ACTUATORactHumidity_0_1344977 | Receive data: { "value" : "153" } | Doing following action in consequence: actuando!
ACTUATORactHumidity_0_1344977 | Receive data: { "value" : "4" } | Doing following action in consequence: actuando!
ACTUATORactHumidity_0_1344977 | Receive data: { "value" : "76" } | Doing following action in consequence: actuando!
ACTUATORactHumidity_0_1344977 | Receive data: { "value" : "74" } | Doing following action in consequence: actuando!
ACTUATORactHumidity_0_1344977 | Receive data: { "value" : "193" } | Doing following action in consequence: actuando!
ACTUATORactHumidity_0_1344977 | Receive data: { "value" : "194" } | Doing following action in consequence: actuando!
ACTUATORactHumidity_0_1344977 | Receive data: { "value" : "236" } | Doing following action in consequence: actuando!
ACTUATORactHumidity_0_1344977 | Receive data: { "value" : "142" } | Doing following action in consequence: actuando!
ACTUATORactHumidity_0_1344977 | Receive data: { "value" : "148" } | Doing following action in consequence: actuando!
ACTUATORactHumidity_0_1344977 | Receive data: { "value" : "229" } | Doing following action in consequence: actuando!
ACTUATORactHumidity_0_1344977 | Receive data: { "value" : "25" } | Doing following action in consequence: actuando!
ACTUATORactHumidity_0_1344977 | Receive data: { "value" : "234" } | Doing following action in consequence: actuando!
ACTUATORactHumidity_0_1344977 | Receive data: { "value" : "97" } | Doing following action in consequence: actuando!
ACTUATORactHumidity_0_1344977 | Receive data: { "value" : "176" } | Doing following action in consequence: actuando!
ACTUATORactHumidity_0_1344977 | Receive data: { "value" : "53" } | Doing following action in consequence: actuando!
ACTUATORactHumidity_0_1344977 | Receive data: { "value" : "114" } | Doing following action in consequence: actuando!
ACTUATORactHumidity_0_1344977 | Receive data: { "value" : "87" } | Doing following action in consequence: actuando!
ACTUATORactHumidity_0_1344977 | Receive data: { "value" : "149" } | Doing following action in consequence: actuando!
ACTUATORactHumidity_0_1344977 | Receive data: { "value" : "98" } | Doing following action in consequence: actuando!
ACTUATORactHumidity_0_1344977 | Receive data: { "value" : "235" } | Doing following action in consequence: actuando!
ACTUATORactHumidity_0_1344977 | Receive data: { "value" : "170" } | Doing following action in consequence: actuando!
ACTUATORactHumidity_0_1344977 | Receive data: { "value" : "232" } | Doing following action in consequence: actuando!
ACTUATORactHumidity_0_1344977 | Receive data: { "value" : "239" } | Doing following action in consequence: actuando!
ACTUATORactHumidity_0_1344977 | Receive data: { "value" : "46" } | Doing following action in consequence: actuando!
ACTUATORactHumidity_0_1344977 | Receive data: { "value" : "112" } | Doing following action in consequence: actuando!
ACTUATORactHumidity_0_1344977 | Receive data: { "value" : "94" } | Doing following action in consequence: actuando!
ACTUATORactHumidity_0_1344977 | Receive data: { "value" : "43" } | Doing following action in consequence: actuando!
ACTUATORactHumidity_0_1344977 | Receive data: { "value" : "194" } | Doing following action in consequence: actuando!
ACTUATORactHumidity_0_1344977 | Receive data: { "value" : "183" } | Doing following action in consequence: actuando!
ACTUATORactHumidity_0_1344977 | Receive data: { "value" : "222" } | Doing following action in consequence: actuando!
ACTUATORactHumidity_0_1344977 | Receive data: { "value" : "21" } | Doing following action in consequence: actuando!
ACTUATORactHumidity_0_1344977 | Receive data: { "value" : "194" } | Doing following action in consequence: actuando!
ACTUATORactHumidity_0_1344977 | Receive data: { "value" : "9" } | Doing following action in consequence: actuando!
ACTUATORactHumidity_0_1344977 | Receive data: { "value" : "126" } | Doing following action in consequence: actuando!
ACTUATORactHumidity_0_1344977 | Receive data: { "value" : "7" } | Doing following action in consequence: actuando!
ACTUATORactHumidity_0_1344977 | Receive data: { "value" : "198" } | Doing following action in consequence: actuando!
ACTUATORactHumidity_0_1344977 | Receive data: { "value" : "215" } | Doing following action in consequence: actuando!
ACTUATORactHumidity_0_1344977 | Receive data: { "value" : "26" } | Doing following action in consequence: actuando!
ACTUATORactHumidity_0_1344977 | Receive data: { "value" : "6" } | Doing following action in consequence: actuando!
ACTUATORactHumidity_0_1344977 | Receive data: { "value" : "49" } | Doing following action in consequence: actuando!
ACTUATORactHumidity_0_1344977 | Receive data: { "value" : "141" } | Doing following action in consequence: actuando!
ACTUATORactHumidity_0_1344977 | Receive data: { "value" : "175" } | Doing following action in consequence: actuando!
ACTUATORactHumidity_0_1344977 | Receive data: { "value" : "169" } | Doing following action in consequence: actuando!
ACTUATORactHumidity_0_1344977 | Receive data: { "value" : "61" } | Doing following action in consequence: actuando!
ACTUATORactHumidity_0_1344977 | Receive data: { "value" : "176" } | Doing following action in consequence: actuando!
ACTUATORactHumidity_0_1344977 | Receive data: { "value" : "131" } | Doing following action in consequence: actuando!
ACTUATORactHumidity_0_1344977 | Receive data: { "value" : "56" } | Doing following action in consequence: actuando!
ACTUATORactHumidity_0_1344977 | Receive data: { "value" : "58" } | Doing following action in consequence: actuando!
ACTUATORactHumidity_0_1344977 | Receive data: { "value" : "62" } | Doing following action in consequence: actuando!
ACTUATORactHumidity_0_1344977 | Receive data: { "value" : "36" } | Doing following action in consequence: actuando!
ACTUATORactHumidity_0_1344977 | Receive data: { "value" : "200" } | Doing following action in consequence: actuando!
ACTUATORactHumidity_0_1344977 | Receive data: { "value" : "139" } | Doing following action in consequence: actuando!
ACTUATORactHumidity_0_1344977 | Receive data: { "value" : "70" } | Doing following action in consequence: actuando!
ACTUATORactHumidity_0_1344977 | Receive data: { "value" : "40" } | Doing following action in consequence: actuando!
ACTUATORactHumidity_0_1344977 | Receive data: { "value" : "114" } | Doing following action in consequence: actuando!
ACTUATORactHumidity_0_1344977 | Receive data: { "value" : "150" } | Doing following action in consequence: actuando!
ACTUATORactHumidity_0_1344977 | Receive data: { "value" : "177" } | Doing following action in consequence: actuando!
ACTUATORactHumidity_0_1344977 | Receive data: { "value" : "139" } | Doing following action in consequence: actuando!
ACTUATORactHumidity_0_1344977 | Receive data: { "value" : "153" } | Doing following action in consequence: actuando!
ACTUATORactHumidity_0_1344977 | Receive data: { "value" : "62" } | Doing following action in consequence: actuando!
ACTUATORactHumidity_0_1344977 | Receive data: { "value" : "8" } | Doing following action in consequence: actuando!
ACTUATORactHumidity_0_1344977 | Receive data: { "value" : "23" } | Doing following action in consequence: actuando!
ACTUATORactHumidity_0_1344977 | Receive data: { "value" : "87" } | Doing following action in consequence: actuando!
ACTUATORactHumidity_0_1344977 | Receive data: { "value" : "199" } | Doing following action in consequence: actuando!
ACTUATORactHumidity_0_1344977 | Receive data: { "value" : "245" } | Doing following action in consequence: actuando!
ACTUATORactHumidity_0_1344977 | Receive data: { "value" : "6" } | Doing following action in consequence: actuando!
ACTUATORactHumidity_0_1344977 | Receive data: { "value" : "94" } | Doing following action in consequence: actuando!
ACTUATORactHumidity_0_1344977 | Receive data: { "value" : "109" } | Doing following action in consequence: actuando!
ACTUATORactHumidity_0_1344977 | Receive data: { "value" : "113" } | Doing following action in consequence: actuando!
ACTUATORactHumidity_0_1344977 | Receive data: { "value" : "139" } | Doing following action in consequence: actuando!
ACTUATORactHumidity_0_1344977 | Receive data: { "value" : "71" } | Doing following action in consequence: actuando!
ACTUATORactHumidity_0_1344977 | Receive data: { "value" : "127" } | Doing following action in consequence: actuando!
ACTUATORactHumidity_0_1344977 | Receive data: { "value" : "197" } | Doing following action in consequence: actuando!
ACTUATORactHumidity_0_1344977 | Receive data: { "value" : "220" } | Doing following action in consequence: actuando!
ACTUATORactHumidity_0_1344977 | Receive data: { "value" : "50" } | Doing following action in consequence: actuando!
ACTUATORactHumidity_0_1344977 | Receive data: { "value" : "181" } | Doing following action in consequence: actuando!
ACTUATORactHumidity_0_1344977 | Receive data: { "value" : "184" } | Doing following action in consequence: actuando!
ACTUATORactHumidity_0_1344977 | Receive data: { "value" : "230" } | Doing following action in consequence: actuando!
ACTUATORactHumidity_0_1344977 | Receive data: { "value" : "221" } | Doing following action in consequence: actuando!
ACTUATORactHumidity_0_1344977 | Receive data: { "value" : "19" } | Doing following action in consequence: actuando!
ACTUATORactHumidity_0_1344977 | Receive data: { "value" : "36" } | Doing following action in consequence: actuando!
ACTUATORactHumidity_0_1344977 | Receive data: { "value" : "29" } | Doing following action in consequence: actuando!
