WARNING: An illegal reflective access operation has occurred
WARNING: Illegal reflective access by org.eclipse.paho.client.mqttv3.internal.FileLock (jar:file:/tmp/thorntailorg.eclipse.paho.client.mqttv3-1.2.012289572446045732840.jar!/) to method sun.nio.ch.FileLockImpl.release()
WARNING: Please consider reporting this to the maintainers of org.eclipse.paho.client.mqttv3.internal.FileLock
WARNING: Use --illegal-access=warn to enable warnings of further illegal reflective access operations
WARNING: All illegal access operations will be denied in a future release
Connected to tcp://mosquitto-humidity0:1884
Sep 07, 2023 3:30:48 PM jdk.internal.reflect.NativeMethodAccessorImpl invoke0
INFO: THORN99999: Thorntail is Ready
ACTUATORactHumidity_0_9744093 | Receive data: { "value" : "211" } | Doing following action in consequence: actuando!
ACTUATORactHumidity_0_9744093 | Receive data: { "value" : "40" } | Doing following action in consequence: actuando!
ACTUATORactHumidity_0_9744093 | Receive data: { "value" : "174" } | Doing following action in consequence: actuando!
ACTUATORactHumidity_0_9744093 | Receive data: { "value" : "151" } | Doing following action in consequence: actuando!
ACTUATORactHumidity_0_9744093 | Receive data: { "value" : "71" } | Doing following action in consequence: actuando!
ACTUATORactHumidity_0_9744093 | Receive data: { "value" : "149" } | Doing following action in consequence: actuando!
ACTUATORactHumidity_0_9744093 | Receive data: { "value" : "96" } | Doing following action in consequence: actuando!
ACTUATORactHumidity_0_9744093 | Receive data: { "value" : "216" } | Doing following action in consequence: actuando!
ACTUATORactHumidity_0_9744093 | Receive data: { "value" : "69" } | Doing following action in consequence: actuando!
ACTUATORactHumidity_0_9744093 | Receive data: { "value" : "121" } | Doing following action in consequence: actuando!
ACTUATORactHumidity_0_9744093 | Receive data: { "value" : "212" } | Doing following action in consequence: actuando!
ACTUATORactHumidity_0_9744093 | Receive data: { "value" : "172" } | Doing following action in consequence: actuando!
ACTUATORactHumidity_0_9744093 | Receive data: { "value" : "179" } | Doing following action in consequence: actuando!
ACTUATORactHumidity_0_9744093 | Receive data: { "value" : "221" } | Doing following action in consequence: actuando!
ACTUATORactHumidity_0_9744093 | Receive data: { "value" : "3" } | Doing following action in consequence: actuando!
ACTUATORactHumidity_0_9744093 | Receive data: { "value" : "70" } | Doing following action in consequence: actuando!
ACTUATORactHumidity_0_9744093 | Receive data: { "value" : "235" } | Doing following action in consequence: actuando!
ACTUATORactHumidity_0_9744093 | Receive data: { "value" : "143" } | Doing following action in consequence: actuando!
ACTUATORactHumidity_0_9744093 | Receive data: { "value" : "92" } | Doing following action in consequence: actuando!
ACTUATORactHumidity_0_9744093 | Receive data: { "value" : "6" } | Doing following action in consequence: actuando!
ACTUATORactHumidity_0_9744093 | Receive data: { "value" : "192" } | Doing following action in consequence: actuando!
ACTUATORactHumidity_0_9744093 | Receive data: { "value" : "205" } | Doing following action in consequence: actuando!
ACTUATORactHumidity_0_9744093 | Receive data: { "value" : "76" } | Doing following action in consequence: actuando!
ACTUATORactHumidity_0_9744093 | Receive data: { "value" : "13" } | Doing following action in consequence: actuando!
ACTUATORactHumidity_0_9744093 | Receive data: { "value" : "242" } | Doing following action in consequence: actuando!
ACTUATORactHumidity_0_9744093 | Receive data: { "value" : "104" } | Doing following action in consequence: actuando!
ACTUATORactHumidity_0_9744093 | Receive data: { "value" : "98" } | Doing following action in consequence: actuando!
ACTUATORactHumidity_0_9744093 | Receive data: { "value" : "131" } | Doing following action in consequence: actuando!
ACTUATORactHumidity_0_9744093 | Receive data: { "value" : "158" } | Doing following action in consequence: actuando!
ACTUATORactHumidity_0_9744093 | Receive data: { "value" : "60" } | Doing following action in consequence: actuando!
ACTUATORactHumidity_0_9744093 | Receive data: { "value" : "67" } | Doing following action in consequence: actuando!
ACTUATORactHumidity_0_9744093 | Receive data: { "value" : "192" } | Doing following action in consequence: actuando!
ACTUATORactHumidity_0_9744093 | Receive data: { "value" : "239" } | Doing following action in consequence: actuando!
ACTUATORactHumidity_0_9744093 | Receive data: { "value" : "19" } | Doing following action in consequence: actuando!
ACTUATORactHumidity_0_9744093 | Receive data: { "value" : "241" } | Doing following action in consequence: actuando!
ACTUATORactHumidity_0_9744093 | Receive data: { "value" : "220" } | Doing following action in consequence: actuando!
ACTUATORactHumidity_0_9744093 | Receive data: { "value" : "181" } | Doing following action in consequence: actuando!
ACTUATORactHumidity_0_9744093 | Receive data: { "value" : "27" } | Doing following action in consequence: actuando!
ACTUATORactHumidity_0_9744093 | Receive data: { "value" : "75" } | Doing following action in consequence: actuando!
ACTUATORactHumidity_0_9744093 | Receive data: { "value" : "230" } | Doing following action in consequence: actuando!
ACTUATORactHumidity_0_9744093 | Receive data: { "value" : "196" } | Doing following action in consequence: actuando!
ACTUATORactHumidity_0_9744093 | Receive data: { "value" : "138" } | Doing following action in consequence: actuando!
ACTUATORactHumidity_0_9744093 | Receive data: { "value" : "41" } | Doing following action in consequence: actuando!
ACTUATORactHumidity_0_9744093 | Receive data: { "value" : "120" } | Doing following action in consequence: actuando!
ACTUATORactHumidity_0_9744093 | Receive data: { "value" : "220" } | Doing following action in consequence: actuando!
ACTUATORactHumidity_0_9744093 | Receive data: { "value" : "223" } | Doing following action in consequence: actuando!
ACTUATORactHumidity_0_9744093 | Receive data: { "value" : "70" } | Doing following action in consequence: actuando!
ACTUATORactHumidity_0_9744093 | Receive data: { "value" : "227" } | Doing following action in consequence: actuando!
ACTUATORactHumidity_0_9744093 | Receive data: { "value" : "183" } | Doing following action in consequence: actuando!
ACTUATORactHumidity_0_9744093 | Receive data: { "value" : "177" } | Doing following action in consequence: actuando!
ACTUATORactHumidity_0_9744093 | Receive data: { "value" : "117" } | Doing following action in consequence: actuando!
ACTUATORactHumidity_0_9744093 | Receive data: { "value" : "115" } | Doing following action in consequence: actuando!
ACTUATORactHumidity_0_9744093 | Receive data: { "value" : "188" } | Doing following action in consequence: actuando!
ACTUATORactHumidity_0_9744093 | Receive data: { "value" : "207" } | Doing following action in consequence: actuando!
ACTUATORactHumidity_0_9744093 | Receive data: { "value" : "228" } | Doing following action in consequence: actuando!
ACTUATORactHumidity_0_9744093 | Receive data: { "value" : "89" } | Doing following action in consequence: actuando!
ACTUATORactHumidity_0_9744093 | Receive data: { "value" : "102" } | Doing following action in consequence: actuando!
ACTUATORactHumidity_0_9744093 | Receive data: { "value" : "87" } | Doing following action in consequence: actuando!
ACTUATORactHumidity_0_9744093 | Receive data: { "value" : "246" } | Doing following action in consequence: actuando!
ACTUATORactHumidity_0_9744093 | Receive data: { "value" : "96" } | Doing following action in consequence: actuando!
ACTUATORactHumidity_0_9744093 | Receive data: { "value" : "109" } | Doing following action in consequence: actuando!
ACTUATORactHumidity_0_9744093 | Receive data: { "value" : "180" } | Doing following action in consequence: actuando!
ACTUATORactHumidity_0_9744093 | Receive data: { "value" : "230" } | Doing following action in consequence: actuando!
ACTUATORactHumidity_0_9744093 | Receive data: { "value" : "73" } | Doing following action in consequence: actuando!
ACTUATORactHumidity_0_9744093 | Receive data: { "value" : "215" } | Doing following action in consequence: actuando!
ACTUATORactHumidity_0_9744093 | Receive data: { "value" : "18" } | Doing following action in consequence: actuando!
ACTUATORactHumidity_0_9744093 | Receive data: { "value" : "241" } | Doing following action in consequence: actuando!
ACTUATORactHumidity_0_9744093 | Receive data: { "value" : "228" } | Doing following action in consequence: actuando!
ACTUATORactHumidity_0_9744093 | Receive data: { "value" : "2" } | Doing following action in consequence: actuando!
ACTUATORactHumidity_0_9744093 | Receive data: { "value" : "241" } | Doing following action in consequence: actuando!
ACTUATORactHumidity_0_9744093 | Receive data: { "value" : "54" } | Doing following action in consequence: actuando!
ACTUATORactHumidity_0_9744093 | Receive data: { "value" : "103" } | Doing following action in consequence: actuando!
ACTUATORactHumidity_0_9744093 | Receive data: { "value" : "233" } | Doing following action in consequence: actuando!
ACTUATORactHumidity_0_9744093 | Receive data: { "value" : "158" } | Doing following action in consequence: actuando!
ACTUATORactHumidity_0_9744093 | Receive data: { "value" : "237" } | Doing following action in consequence: actuando!
ACTUATORactHumidity_0_9744093 | Receive data: { "value" : "38" } | Doing following action in consequence: actuando!
ACTUATORactHumidity_0_9744093 | Receive data: { "value" : "13" } | Doing following action in consequence: actuando!
ACTUATORactHumidity_0_9744093 | Receive data: { "value" : "72" } | Doing following action in consequence: actuando!
ACTUATORactHumidity_0_9744093 | Receive data: { "value" : "25" } | Doing following action in consequence: actuando!
ACTUATORactHumidity_0_9744093 | Receive data: { "value" : "84" } | Doing following action in consequence: actuando!
ACTUATORactHumidity_0_9744093 | Receive data: { "value" : "103" } | Doing following action in consequence: actuando!
ACTUATORactHumidity_0_9744093 | Receive data: { "value" : "139" } | Doing following action in consequence: actuando!
ACTUATORactHumidity_0_9744093 | Receive data: { "value" : "11" } | Doing following action in consequence: actuando!
ACTUATORactHumidity_0_9744093 | Receive data: { "value" : "146" } | Doing following action in consequence: actuando!
ACTUATORactHumidity_0_9744093 | Receive data: { "value" : "54" } | Doing following action in consequence: actuando!
ACTUATORactHumidity_0_9744093 | Receive data: { "value" : "15" } | Doing following action in consequence: actuando!
ACTUATORactHumidity_0_9744093 | Receive data: { "value" : "38" } | Doing following action in consequence: actuando!
ACTUATORactHumidity_0_9744093 | Receive data: { "value" : "238" } | Doing following action in consequence: actuando!
ACTUATORactHumidity_0_9744093 | Receive data: { "value" : "182" } | Doing following action in consequence: actuando!
ACTUATORactHumidity_0_9744093 | Receive data: { "value" : "27" } | Doing following action in consequence: actuando!
ACTUATORactHumidity_0_9744093 | Receive data: { "value" : "196" } | Doing following action in consequence: actuando!
ACTUATORactHumidity_0_9744093 | Receive data: { "value" : "170" } | Doing following action in consequence: actuando!
ACTUATORactHumidity_0_9744093 | Receive data: { "value" : "60" } | Doing following action in consequence: actuando!
ACTUATORactHumidity_0_9744093 | Receive data: { "value" : "143" } | Doing following action in consequence: actuando!
ACTUATORactHumidity_0_9744093 | Receive data: { "value" : "130" } | Doing following action in consequence: actuando!
ACTUATORactHumidity_0_9744093 | Receive data: { "value" : "40" } | Doing following action in consequence: actuando!
ACTUATORactHumidity_0_9744093 | Receive data: { "value" : "54" } | Doing following action in consequence: actuando!
ACTUATORactHumidity_0_9744093 | Receive data: { "value" : "138" } | Doing following action in consequence: actuando!
ACTUATORactHumidity_0_9744093 | Receive data: { "value" : "56" } | Doing following action in consequence: actuando!
ACTUATORactHumidity_0_9744093 | Receive data: { "value" : "18" } | Doing following action in consequence: actuando!
