WARNING: An illegal reflective access operation has occurred
WARNING: Illegal reflective access by org.eclipse.paho.client.mqttv3.internal.FileLock (jar:file:/tmp/thorntailorg.eclipse.paho.client.mqttv3-1.2.01966839647311505074.jar!/) to method sun.nio.ch.FileLockImpl.release()
WARNING: Please consider reporting this to the maintainers of org.eclipse.paho.client.mqttv3.internal.FileLock
WARNING: Use --illegal-access=warn to enable warnings of further illegal reflective access operations
WARNING: All illegal access operations will be denied in a future release
Connected to tcp://mosquitto-humidity0:1884
FOG Humidity_0 | Received data: { "value" : "119" } |From topic: Humidity
FOG Humidity_0 | Received data: { "value" : "172" } |From topic: Humidity
Sep 07, 2023 3:33:45 PM jdk.internal.reflect.NativeMethodAccessorImpl invoke0
INFO: THORN99999: Thorntail is Ready
FOG Humidity_0 | Received data: { "value" : "30" } |From topic: Humidity
FOG Humidity_0 | Received data: { "value" : "117" } |From topic: Humidity
FOG Humidity_0 | Received data: { "value" : "248" } |From topic: Humidity
FOG Humidity_0 | Received data: { "value" : "159" } |From topic: Humidity
FOG Humidity_0 | Received data: { "value" : "98" } |From topic: Humidity
FOG Humidity_0 | Received data: { "value" : "173" } |From topic: Humidity
FOG Humidity_0 | Received data: { "value" : "208" } |From topic: Humidity
FOG Humidity_0 | Received data: { "value" : "130" } |From topic: Humidity
FOG Humidity_0 | Received data: { "value" : "108" } |From topic: Humidity
FOG Humidity_0 | Received data: { "value" : "185" } |From topic: Humidity
FOG Humidity_0 | Received data: { "value" : "194" } |From topic: Humidity
FOG Humidity_0 | Received data: { "value" : "176" } |From topic: Humidity
FOG Humidity_0 | Received data: { "value" : "212" } |From topic: Humidity
FOG Humidity_0 | Received data: { "value" : "153" } |From topic: Humidity
FOG Humidity_0 | Received data: { "value" : "4" } |From topic: Humidity
FOG Humidity_0 | Received data: { "value" : "76" } |From topic: Humidity
FOG Humidity_0 | Received data: { "value" : "74" } |From topic: Humidity
FOG Humidity_0 | Received data: { "value" : "193" } |From topic: Humidity
FOG Humidity_0 | Received data: { "value" : "194" } |From topic: Humidity
FOG Humidity_0 | Received data: { "value" : "236" } |From topic: Humidity
FOG Humidity_0 | Received data: { "value" : "142" } |From topic: Humidity
FOG Humidity_0 | Received data: { "value" : "148" } |From topic: Humidity
FOG Humidity_0 | Received data: { "value" : "229" } |From topic: Humidity
FOG Humidity_0 | Received data: { "value" : "25" } |From topic: Humidity
FOG Humidity_0 | Received data: { "value" : "234" } |From topic: Humidity
FOG Humidity_0 | Received data: { "value" : "97" } |From topic: Humidity
FOG Humidity_0 | Received data: { "value" : "176" } |From topic: Humidity
FOG Humidity_0 | Received data: { "value" : "53" } |From topic: Humidity
FOG Humidity_0 | Received data: { "value" : "114" } |From topic: Humidity
FOG Humidity_0 | Received data: { "value" : "87" } |From topic: Humidity
FOG Humidity_0 | Received data: { "value" : "149" } |From topic: Humidity
FOG Humidity_0 | Received data: { "value" : "98" } |From topic: Humidity
FOG Humidity_0 | Received data: { "value" : "235" } |From topic: Humidity
FOG Humidity_0 | Received data: { "value" : "170" } |From topic: Humidity
FOG Humidity_0 | Received data: { "value" : "232" } |From topic: Humidity
FOG Humidity_0 | Received data: { "value" : "239" } |From topic: Humidity
FOG Humidity_0 | Received data: { "value" : "46" } |From topic: Humidity
FOG Humidity_0 | Received data: { "value" : "112" } |From topic: Humidity
FOG Humidity_0 | Received data: { "value" : "94" } |From topic: Humidity
FOG Humidity_0 | Received data: { "value" : "43" } |From topic: Humidity
FOG Humidity_0 | Received data: { "value" : "194" } |From topic: Humidity
FOG Humidity_0 | Received data: { "value" : "183" } |From topic: Humidity
FOG Humidity_0 | Received data: { "value" : "222" } |From topic: Humidity
FOG Humidity_0 | Received data: { "value" : "21" } |From topic: Humidity
FOG Humidity_0 | Received data: { "value" : "194" } |From topic: Humidity
FOG Humidity_0 | Received data: { "value" : "9" } |From topic: Humidity
FOG Humidity_0 | Received data: { "value" : "126" } |From topic: Humidity
FOG Humidity_0 | Received data: { "value" : "7" } |From topic: Humidity
FOG Humidity_0 | Received data: { "value" : "198" } |From topic: Humidity
FOG Humidity_0 | Received data: { "value" : "215" } |From topic: Humidity
FOG Humidity_0 | Received data: { "value" : "26" } |From topic: Humidity
FOG Humidity_0 | Received data: { "value" : "6" } |From topic: Humidity
FOG Humidity_0 | Received data: { "value" : "49" } |From topic: Humidity
FOG Humidity_0 | Received data: { "value" : "141" } |From topic: Humidity
FOG Humidity_0 | Received data: { "value" : "175" } |From topic: Humidity
FOG Humidity_0 | Received data: { "value" : "169" } |From topic: Humidity
FOG Humidity_0 | Received data: { "value" : "61" } |From topic: Humidity
FOG Humidity_0 | Received data: { "value" : "176" } |From topic: Humidity
FOG Humidity_0 | Received data: { "value" : "131" } |From topic: Humidity
FOG Humidity_0 | Received data: { "value" : "56" } |From topic: Humidity
FOG Humidity_0 | Received data: { "value" : "58" } |From topic: Humidity
FOG Humidity_0 | Received data: { "value" : "62" } |From topic: Humidity
FOG Humidity_0 | Received data: { "value" : "36" } |From topic: Humidity
FOG Humidity_0 | Received data: { "value" : "200" } |From topic: Humidity
FOG Humidity_0 | Received data: { "value" : "139" } |From topic: Humidity
FOG Humidity_0 | Received data: { "value" : "70" } |From topic: Humidity
FOG Humidity_0 | Received data: { "value" : "40" } |From topic: Humidity
FOG Humidity_0 | Received data: { "value" : "114" } |From topic: Humidity
FOG Humidity_0 | Received data: { "value" : "150" } |From topic: Humidity
FOG Humidity_0 | Received data: { "value" : "177" } |From topic: Humidity
FOG Humidity_0 | Received data: { "value" : "139" } |From topic: Humidity
FOG Humidity_0 | Received data: { "value" : "153" } |From topic: Humidity
FOG Humidity_0 | Received data: { "value" : "62" } |From topic: Humidity
FOG Humidity_0 | Received data: { "value" : "8" } |From topic: Humidity
FOG Humidity_0 | Received data: { "value" : "23" } |From topic: Humidity
FOG Humidity_0 | Received data: { "value" : "87" } |From topic: Humidity
FOG Humidity_0 | Received data: { "value" : "199" } |From topic: Humidity
FOG Humidity_0 | Received data: { "value" : "245" } |From topic: Humidity
FOG Humidity_0 | Received data: { "value" : "6" } |From topic: Humidity
FOG Humidity_0 | Received data: { "value" : "94" } |From topic: Humidity
FOG Humidity_0 | Received data: { "value" : "109" } |From topic: Humidity
FOG Humidity_0 | Received data: { "value" : "113" } |From topic: Humidity
FOG Humidity_0 | Received data: { "value" : "139" } |From topic: Humidity
FOG Humidity_0 | Received data: { "value" : "71" } |From topic: Humidity
FOG Humidity_0 | Received data: { "value" : "127" } |From topic: Humidity
FOG Humidity_0 | Received data: { "value" : "197" } |From topic: Humidity
FOG Humidity_0 | Received data: { "value" : "220" } |From topic: Humidity
FOG Humidity_0 | Received data: { "value" : "50" } |From topic: Humidity
FOG Humidity_0 | Received data: { "value" : "181" } |From topic: Humidity
FOG Humidity_0 | Received data: { "value" : "184" } |From topic: Humidity
FOG Humidity_0 | Received data: { "value" : "230" } |From topic: Humidity
FOG Humidity_0 | Received data: { "value" : "221" } |From topic: Humidity
FOG Humidity_0 | Received data: { "value" : "19" } |From topic: Humidity
FOG Humidity_0 | Received data: { "value" : "36" } |From topic: Humidity
FOG Humidity_0 | Received data: { "value" : "29" } |From topic: Humidity
