WARNING: An illegal reflective access operation has occurred
WARNING: Illegal reflective access by org.eclipse.paho.client.mqttv3.internal.FileLock (jar:file:/tmp/thorntailorg.eclipse.paho.client.mqttv3-1.2.04812530961953448639.jar!/) to method sun.nio.ch.FileLockImpl.release()
WARNING: Please consider reporting this to the maintainers of org.eclipse.paho.client.mqttv3.internal.FileLock
WARNING: Use --illegal-access=warn to enable warnings of further illegal reflective access operations
WARNING: All illegal access operations will be denied in a future release
Connected to tcp://mosquitto-humidity0:1884
Sep 07, 2023 3:43:16 PM jdk.internal.reflect.NativeMethodAccessorImpl invoke0
INFO: THORN99999: Thorntail is Ready
FOG Humidity_0 | Received data: { "value" : "167" } |From topic: Humidity
FOG Humidity_0 | Received data: { "value" : "172" } |From topic: Humidity
FOG Humidity_0 | Received data: { "value" : "133" } |From topic: Humidity
FOG Humidity_0 | Received data: { "value" : "49" } |From topic: Humidity
FOG Humidity_0 | Received data: { "value" : "34" } |From topic: Humidity
FOG Humidity_0 | Received data: { "value" : "67" } |From topic: Humidity
FOG Humidity_0 | Received data: { "value" : "153" } |From topic: Humidity
FOG Humidity_0 | Received data: { "value" : "86" } |From topic: Humidity
FOG Humidity_0 | Received data: { "value" : "31" } |From topic: Humidity
FOG Humidity_0 | Received data: { "value" : "20" } |From topic: Humidity
FOG Humidity_0 | Received data: { "value" : "85" } |From topic: Humidity
FOG Humidity_0 | Received data: { "value" : "87" } |From topic: Humidity
FOG Humidity_0 | Received data: { "value" : "41" } |From topic: Humidity
FOG Humidity_0 | Received data: { "value" : "200" } |From topic: Humidity
FOG Humidity_0 | Received data: { "value" : "219" } |From topic: Humidity
FOG Humidity_0 | Received data: { "value" : "237" } |From topic: Humidity
FOG Humidity_0 | Received data: { "value" : "235" } |From topic: Humidity
FOG Humidity_0 | Received data: { "value" : "6" } |From topic: Humidity
FOG Humidity_0 | Received data: { "value" : "182" } |From topic: Humidity
FOG Humidity_0 | Received data: { "value" : "95" } |From topic: Humidity
FOG Humidity_0 | Received data: { "value" : "184" } |From topic: Humidity
FOG Humidity_0 | Received data: { "value" : "191" } |From topic: Humidity
FOG Humidity_0 | Received data: { "value" : "195" } |From topic: Humidity
FOG Humidity_0 | Received data: { "value" : "126" } |From topic: Humidity
FOG Humidity_0 | Received data: { "value" : "116" } |From topic: Humidity
FOG Humidity_0 | Received data: { "value" : "194" } |From topic: Humidity
FOG Humidity_0 | Received data: { "value" : "12" } |From topic: Humidity
FOG Humidity_0 | Received data: { "value" : "71" } |From topic: Humidity
FOG Humidity_0 | Received data: { "value" : "176" } |From topic: Humidity
FOG Humidity_0 | Received data: { "value" : "248" } |From topic: Humidity
FOG Humidity_0 | Received data: { "value" : "9" } |From topic: Humidity
FOG Humidity_0 | Received data: { "value" : "108" } |From topic: Humidity
FOG Humidity_0 | Received data: { "value" : "185" } |From topic: Humidity
FOG Humidity_0 | Received data: { "value" : "13" } |From topic: Humidity
FOG Humidity_0 | Received data: { "value" : "250" } |From topic: Humidity
FOG Humidity_0 | Received data: { "value" : "37" } |From topic: Humidity
FOG Humidity_0 | Received data: { "value" : "139" } |From topic: Humidity
FOG Humidity_0 | Received data: { "value" : "220" } |From topic: Humidity
FOG Humidity_0 | Received data: { "value" : "121" } |From topic: Humidity
FOG Humidity_0 | Received data: { "value" : "39" } |From topic: Humidity
FOG Humidity_0 | Received data: { "value" : "87" } |From topic: Humidity
FOG Humidity_0 | Received data: { "value" : "157" } |From topic: Humidity
FOG Humidity_0 | Received data: { "value" : "135" } |From topic: Humidity
FOG Humidity_0 | Received data: { "value" : "209" } |From topic: Humidity
FOG Humidity_0 | Received data: { "value" : "158" } |From topic: Humidity
FOG Humidity_0 | Received data: { "value" : "49" } |From topic: Humidity
FOG Humidity_0 | Received data: { "value" : "97" } |From topic: Humidity
FOG Humidity_0 | Received data: { "value" : "248" } |From topic: Humidity
FOG Humidity_0 | Received data: { "value" : "232" } |From topic: Humidity
FOG Humidity_0 | Received data: { "value" : "47" } |From topic: Humidity
FOG Humidity_0 | Received data: { "value" : "198" } |From topic: Humidity
FOG Humidity_0 | Received data: { "value" : "249" } |From topic: Humidity
FOG Humidity_0 | Received data: { "value" : "184" } |From topic: Humidity
FOG Humidity_0 | Received data: { "value" : "8" } |From topic: Humidity
FOG Humidity_0 | Received data: { "value" : "97" } |From topic: Humidity
FOG Humidity_0 | Received data: { "value" : "113" } |From topic: Humidity
FOG Humidity_0 | Received data: { "value" : "217" } |From topic: Humidity
FOG Humidity_0 | Received data: { "value" : "182" } |From topic: Humidity
FOG Humidity_0 | Received data: { "value" : "49" } |From topic: Humidity
FOG Humidity_0 | Received data: { "value" : "235" } |From topic: Humidity
FOG Humidity_0 | Received data: { "value" : "181" } |From topic: Humidity
FOG Humidity_0 | Received data: { "value" : "26" } |From topic: Humidity
FOG Humidity_0 | Received data: { "value" : "139" } |From topic: Humidity
FOG Humidity_0 | Received data: { "value" : "32" } |From topic: Humidity
FOG Humidity_0 | Received data: { "value" : "116" } |From topic: Humidity
FOG Humidity_0 | Received data: { "value" : "237" } |From topic: Humidity
FOG Humidity_0 | Received data: { "value" : "61" } |From topic: Humidity
FOG Humidity_0 | Received data: { "value" : "71" } |From topic: Humidity
FOG Humidity_0 | Received data: { "value" : "88" } |From topic: Humidity
FOG Humidity_0 | Received data: { "value" : "130" } |From topic: Humidity
FOG Humidity_0 | Received data: { "value" : "108" } |From topic: Humidity
FOG Humidity_0 | Received data: { "value" : "194" } |From topic: Humidity
FOG Humidity_0 | Received data: { "value" : "74" } |From topic: Humidity
FOG Humidity_0 | Received data: { "value" : "210" } |From topic: Humidity
FOG Humidity_0 | Received data: { "value" : "190" } |From topic: Humidity
FOG Humidity_0 | Received data: { "value" : "193" } |From topic: Humidity
FOG Humidity_0 | Received data: { "value" : "242" } |From topic: Humidity
FOG Humidity_0 | Received data: { "value" : "142" } |From topic: Humidity
FOG Humidity_0 | Received data: { "value" : "213" } |From topic: Humidity
FOG Humidity_0 | Received data: { "value" : "104" } |From topic: Humidity
FOG Humidity_0 | Received data: { "value" : "94" } |From topic: Humidity
FOG Humidity_0 | Received data: { "value" : "245" } |From topic: Humidity
FOG Humidity_0 | Received data: { "value" : "10" } |From topic: Humidity
FOG Humidity_0 | Received data: { "value" : "144" } |From topic: Humidity
FOG Humidity_0 | Received data: { "value" : "247" } |From topic: Humidity
FOG Humidity_0 | Received data: { "value" : "98" } |From topic: Humidity
FOG Humidity_0 | Received data: { "value" : "60" } |From topic: Humidity
FOG Humidity_0 | Received data: { "value" : "111" } |From topic: Humidity
FOG Humidity_0 | Received data: { "value" : "124" } |From topic: Humidity
FOG Humidity_0 | Received data: { "value" : "103" } |From topic: Humidity
FOG Humidity_0 | Received data: { "value" : "208" } |From topic: Humidity
FOG Humidity_0 | Received data: { "value" : "134" } |From topic: Humidity
FOG Humidity_0 | Received data: { "value" : "161" } |From topic: Humidity
FOG Humidity_0 | Received data: { "value" : "147" } |From topic: Humidity
FOG Humidity_0 | Received data: { "value" : "232" } |From topic: Humidity
FOG Humidity_0 | Received data: { "value" : "150" } |From topic: Humidity
FOG Humidity_0 | Received data: { "value" : "85" } |From topic: Humidity
FOG Humidity_0 | Received data: { "value" : "89" } |From topic: Humidity
FOG Humidity_0 | Received data: { "value" : "151" } |From topic: Humidity
FOG Humidity_0 | Received data: { "value" : "165" } |From topic: Humidity
