WARNING: An illegal reflective access operation has occurred
WARNING: Illegal reflective access by org.eclipse.paho.client.mqttv3.internal.FileLock (jar:file:/tmp/thorntailorg.eclipse.paho.client.mqttv3-1.2.014857590653008141784.jar!/) to method sun.nio.ch.FileLockImpl.release()
WARNING: Please consider reporting this to the maintainers of org.eclipse.paho.client.mqttv3.internal.FileLock
WARNING: Use --illegal-access=warn to enable warnings of further illegal reflective access operations
WARNING: All illegal access operations will be denied in a future release
Connected to tcp://mosquitto-humidity0:1884
FOG Humidity_0 | Received data: { "value" : "211" } |From topic: Humidity
FOG Humidity_0 | Received data: { "value" : "40" } |From topic: Humidity
Sep 07, 2023 3:30:51 PM jdk.internal.reflect.NativeMethodAccessorImpl invoke0
INFO: THORN99999: Thorntail is Ready
FOG Humidity_0 | Received data: { "value" : "174" } |From topic: Humidity
FOG Humidity_0 | Received data: { "value" : "151" } |From topic: Humidity
FOG Humidity_0 | Received data: { "value" : "71" } |From topic: Humidity
FOG Humidity_0 | Received data: { "value" : "149" } |From topic: Humidity
FOG Humidity_0 | Received data: { "value" : "96" } |From topic: Humidity
FOG Humidity_0 | Received data: { "value" : "216" } |From topic: Humidity
FOG Humidity_0 | Received data: { "value" : "69" } |From topic: Humidity
FOG Humidity_0 | Received data: { "value" : "121" } |From topic: Humidity
FOG Humidity_0 | Received data: { "value" : "212" } |From topic: Humidity
FOG Humidity_0 | Received data: { "value" : "172" } |From topic: Humidity
FOG Humidity_0 | Received data: { "value" : "179" } |From topic: Humidity
FOG Humidity_0 | Received data: { "value" : "221" } |From topic: Humidity
FOG Humidity_0 | Received data: { "value" : "3" } |From topic: Humidity
FOG Humidity_0 | Received data: { "value" : "70" } |From topic: Humidity
FOG Humidity_0 | Received data: { "value" : "235" } |From topic: Humidity
FOG Humidity_0 | Received data: { "value" : "143" } |From topic: Humidity
FOG Humidity_0 | Received data: { "value" : "92" } |From topic: Humidity
FOG Humidity_0 | Received data: { "value" : "6" } |From topic: Humidity
FOG Humidity_0 | Received data: { "value" : "192" } |From topic: Humidity
FOG Humidity_0 | Received data: { "value" : "205" } |From topic: Humidity
FOG Humidity_0 | Received data: { "value" : "76" } |From topic: Humidity
FOG Humidity_0 | Received data: { "value" : "13" } |From topic: Humidity
FOG Humidity_0 | Received data: { "value" : "242" } |From topic: Humidity
FOG Humidity_0 | Received data: { "value" : "104" } |From topic: Humidity
FOG Humidity_0 | Received data: { "value" : "98" } |From topic: Humidity
FOG Humidity_0 | Received data: { "value" : "131" } |From topic: Humidity
FOG Humidity_0 | Received data: { "value" : "158" } |From topic: Humidity
FOG Humidity_0 | Received data: { "value" : "60" } |From topic: Humidity
FOG Humidity_0 | Received data: { "value" : "67" } |From topic: Humidity
FOG Humidity_0 | Received data: { "value" : "192" } |From topic: Humidity
FOG Humidity_0 | Received data: { "value" : "239" } |From topic: Humidity
FOG Humidity_0 | Received data: { "value" : "19" } |From topic: Humidity
FOG Humidity_0 | Received data: { "value" : "241" } |From topic: Humidity
FOG Humidity_0 | Received data: { "value" : "220" } |From topic: Humidity
FOG Humidity_0 | Received data: { "value" : "181" } |From topic: Humidity
FOG Humidity_0 | Received data: { "value" : "27" } |From topic: Humidity
FOG Humidity_0 | Received data: { "value" : "75" } |From topic: Humidity
FOG Humidity_0 | Received data: { "value" : "230" } |From topic: Humidity
FOG Humidity_0 | Received data: { "value" : "196" } |From topic: Humidity
FOG Humidity_0 | Received data: { "value" : "138" } |From topic: Humidity
FOG Humidity_0 | Received data: { "value" : "41" } |From topic: Humidity
FOG Humidity_0 | Received data: { "value" : "120" } |From topic: Humidity
FOG Humidity_0 | Received data: { "value" : "220" } |From topic: Humidity
FOG Humidity_0 | Received data: { "value" : "223" } |From topic: Humidity
FOG Humidity_0 | Received data: { "value" : "70" } |From topic: Humidity
FOG Humidity_0 | Received data: { "value" : "227" } |From topic: Humidity
FOG Humidity_0 | Received data: { "value" : "183" } |From topic: Humidity
FOG Humidity_0 | Received data: { "value" : "177" } |From topic: Humidity
FOG Humidity_0 | Received data: { "value" : "117" } |From topic: Humidity
FOG Humidity_0 | Received data: { "value" : "115" } |From topic: Humidity
FOG Humidity_0 | Received data: { "value" : "188" } |From topic: Humidity
FOG Humidity_0 | Received data: { "value" : "207" } |From topic: Humidity
FOG Humidity_0 | Received data: { "value" : "228" } |From topic: Humidity
FOG Humidity_0 | Received data: { "value" : "89" } |From topic: Humidity
FOG Humidity_0 | Received data: { "value" : "102" } |From topic: Humidity
FOG Humidity_0 | Received data: { "value" : "87" } |From topic: Humidity
FOG Humidity_0 | Received data: { "value" : "246" } |From topic: Humidity
FOG Humidity_0 | Received data: { "value" : "96" } |From topic: Humidity
FOG Humidity_0 | Received data: { "value" : "109" } |From topic: Humidity
FOG Humidity_0 | Received data: { "value" : "180" } |From topic: Humidity
FOG Humidity_0 | Received data: { "value" : "230" } |From topic: Humidity
FOG Humidity_0 | Received data: { "value" : "73" } |From topic: Humidity
FOG Humidity_0 | Received data: { "value" : "215" } |From topic: Humidity
FOG Humidity_0 | Received data: { "value" : "18" } |From topic: Humidity
FOG Humidity_0 | Received data: { "value" : "241" } |From topic: Humidity
FOG Humidity_0 | Received data: { "value" : "228" } |From topic: Humidity
FOG Humidity_0 | Received data: { "value" : "2" } |From topic: Humidity
FOG Humidity_0 | Received data: { "value" : "241" } |From topic: Humidity
FOG Humidity_0 | Received data: { "value" : "54" } |From topic: Humidity
FOG Humidity_0 | Received data: { "value" : "103" } |From topic: Humidity
FOG Humidity_0 | Received data: { "value" : "233" } |From topic: Humidity
FOG Humidity_0 | Received data: { "value" : "158" } |From topic: Humidity
FOG Humidity_0 | Received data: { "value" : "237" } |From topic: Humidity
FOG Humidity_0 | Received data: { "value" : "38" } |From topic: Humidity
FOG Humidity_0 | Received data: { "value" : "13" } |From topic: Humidity
FOG Humidity_0 | Received data: { "value" : "72" } |From topic: Humidity
FOG Humidity_0 | Received data: { "value" : "25" } |From topic: Humidity
FOG Humidity_0 | Received data: { "value" : "84" } |From topic: Humidity
FOG Humidity_0 | Received data: { "value" : "103" } |From topic: Humidity
FOG Humidity_0 | Received data: { "value" : "139" } |From topic: Humidity
FOG Humidity_0 | Received data: { "value" : "11" } |From topic: Humidity
FOG Humidity_0 | Received data: { "value" : "146" } |From topic: Humidity
FOG Humidity_0 | Received data: { "value" : "54" } |From topic: Humidity
FOG Humidity_0 | Received data: { "value" : "15" } |From topic: Humidity
FOG Humidity_0 | Received data: { "value" : "38" } |From topic: Humidity
FOG Humidity_0 | Received data: { "value" : "238" } |From topic: Humidity
FOG Humidity_0 | Received data: { "value" : "182" } |From topic: Humidity
FOG Humidity_0 | Received data: { "value" : "27" } |From topic: Humidity
FOG Humidity_0 | Received data: { "value" : "196" } |From topic: Humidity
FOG Humidity_0 | Received data: { "value" : "170" } |From topic: Humidity
FOG Humidity_0 | Received data: { "value" : "60" } |From topic: Humidity
FOG Humidity_0 | Received data: { "value" : "143" } |From topic: Humidity
FOG Humidity_0 | Received data: { "value" : "130" } |From topic: Humidity
FOG Humidity_0 | Received data: { "value" : "40" } |From topic: Humidity
FOG Humidity_0 | Received data: { "value" : "54" } |From topic: Humidity
FOG Humidity_0 | Received data: { "value" : "138" } |From topic: Humidity
FOG Humidity_0 | Received data: { "value" : "56" } |From topic: Humidity
FOG Humidity_0 | Received data: { "value" : "18" } |From topic: Humidity
