WARNING: An illegal reflective access operation has occurred
WARNING: Illegal reflective access by org.eclipse.paho.client.mqttv3.internal.FileLock (jar:file:/tmp/thorntailorg.eclipse.paho.client.mqttv3-1.2.016456398669378656429.jar!/) to method sun.nio.ch.FileLockImpl.release()
WARNING: Please consider reporting this to the maintainers of org.eclipse.paho.client.mqttv3.internal.FileLock
WARNING: Use --illegal-access=warn to enable warnings of further illegal reflective access operations
WARNING: All illegal access operations will be denied in a future release
Connected to tcp://mosquitto-humidity0:1884
DEVICE sensHumidity_0_9871931 | Publishing data = { "value" : "248" } | To topic Humidity
DEVICE sensHumidity_0_9871931 | Publishing data = { "value" : "184" } | To topic Humidity
DEVICE sensHumidity_0_9871931 | Publishing data = { "value" : "36" } | To topic Humidity
DEVICE sensHumidity_0_9871931 | Publishing data = { "value" : "119" } | To topic Humidity
DEVICE sensHumidity_0_9871931 | Publishing data = { "value" : "172" } | To topic Humidity
DEVICE sensHumidity_0_9871931 | Publishing data = { "value" : "30" } | To topic Humidity
DEVICE sensHumidity_0_9871931 | Publishing data = { "value" : "117" } | To topic Humidity
DEVICE sensHumidity_0_9871931 | Publishing data = { "value" : "248" } | To topic Humidity
DEVICE sensHumidity_0_9871931 | Publishing data = { "value" : "159" } | To topic Humidity
DEVICE sensHumidity_0_9871931 | Publishing data = { "value" : "98" } | To topic Humidity
DEVICE sensHumidity_0_9871931 | Publishing data = { "value" : "173" } | To topic Humidity
DEVICE sensHumidity_0_9871931 | Publishing data = { "value" : "208" } | To topic Humidity
DEVICE sensHumidity_0_9871931 | Publishing data = { "value" : "130" } | To topic Humidity
DEVICE sensHumidity_0_9871931 | Publishing data = { "value" : "108" } | To topic Humidity
DEVICE sensHumidity_0_9871931 | Publishing data = { "value" : "185" } | To topic Humidity
DEVICE sensHumidity_0_9871931 | Publishing data = { "value" : "194" } | To topic Humidity
DEVICE sensHumidity_0_9871931 | Publishing data = { "value" : "176" } | To topic Humidity
DEVICE sensHumidity_0_9871931 | Publishing data = { "value" : "212" } | To topic Humidity
DEVICE sensHumidity_0_9871931 | Publishing data = { "value" : "153" } | To topic Humidity
DEVICE sensHumidity_0_9871931 | Publishing data = { "value" : "4" } | To topic Humidity
DEVICE sensHumidity_0_9871931 | Publishing data = { "value" : "76" } | To topic Humidity
DEVICE sensHumidity_0_9871931 | Publishing data = { "value" : "74" } | To topic Humidity
DEVICE sensHumidity_0_9871931 | Publishing data = { "value" : "193" } | To topic Humidity
DEVICE sensHumidity_0_9871931 | Publishing data = { "value" : "194" } | To topic Humidity
DEVICE sensHumidity_0_9871931 | Publishing data = { "value" : "236" } | To topic Humidity
DEVICE sensHumidity_0_9871931 | Publishing data = { "value" : "142" } | To topic Humidity
DEVICE sensHumidity_0_9871931 | Publishing data = { "value" : "148" } | To topic Humidity
DEVICE sensHumidity_0_9871931 | Publishing data = { "value" : "229" } | To topic Humidity
DEVICE sensHumidity_0_9871931 | Publishing data = { "value" : "25" } | To topic Humidity
DEVICE sensHumidity_0_9871931 | Publishing data = { "value" : "234" } | To topic Humidity
DEVICE sensHumidity_0_9871931 | Publishing data = { "value" : "97" } | To topic Humidity
DEVICE sensHumidity_0_9871931 | Publishing data = { "value" : "176" } | To topic Humidity
DEVICE sensHumidity_0_9871931 | Publishing data = { "value" : "53" } | To topic Humidity
DEVICE sensHumidity_0_9871931 | Publishing data = { "value" : "114" } | To topic Humidity
DEVICE sensHumidity_0_9871931 | Publishing data = { "value" : "87" } | To topic Humidity
DEVICE sensHumidity_0_9871931 | Publishing data = { "value" : "149" } | To topic Humidity
DEVICE sensHumidity_0_9871931 | Publishing data = { "value" : "98" } | To topic Humidity
DEVICE sensHumidity_0_9871931 | Publishing data = { "value" : "235" } | To topic Humidity
DEVICE sensHumidity_0_9871931 | Publishing data = { "value" : "170" } | To topic Humidity
DEVICE sensHumidity_0_9871931 | Publishing data = { "value" : "232" } | To topic Humidity
DEVICE sensHumidity_0_9871931 | Publishing data = { "value" : "239" } | To topic Humidity
DEVICE sensHumidity_0_9871931 | Publishing data = { "value" : "46" } | To topic Humidity
DEVICE sensHumidity_0_9871931 | Publishing data = { "value" : "112" } | To topic Humidity
DEVICE sensHumidity_0_9871931 | Publishing data = { "value" : "94" } | To topic Humidity
DEVICE sensHumidity_0_9871931 | Publishing data = { "value" : "43" } | To topic Humidity
DEVICE sensHumidity_0_9871931 | Publishing data = { "value" : "194" } | To topic Humidity
DEVICE sensHumidity_0_9871931 | Publishing data = { "value" : "183" } | To topic Humidity
DEVICE sensHumidity_0_9871931 | Publishing data = { "value" : "222" } | To topic Humidity
DEVICE sensHumidity_0_9871931 | Publishing data = { "value" : "21" } | To topic Humidity
DEVICE sensHumidity_0_9871931 | Publishing data = { "value" : "194" } | To topic Humidity
DEVICE sensHumidity_0_9871931 | Publishing data = { "value" : "9" } | To topic Humidity
DEVICE sensHumidity_0_9871931 | Publishing data = { "value" : "126" } | To topic Humidity
DEVICE sensHumidity_0_9871931 | Publishing data = { "value" : "7" } | To topic Humidity
DEVICE sensHumidity_0_9871931 | Publishing data = { "value" : "198" } | To topic Humidity
DEVICE sensHumidity_0_9871931 | Publishing data = { "value" : "215" } | To topic Humidity
DEVICE sensHumidity_0_9871931 | Publishing data = { "value" : "26" } | To topic Humidity
DEVICE sensHumidity_0_9871931 | Publishing data = { "value" : "6" } | To topic Humidity
DEVICE sensHumidity_0_9871931 | Publishing data = { "value" : "49" } | To topic Humidity
DEVICE sensHumidity_0_9871931 | Publishing data = { "value" : "141" } | To topic Humidity
DEVICE sensHumidity_0_9871931 | Publishing data = { "value" : "175" } | To topic Humidity
DEVICE sensHumidity_0_9871931 | Publishing data = { "value" : "169" } | To topic Humidity
DEVICE sensHumidity_0_9871931 | Publishing data = { "value" : "61" } | To topic Humidity
DEVICE sensHumidity_0_9871931 | Publishing data = { "value" : "176" } | To topic Humidity
DEVICE sensHumidity_0_9871931 | Publishing data = { "value" : "131" } | To topic Humidity
DEVICE sensHumidity_0_9871931 | Publishing data = { "value" : "56" } | To topic Humidity
DEVICE sensHumidity_0_9871931 | Publishing data = { "value" : "58" } | To topic Humidity
DEVICE sensHumidity_0_9871931 | Publishing data = { "value" : "62" } | To topic Humidity
DEVICE sensHumidity_0_9871931 | Publishing data = { "value" : "36" } | To topic Humidity
DEVICE sensHumidity_0_9871931 | Publishing data = { "value" : "200" } | To topic Humidity
DEVICE sensHumidity_0_9871931 | Publishing data = { "value" : "139" } | To topic Humidity
DEVICE sensHumidity_0_9871931 | Publishing data = { "value" : "70" } | To topic Humidity
DEVICE sensHumidity_0_9871931 | Publishing data = { "value" : "40" } | To topic Humidity
DEVICE sensHumidity_0_9871931 | Publishing data = { "value" : "114" } | To topic Humidity
DEVICE sensHumidity_0_9871931 | Publishing data = { "value" : "150" } | To topic Humidity
DEVICE sensHumidity_0_9871931 | Publishing data = { "value" : "177" } | To topic Humidity
DEVICE sensHumidity_0_9871931 | Publishing data = { "value" : "139" } | To topic Humidity
DEVICE sensHumidity_0_9871931 | Publishing data = { "value" : "153" } | To topic Humidity
DEVICE sensHumidity_0_9871931 | Publishing data = { "value" : "62" } | To topic Humidity
DEVICE sensHumidity_0_9871931 | Publishing data = { "value" : "8" } | To topic Humidity
DEVICE sensHumidity_0_9871931 | Publishing data = { "value" : "23" } | To topic Humidity
DEVICE sensHumidity_0_9871931 | Publishing data = { "value" : "87" } | To topic Humidity
DEVICE sensHumidity_0_9871931 | Publishing data = { "value" : "199" } | To topic Humidity
DEVICE sensHumidity_0_9871931 | Publishing data = { "value" : "245" } | To topic Humidity
DEVICE sensHumidity_0_9871931 | Publishing data = { "value" : "6" } | To topic Humidity
DEVICE sensHumidity_0_9871931 | Publishing data = { "value" : "94" } | To topic Humidity
DEVICE sensHumidity_0_9871931 | Publishing data = { "value" : "109" } | To topic Humidity
DEVICE sensHumidity_0_9871931 | Publishing data = { "value" : "113" } | To topic Humidity
DEVICE sensHumidity_0_9871931 | Publishing data = { "value" : "139" } | To topic Humidity
DEVICE sensHumidity_0_9871931 | Publishing data = { "value" : "71" } | To topic Humidity
DEVICE sensHumidity_0_9871931 | Publishing data = { "value" : "127" } | To topic Humidity
DEVICE sensHumidity_0_9871931 | Publishing data = { "value" : "197" } | To topic Humidity
DEVICE sensHumidity_0_9871931 | Publishing data = { "value" : "220" } | To topic Humidity
DEVICE sensHumidity_0_9871931 | Publishing data = { "value" : "50" } | To topic Humidity
DEVICE sensHumidity_0_9871931 | Publishing data = { "value" : "181" } | To topic Humidity
DEVICE sensHumidity_0_9871931 | Publishing data = { "value" : "184" } | To topic Humidity
DEVICE sensHumidity_0_9871931 | Publishing data = { "value" : "230" } | To topic Humidity
DEVICE sensHumidity_0_9871931 | Publishing data = { "value" : "221" } | To topic Humidity
DEVICE sensHumidity_0_9871931 | Publishing data = { "value" : "19" } | To topic Humidity
DEVICE sensHumidity_0_9871931 | Publishing data = { "value" : "36" } | To topic Humidity
DEVICE sensHumidity_0_9871931 | Publishing data = { "value" : "29" } | To topic Humidity
Sep 07, 2023 3:35:23 PM jdk.internal.reflect.NativeMethodAccessorImpl invoke0
INFO: THORN99999: Thorntail is Ready
