WARNING: An illegal reflective access operation has occurred
WARNING: Illegal reflective access by org.eclipse.paho.client.mqttv3.internal.FileLock (jar:file:/tmp/thorntailorg.eclipse.paho.client.mqttv3-1.2.01965908929112701549.jar!/) to method sun.nio.ch.FileLockImpl.release()
WARNING: Please consider reporting this to the maintainers of org.eclipse.paho.client.mqttv3.internal.FileLock
WARNING: Use --illegal-access=warn to enable warnings of further illegal reflective access operations
WARNING: All illegal access operations will be denied in a future release
Connected to tcp://mosquitto-temperature1:1885
DEVICE sensTemperature_1_7699765 | Publishing data = { "value" : "120" } | To topic Humidity
DEVICE sensTemperature_1_7699765 | Publishing data = { "value" : "168" } | To topic Humidity
DEVICE sensTemperature_1_7699765 | Publishing data = { "value" : "103" } | To topic Humidity
DEVICE sensTemperature_1_7699765 | Publishing data = { "value" : "5" } | To topic Humidity
DEVICE sensTemperature_1_7699765 | Publishing data = { "value" : "118" } | To topic Humidity
DEVICE sensTemperature_1_7699765 | Publishing data = { "value" : "99" } | To topic Humidity
DEVICE sensTemperature_1_7699765 | Publishing data = { "value" : "41" } | To topic Humidity
DEVICE sensTemperature_1_7699765 | Publishing data = { "value" : "133" } | To topic Humidity
DEVICE sensTemperature_1_7699765 | Publishing data = { "value" : "131" } | To topic Humidity
DEVICE sensTemperature_1_7699765 | Publishing data = { "value" : "93" } | To topic Humidity
DEVICE sensTemperature_1_7699765 | Publishing data = { "value" : "49" } | To topic Humidity
DEVICE sensTemperature_1_7699765 | Publishing data = { "value" : "224" } | To topic Humidity
DEVICE sensTemperature_1_7699765 | Publishing data = { "value" : "76" } | To topic Humidity
DEVICE sensTemperature_1_7699765 | Publishing data = { "value" : "203" } | To topic Humidity
DEVICE sensTemperature_1_7699765 | Publishing data = { "value" : "3" } | To topic Humidity
DEVICE sensTemperature_1_7699765 | Publishing data = { "value" : "167" } | To topic Humidity
DEVICE sensTemperature_1_7699765 | Publishing data = { "value" : "143" } | To topic Humidity
DEVICE sensTemperature_1_7699765 | Publishing data = { "value" : "39" } | To topic Humidity
DEVICE sensTemperature_1_7699765 | Publishing data = { "value" : "176" } | To topic Humidity
DEVICE sensTemperature_1_7699765 | Publishing data = { "value" : "77" } | To topic Humidity
DEVICE sensTemperature_1_7699765 | Publishing data = { "value" : "79" } | To topic Humidity
DEVICE sensTemperature_1_7699765 | Publishing data = { "value" : "104" } | To topic Humidity
DEVICE sensTemperature_1_7699765 | Publishing data = { "value" : "61" } | To topic Humidity
DEVICE sensTemperature_1_7699765 | Publishing data = { "value" : "218" } | To topic Humidity
DEVICE sensTemperature_1_7699765 | Publishing data = { "value" : "91" } | To topic Humidity
DEVICE sensTemperature_1_7699765 | Publishing data = { "value" : "189" } | To topic Humidity
DEVICE sensTemperature_1_7699765 | Publishing data = { "value" : "61" } | To topic Humidity
DEVICE sensTemperature_1_7699765 | Publishing data = { "value" : "129" } | To topic Humidity
DEVICE sensTemperature_1_7699765 | Publishing data = { "value" : "168" } | To topic Humidity
DEVICE sensTemperature_1_7699765 | Publishing data = { "value" : "207" } | To topic Humidity
DEVICE sensTemperature_1_7699765 | Publishing data = { "value" : "24" } | To topic Humidity
DEVICE sensTemperature_1_7699765 | Publishing data = { "value" : "209" } | To topic Humidity
DEVICE sensTemperature_1_7699765 | Publishing data = { "value" : "20" } | To topic Humidity
DEVICE sensTemperature_1_7699765 | Publishing data = { "value" : "105" } | To topic Humidity
DEVICE sensTemperature_1_7699765 | Publishing data = { "value" : "109" } | To topic Humidity
DEVICE sensTemperature_1_7699765 | Publishing data = { "value" : "29" } | To topic Humidity
DEVICE sensTemperature_1_7699765 | Publishing data = { "value" : "148" } | To topic Humidity
DEVICE sensTemperature_1_7699765 | Publishing data = { "value" : "190" } | To topic Humidity
DEVICE sensTemperature_1_7699765 | Publishing data = { "value" : "19" } | To topic Humidity
DEVICE sensTemperature_1_7699765 | Publishing data = { "value" : "88" } | To topic Humidity
DEVICE sensTemperature_1_7699765 | Publishing data = { "value" : "156" } | To topic Humidity
DEVICE sensTemperature_1_7699765 | Publishing data = { "value" : "242" } | To topic Humidity
DEVICE sensTemperature_1_7699765 | Publishing data = { "value" : "186" } | To topic Humidity
DEVICE sensTemperature_1_7699765 | Publishing data = { "value" : "34" } | To topic Humidity
DEVICE sensTemperature_1_7699765 | Publishing data = { "value" : "210" } | To topic Humidity
DEVICE sensTemperature_1_7699765 | Publishing data = { "value" : "67" } | To topic Humidity
DEVICE sensTemperature_1_7699765 | Publishing data = { "value" : "163" } | To topic Humidity
DEVICE sensTemperature_1_7699765 | Publishing data = { "value" : "104" } | To topic Humidity
DEVICE sensTemperature_1_7699765 | Publishing data = { "value" : "210" } | To topic Humidity
DEVICE sensTemperature_1_7699765 | Publishing data = { "value" : "25" } | To topic Humidity
DEVICE sensTemperature_1_7699765 | Publishing data = { "value" : "225" } | To topic Humidity
DEVICE sensTemperature_1_7699765 | Publishing data = { "value" : "105" } | To topic Humidity
DEVICE sensTemperature_1_7699765 | Publishing data = { "value" : "16" } | To topic Humidity
DEVICE sensTemperature_1_7699765 | Publishing data = { "value" : "13" } | To topic Humidity
DEVICE sensTemperature_1_7699765 | Publishing data = { "value" : "46" } | To topic Humidity
DEVICE sensTemperature_1_7699765 | Publishing data = { "value" : "235" } | To topic Humidity
DEVICE sensTemperature_1_7699765 | Publishing data = { "value" : "162" } | To topic Humidity
DEVICE sensTemperature_1_7699765 | Publishing data = { "value" : "232" } | To topic Humidity
DEVICE sensTemperature_1_7699765 | Publishing data = { "value" : "220" } | To topic Humidity
DEVICE sensTemperature_1_7699765 | Publishing data = { "value" : "102" } | To topic Humidity
DEVICE sensTemperature_1_7699765 | Publishing data = { "value" : "161" } | To topic Humidity
DEVICE sensTemperature_1_7699765 | Publishing data = { "value" : "123" } | To topic Humidity
DEVICE sensTemperature_1_7699765 | Publishing data = { "value" : "186" } | To topic Humidity
DEVICE sensTemperature_1_7699765 | Publishing data = { "value" : "248" } | To topic Humidity
DEVICE sensTemperature_1_7699765 | Publishing data = { "value" : "194" } | To topic Humidity
DEVICE sensTemperature_1_7699765 | Publishing data = { "value" : "82" } | To topic Humidity
DEVICE sensTemperature_1_7699765 | Publishing data = { "value" : "38" } | To topic Humidity
DEVICE sensTemperature_1_7699765 | Publishing data = { "value" : "89" } | To topic Humidity
DEVICE sensTemperature_1_7699765 | Publishing data = { "value" : "129" } | To topic Humidity
DEVICE sensTemperature_1_7699765 | Publishing data = { "value" : "164" } | To topic Humidity
DEVICE sensTemperature_1_7699765 | Publishing data = { "value" : "208" } | To topic Humidity
DEVICE sensTemperature_1_7699765 | Publishing data = { "value" : "96" } | To topic Humidity
DEVICE sensTemperature_1_7699765 | Publishing data = { "value" : "28" } | To topic Humidity
DEVICE sensTemperature_1_7699765 | Publishing data = { "value" : "74" } | To topic Humidity
DEVICE sensTemperature_1_7699765 | Publishing data = { "value" : "52" } | To topic Humidity
DEVICE sensTemperature_1_7699765 | Publishing data = { "value" : "21" } | To topic Humidity
DEVICE sensTemperature_1_7699765 | Publishing data = { "value" : "244" } | To topic Humidity
DEVICE sensTemperature_1_7699765 | Publishing data = { "value" : "250" } | To topic Humidity
DEVICE sensTemperature_1_7699765 | Publishing data = { "value" : "160" } | To topic Humidity
DEVICE sensTemperature_1_7699765 | Publishing data = { "value" : "225" } | To topic Humidity
DEVICE sensTemperature_1_7699765 | Publishing data = { "value" : "14" } | To topic Humidity
DEVICE sensTemperature_1_7699765 | Publishing data = { "value" : "133" } | To topic Humidity
DEVICE sensTemperature_1_7699765 | Publishing data = { "value" : "151" } | To topic Humidity
DEVICE sensTemperature_1_7699765 | Publishing data = { "value" : "27" } | To topic Humidity
DEVICE sensTemperature_1_7699765 | Publishing data = { "value" : "130" } | To topic Humidity
DEVICE sensTemperature_1_7699765 | Publishing data = { "value" : "29" } | To topic Humidity
DEVICE sensTemperature_1_7699765 | Publishing data = { "value" : "61" } | To topic Humidity
DEVICE sensTemperature_1_7699765 | Publishing data = { "value" : "132" } | To topic Humidity
DEVICE sensTemperature_1_7699765 | Publishing data = { "value" : "223" } | To topic Humidity
DEVICE sensTemperature_1_7699765 | Publishing data = { "value" : "223" } | To topic Humidity
DEVICE sensTemperature_1_7699765 | Publishing data = { "value" : "189" } | To topic Humidity
DEVICE sensTemperature_1_7699765 | Publishing data = { "value" : "136" } | To topic Humidity
DEVICE sensTemperature_1_7699765 | Publishing data = { "value" : "170" } | To topic Humidity
DEVICE sensTemperature_1_7699765 | Publishing data = { "value" : "207" } | To topic Humidity
DEVICE sensTemperature_1_7699765 | Publishing data = { "value" : "101" } | To topic Humidity
DEVICE sensTemperature_1_7699765 | Publishing data = { "value" : "58" } | To topic Humidity
DEVICE sensTemperature_1_7699765 | Publishing data = { "value" : "3" } | To topic Humidity
DEVICE sensTemperature_1_7699765 | Publishing data = { "value" : "21" } | To topic Humidity
DEVICE sensTemperature_1_7699765 | Publishing data = { "value" : "233" } | To topic Humidity
DEVICE sensTemperature_1_7699765 | Publishing data = { "value" : "65" } | To topic Humidity
Sep 07, 2023 3:44:57 PM jdk.internal.reflect.NativeMethodAccessorImpl invoke0
INFO: THORN99999: Thorntail is Ready
