WARNING: An illegal reflective access operation has occurred
WARNING: Illegal reflective access by org.eclipse.paho.client.mqttv3.internal.FileLock (jar:file:/tmp/thorntailorg.eclipse.paho.client.mqttv3-1.2.02464445847705068062.jar!/) to method sun.nio.ch.FileLockImpl.release()
WARNING: Please consider reporting this to the maintainers of org.eclipse.paho.client.mqttv3.internal.FileLock
WARNING: Use --illegal-access=warn to enable warnings of further illegal reflective access operations
WARNING: All illegal access operations will be denied in a future release
Connected to tcp://mosquitto-waterlevel2:1886
DEVICE sensWaterLevel_2_8980487 | Publishing data = { "value" : "16" } | To topic WaterLevel
DEVICE sensWaterLevel_2_8980487 | Publishing data = { "value" : "86" } | To topic WaterLevel
DEVICE sensWaterLevel_2_8980487 | Publishing data = { "value" : "104" } | To topic WaterLevel
DEVICE sensWaterLevel_2_8980487 | Publishing data = { "value" : "98" } | To topic WaterLevel
DEVICE sensWaterLevel_2_8980487 | Publishing data = { "value" : "81" } | To topic WaterLevel
DEVICE sensWaterLevel_2_8980487 | Publishing data = { "value" : "239" } | To topic WaterLevel
DEVICE sensWaterLevel_2_8980487 | Publishing data = { "value" : "120" } | To topic WaterLevel
DEVICE sensWaterLevel_2_8980487 | Publishing data = { "value" : "157" } | To topic WaterLevel
DEVICE sensWaterLevel_2_8980487 | Publishing data = { "value" : "232" } | To topic WaterLevel
DEVICE sensWaterLevel_2_8980487 | Publishing data = { "value" : "70" } | To topic WaterLevel
DEVICE sensWaterLevel_2_8980487 | Publishing data = { "value" : "90" } | To topic WaterLevel
DEVICE sensWaterLevel_2_8980487 | Publishing data = { "value" : "102" } | To topic WaterLevel
DEVICE sensWaterLevel_2_8980487 | Publishing data = { "value" : "204" } | To topic WaterLevel
DEVICE sensWaterLevel_2_8980487 | Publishing data = { "value" : "232" } | To topic WaterLevel
DEVICE sensWaterLevel_2_8980487 | Publishing data = { "value" : "37" } | To topic WaterLevel
DEVICE sensWaterLevel_2_8980487 | Publishing data = { "value" : "73" } | To topic WaterLevel
DEVICE sensWaterLevel_2_8980487 | Publishing data = { "value" : "25" } | To topic WaterLevel
DEVICE sensWaterLevel_2_8980487 | Publishing data = { "value" : "75" } | To topic WaterLevel
DEVICE sensWaterLevel_2_8980487 | Publishing data = { "value" : "226" } | To topic WaterLevel
DEVICE sensWaterLevel_2_8980487 | Publishing data = { "value" : "140" } | To topic WaterLevel
DEVICE sensWaterLevel_2_8980487 | Publishing data = { "value" : "88" } | To topic WaterLevel
DEVICE sensWaterLevel_2_8980487 | Publishing data = { "value" : "207" } | To topic WaterLevel
DEVICE sensWaterLevel_2_8980487 | Publishing data = { "value" : "13" } | To topic WaterLevel
DEVICE sensWaterLevel_2_8980487 | Publishing data = { "value" : "145" } | To topic WaterLevel
DEVICE sensWaterLevel_2_8980487 | Publishing data = { "value" : "143" } | To topic WaterLevel
DEVICE sensWaterLevel_2_8980487 | Publishing data = { "value" : "202" } | To topic WaterLevel
DEVICE sensWaterLevel_2_8980487 | Publishing data = { "value" : "231" } | To topic WaterLevel
DEVICE sensWaterLevel_2_8980487 | Publishing data = { "value" : "91" } | To topic WaterLevel
DEVICE sensWaterLevel_2_8980487 | Publishing data = { "value" : "185" } | To topic WaterLevel
DEVICE sensWaterLevel_2_8980487 | Publishing data = { "value" : "27" } | To topic WaterLevel
DEVICE sensWaterLevel_2_8980487 | Publishing data = { "value" : "159" } | To topic WaterLevel
DEVICE sensWaterLevel_2_8980487 | Publishing data = { "value" : "171" } | To topic WaterLevel
DEVICE sensWaterLevel_2_8980487 | Publishing data = { "value" : "59" } | To topic WaterLevel
DEVICE sensWaterLevel_2_8980487 | Publishing data = { "value" : "118" } | To topic WaterLevel
DEVICE sensWaterLevel_2_8980487 | Publishing data = { "value" : "211" } | To topic WaterLevel
DEVICE sensWaterLevel_2_8980487 | Publishing data = { "value" : "140" } | To topic WaterLevel
DEVICE sensWaterLevel_2_8980487 | Publishing data = { "value" : "165" } | To topic WaterLevel
DEVICE sensWaterLevel_2_8980487 | Publishing data = { "value" : "21" } | To topic WaterLevel
DEVICE sensWaterLevel_2_8980487 | Publishing data = { "value" : "103" } | To topic WaterLevel
DEVICE sensWaterLevel_2_8980487 | Publishing data = { "value" : "89" } | To topic WaterLevel
DEVICE sensWaterLevel_2_8980487 | Publishing data = { "value" : "133" } | To topic WaterLevel
DEVICE sensWaterLevel_2_8980487 | Publishing data = { "value" : "15" } | To topic WaterLevel
DEVICE sensWaterLevel_2_8980487 | Publishing data = { "value" : "122" } | To topic WaterLevel
DEVICE sensWaterLevel_2_8980487 | Publishing data = { "value" : "66" } | To topic WaterLevel
DEVICE sensWaterLevel_2_8980487 | Publishing data = { "value" : "114" } | To topic WaterLevel
DEVICE sensWaterLevel_2_8980487 | Publishing data = { "value" : "128" } | To topic WaterLevel
DEVICE sensWaterLevel_2_8980487 | Publishing data = { "value" : "225" } | To topic WaterLevel
DEVICE sensWaterLevel_2_8980487 | Publishing data = { "value" : "139" } | To topic WaterLevel
DEVICE sensWaterLevel_2_8980487 | Publishing data = { "value" : "187" } | To topic WaterLevel
DEVICE sensWaterLevel_2_8980487 | Publishing data = { "value" : "157" } | To topic WaterLevel
DEVICE sensWaterLevel_2_8980487 | Publishing data = { "value" : "114" } | To topic WaterLevel
DEVICE sensWaterLevel_2_8980487 | Publishing data = { "value" : "111" } | To topic WaterLevel
DEVICE sensWaterLevel_2_8980487 | Publishing data = { "value" : "52" } | To topic WaterLevel
DEVICE sensWaterLevel_2_8980487 | Publishing data = { "value" : "33" } | To topic WaterLevel
DEVICE sensWaterLevel_2_8980487 | Publishing data = { "value" : "138" } | To topic WaterLevel
DEVICE sensWaterLevel_2_8980487 | Publishing data = { "value" : "138" } | To topic WaterLevel
DEVICE sensWaterLevel_2_8980487 | Publishing data = { "value" : "63" } | To topic WaterLevel
DEVICE sensWaterLevel_2_8980487 | Publishing data = { "value" : "205" } | To topic WaterLevel
DEVICE sensWaterLevel_2_8980487 | Publishing data = { "value" : "104" } | To topic WaterLevel
DEVICE sensWaterLevel_2_8980487 | Publishing data = { "value" : "63" } | To topic WaterLevel
DEVICE sensWaterLevel_2_8980487 | Publishing data = { "value" : "224" } | To topic WaterLevel
DEVICE sensWaterLevel_2_8980487 | Publishing data = { "value" : "212" } | To topic WaterLevel
DEVICE sensWaterLevel_2_8980487 | Publishing data = { "value" : "8" } | To topic WaterLevel
DEVICE sensWaterLevel_2_8980487 | Publishing data = { "value" : "182" } | To topic WaterLevel
DEVICE sensWaterLevel_2_8980487 | Publishing data = { "value" : "135" } | To topic WaterLevel
DEVICE sensWaterLevel_2_8980487 | Publishing data = { "value" : "230" } | To topic WaterLevel
DEVICE sensWaterLevel_2_8980487 | Publishing data = { "value" : "90" } | To topic WaterLevel
DEVICE sensWaterLevel_2_8980487 | Publishing data = { "value" : "25" } | To topic WaterLevel
DEVICE sensWaterLevel_2_8980487 | Publishing data = { "value" : "245" } | To topic WaterLevel
DEVICE sensWaterLevel_2_8980487 | Publishing data = { "value" : "238" } | To topic WaterLevel
DEVICE sensWaterLevel_2_8980487 | Publishing data = { "value" : "85" } | To topic WaterLevel
DEVICE sensWaterLevel_2_8980487 | Publishing data = { "value" : "179" } | To topic WaterLevel
DEVICE sensWaterLevel_2_8980487 | Publishing data = { "value" : "97" } | To topic WaterLevel
DEVICE sensWaterLevel_2_8980487 | Publishing data = { "value" : "133" } | To topic WaterLevel
DEVICE sensWaterLevel_2_8980487 | Publishing data = { "value" : "3" } | To topic WaterLevel
DEVICE sensWaterLevel_2_8980487 | Publishing data = { "value" : "141" } | To topic WaterLevel
DEVICE sensWaterLevel_2_8980487 | Publishing data = { "value" : "135" } | To topic WaterLevel
DEVICE sensWaterLevel_2_8980487 | Publishing data = { "value" : "151" } | To topic WaterLevel
DEVICE sensWaterLevel_2_8980487 | Publishing data = { "value" : "108" } | To topic WaterLevel
DEVICE sensWaterLevel_2_8980487 | Publishing data = { "value" : "236" } | To topic WaterLevel
DEVICE sensWaterLevel_2_8980487 | Publishing data = { "value" : "123" } | To topic WaterLevel
DEVICE sensWaterLevel_2_8980487 | Publishing data = { "value" : "205" } | To topic WaterLevel
DEVICE sensWaterLevel_2_8980487 | Publishing data = { "value" : "104" } | To topic WaterLevel
DEVICE sensWaterLevel_2_8980487 | Publishing data = { "value" : "74" } | To topic WaterLevel
DEVICE sensWaterLevel_2_8980487 | Publishing data = { "value" : "116" } | To topic WaterLevel
DEVICE sensWaterLevel_2_8980487 | Publishing data = { "value" : "172" } | To topic WaterLevel
DEVICE sensWaterLevel_2_8980487 | Publishing data = { "value" : "201" } | To topic WaterLevel
DEVICE sensWaterLevel_2_8980487 | Publishing data = { "value" : "235" } | To topic WaterLevel
DEVICE sensWaterLevel_2_8980487 | Publishing data = { "value" : "203" } | To topic WaterLevel
DEVICE sensWaterLevel_2_8980487 | Publishing data = { "value" : "42" } | To topic WaterLevel
DEVICE sensWaterLevel_2_8980487 | Publishing data = { "value" : "52" } | To topic WaterLevel
DEVICE sensWaterLevel_2_8980487 | Publishing data = { "value" : "102" } | To topic WaterLevel
DEVICE sensWaterLevel_2_8980487 | Publishing data = { "value" : "242" } | To topic WaterLevel
DEVICE sensWaterLevel_2_8980487 | Publishing data = { "value" : "113" } | To topic WaterLevel
DEVICE sensWaterLevel_2_8980487 | Publishing data = { "value" : "61" } | To topic WaterLevel
DEVICE sensWaterLevel_2_8980487 | Publishing data = { "value" : "228" } | To topic WaterLevel
DEVICE sensWaterLevel_2_8980487 | Publishing data = { "value" : "12" } | To topic WaterLevel
DEVICE sensWaterLevel_2_8980487 | Publishing data = { "value" : "4" } | To topic WaterLevel
DEVICE sensWaterLevel_2_8980487 | Publishing data = { "value" : "115" } | To topic WaterLevel
DEVICE sensWaterLevel_2_8980487 | Publishing data = { "value" : "31" } | To topic WaterLevel
Sep 07, 2023 3:35:25 PM jdk.internal.reflect.NativeMethodAccessorImpl invoke0
INFO: THORN99999: Thorntail is Ready
