WARNING: An illegal reflective access operation has occurred
WARNING: Illegal reflective access by org.eclipse.paho.client.mqttv3.internal.FileLock (jar:file:/tmp/thorntailorg.eclipse.paho.client.mqttv3-1.2.04744420052321979521.jar!/) to method sun.nio.ch.FileLockImpl.release()
WARNING: Please consider reporting this to the maintainers of org.eclipse.paho.client.mqttv3.internal.FileLock
WARNING: Use --illegal-access=warn to enable warnings of further illegal reflective access operations
WARNING: All illegal access operations will be denied in a future release
Connected to tcp://mosquitto-humidity0:1884
DEVICE sensHumidity_0_8548135 | Publishing data = { "value" : "206" } | To topic Humidity
DEVICE sensHumidity_0_8548135 | Publishing data = { "value" : "158" } | To topic Humidity
DEVICE sensHumidity_0_8548135 | Publishing data = { "value" : "201" } | To topic Humidity
DEVICE sensHumidity_0_8548135 | Publishing data = { "value" : "2" } | To topic Humidity
DEVICE sensHumidity_0_8548135 | Publishing data = { "value" : "215" } | To topic Humidity
DEVICE sensHumidity_0_8548135 | Publishing data = { "value" : "231" } | To topic Humidity
DEVICE sensHumidity_0_8548135 | Publishing data = { "value" : "221" } | To topic Humidity
DEVICE sensHumidity_0_8548135 | Publishing data = { "value" : "65" } | To topic Humidity
DEVICE sensHumidity_0_8548135 | Publishing data = { "value" : "166" } | To topic Humidity
DEVICE sensHumidity_0_8548135 | Publishing data = { "value" : "44" } | To topic Humidity
DEVICE sensHumidity_0_8548135 | Publishing data = { "value" : "151" } | To topic Humidity
DEVICE sensHumidity_0_8548135 | Publishing data = { "value" : "217" } | To topic Humidity
DEVICE sensHumidity_0_8548135 | Publishing data = { "value" : "162" } | To topic Humidity
DEVICE sensHumidity_0_8548135 | Publishing data = { "value" : "183" } | To topic Humidity
DEVICE sensHumidity_0_8548135 | Publishing data = { "value" : "179" } | To topic Humidity
DEVICE sensHumidity_0_8548135 | Publishing data = { "value" : "65" } | To topic Humidity
DEVICE sensHumidity_0_8548135 | Publishing data = { "value" : "198" } | To topic Humidity
DEVICE sensHumidity_0_8548135 | Publishing data = { "value" : "68" } | To topic Humidity
DEVICE sensHumidity_0_8548135 | Publishing data = { "value" : "187" } | To topic Humidity
DEVICE sensHumidity_0_8548135 | Publishing data = { "value" : "227" } | To topic Humidity
DEVICE sensHumidity_0_8548135 | Publishing data = { "value" : "148" } | To topic Humidity
DEVICE sensHumidity_0_8548135 | Publishing data = { "value" : "2" } | To topic Humidity
DEVICE sensHumidity_0_8548135 | Publishing data = { "value" : "15" } | To topic Humidity
DEVICE sensHumidity_0_8548135 | Publishing data = { "value" : "173" } | To topic Humidity
DEVICE sensHumidity_0_8548135 | Publishing data = { "value" : "229" } | To topic Humidity
DEVICE sensHumidity_0_8548135 | Publishing data = { "value" : "119" } | To topic Humidity
DEVICE sensHumidity_0_8548135 | Publishing data = { "value" : "58" } | To topic Humidity
DEVICE sensHumidity_0_8548135 | Publishing data = { "value" : "116" } | To topic Humidity
DEVICE sensHumidity_0_8548135 | Publishing data = { "value" : "73" } | To topic Humidity
DEVICE sensHumidity_0_8548135 | Publishing data = { "value" : "130" } | To topic Humidity
DEVICE sensHumidity_0_8548135 | Publishing data = { "value" : "188" } | To topic Humidity
DEVICE sensHumidity_0_8548135 | Publishing data = { "value" : "76" } | To topic Humidity
DEVICE sensHumidity_0_8548135 | Publishing data = { "value" : "189" } | To topic Humidity
DEVICE sensHumidity_0_8548135 | Publishing data = { "value" : "163" } | To topic Humidity
DEVICE sensHumidity_0_8548135 | Publishing data = { "value" : "217" } | To topic Humidity
DEVICE sensHumidity_0_8548135 | Publishing data = { "value" : "77" } | To topic Humidity
DEVICE sensHumidity_0_8548135 | Publishing data = { "value" : "110" } | To topic Humidity
DEVICE sensHumidity_0_8548135 | Publishing data = { "value" : "62" } | To topic Humidity
DEVICE sensHumidity_0_8548135 | Publishing data = { "value" : "118" } | To topic Humidity
DEVICE sensHumidity_0_8548135 | Publishing data = { "value" : "113" } | To topic Humidity
DEVICE sensHumidity_0_8548135 | Publishing data = { "value" : "230" } | To topic Humidity
DEVICE sensHumidity_0_8548135 | Publishing data = { "value" : "244" } | To topic Humidity
DEVICE sensHumidity_0_8548135 | Publishing data = { "value" : "142" } | To topic Humidity
DEVICE sensHumidity_0_8548135 | Publishing data = { "value" : "7" } | To topic Humidity
DEVICE sensHumidity_0_8548135 | Publishing data = { "value" : "213" } | To topic Humidity
DEVICE sensHumidity_0_8548135 | Publishing data = { "value" : "214" } | To topic Humidity
DEVICE sensHumidity_0_8548135 | Publishing data = { "value" : "10" } | To topic Humidity
DEVICE sensHumidity_0_8548135 | Publishing data = { "value" : "154" } | To topic Humidity
DEVICE sensHumidity_0_8548135 | Publishing data = { "value" : "132" } | To topic Humidity
DEVICE sensHumidity_0_8548135 | Publishing data = { "value" : "123" } | To topic Humidity
DEVICE sensHumidity_0_8548135 | Publishing data = { "value" : "66" } | To topic Humidity
DEVICE sensHumidity_0_8548135 | Publishing data = { "value" : "179" } | To topic Humidity
DEVICE sensHumidity_0_8548135 | Publishing data = { "value" : "6" } | To topic Humidity
DEVICE sensHumidity_0_8548135 | Publishing data = { "value" : "162" } | To topic Humidity
DEVICE sensHumidity_0_8548135 | Publishing data = { "value" : "117" } | To topic Humidity
DEVICE sensHumidity_0_8548135 | Publishing data = { "value" : "31" } | To topic Humidity
DEVICE sensHumidity_0_8548135 | Publishing data = { "value" : "5" } | To topic Humidity
DEVICE sensHumidity_0_8548135 | Publishing data = { "value" : "19" } | To topic Humidity
DEVICE sensHumidity_0_8548135 | Publishing data = { "value" : "56" } | To topic Humidity
DEVICE sensHumidity_0_8548135 | Publishing data = { "value" : "10" } | To topic Humidity
DEVICE sensHumidity_0_8548135 | Publishing data = { "value" : "55" } | To topic Humidity
DEVICE sensHumidity_0_8548135 | Publishing data = { "value" : "12" } | To topic Humidity
DEVICE sensHumidity_0_8548135 | Publishing data = { "value" : "109" } | To topic Humidity
DEVICE sensHumidity_0_8548135 | Publishing data = { "value" : "125" } | To topic Humidity
DEVICE sensHumidity_0_8548135 | Publishing data = { "value" : "73" } | To topic Humidity
DEVICE sensHumidity_0_8548135 | Publishing data = { "value" : "151" } | To topic Humidity
DEVICE sensHumidity_0_8548135 | Publishing data = { "value" : "52" } | To topic Humidity
DEVICE sensHumidity_0_8548135 | Publishing data = { "value" : "30" } | To topic Humidity
DEVICE sensHumidity_0_8548135 | Publishing data = { "value" : "240" } | To topic Humidity
DEVICE sensHumidity_0_8548135 | Publishing data = { "value" : "146" } | To topic Humidity
