WARNING: An illegal reflective access operation has occurred
WARNING: Illegal reflective access by org.eclipse.paho.client.mqttv3.internal.FileLock (jar:file:/tmp/thorntailorg.eclipse.paho.client.mqttv3-1.2.03850820101026180664.jar!/) to method sun.nio.ch.FileLockImpl.release()
WARNING: Please consider reporting this to the maintainers of org.eclipse.paho.client.mqttv3.internal.FileLock
WARNING: Use --illegal-access=warn to enable warnings of further illegal reflective access operations
WARNING: All illegal access operations will be denied in a future release
Connected to tcp://mosquitto-humidity0:1884
DEVICE sensHumidity_0_2704624 | Publishing data = { "value" : "211" } | To topic Humidity
DEVICE sensHumidity_0_2704624 | Publishing data = { "value" : "40" } | To topic Humidity
DEVICE sensHumidity_0_2704624 | Publishing data = { "value" : "174" } | To topic Humidity
DEVICE sensHumidity_0_2704624 | Publishing data = { "value" : "151" } | To topic Humidity
DEVICE sensHumidity_0_2704624 | Publishing data = { "value" : "71" } | To topic Humidity
DEVICE sensHumidity_0_2704624 | Publishing data = { "value" : "149" } | To topic Humidity
DEVICE sensHumidity_0_2704624 | Publishing data = { "value" : "96" } | To topic Humidity
DEVICE sensHumidity_0_2704624 | Publishing data = { "value" : "216" } | To topic Humidity
DEVICE sensHumidity_0_2704624 | Publishing data = { "value" : "69" } | To topic Humidity
DEVICE sensHumidity_0_2704624 | Publishing data = { "value" : "121" } | To topic Humidity
DEVICE sensHumidity_0_2704624 | Publishing data = { "value" : "212" } | To topic Humidity
DEVICE sensHumidity_0_2704624 | Publishing data = { "value" : "172" } | To topic Humidity
DEVICE sensHumidity_0_2704624 | Publishing data = { "value" : "179" } | To topic Humidity
DEVICE sensHumidity_0_2704624 | Publishing data = { "value" : "221" } | To topic Humidity
DEVICE sensHumidity_0_2704624 | Publishing data = { "value" : "3" } | To topic Humidity
DEVICE sensHumidity_0_2704624 | Publishing data = { "value" : "70" } | To topic Humidity
DEVICE sensHumidity_0_2704624 | Publishing data = { "value" : "235" } | To topic Humidity
DEVICE sensHumidity_0_2704624 | Publishing data = { "value" : "143" } | To topic Humidity
DEVICE sensHumidity_0_2704624 | Publishing data = { "value" : "92" } | To topic Humidity
DEVICE sensHumidity_0_2704624 | Publishing data = { "value" : "6" } | To topic Humidity
DEVICE sensHumidity_0_2704624 | Publishing data = { "value" : "192" } | To topic Humidity
DEVICE sensHumidity_0_2704624 | Publishing data = { "value" : "205" } | To topic Humidity
DEVICE sensHumidity_0_2704624 | Publishing data = { "value" : "76" } | To topic Humidity
DEVICE sensHumidity_0_2704624 | Publishing data = { "value" : "13" } | To topic Humidity
DEVICE sensHumidity_0_2704624 | Publishing data = { "value" : "242" } | To topic Humidity
DEVICE sensHumidity_0_2704624 | Publishing data = { "value" : "104" } | To topic Humidity
DEVICE sensHumidity_0_2704624 | Publishing data = { "value" : "98" } | To topic Humidity
DEVICE sensHumidity_0_2704624 | Publishing data = { "value" : "131" } | To topic Humidity
DEVICE sensHumidity_0_2704624 | Publishing data = { "value" : "158" } | To topic Humidity
DEVICE sensHumidity_0_2704624 | Publishing data = { "value" : "60" } | To topic Humidity
DEVICE sensHumidity_0_2704624 | Publishing data = { "value" : "67" } | To topic Humidity
DEVICE sensHumidity_0_2704624 | Publishing data = { "value" : "192" } | To topic Humidity
DEVICE sensHumidity_0_2704624 | Publishing data = { "value" : "239" } | To topic Humidity
DEVICE sensHumidity_0_2704624 | Publishing data = { "value" : "19" } | To topic Humidity
DEVICE sensHumidity_0_2704624 | Publishing data = { "value" : "241" } | To topic Humidity
DEVICE sensHumidity_0_2704624 | Publishing data = { "value" : "220" } | To topic Humidity
DEVICE sensHumidity_0_2704624 | Publishing data = { "value" : "181" } | To topic Humidity
DEVICE sensHumidity_0_2704624 | Publishing data = { "value" : "27" } | To topic Humidity
DEVICE sensHumidity_0_2704624 | Publishing data = { "value" : "75" } | To topic Humidity
DEVICE sensHumidity_0_2704624 | Publishing data = { "value" : "230" } | To topic Humidity
DEVICE sensHumidity_0_2704624 | Publishing data = { "value" : "196" } | To topic Humidity
DEVICE sensHumidity_0_2704624 | Publishing data = { "value" : "138" } | To topic Humidity
DEVICE sensHumidity_0_2704624 | Publishing data = { "value" : "41" } | To topic Humidity
DEVICE sensHumidity_0_2704624 | Publishing data = { "value" : "120" } | To topic Humidity
DEVICE sensHumidity_0_2704624 | Publishing data = { "value" : "220" } | To topic Humidity
DEVICE sensHumidity_0_2704624 | Publishing data = { "value" : "223" } | To topic Humidity
DEVICE sensHumidity_0_2704624 | Publishing data = { "value" : "70" } | To topic Humidity
DEVICE sensHumidity_0_2704624 | Publishing data = { "value" : "227" } | To topic Humidity
DEVICE sensHumidity_0_2704624 | Publishing data = { "value" : "183" } | To topic Humidity
DEVICE sensHumidity_0_2704624 | Publishing data = { "value" : "177" } | To topic Humidity
DEVICE sensHumidity_0_2704624 | Publishing data = { "value" : "117" } | To topic Humidity
DEVICE sensHumidity_0_2704624 | Publishing data = { "value" : "115" } | To topic Humidity
DEVICE sensHumidity_0_2704624 | Publishing data = { "value" : "188" } | To topic Humidity
DEVICE sensHumidity_0_2704624 | Publishing data = { "value" : "207" } | To topic Humidity
DEVICE sensHumidity_0_2704624 | Publishing data = { "value" : "228" } | To topic Humidity
DEVICE sensHumidity_0_2704624 | Publishing data = { "value" : "89" } | To topic Humidity
DEVICE sensHumidity_0_2704624 | Publishing data = { "value" : "102" } | To topic Humidity
DEVICE sensHumidity_0_2704624 | Publishing data = { "value" : "87" } | To topic Humidity
DEVICE sensHumidity_0_2704624 | Publishing data = { "value" : "246" } | To topic Humidity
DEVICE sensHumidity_0_2704624 | Publishing data = { "value" : "96" } | To topic Humidity
DEVICE sensHumidity_0_2704624 | Publishing data = { "value" : "109" } | To topic Humidity
DEVICE sensHumidity_0_2704624 | Publishing data = { "value" : "180" } | To topic Humidity
DEVICE sensHumidity_0_2704624 | Publishing data = { "value" : "230" } | To topic Humidity
DEVICE sensHumidity_0_2704624 | Publishing data = { "value" : "73" } | To topic Humidity
DEVICE sensHumidity_0_2704624 | Publishing data = { "value" : "215" } | To topic Humidity
DEVICE sensHumidity_0_2704624 | Publishing data = { "value" : "18" } | To topic Humidity
DEVICE sensHumidity_0_2704624 | Publishing data = { "value" : "241" } | To topic Humidity
DEVICE sensHumidity_0_2704624 | Publishing data = { "value" : "228" } | To topic Humidity
DEVICE sensHumidity_0_2704624 | Publishing data = { "value" : "2" } | To topic Humidity
DEVICE sensHumidity_0_2704624 | Publishing data = { "value" : "241" } | To topic Humidity
DEVICE sensHumidity_0_2704624 | Publishing data = { "value" : "54" } | To topic Humidity
DEVICE sensHumidity_0_2704624 | Publishing data = { "value" : "103" } | To topic Humidity
DEVICE sensHumidity_0_2704624 | Publishing data = { "value" : "233" } | To topic Humidity
DEVICE sensHumidity_0_2704624 | Publishing data = { "value" : "158" } | To topic Humidity
DEVICE sensHumidity_0_2704624 | Publishing data = { "value" : "237" } | To topic Humidity
DEVICE sensHumidity_0_2704624 | Publishing data = { "value" : "38" } | To topic Humidity
DEVICE sensHumidity_0_2704624 | Publishing data = { "value" : "13" } | To topic Humidity
DEVICE sensHumidity_0_2704624 | Publishing data = { "value" : "72" } | To topic Humidity
DEVICE sensHumidity_0_2704624 | Publishing data = { "value" : "25" } | To topic Humidity
DEVICE sensHumidity_0_2704624 | Publishing data = { "value" : "84" } | To topic Humidity
DEVICE sensHumidity_0_2704624 | Publishing data = { "value" : "103" } | To topic Humidity
DEVICE sensHumidity_0_2704624 | Publishing data = { "value" : "139" } | To topic Humidity
DEVICE sensHumidity_0_2704624 | Publishing data = { "value" : "11" } | To topic Humidity
DEVICE sensHumidity_0_2704624 | Publishing data = { "value" : "146" } | To topic Humidity
DEVICE sensHumidity_0_2704624 | Publishing data = { "value" : "54" } | To topic Humidity
DEVICE sensHumidity_0_2704624 | Publishing data = { "value" : "15" } | To topic Humidity
DEVICE sensHumidity_0_2704624 | Publishing data = { "value" : "38" } | To topic Humidity
DEVICE sensHumidity_0_2704624 | Publishing data = { "value" : "238" } | To topic Humidity
DEVICE sensHumidity_0_2704624 | Publishing data = { "value" : "182" } | To topic Humidity
DEVICE sensHumidity_0_2704624 | Publishing data = { "value" : "27" } | To topic Humidity
DEVICE sensHumidity_0_2704624 | Publishing data = { "value" : "196" } | To topic Humidity
DEVICE sensHumidity_0_2704624 | Publishing data = { "value" : "170" } | To topic Humidity
DEVICE sensHumidity_0_2704624 | Publishing data = { "value" : "60" } | To topic Humidity
DEVICE sensHumidity_0_2704624 | Publishing data = { "value" : "143" } | To topic Humidity
DEVICE sensHumidity_0_2704624 | Publishing data = { "value" : "130" } | To topic Humidity
DEVICE sensHumidity_0_2704624 | Publishing data = { "value" : "40" } | To topic Humidity
DEVICE sensHumidity_0_2704624 | Publishing data = { "value" : "54" } | To topic Humidity
DEVICE sensHumidity_0_2704624 | Publishing data = { "value" : "138" } | To topic Humidity
DEVICE sensHumidity_0_2704624 | Publishing data = { "value" : "56" } | To topic Humidity
DEVICE sensHumidity_0_2704624 | Publishing data = { "value" : "18" } | To topic Humidity
Sep 07, 2023 3:32:31 PM jdk.internal.reflect.NativeMethodAccessorImpl invoke0
INFO: THORN99999: Thorntail is Ready
