WARNING: An illegal reflective access operation has occurred
WARNING: Illegal reflective access by org.eclipse.paho.client.mqttv3.internal.FileLock (jar:file:/tmp/thorntailorg.eclipse.paho.client.mqttv3-1.2.014693775858381380616.jar!/) to method sun.nio.ch.FileLockImpl.release()
WARNING: Please consider reporting this to the maintainers of org.eclipse.paho.client.mqttv3.internal.FileLock
WARNING: Use --illegal-access=warn to enable warnings of further illegal reflective access operations
WARNING: All illegal access operations will be denied in a future release
Connected to tcp://mosquitto-waterlevel2:1886
DEVICE sensWaterLevel_2_9471024 | Publishing data = { "value" : "247" } | To topic WaterLevel
DEVICE sensWaterLevel_2_9471024 | Publishing data = { "value" : "210" } | To topic WaterLevel
DEVICE sensWaterLevel_2_9471024 | Publishing data = { "value" : "115" } | To topic WaterLevel
DEVICE sensWaterLevel_2_9471024 | Publishing data = { "value" : "16" } | To topic WaterLevel
DEVICE sensWaterLevel_2_9471024 | Publishing data = { "value" : "32" } | To topic WaterLevel
DEVICE sensWaterLevel_2_9471024 | Publishing data = { "value" : "63" } | To topic WaterLevel
DEVICE sensWaterLevel_2_9471024 | Publishing data = { "value" : "20" } | To topic WaterLevel
DEVICE sensWaterLevel_2_9471024 | Publishing data = { "value" : "246" } | To topic WaterLevel
DEVICE sensWaterLevel_2_9471024 | Publishing data = { "value" : "185" } | To topic WaterLevel
DEVICE sensWaterLevel_2_9471024 | Publishing data = { "value" : "51" } | To topic WaterLevel
DEVICE sensWaterLevel_2_9471024 | Publishing data = { "value" : "46" } | To topic WaterLevel
DEVICE sensWaterLevel_2_9471024 | Publishing data = { "value" : "170" } | To topic WaterLevel
DEVICE sensWaterLevel_2_9471024 | Publishing data = { "value" : "79" } | To topic WaterLevel
DEVICE sensWaterLevel_2_9471024 | Publishing data = { "value" : "75" } | To topic WaterLevel
DEVICE sensWaterLevel_2_9471024 | Publishing data = { "value" : "192" } | To topic WaterLevel
DEVICE sensWaterLevel_2_9471024 | Publishing data = { "value" : "239" } | To topic WaterLevel
DEVICE sensWaterLevel_2_9471024 | Publishing data = { "value" : "162" } | To topic WaterLevel
DEVICE sensWaterLevel_2_9471024 | Publishing data = { "value" : "70" } | To topic WaterLevel
DEVICE sensWaterLevel_2_9471024 | Publishing data = { "value" : "193" } | To topic WaterLevel
DEVICE sensWaterLevel_2_9471024 | Publishing data = { "value" : "220" } | To topic WaterLevel
DEVICE sensWaterLevel_2_9471024 | Publishing data = { "value" : "247" } | To topic WaterLevel
DEVICE sensWaterLevel_2_9471024 | Publishing data = { "value" : "106" } | To topic WaterLevel
DEVICE sensWaterLevel_2_9471024 | Publishing data = { "value" : "74" } | To topic WaterLevel
DEVICE sensWaterLevel_2_9471024 | Publishing data = { "value" : "163" } | To topic WaterLevel
DEVICE sensWaterLevel_2_9471024 | Publishing data = { "value" : "221" } | To topic WaterLevel
DEVICE sensWaterLevel_2_9471024 | Publishing data = { "value" : "35" } | To topic WaterLevel
DEVICE sensWaterLevel_2_9471024 | Publishing data = { "value" : "238" } | To topic WaterLevel
DEVICE sensWaterLevel_2_9471024 | Publishing data = { "value" : "25" } | To topic WaterLevel
DEVICE sensWaterLevel_2_9471024 | Publishing data = { "value" : "185" } | To topic WaterLevel
DEVICE sensWaterLevel_2_9471024 | Publishing data = { "value" : "160" } | To topic WaterLevel
DEVICE sensWaterLevel_2_9471024 | Publishing data = { "value" : "205" } | To topic WaterLevel
DEVICE sensWaterLevel_2_9471024 | Publishing data = { "value" : "232" } | To topic WaterLevel
DEVICE sensWaterLevel_2_9471024 | Publishing data = { "value" : "198" } | To topic WaterLevel
DEVICE sensWaterLevel_2_9471024 | Publishing data = { "value" : "142" } | To topic WaterLevel
DEVICE sensWaterLevel_2_9471024 | Publishing data = { "value" : "239" } | To topic WaterLevel
DEVICE sensWaterLevel_2_9471024 | Publishing data = { "value" : "168" } | To topic WaterLevel
DEVICE sensWaterLevel_2_9471024 | Publishing data = { "value" : "157" } | To topic WaterLevel
DEVICE sensWaterLevel_2_9471024 | Publishing data = { "value" : "230" } | To topic WaterLevel
DEVICE sensWaterLevel_2_9471024 | Publishing data = { "value" : "147" } | To topic WaterLevel
DEVICE sensWaterLevel_2_9471024 | Publishing data = { "value" : "237" } | To topic WaterLevel
DEVICE sensWaterLevel_2_9471024 | Publishing data = { "value" : "38" } | To topic WaterLevel
DEVICE sensWaterLevel_2_9471024 | Publishing data = { "value" : "116" } | To topic WaterLevel
DEVICE sensWaterLevel_2_9471024 | Publishing data = { "value" : "14" } | To topic WaterLevel
DEVICE sensWaterLevel_2_9471024 | Publishing data = { "value" : "64" } | To topic WaterLevel
DEVICE sensWaterLevel_2_9471024 | Publishing data = { "value" : "193" } | To topic WaterLevel
DEVICE sensWaterLevel_2_9471024 | Publishing data = { "value" : "70" } | To topic WaterLevel
DEVICE sensWaterLevel_2_9471024 | Publishing data = { "value" : "111" } | To topic WaterLevel
DEVICE sensWaterLevel_2_9471024 | Publishing data = { "value" : "124" } | To topic WaterLevel
DEVICE sensWaterLevel_2_9471024 | Publishing data = { "value" : "124" } | To topic WaterLevel
DEVICE sensWaterLevel_2_9471024 | Publishing data = { "value" : "124" } | To topic WaterLevel
DEVICE sensWaterLevel_2_9471024 | Publishing data = { "value" : "169" } | To topic WaterLevel
DEVICE sensWaterLevel_2_9471024 | Publishing data = { "value" : "116" } | To topic WaterLevel
DEVICE sensWaterLevel_2_9471024 | Publishing data = { "value" : "104" } | To topic WaterLevel
DEVICE sensWaterLevel_2_9471024 | Publishing data = { "value" : "25" } | To topic WaterLevel
DEVICE sensWaterLevel_2_9471024 | Publishing data = { "value" : "237" } | To topic WaterLevel
DEVICE sensWaterLevel_2_9471024 | Publishing data = { "value" : "47" } | To topic WaterLevel
DEVICE sensWaterLevel_2_9471024 | Publishing data = { "value" : "248" } | To topic WaterLevel
DEVICE sensWaterLevel_2_9471024 | Publishing data = { "value" : "209" } | To topic WaterLevel
DEVICE sensWaterLevel_2_9471024 | Publishing data = { "value" : "65" } | To topic WaterLevel
DEVICE sensWaterLevel_2_9471024 | Publishing data = { "value" : "242" } | To topic WaterLevel
DEVICE sensWaterLevel_2_9471024 | Publishing data = { "value" : "99" } | To topic WaterLevel
DEVICE sensWaterLevel_2_9471024 | Publishing data = { "value" : "193" } | To topic WaterLevel
DEVICE sensWaterLevel_2_9471024 | Publishing data = { "value" : "18" } | To topic WaterLevel
DEVICE sensWaterLevel_2_9471024 | Publishing data = { "value" : "140" } | To topic WaterLevel
DEVICE sensWaterLevel_2_9471024 | Publishing data = { "value" : "234" } | To topic WaterLevel
DEVICE sensWaterLevel_2_9471024 | Publishing data = { "value" : "154" } | To topic WaterLevel
DEVICE sensWaterLevel_2_9471024 | Publishing data = { "value" : "7" } | To topic WaterLevel
DEVICE sensWaterLevel_2_9471024 | Publishing data = { "value" : "153" } | To topic WaterLevel
DEVICE sensWaterLevel_2_9471024 | Publishing data = { "value" : "206" } | To topic WaterLevel
DEVICE sensWaterLevel_2_9471024 | Publishing data = { "value" : "222" } | To topic WaterLevel
DEVICE sensWaterLevel_2_9471024 | Publishing data = { "value" : "241" } | To topic WaterLevel
DEVICE sensWaterLevel_2_9471024 | Publishing data = { "value" : "149" } | To topic WaterLevel
DEVICE sensWaterLevel_2_9471024 | Publishing data = { "value" : "129" } | To topic WaterLevel
DEVICE sensWaterLevel_2_9471024 | Publishing data = { "value" : "241" } | To topic WaterLevel
DEVICE sensWaterLevel_2_9471024 | Publishing data = { "value" : "106" } | To topic WaterLevel
DEVICE sensWaterLevel_2_9471024 | Publishing data = { "value" : "99" } | To topic WaterLevel
DEVICE sensWaterLevel_2_9471024 | Publishing data = { "value" : "180" } | To topic WaterLevel
DEVICE sensWaterLevel_2_9471024 | Publishing data = { "value" : "13" } | To topic WaterLevel
DEVICE sensWaterLevel_2_9471024 | Publishing data = { "value" : "145" } | To topic WaterLevel
DEVICE sensWaterLevel_2_9471024 | Publishing data = { "value" : "245" } | To topic WaterLevel
DEVICE sensWaterLevel_2_9471024 | Publishing data = { "value" : "239" } | To topic WaterLevel
DEVICE sensWaterLevel_2_9471024 | Publishing data = { "value" : "116" } | To topic WaterLevel
DEVICE sensWaterLevel_2_9471024 | Publishing data = { "value" : "62" } | To topic WaterLevel
DEVICE sensWaterLevel_2_9471024 | Publishing data = { "value" : "194" } | To topic WaterLevel
DEVICE sensWaterLevel_2_9471024 | Publishing data = { "value" : "32" } | To topic WaterLevel
DEVICE sensWaterLevel_2_9471024 | Publishing data = { "value" : "206" } | To topic WaterLevel
DEVICE sensWaterLevel_2_9471024 | Publishing data = { "value" : "133" } | To topic WaterLevel
DEVICE sensWaterLevel_2_9471024 | Publishing data = { "value" : "175" } | To topic WaterLevel
DEVICE sensWaterLevel_2_9471024 | Publishing data = { "value" : "66" } | To topic WaterLevel
DEVICE sensWaterLevel_2_9471024 | Publishing data = { "value" : "17" } | To topic WaterLevel
DEVICE sensWaterLevel_2_9471024 | Publishing data = { "value" : "99" } | To topic WaterLevel
DEVICE sensWaterLevel_2_9471024 | Publishing data = { "value" : "64" } | To topic WaterLevel
DEVICE sensWaterLevel_2_9471024 | Publishing data = { "value" : "247" } | To topic WaterLevel
DEVICE sensWaterLevel_2_9471024 | Publishing data = { "value" : "128" } | To topic WaterLevel
DEVICE sensWaterLevel_2_9471024 | Publishing data = { "value" : "114" } | To topic WaterLevel
DEVICE sensWaterLevel_2_9471024 | Publishing data = { "value" : "242" } | To topic WaterLevel
DEVICE sensWaterLevel_2_9471024 | Publishing data = { "value" : "222" } | To topic WaterLevel
DEVICE sensWaterLevel_2_9471024 | Publishing data = { "value" : "129" } | To topic WaterLevel
DEVICE sensWaterLevel_2_9471024 | Publishing data = { "value" : "212" } | To topic WaterLevel
DEVICE sensWaterLevel_2_9471024 | Publishing data = { "value" : "78" } | To topic WaterLevel
Sep 07, 2023 3:32:33 PM jdk.internal.reflect.NativeMethodAccessorImpl invoke0
INFO: THORN99999: Thorntail is Ready
