WARNING: An illegal reflective access operation has occurred
WARNING: Illegal reflective access by org.eclipse.paho.client.mqttv3.internal.FileLock (jar:file:/tmp/thorntailorg.eclipse.paho.client.mqttv3-1.2.03492433605172533452.jar!/) to method sun.nio.ch.FileLockImpl.release()
WARNING: Please consider reporting this to the maintainers of org.eclipse.paho.client.mqttv3.internal.FileLock
WARNING: Use --illegal-access=warn to enable warnings of further illegal reflective access operations
WARNING: All illegal access operations will be denied in a future release
Connected to tcp://mosquitto-temperature1:1885
DEVICE sensTemperature_1_9972108 | Publishing data = { "value" : "147" } | To topic Humidity
DEVICE sensTemperature_1_9972108 | Publishing data = { "value" : "181" } | To topic Humidity
DEVICE sensTemperature_1_9972108 | Publishing data = { "value" : "67" } | To topic Humidity
DEVICE sensTemperature_1_9972108 | Publishing data = { "value" : "24" } | To topic Humidity
DEVICE sensTemperature_1_9972108 | Publishing data = { "value" : "163" } | To topic Humidity
DEVICE sensTemperature_1_9972108 | Publishing data = { "value" : "145" } | To topic Humidity
DEVICE sensTemperature_1_9972108 | Publishing data = { "value" : "232" } | To topic Humidity
DEVICE sensTemperature_1_9972108 | Publishing data = { "value" : "173" } | To topic Humidity
DEVICE sensTemperature_1_9972108 | Publishing data = { "value" : "242" } | To topic Humidity
DEVICE sensTemperature_1_9972108 | Publishing data = { "value" : "94" } | To topic Humidity
DEVICE sensTemperature_1_9972108 | Publishing data = { "value" : "215" } | To topic Humidity
DEVICE sensTemperature_1_9972108 | Publishing data = { "value" : "11" } | To topic Humidity
DEVICE sensTemperature_1_9972108 | Publishing data = { "value" : "136" } | To topic Humidity
DEVICE sensTemperature_1_9972108 | Publishing data = { "value" : "17" } | To topic Humidity
DEVICE sensTemperature_1_9972108 | Publishing data = { "value" : "19" } | To topic Humidity
DEVICE sensTemperature_1_9972108 | Publishing data = { "value" : "189" } | To topic Humidity
DEVICE sensTemperature_1_9972108 | Publishing data = { "value" : "130" } | To topic Humidity
DEVICE sensTemperature_1_9972108 | Publishing data = { "value" : "12" } | To topic Humidity
DEVICE sensTemperature_1_9972108 | Publishing data = { "value" : "79" } | To topic Humidity
DEVICE sensTemperature_1_9972108 | Publishing data = { "value" : "63" } | To topic Humidity
DEVICE sensTemperature_1_9972108 | Publishing data = { "value" : "79" } | To topic Humidity
DEVICE sensTemperature_1_9972108 | Publishing data = { "value" : "159" } | To topic Humidity
DEVICE sensTemperature_1_9972108 | Publishing data = { "value" : "94" } | To topic Humidity
DEVICE sensTemperature_1_9972108 | Publishing data = { "value" : "241" } | To topic Humidity
DEVICE sensTemperature_1_9972108 | Publishing data = { "value" : "83" } | To topic Humidity
DEVICE sensTemperature_1_9972108 | Publishing data = { "value" : "215" } | To topic Humidity
DEVICE sensTemperature_1_9972108 | Publishing data = { "value" : "236" } | To topic Humidity
DEVICE sensTemperature_1_9972108 | Publishing data = { "value" : "201" } | To topic Humidity
DEVICE sensTemperature_1_9972108 | Publishing data = { "value" : "196" } | To topic Humidity
DEVICE sensTemperature_1_9972108 | Publishing data = { "value" : "224" } | To topic Humidity
DEVICE sensTemperature_1_9972108 | Publishing data = { "value" : "28" } | To topic Humidity
DEVICE sensTemperature_1_9972108 | Publishing data = { "value" : "152" } | To topic Humidity
DEVICE sensTemperature_1_9972108 | Publishing data = { "value" : "237" } | To topic Humidity
DEVICE sensTemperature_1_9972108 | Publishing data = { "value" : "118" } | To topic Humidity
DEVICE sensTemperature_1_9972108 | Publishing data = { "value" : "48" } | To topic Humidity
DEVICE sensTemperature_1_9972108 | Publishing data = { "value" : "12" } | To topic Humidity
DEVICE sensTemperature_1_9972108 | Publishing data = { "value" : "158" } | To topic Humidity
DEVICE sensTemperature_1_9972108 | Publishing data = { "value" : "65" } | To topic Humidity
DEVICE sensTemperature_1_9972108 | Publishing data = { "value" : "46" } | To topic Humidity
DEVICE sensTemperature_1_9972108 | Publishing data = { "value" : "167" } | To topic Humidity
DEVICE sensTemperature_1_9972108 | Publishing data = { "value" : "166" } | To topic Humidity
DEVICE sensTemperature_1_9972108 | Publishing data = { "value" : "45" } | To topic Humidity
DEVICE sensTemperature_1_9972108 | Publishing data = { "value" : "73" } | To topic Humidity
DEVICE sensTemperature_1_9972108 | Publishing data = { "value" : "17" } | To topic Humidity
DEVICE sensTemperature_1_9972108 | Publishing data = { "value" : "226" } | To topic Humidity
DEVICE sensTemperature_1_9972108 | Publishing data = { "value" : "96" } | To topic Humidity
DEVICE sensTemperature_1_9972108 | Publishing data = { "value" : "22" } | To topic Humidity
DEVICE sensTemperature_1_9972108 | Publishing data = { "value" : "80" } | To topic Humidity
DEVICE sensTemperature_1_9972108 | Publishing data = { "value" : "176" } | To topic Humidity
DEVICE sensTemperature_1_9972108 | Publishing data = { "value" : "159" } | To topic Humidity
DEVICE sensTemperature_1_9972108 | Publishing data = { "value" : "72" } | To topic Humidity
DEVICE sensTemperature_1_9972108 | Publishing data = { "value" : "57" } | To topic Humidity
DEVICE sensTemperature_1_9972108 | Publishing data = { "value" : "105" } | To topic Humidity
DEVICE sensTemperature_1_9972108 | Publishing data = { "value" : "225" } | To topic Humidity
DEVICE sensTemperature_1_9972108 | Publishing data = { "value" : "88" } | To topic Humidity
DEVICE sensTemperature_1_9972108 | Publishing data = { "value" : "77" } | To topic Humidity
DEVICE sensTemperature_1_9972108 | Publishing data = { "value" : "136" } | To topic Humidity
DEVICE sensTemperature_1_9972108 | Publishing data = { "value" : "101" } | To topic Humidity
DEVICE sensTemperature_1_9972108 | Publishing data = { "value" : "85" } | To topic Humidity
DEVICE sensTemperature_1_9972108 | Publishing data = { "value" : "220" } | To topic Humidity
DEVICE sensTemperature_1_9972108 | Publishing data = { "value" : "134" } | To topic Humidity
DEVICE sensTemperature_1_9972108 | Publishing data = { "value" : "228" } | To topic Humidity
DEVICE sensTemperature_1_9972108 | Publishing data = { "value" : "207" } | To topic Humidity
DEVICE sensTemperature_1_9972108 | Publishing data = { "value" : "28" } | To topic Humidity
DEVICE sensTemperature_1_9972108 | Publishing data = { "value" : "142" } | To topic Humidity
DEVICE sensTemperature_1_9972108 | Publishing data = { "value" : "205" } | To topic Humidity
DEVICE sensTemperature_1_9972108 | Publishing data = { "value" : "152" } | To topic Humidity
DEVICE sensTemperature_1_9972108 | Publishing data = { "value" : "126" } | To topic Humidity
