WARNING: An illegal reflective access operation has occurred
WARNING: Illegal reflective access by org.eclipse.paho.client.mqttv3.internal.FileLock (jar:file:/tmp/thorntailorg.eclipse.paho.client.mqttv3-1.2.016003685499889040579.jar!/) to method sun.nio.ch.FileLockImpl.release()
WARNING: Please consider reporting this to the maintainers of org.eclipse.paho.client.mqttv3.internal.FileLock
WARNING: Use --illegal-access=warn to enable warnings of further illegal reflective access operations
WARNING: All illegal access operations will be denied in a future release
Connected to tcp://mosquitto-waterlevel2:1886
DEVICE sensWaterLevel_2_5040425 | Publishing data = { "value" : "47" } | To topic WaterLevel
DEVICE sensWaterLevel_2_5040425 | Publishing data = { "value" : "19" } | To topic WaterLevel
DEVICE sensWaterLevel_2_5040425 | Publishing data = { "value" : "52" } | To topic WaterLevel
DEVICE sensWaterLevel_2_5040425 | Publishing data = { "value" : "233" } | To topic WaterLevel
DEVICE sensWaterLevel_2_5040425 | Publishing data = { "value" : "25" } | To topic WaterLevel
DEVICE sensWaterLevel_2_5040425 | Publishing data = { "value" : "43" } | To topic WaterLevel
DEVICE sensWaterLevel_2_5040425 | Publishing data = { "value" : "157" } | To topic WaterLevel
DEVICE sensWaterLevel_2_5040425 | Publishing data = { "value" : "194" } | To topic WaterLevel
DEVICE sensWaterLevel_2_5040425 | Publishing data = { "value" : "149" } | To topic WaterLevel
DEVICE sensWaterLevel_2_5040425 | Publishing data = { "value" : "187" } | To topic WaterLevel
DEVICE sensWaterLevel_2_5040425 | Publishing data = { "value" : "98" } | To topic WaterLevel
DEVICE sensWaterLevel_2_5040425 | Publishing data = { "value" : "9" } | To topic WaterLevel
DEVICE sensWaterLevel_2_5040425 | Publishing data = { "value" : "210" } | To topic WaterLevel
DEVICE sensWaterLevel_2_5040425 | Publishing data = { "value" : "27" } | To topic WaterLevel
DEVICE sensWaterLevel_2_5040425 | Publishing data = { "value" : "232" } | To topic WaterLevel
DEVICE sensWaterLevel_2_5040425 | Publishing data = { "value" : "230" } | To topic WaterLevel
DEVICE sensWaterLevel_2_5040425 | Publishing data = { "value" : "8" } | To topic WaterLevel
DEVICE sensWaterLevel_2_5040425 | Publishing data = { "value" : "225" } | To topic WaterLevel
DEVICE sensWaterLevel_2_5040425 | Publishing data = { "value" : "202" } | To topic WaterLevel
DEVICE sensWaterLevel_2_5040425 | Publishing data = { "value" : "199" } | To topic WaterLevel
DEVICE sensWaterLevel_2_5040425 | Publishing data = { "value" : "30" } | To topic WaterLevel
DEVICE sensWaterLevel_2_5040425 | Publishing data = { "value" : "24" } | To topic WaterLevel
DEVICE sensWaterLevel_2_5040425 | Publishing data = { "value" : "165" } | To topic WaterLevel
DEVICE sensWaterLevel_2_5040425 | Publishing data = { "value" : "206" } | To topic WaterLevel
DEVICE sensWaterLevel_2_5040425 | Publishing data = { "value" : "74" } | To topic WaterLevel
DEVICE sensWaterLevel_2_5040425 | Publishing data = { "value" : "105" } | To topic WaterLevel
DEVICE sensWaterLevel_2_5040425 | Publishing data = { "value" : "7" } | To topic WaterLevel
DEVICE sensWaterLevel_2_5040425 | Publishing data = { "value" : "192" } | To topic WaterLevel
DEVICE sensWaterLevel_2_5040425 | Publishing data = { "value" : "140" } | To topic WaterLevel
DEVICE sensWaterLevel_2_5040425 | Publishing data = { "value" : "20" } | To topic WaterLevel
DEVICE sensWaterLevel_2_5040425 | Publishing data = { "value" : "145" } | To topic WaterLevel
DEVICE sensWaterLevel_2_5040425 | Publishing data = { "value" : "116" } | To topic WaterLevel
DEVICE sensWaterLevel_2_5040425 | Publishing data = { "value" : "10" } | To topic WaterLevel
DEVICE sensWaterLevel_2_5040425 | Publishing data = { "value" : "173" } | To topic WaterLevel
DEVICE sensWaterLevel_2_5040425 | Publishing data = { "value" : "166" } | To topic WaterLevel
DEVICE sensWaterLevel_2_5040425 | Publishing data = { "value" : "222" } | To topic WaterLevel
DEVICE sensWaterLevel_2_5040425 | Publishing data = { "value" : "140" } | To topic WaterLevel
DEVICE sensWaterLevel_2_5040425 | Publishing data = { "value" : "203" } | To topic WaterLevel
DEVICE sensWaterLevel_2_5040425 | Publishing data = { "value" : "26" } | To topic WaterLevel
DEVICE sensWaterLevel_2_5040425 | Publishing data = { "value" : "166" } | To topic WaterLevel
DEVICE sensWaterLevel_2_5040425 | Publishing data = { "value" : "150" } | To topic WaterLevel
DEVICE sensWaterLevel_2_5040425 | Publishing data = { "value" : "115" } | To topic WaterLevel
DEVICE sensWaterLevel_2_5040425 | Publishing data = { "value" : "211" } | To topic WaterLevel
DEVICE sensWaterLevel_2_5040425 | Publishing data = { "value" : "57" } | To topic WaterLevel
DEVICE sensWaterLevel_2_5040425 | Publishing data = { "value" : "141" } | To topic WaterLevel
DEVICE sensWaterLevel_2_5040425 | Publishing data = { "value" : "232" } | To topic WaterLevel
DEVICE sensWaterLevel_2_5040425 | Publishing data = { "value" : "244" } | To topic WaterLevel
DEVICE sensWaterLevel_2_5040425 | Publishing data = { "value" : "53" } | To topic WaterLevel
DEVICE sensWaterLevel_2_5040425 | Publishing data = { "value" : "124" } | To topic WaterLevel
DEVICE sensWaterLevel_2_5040425 | Publishing data = { "value" : "63" } | To topic WaterLevel
DEVICE sensWaterLevel_2_5040425 | Publishing data = { "value" : "38" } | To topic WaterLevel
DEVICE sensWaterLevel_2_5040425 | Publishing data = { "value" : "132" } | To topic WaterLevel
DEVICE sensWaterLevel_2_5040425 | Publishing data = { "value" : "82" } | To topic WaterLevel
DEVICE sensWaterLevel_2_5040425 | Publishing data = { "value" : "90" } | To topic WaterLevel
DEVICE sensWaterLevel_2_5040425 | Publishing data = { "value" : "16" } | To topic WaterLevel
DEVICE sensWaterLevel_2_5040425 | Publishing data = { "value" : "48" } | To topic WaterLevel
DEVICE sensWaterLevel_2_5040425 | Publishing data = { "value" : "159" } | To topic WaterLevel
DEVICE sensWaterLevel_2_5040425 | Publishing data = { "value" : "203" } | To topic WaterLevel
DEVICE sensWaterLevel_2_5040425 | Publishing data = { "value" : "204" } | To topic WaterLevel
DEVICE sensWaterLevel_2_5040425 | Publishing data = { "value" : "97" } | To topic WaterLevel
DEVICE sensWaterLevel_2_5040425 | Publishing data = { "value" : "5" } | To topic WaterLevel
DEVICE sensWaterLevel_2_5040425 | Publishing data = { "value" : "156" } | To topic WaterLevel
DEVICE sensWaterLevel_2_5040425 | Publishing data = { "value" : "240" } | To topic WaterLevel
DEVICE sensWaterLevel_2_5040425 | Publishing data = { "value" : "219" } | To topic WaterLevel
DEVICE sensWaterLevel_2_5040425 | Publishing data = { "value" : "134" } | To topic WaterLevel
DEVICE sensWaterLevel_2_5040425 | Publishing data = { "value" : "244" } | To topic WaterLevel
DEVICE sensWaterLevel_2_5040425 | Publishing data = { "value" : "10" } | To topic WaterLevel
DEVICE sensWaterLevel_2_5040425 | Publishing data = { "value" : "106" } | To topic WaterLevel
DEVICE sensWaterLevel_2_5040425 | Publishing data = { "value" : "170" } | To topic WaterLevel
DEVICE sensWaterLevel_2_5040425 | Publishing data = { "value" : "173" } | To topic WaterLevel
DEVICE sensWaterLevel_2_5040425 | Publishing data = { "value" : "23" } | To topic WaterLevel
