WARNING: An illegal reflective access operation has occurred
WARNING: Illegal reflective access by org.eclipse.paho.client.mqttv3.internal.FileLock (jar:file:/tmp/thorntailorg.eclipse.paho.client.mqttv3-1.2.05955387946801169417.jar!/) to method sun.nio.ch.FileLockImpl.release()
WARNING: Please consider reporting this to the maintainers of org.eclipse.paho.client.mqttv3.internal.FileLock
WARNING: Use --illegal-access=warn to enable warnings of further illegal reflective access operations
WARNING: All illegal access operations will be denied in a future release
Connected to tcp://mosquitto-temperature1:1885
DEVICE sensTemperature_1_2333484 | Publishing data = { "value" : "28" } | To topic Humidity
DEVICE sensTemperature_1_2333484 | Publishing data = { "value" : "1" } | To topic Humidity
DEVICE sensTemperature_1_2333484 | Publishing data = { "value" : "197" } | To topic Humidity
DEVICE sensTemperature_1_2333484 | Publishing data = { "value" : "19" } | To topic Humidity
DEVICE sensTemperature_1_2333484 | Publishing data = { "value" : "11" } | To topic Humidity
DEVICE sensTemperature_1_2333484 | Publishing data = { "value" : "124" } | To topic Humidity
DEVICE sensTemperature_1_2333484 | Publishing data = { "value" : "8" } | To topic Humidity
DEVICE sensTemperature_1_2333484 | Publishing data = { "value" : "51" } | To topic Humidity
DEVICE sensTemperature_1_2333484 | Publishing data = { "value" : "194" } | To topic Humidity
DEVICE sensTemperature_1_2333484 | Publishing data = { "value" : "137" } | To topic Humidity
DEVICE sensTemperature_1_2333484 | Publishing data = { "value" : "145" } | To topic Humidity
DEVICE sensTemperature_1_2333484 | Publishing data = { "value" : "142" } | To topic Humidity
DEVICE sensTemperature_1_2333484 | Publishing data = { "value" : "193" } | To topic Humidity
DEVICE sensTemperature_1_2333484 | Publishing data = { "value" : "39" } | To topic Humidity
DEVICE sensTemperature_1_2333484 | Publishing data = { "value" : "106" } | To topic Humidity
DEVICE sensTemperature_1_2333484 | Publishing data = { "value" : "0" } | To topic Humidity
DEVICE sensTemperature_1_2333484 | Publishing data = { "value" : "179" } | To topic Humidity
DEVICE sensTemperature_1_2333484 | Publishing data = { "value" : "171" } | To topic Humidity
DEVICE sensTemperature_1_2333484 | Publishing data = { "value" : "45" } | To topic Humidity
DEVICE sensTemperature_1_2333484 | Publishing data = { "value" : "56" } | To topic Humidity
DEVICE sensTemperature_1_2333484 | Publishing data = { "value" : "48" } | To topic Humidity
DEVICE sensTemperature_1_2333484 | Publishing data = { "value" : "20" } | To topic Humidity
DEVICE sensTemperature_1_2333484 | Publishing data = { "value" : "61" } | To topic Humidity
DEVICE sensTemperature_1_2333484 | Publishing data = { "value" : "33" } | To topic Humidity
DEVICE sensTemperature_1_2333484 | Publishing data = { "value" : "85" } | To topic Humidity
DEVICE sensTemperature_1_2333484 | Publishing data = { "value" : "79" } | To topic Humidity
DEVICE sensTemperature_1_2333484 | Publishing data = { "value" : "193" } | To topic Humidity
DEVICE sensTemperature_1_2333484 | Publishing data = { "value" : "119" } | To topic Humidity
DEVICE sensTemperature_1_2333484 | Publishing data = { "value" : "189" } | To topic Humidity
DEVICE sensTemperature_1_2333484 | Publishing data = { "value" : "4" } | To topic Humidity
DEVICE sensTemperature_1_2333484 | Publishing data = { "value" : "115" } | To topic Humidity
DEVICE sensTemperature_1_2333484 | Publishing data = { "value" : "57" } | To topic Humidity
DEVICE sensTemperature_1_2333484 | Publishing data = { "value" : "145" } | To topic Humidity
DEVICE sensTemperature_1_2333484 | Publishing data = { "value" : "10" } | To topic Humidity
DEVICE sensTemperature_1_2333484 | Publishing data = { "value" : "114" } | To topic Humidity
DEVICE sensTemperature_1_2333484 | Publishing data = { "value" : "18" } | To topic Humidity
DEVICE sensTemperature_1_2333484 | Publishing data = { "value" : "99" } | To topic Humidity
DEVICE sensTemperature_1_2333484 | Publishing data = { "value" : "58" } | To topic Humidity
DEVICE sensTemperature_1_2333484 | Publishing data = { "value" : "29" } | To topic Humidity
DEVICE sensTemperature_1_2333484 | Publishing data = { "value" : "215" } | To topic Humidity
DEVICE sensTemperature_1_2333484 | Publishing data = { "value" : "242" } | To topic Humidity
DEVICE sensTemperature_1_2333484 | Publishing data = { "value" : "33" } | To topic Humidity
DEVICE sensTemperature_1_2333484 | Publishing data = { "value" : "76" } | To topic Humidity
DEVICE sensTemperature_1_2333484 | Publishing data = { "value" : "60" } | To topic Humidity
DEVICE sensTemperature_1_2333484 | Publishing data = { "value" : "209" } | To topic Humidity
DEVICE sensTemperature_1_2333484 | Publishing data = { "value" : "197" } | To topic Humidity
DEVICE sensTemperature_1_2333484 | Publishing data = { "value" : "55" } | To topic Humidity
DEVICE sensTemperature_1_2333484 | Publishing data = { "value" : "69" } | To topic Humidity
DEVICE sensTemperature_1_2333484 | Publishing data = { "value" : "233" } | To topic Humidity
DEVICE sensTemperature_1_2333484 | Publishing data = { "value" : "31" } | To topic Humidity
DEVICE sensTemperature_1_2333484 | Publishing data = { "value" : "110" } | To topic Humidity
DEVICE sensTemperature_1_2333484 | Publishing data = { "value" : "242" } | To topic Humidity
DEVICE sensTemperature_1_2333484 | Publishing data = { "value" : "230" } | To topic Humidity
DEVICE sensTemperature_1_2333484 | Publishing data = { "value" : "8" } | To topic Humidity
DEVICE sensTemperature_1_2333484 | Publishing data = { "value" : "80" } | To topic Humidity
DEVICE sensTemperature_1_2333484 | Publishing data = { "value" : "60" } | To topic Humidity
DEVICE sensTemperature_1_2333484 | Publishing data = { "value" : "141" } | To topic Humidity
DEVICE sensTemperature_1_2333484 | Publishing data = { "value" : "81" } | To topic Humidity
DEVICE sensTemperature_1_2333484 | Publishing data = { "value" : "83" } | To topic Humidity
DEVICE sensTemperature_1_2333484 | Publishing data = { "value" : "79" } | To topic Humidity
DEVICE sensTemperature_1_2333484 | Publishing data = { "value" : "29" } | To topic Humidity
DEVICE sensTemperature_1_2333484 | Publishing data = { "value" : "154" } | To topic Humidity
DEVICE sensTemperature_1_2333484 | Publishing data = { "value" : "151" } | To topic Humidity
DEVICE sensTemperature_1_2333484 | Publishing data = { "value" : "171" } | To topic Humidity
DEVICE sensTemperature_1_2333484 | Publishing data = { "value" : "153" } | To topic Humidity
DEVICE sensTemperature_1_2333484 | Publishing data = { "value" : "160" } | To topic Humidity
DEVICE sensTemperature_1_2333484 | Publishing data = { "value" : "228" } | To topic Humidity
DEVICE sensTemperature_1_2333484 | Publishing data = { "value" : "137" } | To topic Humidity
DEVICE sensTemperature_1_2333484 | Publishing data = { "value" : "27" } | To topic Humidity
DEVICE sensTemperature_1_2333484 | Publishing data = { "value" : "226" } | To topic Humidity
DEVICE sensTemperature_1_2333484 | Publishing data = { "value" : "150" } | To topic Humidity
DEVICE sensTemperature_1_2333484 | Publishing data = { "value" : "166" } | To topic Humidity
DEVICE sensTemperature_1_2333484 | Publishing data = { "value" : "139" } | To topic Humidity
DEVICE sensTemperature_1_2333484 | Publishing data = { "value" : "176" } | To topic Humidity
DEVICE sensTemperature_1_2333484 | Publishing data = { "value" : "245" } | To topic Humidity
DEVICE sensTemperature_1_2333484 | Publishing data = { "value" : "133" } | To topic Humidity
DEVICE sensTemperature_1_2333484 | Publishing data = { "value" : "13" } | To topic Humidity
DEVICE sensTemperature_1_2333484 | Publishing data = { "value" : "210" } | To topic Humidity
DEVICE sensTemperature_1_2333484 | Publishing data = { "value" : "147" } | To topic Humidity
DEVICE sensTemperature_1_2333484 | Publishing data = { "value" : "177" } | To topic Humidity
DEVICE sensTemperature_1_2333484 | Publishing data = { "value" : "50" } | To topic Humidity
DEVICE sensTemperature_1_2333484 | Publishing data = { "value" : "243" } | To topic Humidity
DEVICE sensTemperature_1_2333484 | Publishing data = { "value" : "171" } | To topic Humidity
DEVICE sensTemperature_1_2333484 | Publishing data = { "value" : "48" } | To topic Humidity
DEVICE sensTemperature_1_2333484 | Publishing data = { "value" : "76" } | To topic Humidity
DEVICE sensTemperature_1_2333484 | Publishing data = { "value" : "57" } | To topic Humidity
DEVICE sensTemperature_1_2333484 | Publishing data = { "value" : "48" } | To topic Humidity
DEVICE sensTemperature_1_2333484 | Publishing data = { "value" : "52" } | To topic Humidity
DEVICE sensTemperature_1_2333484 | Publishing data = { "value" : "199" } | To topic Humidity
DEVICE sensTemperature_1_2333484 | Publishing data = { "value" : "111" } | To topic Humidity
DEVICE sensTemperature_1_2333484 | Publishing data = { "value" : "217" } | To topic Humidity
DEVICE sensTemperature_1_2333484 | Publishing data = { "value" : "211" } | To topic Humidity
DEVICE sensTemperature_1_2333484 | Publishing data = { "value" : "185" } | To topic Humidity
DEVICE sensTemperature_1_2333484 | Publishing data = { "value" : "26" } | To topic Humidity
DEVICE sensTemperature_1_2333484 | Publishing data = { "value" : "103" } | To topic Humidity
DEVICE sensTemperature_1_2333484 | Publishing data = { "value" : "95" } | To topic Humidity
DEVICE sensTemperature_1_2333484 | Publishing data = { "value" : "121" } | To topic Humidity
DEVICE sensTemperature_1_2333484 | Publishing data = { "value" : "222" } | To topic Humidity
DEVICE sensTemperature_1_2333484 | Publishing data = { "value" : "233" } | To topic Humidity
DEVICE sensTemperature_1_2333484 | Publishing data = { "value" : "198" } | To topic Humidity
Sep 07, 2023 3:32:33 PM jdk.internal.reflect.NativeMethodAccessorImpl invoke0
INFO: THORN99999: Thorntail is Ready
