WARNING: An illegal reflective access operation has occurred
WARNING: Illegal reflective access by org.eclipse.paho.client.mqttv3.internal.FileLock (jar:file:/tmp/thorntailorg.eclipse.paho.client.mqttv3-1.2.011028003880262310298.jar!/) to method sun.nio.ch.FileLockImpl.release()
WARNING: Please consider reporting this to the maintainers of org.eclipse.paho.client.mqttv3.internal.FileLock
WARNING: Use --illegal-access=warn to enable warnings of further illegal reflective access operations
WARNING: All illegal access operations will be denied in a future release
Connected to tcp://mosquitto-temperature1:1885
DEVICE sensTemperature_1_5766748 | Publishing data = { "value" : "198" } | To topic Humidity
DEVICE sensTemperature_1_5766748 | Publishing data = { "value" : "160" } | To topic Humidity
DEVICE sensTemperature_1_5766748 | Publishing data = { "value" : "149" } | To topic Humidity
DEVICE sensTemperature_1_5766748 | Publishing data = { "value" : "167" } | To topic Humidity
DEVICE sensTemperature_1_5766748 | Publishing data = { "value" : "44" } | To topic Humidity
DEVICE sensTemperature_1_5766748 | Publishing data = { "value" : "233" } | To topic Humidity
DEVICE sensTemperature_1_5766748 | Publishing data = { "value" : "159" } | To topic Humidity
DEVICE sensTemperature_1_5766748 | Publishing data = { "value" : "56" } | To topic Humidity
DEVICE sensTemperature_1_5766748 | Publishing data = { "value" : "250" } | To topic Humidity
DEVICE sensTemperature_1_5766748 | Publishing data = { "value" : "181" } | To topic Humidity
DEVICE sensTemperature_1_5766748 | Publishing data = { "value" : "55" } | To topic Humidity
DEVICE sensTemperature_1_5766748 | Publishing data = { "value" : "136" } | To topic Humidity
DEVICE sensTemperature_1_5766748 | Publishing data = { "value" : "159" } | To topic Humidity
DEVICE sensTemperature_1_5766748 | Publishing data = { "value" : "13" } | To topic Humidity
DEVICE sensTemperature_1_5766748 | Publishing data = { "value" : "110" } | To topic Humidity
DEVICE sensTemperature_1_5766748 | Publishing data = { "value" : "220" } | To topic Humidity
DEVICE sensTemperature_1_5766748 | Publishing data = { "value" : "8" } | To topic Humidity
DEVICE sensTemperature_1_5766748 | Publishing data = { "value" : "151" } | To topic Humidity
DEVICE sensTemperature_1_5766748 | Publishing data = { "value" : "216" } | To topic Humidity
DEVICE sensTemperature_1_5766748 | Publishing data = { "value" : "182" } | To topic Humidity
DEVICE sensTemperature_1_5766748 | Publishing data = { "value" : "214" } | To topic Humidity
DEVICE sensTemperature_1_5766748 | Publishing data = { "value" : "82" } | To topic Humidity
DEVICE sensTemperature_1_5766748 | Publishing data = { "value" : "239" } | To topic Humidity
DEVICE sensTemperature_1_5766748 | Publishing data = { "value" : "40" } | To topic Humidity
DEVICE sensTemperature_1_5766748 | Publishing data = { "value" : "248" } | To topic Humidity
DEVICE sensTemperature_1_5766748 | Publishing data = { "value" : "181" } | To topic Humidity
DEVICE sensTemperature_1_5766748 | Publishing data = { "value" : "29" } | To topic Humidity
DEVICE sensTemperature_1_5766748 | Publishing data = { "value" : "70" } | To topic Humidity
DEVICE sensTemperature_1_5766748 | Publishing data = { "value" : "98" } | To topic Humidity
DEVICE sensTemperature_1_5766748 | Publishing data = { "value" : "191" } | To topic Humidity
DEVICE sensTemperature_1_5766748 | Publishing data = { "value" : "72" } | To topic Humidity
DEVICE sensTemperature_1_5766748 | Publishing data = { "value" : "106" } | To topic Humidity
DEVICE sensTemperature_1_5766748 | Publishing data = { "value" : "220" } | To topic Humidity
DEVICE sensTemperature_1_5766748 | Publishing data = { "value" : "187" } | To topic Humidity
DEVICE sensTemperature_1_5766748 | Publishing data = { "value" : "25" } | To topic Humidity
DEVICE sensTemperature_1_5766748 | Publishing data = { "value" : "28" } | To topic Humidity
DEVICE sensTemperature_1_5766748 | Publishing data = { "value" : "114" } | To topic Humidity
DEVICE sensTemperature_1_5766748 | Publishing data = { "value" : "44" } | To topic Humidity
DEVICE sensTemperature_1_5766748 | Publishing data = { "value" : "233" } | To topic Humidity
DEVICE sensTemperature_1_5766748 | Publishing data = { "value" : "46" } | To topic Humidity
DEVICE sensTemperature_1_5766748 | Publishing data = { "value" : "191" } | To topic Humidity
DEVICE sensTemperature_1_5766748 | Publishing data = { "value" : "197" } | To topic Humidity
DEVICE sensTemperature_1_5766748 | Publishing data = { "value" : "165" } | To topic Humidity
DEVICE sensTemperature_1_5766748 | Publishing data = { "value" : "140" } | To topic Humidity
DEVICE sensTemperature_1_5766748 | Publishing data = { "value" : "119" } | To topic Humidity
DEVICE sensTemperature_1_5766748 | Publishing data = { "value" : "131" } | To topic Humidity
DEVICE sensTemperature_1_5766748 | Publishing data = { "value" : "127" } | To topic Humidity
DEVICE sensTemperature_1_5766748 | Publishing data = { "value" : "31" } | To topic Humidity
DEVICE sensTemperature_1_5766748 | Publishing data = { "value" : "128" } | To topic Humidity
DEVICE sensTemperature_1_5766748 | Publishing data = { "value" : "204" } | To topic Humidity
DEVICE sensTemperature_1_5766748 | Publishing data = { "value" : "235" } | To topic Humidity
DEVICE sensTemperature_1_5766748 | Publishing data = { "value" : "137" } | To topic Humidity
DEVICE sensTemperature_1_5766748 | Publishing data = { "value" : "144" } | To topic Humidity
DEVICE sensTemperature_1_5766748 | Publishing data = { "value" : "17" } | To topic Humidity
DEVICE sensTemperature_1_5766748 | Publishing data = { "value" : "79" } | To topic Humidity
DEVICE sensTemperature_1_5766748 | Publishing data = { "value" : "76" } | To topic Humidity
DEVICE sensTemperature_1_5766748 | Publishing data = { "value" : "104" } | To topic Humidity
DEVICE sensTemperature_1_5766748 | Publishing data = { "value" : "42" } | To topic Humidity
DEVICE sensTemperature_1_5766748 | Publishing data = { "value" : "215" } | To topic Humidity
DEVICE sensTemperature_1_5766748 | Publishing data = { "value" : "32" } | To topic Humidity
DEVICE sensTemperature_1_5766748 | Publishing data = { "value" : "33" } | To topic Humidity
DEVICE sensTemperature_1_5766748 | Publishing data = { "value" : "238" } | To topic Humidity
DEVICE sensTemperature_1_5766748 | Publishing data = { "value" : "178" } | To topic Humidity
DEVICE sensTemperature_1_5766748 | Publishing data = { "value" : "233" } | To topic Humidity
DEVICE sensTemperature_1_5766748 | Publishing data = { "value" : "167" } | To topic Humidity
DEVICE sensTemperature_1_5766748 | Publishing data = { "value" : "100" } | To topic Humidity
DEVICE sensTemperature_1_5766748 | Publishing data = { "value" : "177" } | To topic Humidity
DEVICE sensTemperature_1_5766748 | Publishing data = { "value" : "90" } | To topic Humidity
DEVICE sensTemperature_1_5766748 | Publishing data = { "value" : "180" } | To topic Humidity
DEVICE sensTemperature_1_5766748 | Publishing data = { "value" : "212" } | To topic Humidity
DEVICE sensTemperature_1_5766748 | Publishing data = { "value" : "117" } | To topic Humidity
DEVICE sensTemperature_1_5766748 | Publishing data = { "value" : "62" } | To topic Humidity
DEVICE sensTemperature_1_5766748 | Publishing data = { "value" : "80" } | To topic Humidity
DEVICE sensTemperature_1_5766748 | Publishing data = { "value" : "98" } | To topic Humidity
DEVICE sensTemperature_1_5766748 | Publishing data = { "value" : "250" } | To topic Humidity
DEVICE sensTemperature_1_5766748 | Publishing data = { "value" : "95" } | To topic Humidity
DEVICE sensTemperature_1_5766748 | Publishing data = { "value" : "94" } | To topic Humidity
DEVICE sensTemperature_1_5766748 | Publishing data = { "value" : "123" } | To topic Humidity
DEVICE sensTemperature_1_5766748 | Publishing data = { "value" : "56" } | To topic Humidity
DEVICE sensTemperature_1_5766748 | Publishing data = { "value" : "89" } | To topic Humidity
DEVICE sensTemperature_1_5766748 | Publishing data = { "value" : "233" } | To topic Humidity
DEVICE sensTemperature_1_5766748 | Publishing data = { "value" : "22" } | To topic Humidity
DEVICE sensTemperature_1_5766748 | Publishing data = { "value" : "33" } | To topic Humidity
DEVICE sensTemperature_1_5766748 | Publishing data = { "value" : "204" } | To topic Humidity
DEVICE sensTemperature_1_5766748 | Publishing data = { "value" : "232" } | To topic Humidity
DEVICE sensTemperature_1_5766748 | Publishing data = { "value" : "95" } | To topic Humidity
DEVICE sensTemperature_1_5766748 | Publishing data = { "value" : "35" } | To topic Humidity
DEVICE sensTemperature_1_5766748 | Publishing data = { "value" : "25" } | To topic Humidity
DEVICE sensTemperature_1_5766748 | Publishing data = { "value" : "78" } | To topic Humidity
DEVICE sensTemperature_1_5766748 | Publishing data = { "value" : "233" } | To topic Humidity
DEVICE sensTemperature_1_5766748 | Publishing data = { "value" : "107" } | To topic Humidity
DEVICE sensTemperature_1_5766748 | Publishing data = { "value" : "79" } | To topic Humidity
DEVICE sensTemperature_1_5766748 | Publishing data = { "value" : "185" } | To topic Humidity
DEVICE sensTemperature_1_5766748 | Publishing data = { "value" : "8" } | To topic Humidity
DEVICE sensTemperature_1_5766748 | Publishing data = { "value" : "179" } | To topic Humidity
DEVICE sensTemperature_1_5766748 | Publishing data = { "value" : "124" } | To topic Humidity
DEVICE sensTemperature_1_5766748 | Publishing data = { "value" : "112" } | To topic Humidity
DEVICE sensTemperature_1_5766748 | Publishing data = { "value" : "57" } | To topic Humidity
DEVICE sensTemperature_1_5766748 | Publishing data = { "value" : "104" } | To topic Humidity
DEVICE sensTemperature_1_5766748 | Publishing data = { "value" : "238" } | To topic Humidity
Sep 07, 2023 3:35:24 PM jdk.internal.reflect.NativeMethodAccessorImpl invoke0
INFO: THORN99999: Thorntail is Ready
