WARNING: An illegal reflective access operation has occurred
WARNING: Illegal reflective access by org.eclipse.paho.client.mqttv3.internal.FileLock (jar:file:/tmp/thorntailorg.eclipse.paho.client.mqttv3-1.2.010787833508792724786.jar!/) to method sun.nio.ch.FileLockImpl.release()
WARNING: Please consider reporting this to the maintainers of org.eclipse.paho.client.mqttv3.internal.FileLock
WARNING: Use --illegal-access=warn to enable warnings of further illegal reflective access operations
WARNING: All illegal access operations will be denied in a future release
Connected to tcp://mosquitto-waterlevel2:1886
DEVICE sensWaterLevel_2_994359 | Publishing data = { "value" : "173" } | To topic WaterLevel
DEVICE sensWaterLevel_2_994359 | Publishing data = { "value" : "222" } | To topic WaterLevel
DEVICE sensWaterLevel_2_994359 | Publishing data = { "value" : "203" } | To topic WaterLevel
DEVICE sensWaterLevel_2_994359 | Publishing data = { "value" : "73" } | To topic WaterLevel
DEVICE sensWaterLevel_2_994359 | Publishing data = { "value" : "182" } | To topic WaterLevel
DEVICE sensWaterLevel_2_994359 | Publishing data = { "value" : "106" } | To topic WaterLevel
DEVICE sensWaterLevel_2_994359 | Publishing data = { "value" : "179" } | To topic WaterLevel
DEVICE sensWaterLevel_2_994359 | Publishing data = { "value" : "127" } | To topic WaterLevel
DEVICE sensWaterLevel_2_994359 | Publishing data = { "value" : "172" } | To topic WaterLevel
DEVICE sensWaterLevel_2_994359 | Publishing data = { "value" : "140" } | To topic WaterLevel
DEVICE sensWaterLevel_2_994359 | Publishing data = { "value" : "87" } | To topic WaterLevel
DEVICE sensWaterLevel_2_994359 | Publishing data = { "value" : "58" } | To topic WaterLevel
DEVICE sensWaterLevel_2_994359 | Publishing data = { "value" : "143" } | To topic WaterLevel
DEVICE sensWaterLevel_2_994359 | Publishing data = { "value" : "53" } | To topic WaterLevel
DEVICE sensWaterLevel_2_994359 | Publishing data = { "value" : "5" } | To topic WaterLevel
DEVICE sensWaterLevel_2_994359 | Publishing data = { "value" : "30" } | To topic WaterLevel
DEVICE sensWaterLevel_2_994359 | Publishing data = { "value" : "117" } | To topic WaterLevel
DEVICE sensWaterLevel_2_994359 | Publishing data = { "value" : "96" } | To topic WaterLevel
DEVICE sensWaterLevel_2_994359 | Publishing data = { "value" : "62" } | To topic WaterLevel
DEVICE sensWaterLevel_2_994359 | Publishing data = { "value" : "23" } | To topic WaterLevel
DEVICE sensWaterLevel_2_994359 | Publishing data = { "value" : "117" } | To topic WaterLevel
DEVICE sensWaterLevel_2_994359 | Publishing data = { "value" : "55" } | To topic WaterLevel
DEVICE sensWaterLevel_2_994359 | Publishing data = { "value" : "30" } | To topic WaterLevel
DEVICE sensWaterLevel_2_994359 | Publishing data = { "value" : "244" } | To topic WaterLevel
DEVICE sensWaterLevel_2_994359 | Publishing data = { "value" : "113" } | To topic WaterLevel
DEVICE sensWaterLevel_2_994359 | Publishing data = { "value" : "32" } | To topic WaterLevel
DEVICE sensWaterLevel_2_994359 | Publishing data = { "value" : "202" } | To topic WaterLevel
DEVICE sensWaterLevel_2_994359 | Publishing data = { "value" : "5" } | To topic WaterLevel
DEVICE sensWaterLevel_2_994359 | Publishing data = { "value" : "59" } | To topic WaterLevel
DEVICE sensWaterLevel_2_994359 | Publishing data = { "value" : "131" } | To topic WaterLevel
DEVICE sensWaterLevel_2_994359 | Publishing data = { "value" : "74" } | To topic WaterLevel
DEVICE sensWaterLevel_2_994359 | Publishing data = { "value" : "70" } | To topic WaterLevel
DEVICE sensWaterLevel_2_994359 | Publishing data = { "value" : "249" } | To topic WaterLevel
DEVICE sensWaterLevel_2_994359 | Publishing data = { "value" : "244" } | To topic WaterLevel
DEVICE sensWaterLevel_2_994359 | Publishing data = { "value" : "232" } | To topic WaterLevel
DEVICE sensWaterLevel_2_994359 | Publishing data = { "value" : "24" } | To topic WaterLevel
DEVICE sensWaterLevel_2_994359 | Publishing data = { "value" : "138" } | To topic WaterLevel
DEVICE sensWaterLevel_2_994359 | Publishing data = { "value" : "250" } | To topic WaterLevel
DEVICE sensWaterLevel_2_994359 | Publishing data = { "value" : "70" } | To topic WaterLevel
DEVICE sensWaterLevel_2_994359 | Publishing data = { "value" : "128" } | To topic WaterLevel
DEVICE sensWaterLevel_2_994359 | Publishing data = { "value" : "90" } | To topic WaterLevel
DEVICE sensWaterLevel_2_994359 | Publishing data = { "value" : "93" } | To topic WaterLevel
DEVICE sensWaterLevel_2_994359 | Publishing data = { "value" : "20" } | To topic WaterLevel
DEVICE sensWaterLevel_2_994359 | Publishing data = { "value" : "105" } | To topic WaterLevel
DEVICE sensWaterLevel_2_994359 | Publishing data = { "value" : "129" } | To topic WaterLevel
DEVICE sensWaterLevel_2_994359 | Publishing data = { "value" : "8" } | To topic WaterLevel
DEVICE sensWaterLevel_2_994359 | Publishing data = { "value" : "132" } | To topic WaterLevel
DEVICE sensWaterLevel_2_994359 | Publishing data = { "value" : "5" } | To topic WaterLevel
DEVICE sensWaterLevel_2_994359 | Publishing data = { "value" : "117" } | To topic WaterLevel
DEVICE sensWaterLevel_2_994359 | Publishing data = { "value" : "125" } | To topic WaterLevel
DEVICE sensWaterLevel_2_994359 | Publishing data = { "value" : "45" } | To topic WaterLevel
DEVICE sensWaterLevel_2_994359 | Publishing data = { "value" : "231" } | To topic WaterLevel
DEVICE sensWaterLevel_2_994359 | Publishing data = { "value" : "40" } | To topic WaterLevel
DEVICE sensWaterLevel_2_994359 | Publishing data = { "value" : "66" } | To topic WaterLevel
DEVICE sensWaterLevel_2_994359 | Publishing data = { "value" : "174" } | To topic WaterLevel
DEVICE sensWaterLevel_2_994359 | Publishing data = { "value" : "26" } | To topic WaterLevel
DEVICE sensWaterLevel_2_994359 | Publishing data = { "value" : "106" } | To topic WaterLevel
DEVICE sensWaterLevel_2_994359 | Publishing data = { "value" : "208" } | To topic WaterLevel
DEVICE sensWaterLevel_2_994359 | Publishing data = { "value" : "172" } | To topic WaterLevel
DEVICE sensWaterLevel_2_994359 | Publishing data = { "value" : "123" } | To topic WaterLevel
DEVICE sensWaterLevel_2_994359 | Publishing data = { "value" : "69" } | To topic WaterLevel
DEVICE sensWaterLevel_2_994359 | Publishing data = { "value" : "97" } | To topic WaterLevel
DEVICE sensWaterLevel_2_994359 | Publishing data = { "value" : "81" } | To topic WaterLevel
DEVICE sensWaterLevel_2_994359 | Publishing data = { "value" : "26" } | To topic WaterLevel
DEVICE sensWaterLevel_2_994359 | Publishing data = { "value" : "173" } | To topic WaterLevel
DEVICE sensWaterLevel_2_994359 | Publishing data = { "value" : "173" } | To topic WaterLevel
DEVICE sensWaterLevel_2_994359 | Publishing data = { "value" : "20" } | To topic WaterLevel
DEVICE sensWaterLevel_2_994359 | Publishing data = { "value" : "87" } | To topic WaterLevel
DEVICE sensWaterLevel_2_994359 | Publishing data = { "value" : "163" } | To topic WaterLevel
DEVICE sensWaterLevel_2_994359 | Publishing data = { "value" : "135" } | To topic WaterLevel
DEVICE sensWaterLevel_2_994359 | Publishing data = { "value" : "33" } | To topic WaterLevel
DEVICE sensWaterLevel_2_994359 | Publishing data = { "value" : "103" } | To topic WaterLevel
DEVICE sensWaterLevel_2_994359 | Publishing data = { "value" : "236" } | To topic WaterLevel
DEVICE sensWaterLevel_2_994359 | Publishing data = { "value" : "166" } | To topic WaterLevel
DEVICE sensWaterLevel_2_994359 | Publishing data = { "value" : "99" } | To topic WaterLevel
DEVICE sensWaterLevel_2_994359 | Publishing data = { "value" : "229" } | To topic WaterLevel
DEVICE sensWaterLevel_2_994359 | Publishing data = { "value" : "188" } | To topic WaterLevel
DEVICE sensWaterLevel_2_994359 | Publishing data = { "value" : "201" } | To topic WaterLevel
DEVICE sensWaterLevel_2_994359 | Publishing data = { "value" : "80" } | To topic WaterLevel
DEVICE sensWaterLevel_2_994359 | Publishing data = { "value" : "237" } | To topic WaterLevel
DEVICE sensWaterLevel_2_994359 | Publishing data = { "value" : "40" } | To topic WaterLevel
DEVICE sensWaterLevel_2_994359 | Publishing data = { "value" : "189" } | To topic WaterLevel
DEVICE sensWaterLevel_2_994359 | Publishing data = { "value" : "49" } | To topic WaterLevel
DEVICE sensWaterLevel_2_994359 | Publishing data = { "value" : "62" } | To topic WaterLevel
DEVICE sensWaterLevel_2_994359 | Publishing data = { "value" : "14" } | To topic WaterLevel
DEVICE sensWaterLevel_2_994359 | Publishing data = { "value" : "234" } | To topic WaterLevel
DEVICE sensWaterLevel_2_994359 | Publishing data = { "value" : "39" } | To topic WaterLevel
DEVICE sensWaterLevel_2_994359 | Publishing data = { "value" : "170" } | To topic WaterLevel
DEVICE sensWaterLevel_2_994359 | Publishing data = { "value" : "180" } | To topic WaterLevel
DEVICE sensWaterLevel_2_994359 | Publishing data = { "value" : "123" } | To topic WaterLevel
DEVICE sensWaterLevel_2_994359 | Publishing data = { "value" : "151" } | To topic WaterLevel
DEVICE sensWaterLevel_2_994359 | Publishing data = { "value" : "62" } | To topic WaterLevel
DEVICE sensWaterLevel_2_994359 | Publishing data = { "value" : "47" } | To topic WaterLevel
DEVICE sensWaterLevel_2_994359 | Publishing data = { "value" : "68" } | To topic WaterLevel
DEVICE sensWaterLevel_2_994359 | Publishing data = { "value" : "100" } | To topic WaterLevel
DEVICE sensWaterLevel_2_994359 | Publishing data = { "value" : "104" } | To topic WaterLevel
DEVICE sensWaterLevel_2_994359 | Publishing data = { "value" : "149" } | To topic WaterLevel
DEVICE sensWaterLevel_2_994359 | Publishing data = { "value" : "219" } | To topic WaterLevel
DEVICE sensWaterLevel_2_994359 | Publishing data = { "value" : "216" } | To topic WaterLevel
DEVICE sensWaterLevel_2_994359 | Publishing data = { "value" : "106" } | To topic WaterLevel
Sep 07, 2023 3:45:01 PM jdk.internal.reflect.NativeMethodAccessorImpl invoke0
INFO: THORN99999: Thorntail is Ready
