WARNING: An illegal reflective access operation has occurred
WARNING: Illegal reflective access by org.eclipse.paho.client.mqttv3.internal.FileLock (jar:file:/tmp/thorntailorg.eclipse.paho.client.mqttv3-1.2.05718310078990726563.jar!/) to method sun.nio.ch.FileLockImpl.release()
WARNING: Please consider reporting this to the maintainers of org.eclipse.paho.client.mqttv3.internal.FileLock
WARNING: Use --illegal-access=warn to enable warnings of further illegal reflective access operations
WARNING: All illegal access operations will be denied in a future release
Connected to tcp://mosquitto-waterlevel2:1886
DEVICE sensWaterLevel_2_3753588 | Publishing data = { "value" : "93" } | To topic WaterLevel
DEVICE sensWaterLevel_2_3753588 | Publishing data = { "value" : "211" } | To topic WaterLevel
DEVICE sensWaterLevel_2_3753588 | Publishing data = { "value" : "124" } | To topic WaterLevel
DEVICE sensWaterLevel_2_3753588 | Publishing data = { "value" : "127" } | To topic WaterLevel
DEVICE sensWaterLevel_2_3753588 | Publishing data = { "value" : "60" } | To topic WaterLevel
DEVICE sensWaterLevel_2_3753588 | Publishing data = { "value" : "193" } | To topic WaterLevel
DEVICE sensWaterLevel_2_3753588 | Publishing data = { "value" : "89" } | To topic WaterLevel
DEVICE sensWaterLevel_2_3753588 | Publishing data = { "value" : "238" } | To topic WaterLevel
DEVICE sensWaterLevel_2_3753588 | Publishing data = { "value" : "50" } | To topic WaterLevel
DEVICE sensWaterLevel_2_3753588 | Publishing data = { "value" : "25" } | To topic WaterLevel
DEVICE sensWaterLevel_2_3753588 | Publishing data = { "value" : "96" } | To topic WaterLevel
DEVICE sensWaterLevel_2_3753588 | Publishing data = { "value" : "218" } | To topic WaterLevel
DEVICE sensWaterLevel_2_3753588 | Publishing data = { "value" : "216" } | To topic WaterLevel
DEVICE sensWaterLevel_2_3753588 | Publishing data = { "value" : "110" } | To topic WaterLevel
DEVICE sensWaterLevel_2_3753588 | Publishing data = { "value" : "203" } | To topic WaterLevel
DEVICE sensWaterLevel_2_3753588 | Publishing data = { "value" : "211" } | To topic WaterLevel
DEVICE sensWaterLevel_2_3753588 | Publishing data = { "value" : "94" } | To topic WaterLevel
DEVICE sensWaterLevel_2_3753588 | Publishing data = { "value" : "89" } | To topic WaterLevel
DEVICE sensWaterLevel_2_3753588 | Publishing data = { "value" : "91" } | To topic WaterLevel
DEVICE sensWaterLevel_2_3753588 | Publishing data = { "value" : "213" } | To topic WaterLevel
DEVICE sensWaterLevel_2_3753588 | Publishing data = { "value" : "68" } | To topic WaterLevel
DEVICE sensWaterLevel_2_3753588 | Publishing data = { "value" : "173" } | To topic WaterLevel
DEVICE sensWaterLevel_2_3753588 | Publishing data = { "value" : "247" } | To topic WaterLevel
DEVICE sensWaterLevel_2_3753588 | Publishing data = { "value" : "55" } | To topic WaterLevel
DEVICE sensWaterLevel_2_3753588 | Publishing data = { "value" : "218" } | To topic WaterLevel
DEVICE sensWaterLevel_2_3753588 | Publishing data = { "value" : "131" } | To topic WaterLevel
DEVICE sensWaterLevel_2_3753588 | Publishing data = { "value" : "207" } | To topic WaterLevel
DEVICE sensWaterLevel_2_3753588 | Publishing data = { "value" : "167" } | To topic WaterLevel
DEVICE sensWaterLevel_2_3753588 | Publishing data = { "value" : "166" } | To topic WaterLevel
DEVICE sensWaterLevel_2_3753588 | Publishing data = { "value" : "137" } | To topic WaterLevel
DEVICE sensWaterLevel_2_3753588 | Publishing data = { "value" : "91" } | To topic WaterLevel
DEVICE sensWaterLevel_2_3753588 | Publishing data = { "value" : "239" } | To topic WaterLevel
DEVICE sensWaterLevel_2_3753588 | Publishing data = { "value" : "203" } | To topic WaterLevel
DEVICE sensWaterLevel_2_3753588 | Publishing data = { "value" : "146" } | To topic WaterLevel
DEVICE sensWaterLevel_2_3753588 | Publishing data = { "value" : "216" } | To topic WaterLevel
