WARNING: An illegal reflective access operation has occurred
WARNING: Illegal reflective access by org.eclipse.paho.client.mqttv3.internal.FileLock (jar:file:/tmp/thorntailorg.eclipse.paho.client.mqttv3-1.2.017882455361813482512.jar!/) to method sun.nio.ch.FileLockImpl.release()
WARNING: Please consider reporting this to the maintainers of org.eclipse.paho.client.mqttv3.internal.FileLock
WARNING: Use --illegal-access=warn to enable warnings of further illegal reflective access operations
WARNING: All illegal access operations will be denied in a future release
Connected to tcp://mosquitto-humidity0:1884
DEVICE sensHumidity_0_8947565 | Publishing data = { "value" : "167" } | To topic Humidity
DEVICE sensHumidity_0_8947565 | Publishing data = { "value" : "172" } | To topic Humidity
DEVICE sensHumidity_0_8947565 | Publishing data = { "value" : "133" } | To topic Humidity
DEVICE sensHumidity_0_8947565 | Publishing data = { "value" : "49" } | To topic Humidity
DEVICE sensHumidity_0_8947565 | Publishing data = { "value" : "34" } | To topic Humidity
DEVICE sensHumidity_0_8947565 | Publishing data = { "value" : "67" } | To topic Humidity
DEVICE sensHumidity_0_8947565 | Publishing data = { "value" : "153" } | To topic Humidity
DEVICE sensHumidity_0_8947565 | Publishing data = { "value" : "86" } | To topic Humidity
DEVICE sensHumidity_0_8947565 | Publishing data = { "value" : "31" } | To topic Humidity
DEVICE sensHumidity_0_8947565 | Publishing data = { "value" : "20" } | To topic Humidity
DEVICE sensHumidity_0_8947565 | Publishing data = { "value" : "85" } | To topic Humidity
DEVICE sensHumidity_0_8947565 | Publishing data = { "value" : "87" } | To topic Humidity
DEVICE sensHumidity_0_8947565 | Publishing data = { "value" : "41" } | To topic Humidity
DEVICE sensHumidity_0_8947565 | Publishing data = { "value" : "200" } | To topic Humidity
DEVICE sensHumidity_0_8947565 | Publishing data = { "value" : "219" } | To topic Humidity
DEVICE sensHumidity_0_8947565 | Publishing data = { "value" : "237" } | To topic Humidity
DEVICE sensHumidity_0_8947565 | Publishing data = { "value" : "235" } | To topic Humidity
DEVICE sensHumidity_0_8947565 | Publishing data = { "value" : "6" } | To topic Humidity
DEVICE sensHumidity_0_8947565 | Publishing data = { "value" : "182" } | To topic Humidity
DEVICE sensHumidity_0_8947565 | Publishing data = { "value" : "95" } | To topic Humidity
DEVICE sensHumidity_0_8947565 | Publishing data = { "value" : "184" } | To topic Humidity
DEVICE sensHumidity_0_8947565 | Publishing data = { "value" : "191" } | To topic Humidity
DEVICE sensHumidity_0_8947565 | Publishing data = { "value" : "195" } | To topic Humidity
DEVICE sensHumidity_0_8947565 | Publishing data = { "value" : "126" } | To topic Humidity
DEVICE sensHumidity_0_8947565 | Publishing data = { "value" : "116" } | To topic Humidity
DEVICE sensHumidity_0_8947565 | Publishing data = { "value" : "194" } | To topic Humidity
DEVICE sensHumidity_0_8947565 | Publishing data = { "value" : "12" } | To topic Humidity
DEVICE sensHumidity_0_8947565 | Publishing data = { "value" : "71" } | To topic Humidity
DEVICE sensHumidity_0_8947565 | Publishing data = { "value" : "176" } | To topic Humidity
DEVICE sensHumidity_0_8947565 | Publishing data = { "value" : "248" } | To topic Humidity
DEVICE sensHumidity_0_8947565 | Publishing data = { "value" : "9" } | To topic Humidity
DEVICE sensHumidity_0_8947565 | Publishing data = { "value" : "108" } | To topic Humidity
DEVICE sensHumidity_0_8947565 | Publishing data = { "value" : "185" } | To topic Humidity
DEVICE sensHumidity_0_8947565 | Publishing data = { "value" : "13" } | To topic Humidity
DEVICE sensHumidity_0_8947565 | Publishing data = { "value" : "250" } | To topic Humidity
DEVICE sensHumidity_0_8947565 | Publishing data = { "value" : "37" } | To topic Humidity
DEVICE sensHumidity_0_8947565 | Publishing data = { "value" : "139" } | To topic Humidity
DEVICE sensHumidity_0_8947565 | Publishing data = { "value" : "220" } | To topic Humidity
DEVICE sensHumidity_0_8947565 | Publishing data = { "value" : "121" } | To topic Humidity
DEVICE sensHumidity_0_8947565 | Publishing data = { "value" : "39" } | To topic Humidity
DEVICE sensHumidity_0_8947565 | Publishing data = { "value" : "87" } | To topic Humidity
DEVICE sensHumidity_0_8947565 | Publishing data = { "value" : "157" } | To topic Humidity
DEVICE sensHumidity_0_8947565 | Publishing data = { "value" : "135" } | To topic Humidity
DEVICE sensHumidity_0_8947565 | Publishing data = { "value" : "209" } | To topic Humidity
DEVICE sensHumidity_0_8947565 | Publishing data = { "value" : "158" } | To topic Humidity
DEVICE sensHumidity_0_8947565 | Publishing data = { "value" : "49" } | To topic Humidity
DEVICE sensHumidity_0_8947565 | Publishing data = { "value" : "97" } | To topic Humidity
DEVICE sensHumidity_0_8947565 | Publishing data = { "value" : "248" } | To topic Humidity
DEVICE sensHumidity_0_8947565 | Publishing data = { "value" : "232" } | To topic Humidity
DEVICE sensHumidity_0_8947565 | Publishing data = { "value" : "47" } | To topic Humidity
DEVICE sensHumidity_0_8947565 | Publishing data = { "value" : "198" } | To topic Humidity
DEVICE sensHumidity_0_8947565 | Publishing data = { "value" : "249" } | To topic Humidity
DEVICE sensHumidity_0_8947565 | Publishing data = { "value" : "184" } | To topic Humidity
DEVICE sensHumidity_0_8947565 | Publishing data = { "value" : "8" } | To topic Humidity
DEVICE sensHumidity_0_8947565 | Publishing data = { "value" : "97" } | To topic Humidity
DEVICE sensHumidity_0_8947565 | Publishing data = { "value" : "113" } | To topic Humidity
DEVICE sensHumidity_0_8947565 | Publishing data = { "value" : "217" } | To topic Humidity
DEVICE sensHumidity_0_8947565 | Publishing data = { "value" : "182" } | To topic Humidity
DEVICE sensHumidity_0_8947565 | Publishing data = { "value" : "49" } | To topic Humidity
DEVICE sensHumidity_0_8947565 | Publishing data = { "value" : "235" } | To topic Humidity
DEVICE sensHumidity_0_8947565 | Publishing data = { "value" : "181" } | To topic Humidity
DEVICE sensHumidity_0_8947565 | Publishing data = { "value" : "26" } | To topic Humidity
DEVICE sensHumidity_0_8947565 | Publishing data = { "value" : "139" } | To topic Humidity
DEVICE sensHumidity_0_8947565 | Publishing data = { "value" : "32" } | To topic Humidity
DEVICE sensHumidity_0_8947565 | Publishing data = { "value" : "116" } | To topic Humidity
DEVICE sensHumidity_0_8947565 | Publishing data = { "value" : "237" } | To topic Humidity
DEVICE sensHumidity_0_8947565 | Publishing data = { "value" : "61" } | To topic Humidity
DEVICE sensHumidity_0_8947565 | Publishing data = { "value" : "71" } | To topic Humidity
DEVICE sensHumidity_0_8947565 | Publishing data = { "value" : "88" } | To topic Humidity
DEVICE sensHumidity_0_8947565 | Publishing data = { "value" : "130" } | To topic Humidity
DEVICE sensHumidity_0_8947565 | Publishing data = { "value" : "108" } | To topic Humidity
DEVICE sensHumidity_0_8947565 | Publishing data = { "value" : "194" } | To topic Humidity
DEVICE sensHumidity_0_8947565 | Publishing data = { "value" : "74" } | To topic Humidity
DEVICE sensHumidity_0_8947565 | Publishing data = { "value" : "210" } | To topic Humidity
DEVICE sensHumidity_0_8947565 | Publishing data = { "value" : "190" } | To topic Humidity
DEVICE sensHumidity_0_8947565 | Publishing data = { "value" : "193" } | To topic Humidity
DEVICE sensHumidity_0_8947565 | Publishing data = { "value" : "242" } | To topic Humidity
DEVICE sensHumidity_0_8947565 | Publishing data = { "value" : "142" } | To topic Humidity
DEVICE sensHumidity_0_8947565 | Publishing data = { "value" : "213" } | To topic Humidity
DEVICE sensHumidity_0_8947565 | Publishing data = { "value" : "104" } | To topic Humidity
DEVICE sensHumidity_0_8947565 | Publishing data = { "value" : "94" } | To topic Humidity
DEVICE sensHumidity_0_8947565 | Publishing data = { "value" : "245" } | To topic Humidity
DEVICE sensHumidity_0_8947565 | Publishing data = { "value" : "10" } | To topic Humidity
DEVICE sensHumidity_0_8947565 | Publishing data = { "value" : "144" } | To topic Humidity
DEVICE sensHumidity_0_8947565 | Publishing data = { "value" : "247" } | To topic Humidity
DEVICE sensHumidity_0_8947565 | Publishing data = { "value" : "98" } | To topic Humidity
DEVICE sensHumidity_0_8947565 | Publishing data = { "value" : "60" } | To topic Humidity
DEVICE sensHumidity_0_8947565 | Publishing data = { "value" : "111" } | To topic Humidity
DEVICE sensHumidity_0_8947565 | Publishing data = { "value" : "124" } | To topic Humidity
DEVICE sensHumidity_0_8947565 | Publishing data = { "value" : "103" } | To topic Humidity
DEVICE sensHumidity_0_8947565 | Publishing data = { "value" : "208" } | To topic Humidity
DEVICE sensHumidity_0_8947565 | Publishing data = { "value" : "134" } | To topic Humidity
DEVICE sensHumidity_0_8947565 | Publishing data = { "value" : "161" } | To topic Humidity
DEVICE sensHumidity_0_8947565 | Publishing data = { "value" : "147" } | To topic Humidity
DEVICE sensHumidity_0_8947565 | Publishing data = { "value" : "232" } | To topic Humidity
DEVICE sensHumidity_0_8947565 | Publishing data = { "value" : "150" } | To topic Humidity
DEVICE sensHumidity_0_8947565 | Publishing data = { "value" : "85" } | To topic Humidity
DEVICE sensHumidity_0_8947565 | Publishing data = { "value" : "89" } | To topic Humidity
DEVICE sensHumidity_0_8947565 | Publishing data = { "value" : "151" } | To topic Humidity
DEVICE sensHumidity_0_8947565 | Publishing data = { "value" : "165" } | To topic Humidity
Sep 07, 2023 3:44:58 PM jdk.internal.reflect.NativeMethodAccessorImpl invoke0
INFO: THORN99999: Thorntail is Ready
