WARNING: An illegal reflective access operation has occurred
WARNING: Illegal reflective access by org.eclipse.paho.client.mqttv3.internal.FileLock (jar:file:/tmp/thorntailorg.eclipse.paho.client.mqttv3-1.2.02397832417868952968.jar!/) to method sun.nio.ch.FileLockImpl.release()
WARNING: Please consider reporting this to the maintainers of org.eclipse.paho.client.mqttv3.internal.FileLock
WARNING: Use --illegal-access=warn to enable warnings of further illegal reflective access operations
WARNING: All illegal access operations will be denied in a future release
Connected to tcp://mosquitto-waterlevel2:1886
Sep 07, 2023 4:19:20 PM jdk.internal.reflect.NativeMethodAccessorImpl invoke0
INFO: THORN99999: Thorntail is Ready
FOG WaterLevel_2 | Received data: { "value" : "93" } |From topic: WaterLevel
FOG WaterLevel_2 | Received data: { "value" : "211" } |From topic: WaterLevel
FOG WaterLevel_2 | Received data: { "value" : "124" } |From topic: WaterLevel
FOG WaterLevel_2 | Received data: { "value" : "127" } |From topic: WaterLevel
FOG WaterLevel_2 | Received data: { "value" : "60" } |From topic: WaterLevel
FOG WaterLevel_2 | Received data: { "value" : "193" } |From topic: WaterLevel
FOG WaterLevel_2 | Received data: { "value" : "89" } |From topic: WaterLevel
FOG WaterLevel_2 | Received data: { "value" : "238" } |From topic: WaterLevel
FOG WaterLevel_2 | Received data: { "value" : "50" } |From topic: WaterLevel
FOG WaterLevel_2 | Received data: { "value" : "25" } |From topic: WaterLevel
FOG WaterLevel_2 | Received data: { "value" : "96" } |From topic: WaterLevel
FOG WaterLevel_2 | Received data: { "value" : "218" } |From topic: WaterLevel
FOG WaterLevel_2 | Received data: { "value" : "216" } |From topic: WaterLevel
FOG WaterLevel_2 | Received data: { "value" : "110" } |From topic: WaterLevel
FOG WaterLevel_2 | Received data: { "value" : "203" } |From topic: WaterLevel
FOG WaterLevel_2 | Received data: { "value" : "211" } |From topic: WaterLevel
FOG WaterLevel_2 | Received data: { "value" : "94" } |From topic: WaterLevel
FOG WaterLevel_2 | Received data: { "value" : "89" } |From topic: WaterLevel
FOG WaterLevel_2 | Received data: { "value" : "91" } |From topic: WaterLevel
FOG WaterLevel_2 | Received data: { "value" : "213" } |From topic: WaterLevel
FOG WaterLevel_2 | Received data: { "value" : "68" } |From topic: WaterLevel
FOG WaterLevel_2 | Received data: { "value" : "173" } |From topic: WaterLevel
FOG WaterLevel_2 | Received data: { "value" : "247" } |From topic: WaterLevel
FOG WaterLevel_2 | Received data: { "value" : "55" } |From topic: WaterLevel
FOG WaterLevel_2 | Received data: { "value" : "218" } |From topic: WaterLevel
FOG WaterLevel_2 | Received data: { "value" : "131" } |From topic: WaterLevel
FOG WaterLevel_2 | Received data: { "value" : "207" } |From topic: WaterLevel
FOG WaterLevel_2 | Received data: { "value" : "167" } |From topic: WaterLevel
FOG WaterLevel_2 | Received data: { "value" : "166" } |From topic: WaterLevel
FOG WaterLevel_2 | Received data: { "value" : "137" } |From topic: WaterLevel
FOG WaterLevel_2 | Received data: { "value" : "91" } |From topic: WaterLevel
FOG WaterLevel_2 | Received data: { "value" : "239" } |From topic: WaterLevel
FOG WaterLevel_2 | Received data: { "value" : "203" } |From topic: WaterLevel
FOG WaterLevel_2 | Received data: { "value" : "146" } |From topic: WaterLevel
FOG WaterLevel_2 | Received data: { "value" : "216" } |From topic: WaterLevel
