WARNING: An illegal reflective access operation has occurred
WARNING: Illegal reflective access by org.eclipse.paho.client.mqttv3.internal.FileLock (jar:file:/tmp/thorntailorg.eclipse.paho.client.mqttv3-1.2.010428787693384084356.jar!/) to method sun.nio.ch.FileLockImpl.release()
WARNING: Please consider reporting this to the maintainers of org.eclipse.paho.client.mqttv3.internal.FileLock
WARNING: Use --illegal-access=warn to enable warnings of further illegal reflective access operations
WARNING: All illegal access operations will be denied in a future release
Connected to tcp://mosquitto-waterlevel2:1886
FOG WaterLevel_2 | Received data: { "value" : "210" } |From topic: WaterLevel
FOG WaterLevel_2 | Received data: { "value" : "115" } |From topic: WaterLevel
Sep 07, 2023 3:30:54 PM jdk.internal.reflect.NativeMethodAccessorImpl invoke0
INFO: THORN99999: Thorntail is Ready
FOG WaterLevel_2 | Received data: { "value" : "16" } |From topic: WaterLevel
FOG WaterLevel_2 | Received data: { "value" : "32" } |From topic: WaterLevel
FOG WaterLevel_2 | Received data: { "value" : "63" } |From topic: WaterLevel
FOG WaterLevel_2 | Received data: { "value" : "20" } |From topic: WaterLevel
FOG WaterLevel_2 | Received data: { "value" : "246" } |From topic: WaterLevel
FOG WaterLevel_2 | Received data: { "value" : "185" } |From topic: WaterLevel
FOG WaterLevel_2 | Received data: { "value" : "51" } |From topic: WaterLevel
FOG WaterLevel_2 | Received data: { "value" : "46" } |From topic: WaterLevel
FOG WaterLevel_2 | Received data: { "value" : "170" } |From topic: WaterLevel
FOG WaterLevel_2 | Received data: { "value" : "79" } |From topic: WaterLevel
FOG WaterLevel_2 | Received data: { "value" : "75" } |From topic: WaterLevel
FOG WaterLevel_2 | Received data: { "value" : "192" } |From topic: WaterLevel
FOG WaterLevel_2 | Received data: { "value" : "239" } |From topic: WaterLevel
FOG WaterLevel_2 | Received data: { "value" : "162" } |From topic: WaterLevel
FOG WaterLevel_2 | Received data: { "value" : "70" } |From topic: WaterLevel
FOG WaterLevel_2 | Received data: { "value" : "193" } |From topic: WaterLevel
FOG WaterLevel_2 | Received data: { "value" : "220" } |From topic: WaterLevel
FOG WaterLevel_2 | Received data: { "value" : "247" } |From topic: WaterLevel
FOG WaterLevel_2 | Received data: { "value" : "106" } |From topic: WaterLevel
FOG WaterLevel_2 | Received data: { "value" : "74" } |From topic: WaterLevel
FOG WaterLevel_2 | Received data: { "value" : "163" } |From topic: WaterLevel
FOG WaterLevel_2 | Received data: { "value" : "221" } |From topic: WaterLevel
FOG WaterLevel_2 | Received data: { "value" : "35" } |From topic: WaterLevel
FOG WaterLevel_2 | Received data: { "value" : "238" } |From topic: WaterLevel
FOG WaterLevel_2 | Received data: { "value" : "25" } |From topic: WaterLevel
FOG WaterLevel_2 | Received data: { "value" : "185" } |From topic: WaterLevel
FOG WaterLevel_2 | Received data: { "value" : "160" } |From topic: WaterLevel
FOG WaterLevel_2 | Received data: { "value" : "205" } |From topic: WaterLevel
FOG WaterLevel_2 | Received data: { "value" : "232" } |From topic: WaterLevel
FOG WaterLevel_2 | Received data: { "value" : "198" } |From topic: WaterLevel
FOG WaterLevel_2 | Received data: { "value" : "142" } |From topic: WaterLevel
FOG WaterLevel_2 | Received data: { "value" : "239" } |From topic: WaterLevel
FOG WaterLevel_2 | Received data: { "value" : "168" } |From topic: WaterLevel
FOG WaterLevel_2 | Received data: { "value" : "157" } |From topic: WaterLevel
FOG WaterLevel_2 | Received data: { "value" : "230" } |From topic: WaterLevel
FOG WaterLevel_2 | Received data: { "value" : "147" } |From topic: WaterLevel
FOG WaterLevel_2 | Received data: { "value" : "237" } |From topic: WaterLevel
FOG WaterLevel_2 | Received data: { "value" : "38" } |From topic: WaterLevel
FOG WaterLevel_2 | Received data: { "value" : "116" } |From topic: WaterLevel
FOG WaterLevel_2 | Received data: { "value" : "14" } |From topic: WaterLevel
FOG WaterLevel_2 | Received data: { "value" : "64" } |From topic: WaterLevel
FOG WaterLevel_2 | Received data: { "value" : "193" } |From topic: WaterLevel
FOG WaterLevel_2 | Received data: { "value" : "70" } |From topic: WaterLevel
FOG WaterLevel_2 | Received data: { "value" : "111" } |From topic: WaterLevel
FOG WaterLevel_2 | Received data: { "value" : "124" } |From topic: WaterLevel
FOG WaterLevel_2 | Received data: { "value" : "124" } |From topic: WaterLevel
FOG WaterLevel_2 | Received data: { "value" : "124" } |From topic: WaterLevel
FOG WaterLevel_2 | Received data: { "value" : "169" } |From topic: WaterLevel
FOG WaterLevel_2 | Received data: { "value" : "116" } |From topic: WaterLevel
FOG WaterLevel_2 | Received data: { "value" : "104" } |From topic: WaterLevel
FOG WaterLevel_2 | Received data: { "value" : "25" } |From topic: WaterLevel
FOG WaterLevel_2 | Received data: { "value" : "237" } |From topic: WaterLevel
FOG WaterLevel_2 | Received data: { "value" : "47" } |From topic: WaterLevel
FOG WaterLevel_2 | Received data: { "value" : "248" } |From topic: WaterLevel
FOG WaterLevel_2 | Received data: { "value" : "209" } |From topic: WaterLevel
FOG WaterLevel_2 | Received data: { "value" : "65" } |From topic: WaterLevel
FOG WaterLevel_2 | Received data: { "value" : "242" } |From topic: WaterLevel
FOG WaterLevel_2 | Received data: { "value" : "99" } |From topic: WaterLevel
FOG WaterLevel_2 | Received data: { "value" : "193" } |From topic: WaterLevel
FOG WaterLevel_2 | Received data: { "value" : "18" } |From topic: WaterLevel
FOG WaterLevel_2 | Received data: { "value" : "140" } |From topic: WaterLevel
FOG WaterLevel_2 | Received data: { "value" : "234" } |From topic: WaterLevel
FOG WaterLevel_2 | Received data: { "value" : "154" } |From topic: WaterLevel
FOG WaterLevel_2 | Received data: { "value" : "7" } |From topic: WaterLevel
FOG WaterLevel_2 | Received data: { "value" : "153" } |From topic: WaterLevel
FOG WaterLevel_2 | Received data: { "value" : "206" } |From topic: WaterLevel
FOG WaterLevel_2 | Received data: { "value" : "222" } |From topic: WaterLevel
FOG WaterLevel_2 | Received data: { "value" : "241" } |From topic: WaterLevel
FOG WaterLevel_2 | Received data: { "value" : "149" } |From topic: WaterLevel
FOG WaterLevel_2 | Received data: { "value" : "129" } |From topic: WaterLevel
FOG WaterLevel_2 | Received data: { "value" : "241" } |From topic: WaterLevel
FOG WaterLevel_2 | Received data: { "value" : "106" } |From topic: WaterLevel
FOG WaterLevel_2 | Received data: { "value" : "99" } |From topic: WaterLevel
FOG WaterLevel_2 | Received data: { "value" : "180" } |From topic: WaterLevel
FOG WaterLevel_2 | Received data: { "value" : "13" } |From topic: WaterLevel
FOG WaterLevel_2 | Received data: { "value" : "145" } |From topic: WaterLevel
FOG WaterLevel_2 | Received data: { "value" : "245" } |From topic: WaterLevel
FOG WaterLevel_2 | Received data: { "value" : "239" } |From topic: WaterLevel
FOG WaterLevel_2 | Received data: { "value" : "116" } |From topic: WaterLevel
FOG WaterLevel_2 | Received data: { "value" : "62" } |From topic: WaterLevel
FOG WaterLevel_2 | Received data: { "value" : "194" } |From topic: WaterLevel
FOG WaterLevel_2 | Received data: { "value" : "32" } |From topic: WaterLevel
FOG WaterLevel_2 | Received data: { "value" : "206" } |From topic: WaterLevel
FOG WaterLevel_2 | Received data: { "value" : "133" } |From topic: WaterLevel
FOG WaterLevel_2 | Received data: { "value" : "175" } |From topic: WaterLevel
FOG WaterLevel_2 | Received data: { "value" : "66" } |From topic: WaterLevel
FOG WaterLevel_2 | Received data: { "value" : "17" } |From topic: WaterLevel
FOG WaterLevel_2 | Received data: { "value" : "99" } |From topic: WaterLevel
FOG WaterLevel_2 | Received data: { "value" : "64" } |From topic: WaterLevel
FOG WaterLevel_2 | Received data: { "value" : "247" } |From topic: WaterLevel
FOG WaterLevel_2 | Received data: { "value" : "128" } |From topic: WaterLevel
FOG WaterLevel_2 | Received data: { "value" : "114" } |From topic: WaterLevel
FOG WaterLevel_2 | Received data: { "value" : "242" } |From topic: WaterLevel
FOG WaterLevel_2 | Received data: { "value" : "222" } |From topic: WaterLevel
FOG WaterLevel_2 | Received data: { "value" : "129" } |From topic: WaterLevel
FOG WaterLevel_2 | Received data: { "value" : "212" } |From topic: WaterLevel
FOG WaterLevel_2 | Received data: { "value" : "78" } |From topic: WaterLevel
