WARNING: An illegal reflective access operation has occurred
WARNING: Illegal reflective access by org.eclipse.paho.client.mqttv3.internal.FileLock (jar:file:/tmp/thorntailorg.eclipse.paho.client.mqttv3-1.2.012681951413756995290.jar!/) to method sun.nio.ch.FileLockImpl.release()
WARNING: Please consider reporting this to the maintainers of org.eclipse.paho.client.mqttv3.internal.FileLock
WARNING: Use --illegal-access=warn to enable warnings of further illegal reflective access operations
WARNING: All illegal access operations will be denied in a future release
Connected to tcp://mosquitto-humidity0:1884
Aug 22, 2023 9:41:30 AM jdk.internal.reflect.NativeMethodAccessorImpl invoke0
INFO: THORN99999: Thorntail is Ready
ACTUATORactHumidity_0_7484220 | Receive data: { "value" : "186" } | Doing following action in consequence: actuando!
ACTUATORactHumidity_0_7484220 | Receive data: { "value" : "94" } | Doing following action in consequence: actuando!
ACTUATORactHumidity_0_7484220 | Receive data: { "value" : "21" } | Doing following action in consequence: actuando!
ACTUATORactHumidity_0_7484220 | Receive data: { "value" : "30" } | Doing following action in consequence: actuando!
ACTUATORactHumidity_0_7484220 | Receive data: { "value" : "0" } | Doing following action in consequence: actuando!
ACTUATORactHumidity_0_7484220 | Receive data: { "value" : "58" } | Doing following action in consequence: actuando!
ACTUATORactHumidity_0_7484220 | Receive data: { "value" : "3" } | Doing following action in consequence: actuando!
ACTUATORactHumidity_0_7484220 | Receive data: { "value" : "77" } | Doing following action in consequence: actuando!
ACTUATORactHumidity_0_7484220 | Receive data: { "value" : "102" } | Doing following action in consequence: actuando!
ACTUATORactHumidity_0_7484220 | Receive data: { "value" : "18" } | Doing following action in consequence: actuando!
ACTUATORactHumidity_0_7484220 | Receive data: { "value" : "247" } | Doing following action in consequence: actuando!
ACTUATORactHumidity_0_7484220 | Receive data: { "value" : "120" } | Doing following action in consequence: actuando!
ACTUATORactHumidity_0_7484220 | Receive data: { "value" : "64" } | Doing following action in consequence: actuando!
ACTUATORactHumidity_0_7484220 | Receive data: { "value" : "14" } | Doing following action in consequence: actuando!
ACTUATORactHumidity_0_7484220 | Receive data: { "value" : "41" } | Doing following action in consequence: actuando!
ACTUATORactHumidity_0_7484220 | Receive data: { "value" : "119" } | Doing following action in consequence: actuando!
