WARNING: An illegal reflective access operation has occurred
WARNING: Illegal reflective access by org.eclipse.paho.client.mqttv3.internal.FileLock (jar:file:/tmp/thorntailorg.eclipse.paho.client.mqttv3-1.2.07116745291612936671.jar!/) to method sun.nio.ch.FileLockImpl.release()
WARNING: Please consider reporting this to the maintainers of org.eclipse.paho.client.mqttv3.internal.FileLock
WARNING: Use --illegal-access=warn to enable warnings of further illegal reflective access operations
WARNING: All illegal access operations will be denied in a future release
Connected to tcp://mosquitto-waterlevel2:1886
ACTUATORactWaterLevel_2_2224635 | Receive data: { "value" : "158" } | Doing following action in consequence: actuando!
ACTUATORactWaterLevel_2_2224635 | Receive data: { "value" : "39" } | Doing following action in consequence: actuando!
Aug 22, 2023 9:41:30 AM jdk.internal.reflect.NativeMethodAccessorImpl invoke0
INFO: THORN99999: Thorntail is Ready
ACTUATORactWaterLevel_2_2224635 | Receive data: { "value" : "14" } | Doing following action in consequence: actuando!
ACTUATORactWaterLevel_2_2224635 | Receive data: { "value" : "10" } | Doing following action in consequence: actuando!
ACTUATORactWaterLevel_2_2224635 | Receive data: { "value" : "126" } | Doing following action in consequence: actuando!
ACTUATORactWaterLevel_2_2224635 | Receive data: { "value" : "223" } | Doing following action in consequence: actuando!
ACTUATORactWaterLevel_2_2224635 | Receive data: { "value" : "206" } | Doing following action in consequence: actuando!
ACTUATORactWaterLevel_2_2224635 | Receive data: { "value" : "156" } | Doing following action in consequence: actuando!
ACTUATORactWaterLevel_2_2224635 | Receive data: { "value" : "171" } | Doing following action in consequence: actuando!
ACTUATORactWaterLevel_2_2224635 | Receive data: { "value" : "182" } | Doing following action in consequence: actuando!
ACTUATORactWaterLevel_2_2224635 | Receive data: { "value" : "181" } | Doing following action in consequence: actuando!
ACTUATORactWaterLevel_2_2224635 | Receive data: { "value" : "156" } | Doing following action in consequence: actuando!
ACTUATORactWaterLevel_2_2224635 | Receive data: { "value" : "139" } | Doing following action in consequence: actuando!
ACTUATORactWaterLevel_2_2224635 | Receive data: { "value" : "232" } | Doing following action in consequence: actuando!
ACTUATORactWaterLevel_2_2224635 | Receive data: { "value" : "192" } | Doing following action in consequence: actuando!
ACTUATORactWaterLevel_2_2224635 | Receive data: { "value" : "65" } | Doing following action in consequence: actuando!
ACTUATORactWaterLevel_2_2224635 | Receive data: { "value" : "34" } | Doing following action in consequence: actuando!
ACTUATORactWaterLevel_2_2224635 | Receive data: { "value" : "42" } | Doing following action in consequence: actuando!
