WARNING: An illegal reflective access operation has occurred
WARNING: Illegal reflective access by org.eclipse.paho.client.mqttv3.internal.FileLock (jar:file:/tmp/thorntailorg.eclipse.paho.client.mqttv3-1.2.013581636103532070277.jar!/) to method sun.nio.ch.FileLockImpl.release()
WARNING: Please consider reporting this to the maintainers of org.eclipse.paho.client.mqttv3.internal.FileLock
WARNING: Use --illegal-access=warn to enable warnings of further illegal reflective access operations
WARNING: All illegal access operations will be denied in a future release
Connected to tcp://mosquitto-temperature1:1885
Aug 21, 2023 6:33:10 PM jdk.internal.reflect.NativeMethodAccessorImpl invoke0
INFO: THORN99999: Thorntail is Ready
ACTUATORactTemperature_1_2802898 | Receive data: { "value" : "6" } | Doing following action in consequence: actuando!
ACTUATORactTemperature_1_2802898 | Receive data: { "value" : "47" } | Doing following action in consequence: actuando!
ACTUATORactTemperature_1_2802898 | Receive data: { "value" : "26" } | Doing following action in consequence: actuando!
ACTUATORactTemperature_1_2802898 | Receive data: { "value" : "16" } | Doing following action in consequence: actuando!
ACTUATORactTemperature_1_2802898 | Receive data: { "value" : "21" } | Doing following action in consequence: actuando!
ACTUATORactTemperature_1_2802898 | Receive data: { "value" : "15" } | Doing following action in consequence: actuando!
ACTUATORactTemperature_1_2802898 | Receive data: Temperature is below 16 degrees. | Doing following action in consequence: actuando!
ACTUATORactTemperature_1_2802898 | Receive data: { "value" : "7" } | Doing following action in consequence: actuando!
ACTUATORactTemperature_1_2802898 | Receive data: { "value" : "37" } | Doing following action in consequence: actuando!
ACTUATORactTemperature_1_2802898 | Receive data: { "value" : "50" } | Doing following action in consequence: actuando!
ACTUATORactTemperature_1_2802898 | Receive data: { "value" : "23" } | Doing following action in consequence: actuando!
ACTUATORactTemperature_1_2802898 | Receive data: { "value" : "12" } | Doing following action in consequence: actuando!
ACTUATORactTemperature_1_2802898 | Receive data: Temperature is below 16 degrees. | Doing following action in consequence: actuando!
ACTUATORactTemperature_1_2802898 | Receive data: { "value" : "41" } | Doing following action in consequence: actuando!
ACTUATORactTemperature_1_2802898 | Receive data: { "value" : "31" } | Doing following action in consequence: actuando!
ACTUATORactTemperature_1_2802898 | Receive data: { "value" : "13" } | Doing following action in consequence: actuando!
ACTUATORactTemperature_1_2802898 | Receive data: { "value" : "45" } | Doing following action in consequence: actuando!
ACTUATORactTemperature_1_2802898 | Receive data: { "value" : "33" } | Doing following action in consequence: actuando!
ACTUATORactTemperature_1_2802898 | Receive data: { "value" : "13" } | Doing following action in consequence: actuando!
ACTUATORactTemperature_1_2802898 | Receive data: Temperature is below 16 degrees. | Doing following action in consequence: actuando!
ACTUATORactTemperature_1_2802898 | Receive data: { "value" : "36" } | Doing following action in consequence: actuando!
ACTUATORactTemperature_1_2802898 | Receive data: { "value" : "12" } | Doing following action in consequence: actuando!
ACTUATORactTemperature_1_2802898 | Receive data: { "value" : "43" } | Doing following action in consequence: actuando!
ACTUATORactTemperature_1_2802898 | Receive data: { "value" : "37" } | Doing following action in consequence: actuando!
ACTUATORactTemperature_1_2802898 | Receive data: { "value" : "24" } | Doing following action in consequence: actuando!
ACTUATORactTemperature_1_2802898 | Receive data: { "value" : "7" } | Doing following action in consequence: actuando!
ACTUATORactTemperature_1_2802898 | Receive data: Temperature is below 16 degrees. | Doing following action in consequence: actuando!
ACTUATORactTemperature_1_2802898 | Receive data: { "value" : "14" } | Doing following action in consequence: actuando!
ACTUATORactTemperature_1_2802898 | Receive data: { "value" : "13" } | Doing following action in consequence: actuando!
ACTUATORactTemperature_1_2802898 | Receive data: { "value" : "5" } | Doing following action in consequence: actuando!
ACTUATORactTemperature_1_2802898 | Receive data: { "value" : "9" } | Doing following action in consequence: actuando!
ACTUATORactTemperature_1_2802898 | Receive data: { "value" : "28" } | Doing following action in consequence: actuando!
ACTUATORactTemperature_1_2802898 | Receive data: { "value" : "44" } | Doing following action in consequence: actuando!
ACTUATORactTemperature_1_2802898 | Receive data: Temperature has surpassed 25 degrees. | Doing following action in consequence: actuando!
ACTUATORactTemperature_1_2802898 | Receive data: { "value" : "33" } | Doing following action in consequence: actuando!
ACTUATORactTemperature_1_2802898 | Receive data: { "value" : "45" } | Doing following action in consequence: actuando!
ACTUATORactTemperature_1_2802898 | Receive data: { "value" : "46" } | Doing following action in consequence: actuando!
ACTUATORactTemperature_1_2802898 | Receive data: { "value" : "20" } | Doing following action in consequence: actuando!
ACTUATORactTemperature_1_2802898 | Receive data: { "value" : "21" } | Doing following action in consequence: actuando!
ACTUATORactTemperature_1_2802898 | Receive data: { "value" : "46" } | Doing following action in consequence: actuando!
ACTUATORactTemperature_1_2802898 | Receive data: Temperature has surpassed 25 degrees. | Doing following action in consequence: actuando!
ACTUATORactTemperature_1_2802898 | Receive data: { "value" : "20" } | Doing following action in consequence: actuando!
ACTUATORactTemperature_1_2802898 | Receive data: { "value" : "23" } | Doing following action in consequence: actuando!
ACTUATORactTemperature_1_2802898 | Receive data: { "value" : "9" } | Doing following action in consequence: actuando!
ACTUATORactTemperature_1_2802898 | Receive data: { "value" : "50" } | Doing following action in consequence: actuando!
ACTUATORactTemperature_1_2802898 | Receive data: { "value" : "36" } | Doing following action in consequence: actuando!
ACTUATORactTemperature_1_2802898 | Receive data: { "value" : "44" } | Doing following action in consequence: actuando!
ACTUATORactTemperature_1_2802898 | Receive data: Temperature has surpassed 25 degrees. | Doing following action in consequence: actuando!
ACTUATORactTemperature_1_2802898 | Receive data: { "value" : "28" } | Doing following action in consequence: actuando!
ACTUATORactTemperature_1_2802898 | Receive data: { "value" : "14" } | Doing following action in consequence: actuando!
ACTUATORactTemperature_1_2802898 | Receive data: { "value" : "15" } | Doing following action in consequence: actuando!
ACTUATORactTemperature_1_2802898 | Receive data: { "value" : "30" } | Doing following action in consequence: actuando!
ACTUATORactTemperature_1_2802898 | Receive data: { "value" : "21" } | Doing following action in consequence: actuando!
ACTUATORactTemperature_1_2802898 | Receive data: { "value" : "30" } | Doing following action in consequence: actuando!
ACTUATORactTemperature_1_2802898 | Receive data: Temperature has surpassed 25 degrees. | Doing following action in consequence: actuando!
ACTUATORactTemperature_1_2802898 | Receive data: { "value" : "42" } | Doing following action in consequence: actuando!
ACTUATORactTemperature_1_2802898 | Receive data: { "value" : "16" } | Doing following action in consequence: actuando!
ACTUATORactTemperature_1_2802898 | Receive data: { "value" : "29" } | Doing following action in consequence: actuando!
ACTUATORactTemperature_1_2802898 | Receive data: { "value" : "20" } | Doing following action in consequence: actuando!
ACTUATORactTemperature_1_2802898 | Receive data: { "value" : "40" } | Doing following action in consequence: actuando!
ACTUATORactTemperature_1_2802898 | Receive data: { "value" : "13" } | Doing following action in consequence: actuando!
ACTUATORactTemperature_1_2802898 | Receive data: Temperature is below 16 degrees. | Doing following action in consequence: actuando!
ACTUATORactTemperature_1_2802898 | Receive data: { "value" : "45" } | Doing following action in consequence: actuando!
ACTUATORactTemperature_1_2802898 | Receive data: { "value" : "36" } | Doing following action in consequence: actuando!
ACTUATORactTemperature_1_2802898 | Receive data: { "value" : "21" } | Doing following action in consequence: actuando!
ACTUATORactTemperature_1_2802898 | Receive data: { "value" : "31" } | Doing following action in consequence: actuando!
ACTUATORactTemperature_1_2802898 | Receive data: { "value" : "50" } | Doing following action in consequence: actuando!
ACTUATORactTemperature_1_2802898 | Receive data: { "value" : "21" } | Doing following action in consequence: actuando!
ACTUATORactTemperature_1_2802898 | Receive data: { "value" : "13" } | Doing following action in consequence: actuando!
ACTUATORactTemperature_1_2802898 | Receive data: Temperature is below 16 degrees. | Doing following action in consequence: actuando!
ACTUATORactTemperature_1_2802898 | Receive data: { "value" : "11" } | Doing following action in consequence: actuando!
ACTUATORactTemperature_1_2802898 | Receive data: { "value" : "6" } | Doing following action in consequence: actuando!
ACTUATORactTemperature_1_2802898 | Receive data: { "value" : "26" } | Doing following action in consequence: actuando!
ACTUATORactTemperature_1_2802898 | Receive data: { "value" : "25" } | Doing following action in consequence: actuando!
ACTUATORactTemperature_1_2802898 | Receive data: { "value" : "18" } | Doing following action in consequence: actuando!
ACTUATORactTemperature_1_2802898 | Receive data: { "value" : "5" } | Doing following action in consequence: actuando!
ACTUATORactTemperature_1_2802898 | Receive data: Temperature is below 16 degrees. | Doing following action in consequence: actuando!
ACTUATORactTemperature_1_2802898 | Receive data: { "value" : "7" } | Doing following action in consequence: actuando!
ACTUATORactTemperature_1_2802898 | Receive data: { "value" : "33" } | Doing following action in consequence: actuando!
ACTUATORactTemperature_1_2802898 | Receive data: { "value" : "5" } | Doing following action in consequence: actuando!
ACTUATORactTemperature_1_2802898 | Receive data: { "value" : "22" } | Doing following action in consequence: actuando!
ACTUATORactTemperature_1_2802898 | Receive data: { "value" : "12" } | Doing following action in consequence: actuando!
ACTUATORactTemperature_1_2802898 | Receive data: Temperature is below 16 degrees. | Doing following action in consequence: actuando!
ACTUATORactTemperature_1_2802898 | Receive data: { "value" : "10" } | Doing following action in consequence: actuando!
ACTUATORactTemperature_1_2802898 | Receive data: { "value" : "21" } | Doing following action in consequence: actuando!
ACTUATORactTemperature_1_2802898 | Receive data: { "value" : "25" } | Doing following action in consequence: actuando!
ACTUATORactTemperature_1_2802898 | Receive data: { "value" : "30" } | Doing following action in consequence: actuando!
ACTUATORactTemperature_1_2802898 | Receive data: { "value" : "31" } | Doing following action in consequence: actuando!
ACTUATORactTemperature_1_2802898 | Receive data: { "value" : "45" } | Doing following action in consequence: actuando!
ACTUATORactTemperature_1_2802898 | Receive data: Temperature has surpassed 25 degrees. | Doing following action in consequence: actuando!
ACTUATORactTemperature_1_2802898 | Receive data: { "value" : "20" } | Doing following action in consequence: actuando!
ACTUATORactTemperature_1_2802898 | Receive data: { "value" : "14" } | Doing following action in consequence: actuando!
