WARNING: An illegal reflective access operation has occurred
WARNING: Illegal reflective access by org.eclipse.paho.client.mqttv3.internal.FileLock (jar:file:/tmp/thorntailorg.eclipse.paho.client.mqttv3-1.2.05556066093377192728.jar!/) to method sun.nio.ch.FileLockImpl.release()
WARNING: Please consider reporting this to the maintainers of org.eclipse.paho.client.mqttv3.internal.FileLock
WARNING: Use --illegal-access=warn to enable warnings of further illegal reflective access operations
WARNING: All illegal access operations will be denied in a future release
Connected to tcp://mosquitto-humidity0:1884
Aug 21, 2023 6:32:25 PM jdk.internal.reflect.NativeMethodAccessorImpl invoke0
INFO: THORN99999: Thorntail is Ready
FOG Humidity_0 | Received data: { "value" : "11" } |From topic: Humidity
FOG Humidity_0 | Received data: { "value" : "43" } |From topic: Humidity
FOG Humidity_0 | Received data: { "value" : "25" } |From topic: Humidity
FOG Humidity_0 | Received data: { "value" : "68" } |From topic: Humidity
FOG Humidity_0 | Received data: { "value" : "45" } |From topic: Humidity
FOG Humidity_0 | Received data: { "value" : "92" } |From topic: Humidity
FOG Humidity_0 | Received data: { "value" : "27" } |From topic: Humidity
FOG Humidity_0 | Received data: { "value" : "100" } |From topic: Humidity
FOG Humidity_0 | Received data: { "value" : "16" } |From topic: Humidity
FOG Humidity_0 | Received data: { "value" : "56" } |From topic: Humidity
FOG Humidity_0 | Received data: { "value" : "78" } |From topic: Humidity
FOG Humidity_0 | Received data: { "value" : "37" } |From topic: Humidity
FOG Humidity_0 | Received data: { "value" : "5" } |From topic: Humidity
FOG Humidity_0 | Received data: { "value" : "79" } |From topic: Humidity
FOG Humidity_0 | Received data: { "value" : "70" } |From topic: Humidity
FOG Humidity_0 | Received data: { "value" : "18" } |From topic: Humidity
FOG Humidity_0 | Received data: { "value" : "62" } |From topic: Humidity
FOG Humidity_0 | Received data: { "value" : "72" } |From topic: Humidity
FOG Humidity_0 | Received data: { "value" : "78" } |From topic: Humidity
FOG Humidity_0 | Received data: { "value" : "23" } |From topic: Humidity
FOG Humidity_0 | Received data: { "value" : "90" } |From topic: Humidity
FOG Humidity_0 | Received data: { "value" : "3" } |From topic: Humidity
FOG Humidity_0 | Received data: { "value" : "61" } |From topic: Humidity
FOG Humidity_0 | Received data: { "value" : "10" } |From topic: Humidity
FOG Humidity_0 | Received data: { "value" : "13" } |From topic: Humidity
FOG Humidity_0 | Received data: { "value" : "78" } |From topic: Humidity
FOG Humidity_0 | Received data: { "value" : "15" } |From topic: Humidity
FOG Humidity_0 | Received data: { "value" : "78" } |From topic: Humidity
FOG Humidity_0 | Received data: { "value" : "81" } |From topic: Humidity
FOG Humidity_0 | Received data: { "value" : "3" } |From topic: Humidity
FOG Humidity_0 | Received data: Humidity is decreasing, it is below 50%. |From topic: Humidity
FOG Humidity_0 | Received data: { "value" : "36" } |From topic: Humidity
FOG Humidity_0 | Received data: { "value" : "45" } |From topic: Humidity
FOG Humidity_0 | Received data: { "value" : "28" } |From topic: Humidity
FOG Humidity_0 | Received data: { "value" : "14" } |From topic: Humidity
FOG Humidity_0 | Received data: Humidity is decreasing, it is below 50%. |From topic: Humidity
FOG Humidity_0 | Received data: { "value" : "13" } |From topic: Humidity
FOG Humidity_0 | Received data: { "value" : "54" } |From topic: Humidity
FOG Humidity_0 | Received data: { "value" : "52" } |From topic: Humidity
FOG Humidity_0 | Received data: { "value" : "72" } |From topic: Humidity
FOG Humidity_0 | Received data: { "value" : "98" } |From topic: Humidity
FOG Humidity_0 | Received data: { "value" : "62" } |From topic: Humidity
FOG Humidity_0 | Received data: { "value" : "9" } |From topic: Humidity
FOG Humidity_0 | Received data: Humidity is decreasing, it is below 50%. |From topic: Humidity
FOG Humidity_0 | Received data: { "value" : "37" } |From topic: Humidity
FOG Humidity_0 | Received data: { "value" : "94" } |From topic: Humidity
FOG Humidity_0 | Received data: { "value" : "94" } |From topic: Humidity
FOG Humidity_0 | Received data: { "value" : "14" } |From topic: Humidity
FOG Humidity_0 | Received data: { "value" : "44" } |From topic: Humidity
FOG Humidity_0 | Received data: Humidity is decreasing, it is below 50%. |From topic: Humidity
FOG Humidity_0 | Received data: { "value" : "25" } |From topic: Humidity
FOG Humidity_0 | Received data: { "value" : "85" } |From topic: Humidity
FOG Humidity_0 | Received data: { "value" : "26" } |From topic: Humidity
FOG Humidity_0 | Received data: { "value" : "79" } |From topic: Humidity
FOG Humidity_0 | Received data: { "value" : "5" } |From topic: Humidity
FOG Humidity_0 | Received data: { "value" : "77" } |From topic: Humidity
FOG Humidity_0 | Received data: { "value" : "80" } |From topic: Humidity
FOG Humidity_0 | Received data: { "value" : "28" } |From topic: Humidity
FOG Humidity_0 | Received data: Humidity is decreasing, it is below 50%. |From topic: Humidity
FOG Humidity_0 | Received data: { "value" : "57" } |From topic: Humidity
FOG Humidity_0 | Received data: { "value" : "68" } |From topic: Humidity
FOG Humidity_0 | Received data: { "value" : "1" } |From topic: Humidity
FOG Humidity_0 | Received data: { "value" : "88" } |From topic: Humidity
FOG Humidity_0 | Received data: { "value" : "4" } |From topic: Humidity
FOG Humidity_0 | Received data: Humidity is decreasing, it is below 50%. |From topic: Humidity
FOG Humidity_0 | Received data: { "value" : "52" } |From topic: Humidity
FOG Humidity_0 | Received data: { "value" : "68" } |From topic: Humidity
FOG Humidity_0 | Received data: { "value" : "22" } |From topic: Humidity
FOG Humidity_0 | Received data: { "value" : "87" } |From topic: Humidity
FOG Humidity_0 | Received data: { "value" : "40" } |From topic: Humidity
FOG Humidity_0 | Received data: Humidity is decreasing, it is below 50%. |From topic: Humidity
FOG Humidity_0 | Received data: { "value" : "15" } |From topic: Humidity
FOG Humidity_0 | Received data: { "value" : "18" } |From topic: Humidity
FOG Humidity_0 | Received data: { "value" : "43" } |From topic: Humidity
FOG Humidity_0 | Received data: { "value" : "93" } |From topic: Humidity
FOG Humidity_0 | Received data: { "value" : "22" } |From topic: Humidity
FOG Humidity_0 | Received data: { "value" : "8" } |From topic: Humidity
FOG Humidity_0 | Received data: Humidity is decreasing, it is below 50%. |From topic: Humidity
FOG Humidity_0 | Received data: { "value" : "13" } |From topic: Humidity
FOG Humidity_0 | Received data: { "value" : "29" } |From topic: Humidity
FOG Humidity_0 | Received data: { "value" : "57" } |From topic: Humidity
FOG Humidity_0 | Received data: { "value" : "12" } |From topic: Humidity
FOG Humidity_0 | Received data: { "value" : "8" } |From topic: Humidity
FOG Humidity_0 | Received data: { "value" : "19" } |From topic: Humidity
FOG Humidity_0 | Received data: Humidity is decreasing, it is below 50%. |From topic: Humidity
FOG Humidity_0 | Received data: { "value" : "32" } |From topic: Humidity
FOG Humidity_0 | Received data: { "value" : "76" } |From topic: Humidity
FOG Humidity_0 | Received data: { "value" : "56" } |From topic: Humidity
FOG Humidity_0 | Received data: { "value" : "69" } |From topic: Humidity
FOG Humidity_0 | Received data: { "value" : "56" } |From topic: Humidity
FOG Humidity_0 | Received data: { "value" : "17" } |From topic: Humidity
FOG Humidity_0 | Received data: Humidity is decreasing, it is below 50%. |From topic: Humidity
FOG Humidity_0 | Received data: { "value" : "81" } |From topic: Humidity
FOG Humidity_0 | Received data: { "value" : "84" } |From topic: Humidity
FOG Humidity_0 | Received data: { "value" : "79" } |From topic: Humidity
FOG Humidity_0 | Received data: { "value" : "44" } |From topic: Humidity
FOG Humidity_0 | Received data: { "value" : "56" } |From topic: Humidity
FOG Humidity_0 | Received data: { "value" : "35" } |From topic: Humidity
FOG Humidity_0 | Received data: Humidity is decreasing, it is below 50%. |From topic: Humidity
FOG Humidity_0 | Received data: { "value" : "89" } |From topic: Humidity
FOG Humidity_0 | Received data: { "value" : "91" } |From topic: Humidity
FOG Humidity_0 | Received data: { "value" : "70" } |From topic: Humidity
FOG Humidity_0 | Received data: { "value" : "61" } |From topic: Humidity
FOG Humidity_0 | Received data: { "value" : "98" } |From topic: Humidity
FOG Humidity_0 | Received data: { "value" : "46" } |From topic: Humidity
FOG Humidity_0 | Received data: Humidity is decreasing, it is below 50%. |From topic: Humidity
FOG Humidity_0 | Received data: { "value" : "1" } |From topic: Humidity
FOG Humidity_0 | Received data: { "value" : "14" } |From topic: Humidity
FOG Humidity_0 | Received data: { "value" : "63" } |From topic: Humidity
FOG Humidity_0 | Received data: { "value" : "67" } |From topic: Humidity
FOG Humidity_0 | Received data: { "value" : "17" } |From topic: Humidity
FOG Humidity_0 | Received data: { "value" : "99" } |From topic: Humidity
