WARNING: An illegal reflective access operation has occurred
WARNING: Illegal reflective access by org.eclipse.paho.client.mqttv3.internal.FileLock (jar:file:/tmp/thorntailorg.eclipse.paho.client.mqttv3-1.2.06544164883567367333.jar!/) to method sun.nio.ch.FileLockImpl.release()
WARNING: Please consider reporting this to the maintainers of org.eclipse.paho.client.mqttv3.internal.FileLock
WARNING: Use --illegal-access=warn to enable warnings of further illegal reflective access operations
WARNING: All illegal access operations will be denied in a future release
Connected to tcp://mosquitto-waterlevel2:1886
DEVICE sensWaterLevel_2_2537514 | Publishing data = { "value" : "273" } | To topic WaterLevel
DEVICE sensWaterLevel_2_2537514 | Publishing data = { "value" : "111" } | To topic WaterLevel
DEVICE sensWaterLevel_2_2537514 | Publishing data = { "value" : "395" } | To topic WaterLevel
DEVICE sensWaterLevel_2_2537514 | Publishing data = { "value" : "47" } | To topic WaterLevel
DEVICE sensWaterLevel_2_2537514 | Publishing data = { "value" : "61" } | To topic WaterLevel
DEVICE sensWaterLevel_2_2537514 | Publishing data = { "value" : "314" } | To topic WaterLevel
DEVICE sensWaterLevel_2_2537514 | Publishing data = { "value" : "239" } | To topic WaterLevel
DEVICE sensWaterLevel_2_2537514 | Publishing data = { "value" : "326" } | To topic WaterLevel
DEVICE sensWaterLevel_2_2537514 | Publishing data = { "value" : "136" } | To topic WaterLevel
DEVICE sensWaterLevel_2_2537514 | Publishing data = { "value" : "117" } | To topic WaterLevel
DEVICE sensWaterLevel_2_2537514 | Publishing data = { "value" : "52" } | To topic WaterLevel
DEVICE sensWaterLevel_2_2537514 | Publishing data = { "value" : "416" } | To topic WaterLevel
DEVICE sensWaterLevel_2_2537514 | Publishing data = { "value" : "122" } | To topic WaterLevel
DEVICE sensWaterLevel_2_2537514 | Publishing data = { "value" : "420" } | To topic WaterLevel
DEVICE sensWaterLevel_2_2537514 | Publishing data = { "value" : "66" } | To topic WaterLevel
DEVICE sensWaterLevel_2_2537514 | Publishing data = { "value" : "225" } | To topic WaterLevel
DEVICE sensWaterLevel_2_2537514 | Publishing data = { "value" : "267" } | To topic WaterLevel
DEVICE sensWaterLevel_2_2537514 | Publishing data = { "value" : "402" } | To topic WaterLevel
DEVICE sensWaterLevel_2_2537514 | Publishing data = { "value" : "449" } | To topic WaterLevel
DEVICE sensWaterLevel_2_2537514 | Publishing data = { "value" : "356" } | To topic WaterLevel
DEVICE sensWaterLevel_2_2537514 | Publishing data = { "value" : "44" } | To topic WaterLevel
DEVICE sensWaterLevel_2_2537514 | Publishing data = { "value" : "222" } | To topic WaterLevel
DEVICE sensWaterLevel_2_2537514 | Publishing data = { "value" : "72" } | To topic WaterLevel
DEVICE sensWaterLevel_2_2537514 | Publishing data = { "value" : "324" } | To topic WaterLevel
DEVICE sensWaterLevel_2_2537514 | Publishing data = { "value" : "94" } | To topic WaterLevel
DEVICE sensWaterLevel_2_2537514 | Publishing data = { "value" : "254" } | To topic WaterLevel
DEVICE sensWaterLevel_2_2537514 | Publishing data = { "value" : "149" } | To topic WaterLevel
DEVICE sensWaterLevel_2_2537514 | Publishing data = { "value" : "265" } | To topic WaterLevel
DEVICE sensWaterLevel_2_2537514 | Publishing data = { "value" : "53" } | To topic WaterLevel
DEVICE sensWaterLevel_2_2537514 | Publishing data = { "value" : "330" } | To topic WaterLevel
DEVICE sensWaterLevel_2_2537514 | Publishing data = { "value" : "317" } | To topic WaterLevel
DEVICE sensWaterLevel_2_2537514 | Publishing data = { "value" : "180" } | To topic WaterLevel
DEVICE sensWaterLevel_2_2537514 | Publishing data = { "value" : "129" } | To topic WaterLevel
DEVICE sensWaterLevel_2_2537514 | Publishing data = { "value" : "90" } | To topic WaterLevel
DEVICE sensWaterLevel_2_2537514 | Publishing data = { "value" : "437" } | To topic WaterLevel
DEVICE sensWaterLevel_2_2537514 | Publishing data = { "value" : "174" } | To topic WaterLevel
DEVICE sensWaterLevel_2_2537514 | Publishing data = { "value" : "114" } | To topic WaterLevel
DEVICE sensWaterLevel_2_2537514 | Publishing data = { "value" : "87" } | To topic WaterLevel
DEVICE sensWaterLevel_2_2537514 | Publishing data = { "value" : "31" } | To topic WaterLevel
DEVICE sensWaterLevel_2_2537514 | Publishing data = { "value" : "152" } | To topic WaterLevel
DEVICE sensWaterLevel_2_2537514 | Publishing data = { "value" : "265" } | To topic WaterLevel
DEVICE sensWaterLevel_2_2537514 | Publishing data = { "value" : "179" } | To topic WaterLevel
DEVICE sensWaterLevel_2_2537514 | Publishing data = { "value" : "262" } | To topic WaterLevel
DEVICE sensWaterLevel_2_2537514 | Publishing data = { "value" : "52" } | To topic WaterLevel
DEVICE sensWaterLevel_2_2537514 | Publishing data = { "value" : "222" } | To topic WaterLevel
DEVICE sensWaterLevel_2_2537514 | Publishing data = { "value" : "242" } | To topic WaterLevel
DEVICE sensWaterLevel_2_2537514 | Publishing data = { "value" : "208" } | To topic WaterLevel
DEVICE sensWaterLevel_2_2537514 | Publishing data = { "value" : "448" } | To topic WaterLevel
DEVICE sensWaterLevel_2_2537514 | Publishing data = { "value" : "219" } | To topic WaterLevel
DEVICE sensWaterLevel_2_2537514 | Publishing data = { "value" : "466" } | To topic WaterLevel
DEVICE sensWaterLevel_2_2537514 | Publishing data = { "value" : "131" } | To topic WaterLevel
DEVICE sensWaterLevel_2_2537514 | Publishing data = { "value" : "27" } | To topic WaterLevel
DEVICE sensWaterLevel_2_2537514 | Publishing data = { "value" : "115" } | To topic WaterLevel
DEVICE sensWaterLevel_2_2537514 | Publishing data = { "value" : "5" } | To topic WaterLevel
DEVICE sensWaterLevel_2_2537514 | Publishing data = { "value" : "399" } | To topic WaterLevel
DEVICE sensWaterLevel_2_2537514 | Publishing data = { "value" : "87" } | To topic WaterLevel
DEVICE sensWaterLevel_2_2537514 | Publishing data = { "value" : "136" } | To topic WaterLevel
DEVICE sensWaterLevel_2_2537514 | Publishing data = { "value" : "77" } | To topic WaterLevel
DEVICE sensWaterLevel_2_2537514 | Publishing data = { "value" : "244" } | To topic WaterLevel
DEVICE sensWaterLevel_2_2537514 | Publishing data = { "value" : "225" } | To topic WaterLevel
DEVICE sensWaterLevel_2_2537514 | Publishing data = { "value" : "499" } | To topic WaterLevel
DEVICE sensWaterLevel_2_2537514 | Publishing data = { "value" : "174" } | To topic WaterLevel
DEVICE sensWaterLevel_2_2537514 | Publishing data = { "value" : "179" } | To topic WaterLevel
DEVICE sensWaterLevel_2_2537514 | Publishing data = { "value" : "39" } | To topic WaterLevel
DEVICE sensWaterLevel_2_2537514 | Publishing data = { "value" : "123" } | To topic WaterLevel
DEVICE sensWaterLevel_2_2537514 | Publishing data = { "value" : "321" } | To topic WaterLevel
DEVICE sensWaterLevel_2_2537514 | Publishing data = { "value" : "251" } | To topic WaterLevel
DEVICE sensWaterLevel_2_2537514 | Publishing data = { "value" : "478" } | To topic WaterLevel
DEVICE sensWaterLevel_2_2537514 | Publishing data = { "value" : "357" } | To topic WaterLevel
DEVICE sensWaterLevel_2_2537514 | Publishing data = { "value" : "28" } | To topic WaterLevel
DEVICE sensWaterLevel_2_2537514 | Publishing data = { "value" : "259" } | To topic WaterLevel
DEVICE sensWaterLevel_2_2537514 | Publishing data = { "value" : "277" } | To topic WaterLevel
DEVICE sensWaterLevel_2_2537514 | Publishing data = { "value" : "96" } | To topic WaterLevel
DEVICE sensWaterLevel_2_2537514 | Publishing data = { "value" : "410" } | To topic WaterLevel
DEVICE sensWaterLevel_2_2537514 | Publishing data = { "value" : "162" } | To topic WaterLevel
DEVICE sensWaterLevel_2_2537514 | Publishing data = { "value" : "109" } | To topic WaterLevel
DEVICE sensWaterLevel_2_2537514 | Publishing data = { "value" : "212" } | To topic WaterLevel
DEVICE sensWaterLevel_2_2537514 | Publishing data = { "value" : "95" } | To topic WaterLevel
DEVICE sensWaterLevel_2_2537514 | Publishing data = { "value" : "345" } | To topic WaterLevel
DEVICE sensWaterLevel_2_2537514 | Publishing data = { "value" : "210" } | To topic WaterLevel
DEVICE sensWaterLevel_2_2537514 | Publishing data = { "value" : "227" } | To topic WaterLevel
DEVICE sensWaterLevel_2_2537514 | Publishing data = { "value" : "14" } | To topic WaterLevel
DEVICE sensWaterLevel_2_2537514 | Publishing data = { "value" : "187" } | To topic WaterLevel
DEVICE sensWaterLevel_2_2537514 | Publishing data = { "value" : "188" } | To topic WaterLevel
DEVICE sensWaterLevel_2_2537514 | Publishing data = { "value" : "279" } | To topic WaterLevel
DEVICE sensWaterLevel_2_2537514 | Publishing data = { "value" : "357" } | To topic WaterLevel
DEVICE sensWaterLevel_2_2537514 | Publishing data = { "value" : "315" } | To topic WaterLevel
DEVICE sensWaterLevel_2_2537514 | Publishing data = { "value" : "342" } | To topic WaterLevel
DEVICE sensWaterLevel_2_2537514 | Publishing data = { "value" : "68" } | To topic WaterLevel
DEVICE sensWaterLevel_2_2537514 | Publishing data = { "value" : "111" } | To topic WaterLevel
DEVICE sensWaterLevel_2_2537514 | Publishing data = { "value" : "175" } | To topic WaterLevel
DEVICE sensWaterLevel_2_2537514 | Publishing data = { "value" : "72" } | To topic WaterLevel
DEVICE sensWaterLevel_2_2537514 | Publishing data = { "value" : "42" } | To topic WaterLevel
DEVICE sensWaterLevel_2_2537514 | Publishing data = { "value" : "66" } | To topic WaterLevel
DEVICE sensWaterLevel_2_2537514 | Publishing data = { "value" : "93" } | To topic WaterLevel
DEVICE sensWaterLevel_2_2537514 | Publishing data = { "value" : "106" } | To topic WaterLevel
DEVICE sensWaterLevel_2_2537514 | Publishing data = { "value" : "448" } | To topic WaterLevel
DEVICE sensWaterLevel_2_2537514 | Publishing data = { "value" : "5" } | To topic WaterLevel
DEVICE sensWaterLevel_2_2537514 | Publishing data = { "value" : "458" } | To topic WaterLevel
DEVICE sensWaterLevel_2_2537514 | Publishing data = { "value" : "44" } | To topic WaterLevel
Aug 21, 2023 6:34:04 PM jdk.internal.reflect.NativeMethodAccessorImpl invoke0
INFO: THORN99999: Thorntail is Ready
