WARNING: An illegal reflective access operation has occurred
WARNING: Illegal reflective access by org.eclipse.paho.client.mqttv3.internal.FileLock (jar:file:/tmp/thorntailorg.eclipse.paho.client.mqttv3-1.2.0696193977791468713.jar!/) to method sun.nio.ch.FileLockImpl.release()
WARNING: Please consider reporting this to the maintainers of org.eclipse.paho.client.mqttv3.internal.FileLock
WARNING: Use --illegal-access=warn to enable warnings of further illegal reflective access operations
WARNING: All illegal access operations will be denied in a future release
Connected to tcp://mosquitto-humidity0:1884
DEVICE sensHumidity_0_5243312 | Publishing data = { "value" : "11" } | To topic Humidity
DEVICE sensHumidity_0_5243312 | Publishing data = { "value" : "43" } | To topic Humidity
DEVICE sensHumidity_0_5243312 | Publishing data = { "value" : "25" } | To topic Humidity
DEVICE sensHumidity_0_5243312 | Publishing data = { "value" : "68" } | To topic Humidity
DEVICE sensHumidity_0_5243312 | Publishing data = { "value" : "45" } | To topic Humidity
DEVICE sensHumidity_0_5243312 | Publishing data = { "value" : "92" } | To topic Humidity
DEVICE sensHumidity_0_5243312 | Publishing data = { "value" : "27" } | To topic Humidity
DEVICE sensHumidity_0_5243312 | Publishing data = { "value" : "100" } | To topic Humidity
DEVICE sensHumidity_0_5243312 | Publishing data = { "value" : "16" } | To topic Humidity
DEVICE sensHumidity_0_5243312 | Publishing data = { "value" : "56" } | To topic Humidity
DEVICE sensHumidity_0_5243312 | Publishing data = { "value" : "78" } | To topic Humidity
DEVICE sensHumidity_0_5243312 | Publishing data = { "value" : "37" } | To topic Humidity
DEVICE sensHumidity_0_5243312 | Publishing data = { "value" : "5" } | To topic Humidity
DEVICE sensHumidity_0_5243312 | Publishing data = { "value" : "79" } | To topic Humidity
DEVICE sensHumidity_0_5243312 | Publishing data = { "value" : "70" } | To topic Humidity
DEVICE sensHumidity_0_5243312 | Publishing data = { "value" : "18" } | To topic Humidity
DEVICE sensHumidity_0_5243312 | Publishing data = { "value" : "62" } | To topic Humidity
DEVICE sensHumidity_0_5243312 | Publishing data = { "value" : "72" } | To topic Humidity
DEVICE sensHumidity_0_5243312 | Publishing data = { "value" : "78" } | To topic Humidity
DEVICE sensHumidity_0_5243312 | Publishing data = { "value" : "23" } | To topic Humidity
DEVICE sensHumidity_0_5243312 | Publishing data = { "value" : "90" } | To topic Humidity
DEVICE sensHumidity_0_5243312 | Publishing data = { "value" : "3" } | To topic Humidity
DEVICE sensHumidity_0_5243312 | Publishing data = { "value" : "61" } | To topic Humidity
DEVICE sensHumidity_0_5243312 | Publishing data = { "value" : "10" } | To topic Humidity
DEVICE sensHumidity_0_5243312 | Publishing data = { "value" : "13" } | To topic Humidity
DEVICE sensHumidity_0_5243312 | Publishing data = { "value" : "78" } | To topic Humidity
DEVICE sensHumidity_0_5243312 | Publishing data = { "value" : "15" } | To topic Humidity
DEVICE sensHumidity_0_5243312 | Publishing data = { "value" : "78" } | To topic Humidity
DEVICE sensHumidity_0_5243312 | Publishing data = { "value" : "81" } | To topic Humidity
DEVICE sensHumidity_0_5243312 | Publishing data = { "value" : "3" } | To topic Humidity
DEVICE sensHumidity_0_5243312 | Publishing data = { "value" : "36" } | To topic Humidity
DEVICE sensHumidity_0_5243312 | Publishing data = { "value" : "45" } | To topic Humidity
DEVICE sensHumidity_0_5243312 | Publishing data = { "value" : "28" } | To topic Humidity
DEVICE sensHumidity_0_5243312 | Publishing data = { "value" : "14" } | To topic Humidity
DEVICE sensHumidity_0_5243312 | Publishing data = { "value" : "13" } | To topic Humidity
DEVICE sensHumidity_0_5243312 | Publishing data = { "value" : "54" } | To topic Humidity
DEVICE sensHumidity_0_5243312 | Publishing data = { "value" : "52" } | To topic Humidity
DEVICE sensHumidity_0_5243312 | Publishing data = { "value" : "72" } | To topic Humidity
DEVICE sensHumidity_0_5243312 | Publishing data = { "value" : "98" } | To topic Humidity
DEVICE sensHumidity_0_5243312 | Publishing data = { "value" : "62" } | To topic Humidity
DEVICE sensHumidity_0_5243312 | Publishing data = { "value" : "9" } | To topic Humidity
DEVICE sensHumidity_0_5243312 | Publishing data = { "value" : "37" } | To topic Humidity
DEVICE sensHumidity_0_5243312 | Publishing data = { "value" : "94" } | To topic Humidity
DEVICE sensHumidity_0_5243312 | Publishing data = { "value" : "94" } | To topic Humidity
DEVICE sensHumidity_0_5243312 | Publishing data = { "value" : "14" } | To topic Humidity
DEVICE sensHumidity_0_5243312 | Publishing data = { "value" : "44" } | To topic Humidity
DEVICE sensHumidity_0_5243312 | Publishing data = { "value" : "25" } | To topic Humidity
DEVICE sensHumidity_0_5243312 | Publishing data = { "value" : "85" } | To topic Humidity
DEVICE sensHumidity_0_5243312 | Publishing data = { "value" : "26" } | To topic Humidity
DEVICE sensHumidity_0_5243312 | Publishing data = { "value" : "79" } | To topic Humidity
DEVICE sensHumidity_0_5243312 | Publishing data = { "value" : "5" } | To topic Humidity
DEVICE sensHumidity_0_5243312 | Publishing data = { "value" : "77" } | To topic Humidity
DEVICE sensHumidity_0_5243312 | Publishing data = { "value" : "80" } | To topic Humidity
DEVICE sensHumidity_0_5243312 | Publishing data = { "value" : "28" } | To topic Humidity
DEVICE sensHumidity_0_5243312 | Publishing data = { "value" : "57" } | To topic Humidity
DEVICE sensHumidity_0_5243312 | Publishing data = { "value" : "68" } | To topic Humidity
DEVICE sensHumidity_0_5243312 | Publishing data = { "value" : "1" } | To topic Humidity
DEVICE sensHumidity_0_5243312 | Publishing data = { "value" : "88" } | To topic Humidity
DEVICE sensHumidity_0_5243312 | Publishing data = { "value" : "4" } | To topic Humidity
DEVICE sensHumidity_0_5243312 | Publishing data = { "value" : "52" } | To topic Humidity
DEVICE sensHumidity_0_5243312 | Publishing data = { "value" : "68" } | To topic Humidity
DEVICE sensHumidity_0_5243312 | Publishing data = { "value" : "22" } | To topic Humidity
DEVICE sensHumidity_0_5243312 | Publishing data = { "value" : "87" } | To topic Humidity
DEVICE sensHumidity_0_5243312 | Publishing data = { "value" : "40" } | To topic Humidity
DEVICE sensHumidity_0_5243312 | Publishing data = { "value" : "15" } | To topic Humidity
DEVICE sensHumidity_0_5243312 | Publishing data = { "value" : "18" } | To topic Humidity
DEVICE sensHumidity_0_5243312 | Publishing data = { "value" : "43" } | To topic Humidity
DEVICE sensHumidity_0_5243312 | Publishing data = { "value" : "93" } | To topic Humidity
DEVICE sensHumidity_0_5243312 | Publishing data = { "value" : "22" } | To topic Humidity
DEVICE sensHumidity_0_5243312 | Publishing data = { "value" : "8" } | To topic Humidity
DEVICE sensHumidity_0_5243312 | Publishing data = { "value" : "13" } | To topic Humidity
DEVICE sensHumidity_0_5243312 | Publishing data = { "value" : "29" } | To topic Humidity
DEVICE sensHumidity_0_5243312 | Publishing data = { "value" : "57" } | To topic Humidity
DEVICE sensHumidity_0_5243312 | Publishing data = { "value" : "12" } | To topic Humidity
DEVICE sensHumidity_0_5243312 | Publishing data = { "value" : "8" } | To topic Humidity
DEVICE sensHumidity_0_5243312 | Publishing data = { "value" : "19" } | To topic Humidity
DEVICE sensHumidity_0_5243312 | Publishing data = { "value" : "32" } | To topic Humidity
DEVICE sensHumidity_0_5243312 | Publishing data = { "value" : "76" } | To topic Humidity
DEVICE sensHumidity_0_5243312 | Publishing data = { "value" : "56" } | To topic Humidity
DEVICE sensHumidity_0_5243312 | Publishing data = { "value" : "69" } | To topic Humidity
DEVICE sensHumidity_0_5243312 | Publishing data = { "value" : "56" } | To topic Humidity
DEVICE sensHumidity_0_5243312 | Publishing data = { "value" : "17" } | To topic Humidity
DEVICE sensHumidity_0_5243312 | Publishing data = { "value" : "81" } | To topic Humidity
DEVICE sensHumidity_0_5243312 | Publishing data = { "value" : "84" } | To topic Humidity
DEVICE sensHumidity_0_5243312 | Publishing data = { "value" : "79" } | To topic Humidity
DEVICE sensHumidity_0_5243312 | Publishing data = { "value" : "44" } | To topic Humidity
DEVICE sensHumidity_0_5243312 | Publishing data = { "value" : "56" } | To topic Humidity
DEVICE sensHumidity_0_5243312 | Publishing data = { "value" : "35" } | To topic Humidity
DEVICE sensHumidity_0_5243312 | Publishing data = { "value" : "89" } | To topic Humidity
DEVICE sensHumidity_0_5243312 | Publishing data = { "value" : "91" } | To topic Humidity
DEVICE sensHumidity_0_5243312 | Publishing data = { "value" : "70" } | To topic Humidity
DEVICE sensHumidity_0_5243312 | Publishing data = { "value" : "61" } | To topic Humidity
DEVICE sensHumidity_0_5243312 | Publishing data = { "value" : "98" } | To topic Humidity
DEVICE sensHumidity_0_5243312 | Publishing data = { "value" : "46" } | To topic Humidity
DEVICE sensHumidity_0_5243312 | Publishing data = { "value" : "1" } | To topic Humidity
DEVICE sensHumidity_0_5243312 | Publishing data = { "value" : "14" } | To topic Humidity
DEVICE sensHumidity_0_5243312 | Publishing data = { "value" : "63" } | To topic Humidity
DEVICE sensHumidity_0_5243312 | Publishing data = { "value" : "67" } | To topic Humidity
DEVICE sensHumidity_0_5243312 | Publishing data = { "value" : "17" } | To topic Humidity
DEVICE sensHumidity_0_5243312 | Publishing data = { "value" : "99" } | To topic Humidity
Aug 21, 2023 6:34:07 PM jdk.internal.reflect.NativeMethodAccessorImpl invoke0
INFO: THORN99999: Thorntail is Ready
