WARNING: An illegal reflective access operation has occurred
WARNING: Illegal reflective access by org.eclipse.paho.client.mqttv3.internal.FileLock (jar:file:/tmp/thorntailorg.eclipse.paho.client.mqttv3-1.2.03483821498528289390.jar!/) to method sun.nio.ch.FileLockImpl.release()
WARNING: Please consider reporting this to the maintainers of org.eclipse.paho.client.mqttv3.internal.FileLock
WARNING: Use --illegal-access=warn to enable warnings of further illegal reflective access operations
WARNING: All illegal access operations will be denied in a future release
Connected to tcp://mosquitto-temperature1:1885
DEVICE sensTemperature_1_4875836 | Publishing data = { "value" : "28" } | To topic Temperature
DEVICE sensTemperature_1_4875836 | Publishing data = { "value" : "33" } | To topic Temperature
DEVICE sensTemperature_1_4875836 | Publishing data = { "value" : "38" } | To topic Temperature
DEVICE sensTemperature_1_4875836 | Publishing data = { "value" : "11" } | To topic Temperature
DEVICE sensTemperature_1_4875836 | Publishing data = { "value" : "30" } | To topic Temperature
DEVICE sensTemperature_1_4875836 | Publishing data = { "value" : "13" } | To topic Temperature
DEVICE sensTemperature_1_4875836 | Publishing data = { "value" : "15" } | To topic Temperature
DEVICE sensTemperature_1_4875836 | Publishing data = { "value" : "10" } | To topic Temperature
DEVICE sensTemperature_1_4875836 | Publishing data = { "value" : "8" } | To topic Temperature
DEVICE sensTemperature_1_4875836 | Publishing data = { "value" : "9" } | To topic Temperature
DEVICE sensTemperature_1_4875836 | Publishing data = { "value" : "11" } | To topic Temperature
DEVICE sensTemperature_1_4875836 | Publishing data = { "value" : "17" } | To topic Temperature
DEVICE sensTemperature_1_4875836 | Publishing data = { "value" : "18" } | To topic Temperature
DEVICE sensTemperature_1_4875836 | Publishing data = { "value" : "23" } | To topic Temperature
DEVICE sensTemperature_1_4875836 | Publishing data = { "value" : "5" } | To topic Temperature
DEVICE sensTemperature_1_4875836 | Publishing data = { "value" : "12" } | To topic Temperature
DEVICE sensTemperature_1_4875836 | Publishing data = { "value" : "11" } | To topic Temperature
DEVICE sensTemperature_1_4875836 | Publishing data = { "value" : "38" } | To topic Temperature
DEVICE sensTemperature_1_4875836 | Publishing data = { "value" : "40" } | To topic Temperature
DEVICE sensTemperature_1_4875836 | Publishing data = { "value" : "22" } | To topic Temperature
DEVICE sensTemperature_1_4875836 | Publishing data = { "value" : "50" } | To topic Temperature
DEVICE sensTemperature_1_4875836 | Publishing data = { "value" : "6" } | To topic Temperature
DEVICE sensTemperature_1_4875836 | Publishing data = { "value" : "47" } | To topic Temperature
DEVICE sensTemperature_1_4875836 | Publishing data = { "value" : "26" } | To topic Temperature
DEVICE sensTemperature_1_4875836 | Publishing data = { "value" : "16" } | To topic Temperature
DEVICE sensTemperature_1_4875836 | Publishing data = { "value" : "21" } | To topic Temperature
DEVICE sensTemperature_1_4875836 | Publishing data = { "value" : "15" } | To topic Temperature
DEVICE sensTemperature_1_4875836 | Publishing data = { "value" : "7" } | To topic Temperature
DEVICE sensTemperature_1_4875836 | Publishing data = { "value" : "37" } | To topic Temperature
DEVICE sensTemperature_1_4875836 | Publishing data = { "value" : "50" } | To topic Temperature
DEVICE sensTemperature_1_4875836 | Publishing data = { "value" : "23" } | To topic Temperature
DEVICE sensTemperature_1_4875836 | Publishing data = { "value" : "12" } | To topic Temperature
DEVICE sensTemperature_1_4875836 | Publishing data = { "value" : "41" } | To topic Temperature
DEVICE sensTemperature_1_4875836 | Publishing data = { "value" : "31" } | To topic Temperature
DEVICE sensTemperature_1_4875836 | Publishing data = { "value" : "13" } | To topic Temperature
DEVICE sensTemperature_1_4875836 | Publishing data = { "value" : "45" } | To topic Temperature
DEVICE sensTemperature_1_4875836 | Publishing data = { "value" : "33" } | To topic Temperature
DEVICE sensTemperature_1_4875836 | Publishing data = { "value" : "13" } | To topic Temperature
DEVICE sensTemperature_1_4875836 | Publishing data = { "value" : "36" } | To topic Temperature
DEVICE sensTemperature_1_4875836 | Publishing data = { "value" : "12" } | To topic Temperature
DEVICE sensTemperature_1_4875836 | Publishing data = { "value" : "43" } | To topic Temperature
DEVICE sensTemperature_1_4875836 | Publishing data = { "value" : "37" } | To topic Temperature
DEVICE sensTemperature_1_4875836 | Publishing data = { "value" : "24" } | To topic Temperature
DEVICE sensTemperature_1_4875836 | Publishing data = { "value" : "7" } | To topic Temperature
DEVICE sensTemperature_1_4875836 | Publishing data = { "value" : "14" } | To topic Temperature
DEVICE sensTemperature_1_4875836 | Publishing data = { "value" : "13" } | To topic Temperature
DEVICE sensTemperature_1_4875836 | Publishing data = { "value" : "5" } | To topic Temperature
DEVICE sensTemperature_1_4875836 | Publishing data = { "value" : "9" } | To topic Temperature
DEVICE sensTemperature_1_4875836 | Publishing data = { "value" : "28" } | To topic Temperature
DEVICE sensTemperature_1_4875836 | Publishing data = { "value" : "44" } | To topic Temperature
DEVICE sensTemperature_1_4875836 | Publishing data = { "value" : "33" } | To topic Temperature
DEVICE sensTemperature_1_4875836 | Publishing data = { "value" : "45" } | To topic Temperature
DEVICE sensTemperature_1_4875836 | Publishing data = { "value" : "46" } | To topic Temperature
DEVICE sensTemperature_1_4875836 | Publishing data = { "value" : "20" } | To topic Temperature
DEVICE sensTemperature_1_4875836 | Publishing data = { "value" : "21" } | To topic Temperature
DEVICE sensTemperature_1_4875836 | Publishing data = { "value" : "46" } | To topic Temperature
DEVICE sensTemperature_1_4875836 | Publishing data = { "value" : "20" } | To topic Temperature
DEVICE sensTemperature_1_4875836 | Publishing data = { "value" : "23" } | To topic Temperature
DEVICE sensTemperature_1_4875836 | Publishing data = { "value" : "9" } | To topic Temperature
DEVICE sensTemperature_1_4875836 | Publishing data = { "value" : "50" } | To topic Temperature
DEVICE sensTemperature_1_4875836 | Publishing data = { "value" : "36" } | To topic Temperature
DEVICE sensTemperature_1_4875836 | Publishing data = { "value" : "44" } | To topic Temperature
DEVICE sensTemperature_1_4875836 | Publishing data = { "value" : "28" } | To topic Temperature
DEVICE sensTemperature_1_4875836 | Publishing data = { "value" : "14" } | To topic Temperature
DEVICE sensTemperature_1_4875836 | Publishing data = { "value" : "15" } | To topic Temperature
DEVICE sensTemperature_1_4875836 | Publishing data = { "value" : "30" } | To topic Temperature
DEVICE sensTemperature_1_4875836 | Publishing data = { "value" : "21" } | To topic Temperature
DEVICE sensTemperature_1_4875836 | Publishing data = { "value" : "30" } | To topic Temperature
DEVICE sensTemperature_1_4875836 | Publishing data = { "value" : "42" } | To topic Temperature
DEVICE sensTemperature_1_4875836 | Publishing data = { "value" : "16" } | To topic Temperature
DEVICE sensTemperature_1_4875836 | Publishing data = { "value" : "29" } | To topic Temperature
DEVICE sensTemperature_1_4875836 | Publishing data = { "value" : "20" } | To topic Temperature
DEVICE sensTemperature_1_4875836 | Publishing data = { "value" : "40" } | To topic Temperature
DEVICE sensTemperature_1_4875836 | Publishing data = { "value" : "13" } | To topic Temperature
DEVICE sensTemperature_1_4875836 | Publishing data = { "value" : "45" } | To topic Temperature
DEVICE sensTemperature_1_4875836 | Publishing data = { "value" : "36" } | To topic Temperature
DEVICE sensTemperature_1_4875836 | Publishing data = { "value" : "21" } | To topic Temperature
DEVICE sensTemperature_1_4875836 | Publishing data = { "value" : "31" } | To topic Temperature
DEVICE sensTemperature_1_4875836 | Publishing data = { "value" : "50" } | To topic Temperature
DEVICE sensTemperature_1_4875836 | Publishing data = { "value" : "21" } | To topic Temperature
DEVICE sensTemperature_1_4875836 | Publishing data = { "value" : "13" } | To topic Temperature
DEVICE sensTemperature_1_4875836 | Publishing data = { "value" : "11" } | To topic Temperature
DEVICE sensTemperature_1_4875836 | Publishing data = { "value" : "6" } | To topic Temperature
DEVICE sensTemperature_1_4875836 | Publishing data = { "value" : "26" } | To topic Temperature
DEVICE sensTemperature_1_4875836 | Publishing data = { "value" : "25" } | To topic Temperature
DEVICE sensTemperature_1_4875836 | Publishing data = { "value" : "18" } | To topic Temperature
DEVICE sensTemperature_1_4875836 | Publishing data = { "value" : "5" } | To topic Temperature
DEVICE sensTemperature_1_4875836 | Publishing data = { "value" : "7" } | To topic Temperature
DEVICE sensTemperature_1_4875836 | Publishing data = { "value" : "33" } | To topic Temperature
DEVICE sensTemperature_1_4875836 | Publishing data = { "value" : "5" } | To topic Temperature
DEVICE sensTemperature_1_4875836 | Publishing data = { "value" : "22" } | To topic Temperature
DEVICE sensTemperature_1_4875836 | Publishing data = { "value" : "12" } | To topic Temperature
DEVICE sensTemperature_1_4875836 | Publishing data = { "value" : "10" } | To topic Temperature
DEVICE sensTemperature_1_4875836 | Publishing data = { "value" : "21" } | To topic Temperature
DEVICE sensTemperature_1_4875836 | Publishing data = { "value" : "25" } | To topic Temperature
DEVICE sensTemperature_1_4875836 | Publishing data = { "value" : "30" } | To topic Temperature
DEVICE sensTemperature_1_4875836 | Publishing data = { "value" : "31" } | To topic Temperature
DEVICE sensTemperature_1_4875836 | Publishing data = { "value" : "45" } | To topic Temperature
DEVICE sensTemperature_1_4875836 | Publishing data = { "value" : "20" } | To topic Temperature
DEVICE sensTemperature_1_4875836 | Publishing data = { "value" : "14" } | To topic Temperature
Aug 21, 2023 6:34:30 PM jdk.internal.reflect.NativeMethodAccessorImpl invoke0
INFO: THORN99999: Thorntail is Ready
