WARNING: An illegal reflective access operation has occurred
WARNING: Illegal reflective access by org.eclipse.paho.client.mqttv3.internal.FileLock (jar:file:/tmp/thorntailorg.eclipse.paho.client.mqttv3-1.2.017755250631255868361.jar!/) to method sun.nio.ch.FileLockImpl.release()
WARNING: Please consider reporting this to the maintainers of org.eclipse.paho.client.mqttv3.internal.FileLock
WARNING: Use --illegal-access=warn to enable warnings of further illegal reflective access operations
WARNING: All illegal access operations will be denied in a future release
Connected to tcp://mosquitto-waterlevel2:1886
FOG WaterLevel_2 | Received data: { "value" : "158" } |From topic: WaterLevel
FOG WaterLevel_2 | Received data: { "value" : "39" } |From topic: WaterLevel
FOG WaterLevel_2 | Received data: { "value" : "14" } |From topic: WaterLevel
Aug 22, 2023 9:41:31 AM jdk.internal.reflect.NativeMethodAccessorImpl invoke0
INFO: THORN99999: Thorntail is Ready
FOG WaterLevel_2 | Received data: { "value" : "10" } |From topic: WaterLevel
FOG WaterLevel_2 | Received data: { "value" : "126" } |From topic: WaterLevel
FOG WaterLevel_2 | Received data: { "value" : "223" } |From topic: WaterLevel
FOG WaterLevel_2 | Received data: { "value" : "206" } |From topic: WaterLevel
FOG WaterLevel_2 | Received data: { "value" : "156" } |From topic: WaterLevel
FOG WaterLevel_2 | Received data: { "value" : "171" } |From topic: WaterLevel
FOG WaterLevel_2 | Received data: { "value" : "182" } |From topic: WaterLevel
FOG WaterLevel_2 | Received data: { "value" : "181" } |From topic: WaterLevel
FOG WaterLevel_2 | Received data: { "value" : "156" } |From topic: WaterLevel
FOG WaterLevel_2 | Received data: { "value" : "139" } |From topic: WaterLevel
FOG WaterLevel_2 | Received data: { "value" : "232" } |From topic: WaterLevel
FOG WaterLevel_2 | Received data: { "value" : "192" } |From topic: WaterLevel
FOG WaterLevel_2 | Received data: { "value" : "65" } |From topic: WaterLevel
FOG WaterLevel_2 | Received data: { "value" : "34" } |From topic: WaterLevel
FOG WaterLevel_2 | Received data: { "value" : "42" } |From topic: WaterLevel
FOG WaterLevel_2 | Received data: { "value" : "142" } |From topic: WaterLevel
