WARNING: An illegal reflective access operation has occurred
WARNING: Illegal reflective access by org.eclipse.paho.client.mqttv3.internal.FileLock (jar:file:/tmp/thorntailorg.eclipse.paho.client.mqttv3-1.2.018421783438007386576.jar!/) to method sun.nio.ch.FileLockImpl.release()
WARNING: Please consider reporting this to the maintainers of org.eclipse.paho.client.mqttv3.internal.FileLock
WARNING: Use --illegal-access=warn to enable warnings of further illegal reflective access operations
WARNING: All illegal access operations will be denied in a future release
Connected to tcp://mosquitto-humidity0:1884
ACTUATORactHumidity_0_6955614 | Receive data: { "value" : "4" } | Doing following action in consequence: actuando!
Aug 21, 2023 10:38:06 AM jdk.internal.reflect.NativeMethodAccessorImpl invoke0
INFO: THORN99999: Thorntail is Ready
ACTUATORactHumidity_0_6955614 | Receive data: { "value" : "45" } | Doing following action in consequence: actuando!
ACTUATORactHumidity_0_6955614 | Receive data: { "value" : "32" } | Doing following action in consequence: actuando!
ACTUATORactHumidity_0_6955614 | Receive data: { "value" : "86" } | Doing following action in consequence: actuando!
ACTUATORactHumidity_0_6955614 | Receive data: { "value" : "61" } | Doing following action in consequence: actuando!
ACTUATORactHumidity_0_6955614 | Receive data: { "value" : "2" } | Doing following action in consequence: actuando!
ACTUATORactHumidity_0_6955614 | Receive data: Humidity is decreasing, it is below 50%. | Doing following action in consequence: actuando!
ACTUATORactHumidity_0_6955614 | Receive data: { "value" : "87" } | Doing following action in consequence: actuando!
ACTUATORactHumidity_0_6955614 | Receive data: { "value" : "22" } | Doing following action in consequence: actuando!
ACTUATORactHumidity_0_6955614 | Receive data: { "value" : "41" } | Doing following action in consequence: actuando!
ACTUATORactHumidity_0_6955614 | Receive data: { "value" : "17" } | Doing following action in consequence: actuando!
ACTUATORactHumidity_0_6955614 | Receive data: { "value" : "96" } | Doing following action in consequence: actuando!
ACTUATORactHumidity_0_6955614 | Receive data: { "value" : "29" } | Doing following action in consequence: actuando!
ACTUATORactHumidity_0_6955614 | Receive data: Humidity is decreasing, it is below 50%. | Doing following action in consequence: actuando!
ACTUATORactHumidity_0_6955614 | Receive data: { "value" : "81" } | Doing following action in consequence: actuando!
ACTUATORactHumidity_0_6955614 | Receive data: { "value" : "55" } | Doing following action in consequence: actuando!
ACTUATORactHumidity_0_6955614 | Receive data: { "value" : "49" } | Doing following action in consequence: actuando!
ACTUATORactHumidity_0_6955614 | Receive data: { "value" : "73" } | Doing following action in consequence: actuando!
ACTUATORactHumidity_0_6955614 | Receive data: { "value" : "14" } | Doing following action in consequence: actuando!
ACTUATORactHumidity_0_6955614 | Receive data: Humidity is decreasing, it is below 50%. | Doing following action in consequence: actuando!
ACTUATORactHumidity_0_6955614 | Receive data: { "value" : "38" } | Doing following action in consequence: actuando!
ACTUATORactHumidity_0_6955614 | Receive data: { "value" : "29" } | Doing following action in consequence: actuando!
ACTUATORactHumidity_0_6955614 | Receive data: { "value" : "35" } | Doing following action in consequence: actuando!
ACTUATORactHumidity_0_6955614 | Receive data: { "value" : "75" } | Doing following action in consequence: actuando!
ACTUATORactHumidity_0_6955614 | Receive data: { "value" : "89" } | Doing following action in consequence: actuando!
ACTUATORactHumidity_0_6955614 | Receive data: { "value" : "78" } | Doing following action in consequence: actuando!
ACTUATORactHumidity_0_6955614 | Receive data: { "value" : "2" } | Doing following action in consequence: actuando!
ACTUATORactHumidity_0_6955614 | Receive data: Humidity is decreasing, it is below 50%. | Doing following action in consequence: actuando!
ACTUATORactHumidity_0_6955614 | Receive data: { "value" : "26" } | Doing following action in consequence: actuando!
ACTUATORactHumidity_0_6955614 | Receive data: { "value" : "27" } | Doing following action in consequence: actuando!
ACTUATORactHumidity_0_6955614 | Receive data: { "value" : "38" } | Doing following action in consequence: actuando!
ACTUATORactHumidity_0_6955614 | Receive data: { "value" : "84" } | Doing following action in consequence: actuando!
ACTUATORactHumidity_0_6955614 | Receive data: { "value" : "11" } | Doing following action in consequence: actuando!
ACTUATORactHumidity_0_6955614 | Receive data: Humidity is decreasing, it is below 50%. | Doing following action in consequence: actuando!
ACTUATORactHumidity_0_6955614 | Receive data: { "value" : "22" } | Doing following action in consequence: actuando!
ACTUATORactHumidity_0_6955614 | Receive data: { "value" : "78" } | Doing following action in consequence: actuando!
ACTUATORactHumidity_0_6955614 | Receive data: { "value" : "43" } | Doing following action in consequence: actuando!
ACTUATORactHumidity_0_6955614 | Receive data: { "value" : "53" } | Doing following action in consequence: actuando!
ACTUATORactHumidity_0_6955614 | Receive data: { "value" : "0" } | Doing following action in consequence: actuando!
ACTUATORactHumidity_0_6955614 | Receive data: { "value" : "96" } | Doing following action in consequence: actuando!
ACTUATORactHumidity_0_6955614 | Receive data: { "value" : "1" } | Doing following action in consequence: actuando!
ACTUATORactHumidity_0_6955614 | Receive data: Humidity is decreasing, it is below 50%. | Doing following action in consequence: actuando!
ACTUATORactHumidity_0_6955614 | Receive data: { "value" : "43" } | Doing following action in consequence: actuando!
ACTUATORactHumidity_0_6955614 | Receive data: { "value" : "63" } | Doing following action in consequence: actuando!
ACTUATORactHumidity_0_6955614 | Receive data: { "value" : "9" } | Doing following action in consequence: actuando!
ACTUATORactHumidity_0_6955614 | Receive data: { "value" : "45" } | Doing following action in consequence: actuando!
ACTUATORactHumidity_0_6955614 | Receive data: { "value" : "33" } | Doing following action in consequence: actuando!
ACTUATORactHumidity_0_6955614 | Receive data: Humidity is decreasing, it is below 50%. | Doing following action in consequence: actuando!
ACTUATORactHumidity_0_6955614 | Receive data: { "value" : "93" } | Doing following action in consequence: actuando!
ACTUATORactHumidity_0_6955614 | Receive data: { "value" : "27" } | Doing following action in consequence: actuando!
ACTUATORactHumidity_0_6955614 | Receive data: { "value" : "26" } | Doing following action in consequence: actuando!
ACTUATORactHumidity_0_6955614 | Receive data: { "value" : "20" } | Doing following action in consequence: actuando!
ACTUATORactHumidity_0_6955614 | Receive data: { "value" : "46" } | Doing following action in consequence: actuando!
ACTUATORactHumidity_0_6955614 | Receive data: { "value" : "43" } | Doing following action in consequence: actuando!
ACTUATORactHumidity_0_6955614 | Receive data: Humidity is decreasing, it is below 50%. | Doing following action in consequence: actuando!
ACTUATORactHumidity_0_6955614 | Receive data: { "value" : "10" } | Doing following action in consequence: actuando!
ACTUATORactHumidity_0_6955614 | Receive data: { "value" : "25" } | Doing following action in consequence: actuando!
ACTUATORactHumidity_0_6955614 | Receive data: { "value" : "71" } | Doing following action in consequence: actuando!
ACTUATORactHumidity_0_6955614 | Receive data: { "value" : "81" } | Doing following action in consequence: actuando!
ACTUATORactHumidity_0_6955614 | Receive data: { "value" : "40" } | Doing following action in consequence: actuando!
ACTUATORactHumidity_0_6955614 | Receive data: { "value" : "45" } | Doing following action in consequence: actuando!
ACTUATORactHumidity_0_6955614 | Receive data: Humidity is decreasing, it is below 50%. | Doing following action in consequence: actuando!
ACTUATORactHumidity_0_6955614 | Receive data: { "value" : "21" } | Doing following action in consequence: actuando!
ACTUATORactHumidity_0_6955614 | Receive data: { "value" : "74" } | Doing following action in consequence: actuando!
ACTUATORactHumidity_0_6955614 | Receive data: { "value" : "40" } | Doing following action in consequence: actuando!
ACTUATORactHumidity_0_6955614 | Receive data: { "value" : "12" } | Doing following action in consequence: actuando!
ACTUATORactHumidity_0_6955614 | Receive data: { "value" : "5" } | Doing following action in consequence: actuando!
ACTUATORactHumidity_0_6955614 | Receive data: { "value" : "42" } | Doing following action in consequence: actuando!
ACTUATORactHumidity_0_6955614 | Receive data: Humidity is decreasing, it is below 50%. | Doing following action in consequence: actuando!
ACTUATORactHumidity_0_6955614 | Receive data: { "value" : "55" } | Doing following action in consequence: actuando!
ACTUATORactHumidity_0_6955614 | Receive data: { "value" : "12" } | Doing following action in consequence: actuando!
ACTUATORactHumidity_0_6955614 | Receive data: { "value" : "94" } | Doing following action in consequence: actuando!
ACTUATORactHumidity_0_6955614 | Receive data: { "value" : "94" } | Doing following action in consequence: actuando!
ACTUATORactHumidity_0_6955614 | Receive data: { "value" : "50" } | Doing following action in consequence: actuando!
ACTUATORactHumidity_0_6955614 | Receive data: { "value" : "58" } | Doing following action in consequence: actuando!
ACTUATORactHumidity_0_6955614 | Receive data: { "value" : "3" } | Doing following action in consequence: actuando!
ACTUATORactHumidity_0_6955614 | Receive data: Humidity is decreasing, it is below 50%. | Doing following action in consequence: actuando!
ACTUATORactHumidity_0_6955614 | Receive data: { "value" : "41" } | Doing following action in consequence: actuando!
ACTUATORactHumidity_0_6955614 | Receive data: { "value" : "40" } | Doing following action in consequence: actuando!
ACTUATORactHumidity_0_6955614 | Receive data: { "value" : "79" } | Doing following action in consequence: actuando!
ACTUATORactHumidity_0_6955614 | Receive data: { "value" : "91" } | Doing following action in consequence: actuando!
ACTUATORactHumidity_0_6955614 | Receive data: { "value" : "56" } | Doing following action in consequence: actuando!
ACTUATORactHumidity_0_6955614 | Receive data: { "value" : "35" } | Doing following action in consequence: actuando!
ACTUATORactHumidity_0_6955614 | Receive data: Humidity is decreasing, it is below 50%. | Doing following action in consequence: actuando!
ACTUATORactHumidity_0_6955614 | Receive data: { "value" : "90" } | Doing following action in consequence: actuando!
ACTUATORactHumidity_0_6955614 | Receive data: { "value" : "58" } | Doing following action in consequence: actuando!
ACTUATORactHumidity_0_6955614 | Receive data: { "value" : "25" } | Doing following action in consequence: actuando!
ACTUATORactHumidity_0_6955614 | Receive data: { "value" : "74" } | Doing following action in consequence: actuando!
