WARNING: An illegal reflective access operation has occurred
WARNING: Illegal reflective access by org.eclipse.paho.client.mqttv3.internal.FileLock (jar:file:/tmp/thorntailorg.eclipse.paho.client.mqttv3-1.2.014646598357320211922.jar!/) to method sun.nio.ch.FileLockImpl.release()
WARNING: Please consider reporting this to the maintainers of org.eclipse.paho.client.mqttv3.internal.FileLock
WARNING: Use --illegal-access=warn to enable warnings of further illegal reflective access operations
WARNING: All illegal access operations will be denied in a future release
Connected to tcp://mosquitto-humidity0:1884
Aug 22, 2023 6:07:46 PM jdk.internal.reflect.NativeMethodAccessorImpl invoke0
INFO: THORN99999: Thorntail is Ready
ACTUATORactHumidity_0_5904615 | Receive data: { "value" : "50" } | Doing following action in consequence: actuando!
ACTUATORactHumidity_0_5904615 | Receive data: { "value" : "8" } | Doing following action in consequence: actuando!
ACTUATORactHumidity_0_5904615 | Receive data: { "value" : "181" } | Doing following action in consequence: actuando!
ACTUATORactHumidity_0_5904615 | Receive data: { "value" : "101" } | Doing following action in consequence: actuando!
ACTUATORactHumidity_0_5904615 | Receive data: { "value" : "1" } | Doing following action in consequence: actuando!
ACTUATORactHumidity_0_5904615 | Receive data: { "value" : "155" } | Doing following action in consequence: actuando!
ACTUATORactHumidity_0_5904615 | Receive data: { "value" : "142" } | Doing following action in consequence: actuando!
ACTUATORactHumidity_0_5904615 | Receive data: { "value" : "22" } | Doing following action in consequence: actuando!
ACTUATORactHumidity_0_5904615 | Receive data: { "value" : "176" } | Doing following action in consequence: actuando!
ACTUATORactHumidity_0_5904615 | Receive data: { "value" : "238" } | Doing following action in consequence: actuando!
ACTUATORactHumidity_0_5904615 | Receive data: { "value" : "8" } | Doing following action in consequence: actuando!
ACTUATORactHumidity_0_5904615 | Receive data: { "value" : "101" } | Doing following action in consequence: actuando!
ACTUATORactHumidity_0_5904615 | Receive data: { "value" : "98" } | Doing following action in consequence: actuando!
ACTUATORactHumidity_0_5904615 | Receive data: { "value" : "198" } | Doing following action in consequence: actuando!
ACTUATORactHumidity_0_5904615 | Receive data: { "value" : "124" } | Doing following action in consequence: actuando!
ACTUATORactHumidity_0_5904615 | Receive data: { "value" : "137" } | Doing following action in consequence: actuando!
ACTUATORactHumidity_0_5904615 | Receive data: { "value" : "16" } | Doing following action in consequence: actuando!
ACTUATORactHumidity_0_5904615 | Receive data: { "value" : "26" } | Doing following action in consequence: actuando!
ACTUATORactHumidity_0_5904615 | Receive data: { "value" : "204" } | Doing following action in consequence: actuando!
ACTUATORactHumidity_0_5904615 | Receive data: { "value" : "245" } | Doing following action in consequence: actuando!
ACTUATORactHumidity_0_5904615 | Receive data: { "value" : "136" } | Doing following action in consequence: actuando!
ACTUATORactHumidity_0_5904615 | Receive data: { "value" : "10" } | Doing following action in consequence: actuando!
ACTUATORactHumidity_0_5904615 | Receive data: { "value" : "115" } | Doing following action in consequence: actuando!
ACTUATORactHumidity_0_5904615 | Receive data: { "value" : "58" } | Doing following action in consequence: actuando!
ACTUATORactHumidity_0_5904615 | Receive data: { "value" : "247" } | Doing following action in consequence: actuando!
ACTUATORactHumidity_0_5904615 | Receive data: { "value" : "66" } | Doing following action in consequence: actuando!
ACTUATORactHumidity_0_5904615 | Receive data: { "value" : "104" } | Doing following action in consequence: actuando!
ACTUATORactHumidity_0_5904615 | Receive data: { "value" : "227" } | Doing following action in consequence: actuando!
ACTUATORactHumidity_0_5904615 | Receive data: { "value" : "85" } | Doing following action in consequence: actuando!
ACTUATORactHumidity_0_5904615 | Receive data: { "value" : "20" } | Doing following action in consequence: actuando!
ACTUATORactHumidity_0_5904615 | Receive data: { "value" : "131" } | Doing following action in consequence: actuando!
ACTUATORactHumidity_0_5904615 | Receive data: { "value" : "98" } | Doing following action in consequence: actuando!
ACTUATORactHumidity_0_5904615 | Receive data: { "value" : "26" } | Doing following action in consequence: actuando!
ACTUATORactHumidity_0_5904615 | Receive data: { "value" : "222" } | Doing following action in consequence: actuando!
ACTUATORactHumidity_0_5904615 | Receive data: { "value" : "43" } | Doing following action in consequence: actuando!
ACTUATORactHumidity_0_5904615 | Receive data: { "value" : "64" } | Doing following action in consequence: actuando!
ACTUATORactHumidity_0_5904615 | Receive data: { "value" : "117" } | Doing following action in consequence: actuando!
ACTUATORactHumidity_0_5904615 | Receive data: { "value" : "187" } | Doing following action in consequence: actuando!
ACTUATORactHumidity_0_5904615 | Receive data: { "value" : "1" } | Doing following action in consequence: actuando!
ACTUATORactHumidity_0_5904615 | Receive data: { "value" : "210" } | Doing following action in consequence: actuando!
ACTUATORactHumidity_0_5904615 | Receive data: { "value" : "75" } | Doing following action in consequence: actuando!
ACTUATORactHumidity_0_5904615 | Receive data: { "value" : "113" } | Doing following action in consequence: actuando!
ACTUATORactHumidity_0_5904615 | Receive data: { "value" : "132" } | Doing following action in consequence: actuando!
ACTUATORactHumidity_0_5904615 | Receive data: { "value" : "175" } | Doing following action in consequence: actuando!
