WARNING: An illegal reflective access operation has occurred
WARNING: Illegal reflective access by org.eclipse.paho.client.mqttv3.internal.FileLock (jar:file:/tmp/thorntailorg.eclipse.paho.client.mqttv3-1.2.017669173994399553424.jar!/) to method sun.nio.ch.FileLockImpl.release()
WARNING: Please consider reporting this to the maintainers of org.eclipse.paho.client.mqttv3.internal.FileLock
WARNING: Use --illegal-access=warn to enable warnings of further illegal reflective access operations
WARNING: All illegal access operations will be denied in a future release
PROBLEMs connectting to tcp://mosquitto-humidity0:1884, waiting 3 seconds for the next connection attempt
Connected to tcp://mosquitto-humidity0:1884
Aug 21, 2023 11:49:01 AM jdk.internal.reflect.NativeMethodAccessorImpl invoke0
INFO: THORN99999: Thorntail is Ready
ACTUATORactHumidity_0_7159876 | Receive data: { "value" : "84" } | Doing following action in consequence: actuando!
ACTUATORactHumidity_0_7159876 | Receive data: { "value" : "61" } | Doing following action in consequence: actuando!
ACTUATORactHumidity_0_7159876 | Receive data: { "value" : "60" } | Doing following action in consequence: actuando!
ACTUATORactHumidity_0_7159876 | Receive data: { "value" : "22" } | Doing following action in consequence: actuando!
ACTUATORactHumidity_0_7159876 | Receive data: { "value" : "100" } | Doing following action in consequence: actuando!
ACTUATORactHumidity_0_7159876 | Receive data: { "value" : "16" } | Doing following action in consequence: actuando!
ACTUATORactHumidity_0_7159876 | Receive data: { "value" : "27" } | Doing following action in consequence: actuando!
ACTUATORactHumidity_0_7159876 | Receive data: { "value" : "29" } | Doing following action in consequence: actuando!
ACTUATORactHumidity_0_7159876 | Receive data: { "value" : "44" } | Doing following action in consequence: actuando!
ACTUATORactHumidity_0_7159876 | Receive data: { "value" : "68" } | Doing following action in consequence: actuando!
ACTUATORactHumidity_0_7159876 | Receive data: { "value" : "6" } | Doing following action in consequence: actuando!
ACTUATORactHumidity_0_7159876 | Receive data: { "value" : "81" } | Doing following action in consequence: actuando!
ACTUATORactHumidity_0_7159876 | Receive data: { "value" : "20" } | Doing following action in consequence: actuando!
ACTUATORactHumidity_0_7159876 | Receive data: { "value" : "42" } | Doing following action in consequence: actuando!
ACTUATORactHumidity_0_7159876 | Receive data: { "value" : "94" } | Doing following action in consequence: actuando!
ACTUATORactHumidity_0_7159876 | Receive data: { "value" : "71" } | Doing following action in consequence: actuando!
ACTUATORactHumidity_0_7159876 | Receive data: { "value" : "78" } | Doing following action in consequence: actuando!
ACTUATORactHumidity_0_7159876 | Receive data: { "value" : "99" } | Doing following action in consequence: actuando!
ACTUATORactHumidity_0_7159876 | Receive data: { "value" : "82" } | Doing following action in consequence: actuando!
ACTUATORactHumidity_0_7159876 | Receive data: { "value" : "32" } | Doing following action in consequence: actuando!
ACTUATORactHumidity_0_7159876 | Receive data: { "value" : "39" } | Doing following action in consequence: actuando!
ACTUATORactHumidity_0_7159876 | Receive data: { "value" : "3" } | Doing following action in consequence: actuando!
ACTUATORactHumidity_0_7159876 | Receive data: { "value" : "31" } | Doing following action in consequence: actuando!
ACTUATORactHumidity_0_7159876 | Receive data: { "value" : "64" } | Doing following action in consequence: actuando!
ACTUATORactHumidity_0_7159876 | Receive data: { "value" : "34" } | Doing following action in consequence: actuando!
ACTUATORactHumidity_0_7159876 | Receive data: { "value" : "93" } | Doing following action in consequence: actuando!
ACTUATORactHumidity_0_7159876 | Receive data: { "value" : "1" } | Doing following action in consequence: actuando!
ACTUATORactHumidity_0_7159876 | Receive data: { "value" : "4" } | Doing following action in consequence: actuando!
ACTUATORactHumidity_0_7159876 | Receive data: { "value" : "92" } | Doing following action in consequence: actuando!
ACTUATORactHumidity_0_7159876 | Receive data: { "value" : "53" } | Doing following action in consequence: actuando!
ACTUATORactHumidity_0_7159876 | Receive data: { "value" : "59" } | Doing following action in consequence: actuando!
ACTUATORactHumidity_0_7159876 | Receive data: { "value" : "50" } | Doing following action in consequence: actuando!
ACTUATORactHumidity_0_7159876 | Receive data: { "value" : "84" } | Doing following action in consequence: actuando!
ACTUATORactHumidity_0_7159876 | Receive data: { "value" : "97" } | Doing following action in consequence: actuando!
ACTUATORactHumidity_0_7159876 | Receive data: { "value" : "15" } | Doing following action in consequence: actuando!
ACTUATORactHumidity_0_7159876 | Receive data: { "value" : "26" } | Doing following action in consequence: actuando!
ACTUATORactHumidity_0_7159876 | Receive data: { "value" : "73" } | Doing following action in consequence: actuando!
ACTUATORactHumidity_0_7159876 | Receive data: { "value" : "73" } | Doing following action in consequence: actuando!
ACTUATORactHumidity_0_7159876 | Receive data: { "value" : "78" } | Doing following action in consequence: actuando!
ACTUATORactHumidity_0_7159876 | Receive data: { "value" : "65" } | Doing following action in consequence: actuando!
ACTUATORactHumidity_0_7159876 | Receive data: { "value" : "22" } | Doing following action in consequence: actuando!
ACTUATORactHumidity_0_7159876 | Receive data: Humidity is decreasing, it is below 50%. | Doing following action in consequence: actuando!
ACTUATORactHumidity_0_7159876 | Receive data: { "value" : "26" } | Doing following action in consequence: actuando!
ACTUATORactHumidity_0_7159876 | Receive data: { "value" : "11" } | Doing following action in consequence: actuando!
ACTUATORactHumidity_0_7159876 | Receive data: { "value" : "37" } | Doing following action in consequence: actuando!
ACTUATORactHumidity_0_7159876 | Receive data: { "value" : "55" } | Doing following action in consequence: actuando!
ACTUATORactHumidity_0_7159876 | Receive data: { "value" : "98" } | Doing following action in consequence: actuando!
ACTUATORactHumidity_0_7159876 | Receive data: { "value" : "19" } | Doing following action in consequence: actuando!
ACTUATORactHumidity_0_7159876 | Receive data: Humidity is decreasing, it is below 50%. | Doing following action in consequence: actuando!
ACTUATORactHumidity_0_7159876 | Receive data: { "value" : "91" } | Doing following action in consequence: actuando!
ACTUATORactHumidity_0_7159876 | Receive data: { "value" : "63" } | Doing following action in consequence: actuando!
ACTUATORactHumidity_0_7159876 | Receive data: { "value" : "12" } | Doing following action in consequence: actuando!
ACTUATORactHumidity_0_7159876 | Receive data: { "value" : "93" } | Doing following action in consequence: actuando!
ACTUATORactHumidity_0_7159876 | Receive data: { "value" : "49" } | Doing following action in consequence: actuando!
ACTUATORactHumidity_0_7159876 | Receive data: Humidity is decreasing, it is below 50%. | Doing following action in consequence: actuando!
ACTUATORactHumidity_0_7159876 | Receive data: { "value" : "52" } | Doing following action in consequence: actuando!
ACTUATORactHumidity_0_7159876 | Receive data: { "value" : "2" } | Doing following action in consequence: actuando!
ACTUATORactHumidity_0_7159876 | Receive data: { "value" : "36" } | Doing following action in consequence: actuando!
ACTUATORactHumidity_0_7159876 | Receive data: { "value" : "16" } | Doing following action in consequence: actuando!
ACTUATORactHumidity_0_7159876 | Receive data: { "value" : "6" } | Doing following action in consequence: actuando!
ACTUATORactHumidity_0_7159876 | Receive data: Humidity is decreasing, it is below 50%. | Doing following action in consequence: actuando!
ACTUATORactHumidity_0_7159876 | Receive data: { "value" : "52" } | Doing following action in consequence: actuando!
ACTUATORactHumidity_0_7159876 | Receive data: { "value" : "97" } | Doing following action in consequence: actuando!
ACTUATORactHumidity_0_7159876 | Receive data: { "value" : "32" } | Doing following action in consequence: actuando!
ACTUATORactHumidity_0_7159876 | Receive data: { "value" : "12" } | Doing following action in consequence: actuando!
ACTUATORactHumidity_0_7159876 | Receive data: { "value" : "43" } | Doing following action in consequence: actuando!
ACTUATORactHumidity_0_7159876 | Receive data: { "value" : "5" } | Doing following action in consequence: actuando!
ACTUATORactHumidity_0_7159876 | Receive data: Humidity is decreasing, it is below 50%. | Doing following action in consequence: actuando!
ACTUATORactHumidity_0_7159876 | Receive data: { "value" : "26" } | Doing following action in consequence: actuando!
ACTUATORactHumidity_0_7159876 | Receive data: { "value" : "69" } | Doing following action in consequence: actuando!
ACTUATORactHumidity_0_7159876 | Receive data: { "value" : "84" } | Doing following action in consequence: actuando!
ACTUATORactHumidity_0_7159876 | Receive data: { "value" : "62" } | Doing following action in consequence: actuando!
ACTUATORactHumidity_0_7159876 | Receive data: { "value" : "23" } | Doing following action in consequence: actuando!
ACTUATORactHumidity_0_7159876 | Receive data: { "value" : "88" } | Doing following action in consequence: actuando!
ACTUATORactHumidity_0_7159876 | Receive data: { "value" : "21" } | Doing following action in consequence: actuando!
ACTUATORactHumidity_0_7159876 | Receive data: Humidity is decreasing, it is below 50%. | Doing following action in consequence: actuando!
ACTUATORactHumidity_0_7159876 | Receive data: { "value" : "25" } | Doing following action in consequence: actuando!
ACTUATORactHumidity_0_7159876 | Receive data: { "value" : "18" } | Doing following action in consequence: actuando!
ACTUATORactHumidity_0_7159876 | Receive data: { "value" : "75" } | Doing following action in consequence: actuando!
ACTUATORactHumidity_0_7159876 | Receive data: { "value" : "52" } | Doing following action in consequence: actuando!
ACTUATORactHumidity_0_7159876 | Receive data: { "value" : "93" } | Doing following action in consequence: actuando!
ACTUATORactHumidity_0_7159876 | Receive data: { "value" : "16" } | Doing following action in consequence: actuando!
ACTUATORactHumidity_0_7159876 | Receive data: Humidity is decreasing, it is below 50%. | Doing following action in consequence: actuando!
ACTUATORactHumidity_0_7159876 | Receive data: { "value" : "25" } | Doing following action in consequence: actuando!
ACTUATORactHumidity_0_7159876 | Receive data: { "value" : "74" } | Doing following action in consequence: actuando!
ACTUATORactHumidity_0_7159876 | Receive data: { "value" : "66" } | Doing following action in consequence: actuando!
ACTUATORactHumidity_0_7159876 | Receive data: { "value" : "19" } | Doing following action in consequence: actuando!
ACTUATORactHumidity_0_7159876 | Receive data: { "value" : "72" } | Doing following action in consequence: actuando!
ACTUATORactHumidity_0_7159876 | Receive data: { "value" : "69" } | Doing following action in consequence: actuando!
ACTUATORactHumidity_0_7159876 | Receive data: { "value" : "27" } | Doing following action in consequence: actuando!
ACTUATORactHumidity_0_7159876 | Receive data: Humidity is decreasing, it is below 50%. | Doing following action in consequence: actuando!
ACTUATORactHumidity_0_7159876 | Receive data: { "value" : "71" } | Doing following action in consequence: actuando!
ACTUATORactHumidity_0_7159876 | Receive data: { "value" : "74" } | Doing following action in consequence: actuando!
ACTUATORactHumidity_0_7159876 | Receive data: { "value" : "43" } | Doing following action in consequence: actuando!
ACTUATORactHumidity_0_7159876 | Receive data: { "value" : "62" } | Doing following action in consequence: actuando!
ACTUATORactHumidity_0_7159876 | Receive data: { "value" : "79" } | Doing following action in consequence: actuando!
ACTUATORactHumidity_0_7159876 | Receive data: { "value" : "22" } | Doing following action in consequence: actuando!
ACTUATORactHumidity_0_7159876 | Receive data: Humidity is decreasing, it is below 50%. | Doing following action in consequence: actuando!
ACTUATORactHumidity_0_7159876 | Receive data: { "value" : "36" } | Doing following action in consequence: actuando!
ACTUATORactHumidity_0_7159876 | Receive data: { "value" : "20" } | Doing following action in consequence: actuando!
ACTUATORactHumidity_0_7159876 | Receive data: { "value" : "51" } | Doing following action in consequence: actuando!
ACTUATORactHumidity_0_7159876 | Receive data: { "value" : "59" } | Doing following action in consequence: actuando!
ACTUATORactHumidity_0_7159876 | Receive data: { "value" : "60" } | Doing following action in consequence: actuando!
ACTUATORactHumidity_0_7159876 | Receive data: { "value" : "25" } | Doing following action in consequence: actuando!
ACTUATORactHumidity_0_7159876 | Receive data: Humidity is decreasing, it is below 50%. | Doing following action in consequence: actuando!
ACTUATORactHumidity_0_7159876 | Receive data: { "value" : "79" } | Doing following action in consequence: actuando!
ACTUATORactHumidity_0_7159876 | Receive data: { "value" : "30" } | Doing following action in consequence: actuando!
ACTUATORactHumidity_0_7159876 | Receive data: { "value" : "42" } | Doing following action in consequence: actuando!
ACTUATORactHumidity_0_7159876 | Receive data: { "value" : "80" } | Doing following action in consequence: actuando!
ACTUATORactHumidity_0_7159876 | Receive data: { "value" : "96" } | Doing following action in consequence: actuando!
