WARNING: An illegal reflective access operation has occurred
WARNING: Illegal reflective access by org.eclipse.paho.client.mqttv3.internal.FileLock (jar:file:/tmp/thorntailorg.eclipse.paho.client.mqttv3-1.2.07024249146545058276.jar!/) to method sun.nio.ch.FileLockImpl.release()
WARNING: Please consider reporting this to the maintainers of org.eclipse.paho.client.mqttv3.internal.FileLock
WARNING: Use --illegal-access=warn to enable warnings of further illegal reflective access operations
WARNING: All illegal access operations will be denied in a future release
Connected to tcp://mosquitto-humidity0:1884
FOG Humidity_0 | Received data: { "value" : "55" } |From topic: Humidity
Aug 22, 2023 6:04:23 PM jdk.internal.reflect.NativeMethodAccessorImpl invoke0
INFO: THORN99999: Thorntail is Ready
FOG Humidity_0 | Received data: { "value" : "90" } |From topic: Humidity
FOG Humidity_0 | Received data: { "value" : "29" } |From topic: Humidity
FOG Humidity_0 | Received data: Humidity is decreasing, it is below 50%. |From topic: Humidity
FOG Humidity_0 | Received data: { "value" : "4" } |From topic: Humidity
FOG Humidity_0 | Received data: { "value" : "43" } |From topic: Humidity
FOG Humidity_0 | Received data: { "value" : "51" } |From topic: Humidity
FOG Humidity_0 | Received data: { "value" : "36" } |From topic: Humidity
FOG Humidity_0 | Received data: { "value" : "8" } |From topic: Humidity
FOG Humidity_0 | Received data: Humidity is decreasing, it is below 50%. |From topic: Humidity
FOG Humidity_0 | Received data: { "value" : "29" } |From topic: Humidity
FOG Humidity_0 | Received data: { "value" : "10" } |From topic: Humidity
FOG Humidity_0 | Received data: { "value" : "93" } |From topic: Humidity
FOG Humidity_0 | Received data: { "value" : "100" } |From topic: Humidity
FOG Humidity_0 | Received data: { "value" : "49" } |From topic: Humidity
FOG Humidity_0 | Received data: { "value" : "34" } |From topic: Humidity
FOG Humidity_0 | Received data: Humidity is decreasing, it is below 50%. |From topic: Humidity
FOG Humidity_0 | Received data: { "value" : "85" } |From topic: Humidity
FOG Humidity_0 | Received data: { "value" : "4" } |From topic: Humidity
FOG Humidity_0 | Received data: { "value" : "42" } |From topic: Humidity
FOG Humidity_0 | Received data: { "value" : "39" } |From topic: Humidity
FOG Humidity_0 | Received data: { "value" : "25" } |From topic: Humidity
FOG Humidity_0 | Received data: { "value" : "92" } |From topic: Humidity
FOG Humidity_0 | Received data: { "value" : "32" } |From topic: Humidity
FOG Humidity_0 | Received data: Humidity is decreasing, it is below 50%. |From topic: Humidity
FOG Humidity_0 | Received data: { "value" : "78" } |From topic: Humidity
FOG Humidity_0 | Received data: { "value" : "53" } |From topic: Humidity
FOG Humidity_0 | Received data: { "value" : "0" } |From topic: Humidity
FOG Humidity_0 | Received data: { "value" : "7" } |From topic: Humidity
FOG Humidity_0 | Received data: { "value" : "22" } |From topic: Humidity
FOG Humidity_0 | Received data: Humidity is decreasing, it is below 50%. |From topic: Humidity
FOG Humidity_0 | Received data: { "value" : "56" } |From topic: Humidity
FOG Humidity_0 | Received data: { "value" : "68" } |From topic: Humidity
FOG Humidity_0 | Received data: { "value" : "66" } |From topic: Humidity
FOG Humidity_0 | Received data: { "value" : "19" } |From topic: Humidity
FOG Humidity_0 | Received data: { "value" : "30" } |From topic: Humidity
FOG Humidity_0 | Received data: { "value" : "35" } |From topic: Humidity
FOG Humidity_0 | Received data: Humidity is decreasing, it is below 50%. |From topic: Humidity
FOG Humidity_0 | Received data: { "value" : "18" } |From topic: Humidity
FOG Humidity_0 | Received data: { "value" : "42" } |From topic: Humidity
FOG Humidity_0 | Received data: { "value" : "50" } |From topic: Humidity
FOG Humidity_0 | Received data: { "value" : "97" } |From topic: Humidity
FOG Humidity_0 | Received data: { "value" : "80" } |From topic: Humidity
FOG Humidity_0 | Received data: { "value" : "60" } |From topic: Humidity
FOG Humidity_0 | Received data: { "value" : "67" } |From topic: Humidity
FOG Humidity_0 | Received data: { "value" : "0" } |From topic: Humidity
FOG Humidity_0 | Received data: Humidity is decreasing, it is below 50%. |From topic: Humidity
FOG Humidity_0 | Received data: { "value" : "72" } |From topic: Humidity
FOG Humidity_0 | Received data: { "value" : "75" } |From topic: Humidity
