WARNING: An illegal reflective access operation has occurred
WARNING: Illegal reflective access by org.eclipse.paho.client.mqttv3.internal.FileLock (jar:file:/tmp/thorntailorg.eclipse.paho.client.mqttv3-1.2.010230541483176967986.jar!/) to method sun.nio.ch.FileLockImpl.release()
WARNING: Please consider reporting this to the maintainers of org.eclipse.paho.client.mqttv3.internal.FileLock
WARNING: Use --illegal-access=warn to enable warnings of further illegal reflective access operations
WARNING: All illegal access operations will be denied in a future release
Connected to tcp://mosquitto-humidity0:1884
DEVICE sensHumidity_0_8704263 | Publishing data = { "value" : "111" } | To topic Humidity
DEVICE sensHumidity_0_8704263 | Publishing data = { "value" : "87" } | To topic Humidity
DEVICE sensHumidity_0_8704263 | Publishing data = { "value" : "37" } | To topic Humidity
DEVICE sensHumidity_0_8704263 | Publishing data = { "value" : "232" } | To topic Humidity
DEVICE sensHumidity_0_8704263 | Publishing data = { "value" : "228" } | To topic Humidity
DEVICE sensHumidity_0_8704263 | Publishing data = { "value" : "233" } | To topic Humidity
DEVICE sensHumidity_0_8704263 | Publishing data = { "value" : "45" } | To topic Humidity
DEVICE sensHumidity_0_8704263 | Publishing data = { "value" : "218" } | To topic Humidity
DEVICE sensHumidity_0_8704263 | Publishing data = { "value" : "178" } | To topic Humidity
DEVICE sensHumidity_0_8704263 | Publishing data = { "value" : "228" } | To topic Humidity
DEVICE sensHumidity_0_8704263 | Publishing data = { "value" : "89" } | To topic Humidity
DEVICE sensHumidity_0_8704263 | Publishing data = { "value" : "171" } | To topic Humidity
DEVICE sensHumidity_0_8704263 | Publishing data = { "value" : "87" } | To topic Humidity
DEVICE sensHumidity_0_8704263 | Publishing data = { "value" : "164" } | To topic Humidity
DEVICE sensHumidity_0_8704263 | Publishing data = { "value" : "113" } | To topic Humidity
DEVICE sensHumidity_0_8704263 | Publishing data = { "value" : "23" } | To topic Humidity
DEVICE sensHumidity_0_8704263 | Publishing data = { "value" : "98" } | To topic Humidity
DEVICE sensHumidity_0_8704263 | Publishing data = { "value" : "58" } | To topic Humidity
DEVICE sensHumidity_0_8704263 | Publishing data = { "value" : "134" } | To topic Humidity
DEVICE sensHumidity_0_8704263 | Publishing data = { "value" : "42" } | To topic Humidity
DEVICE sensHumidity_0_8704263 | Publishing data = { "value" : "120" } | To topic Humidity
DEVICE sensHumidity_0_8704263 | Publishing data = { "value" : "198" } | To topic Humidity
DEVICE sensHumidity_0_8704263 | Publishing data = { "value" : "181" } | To topic Humidity
DEVICE sensHumidity_0_8704263 | Publishing data = { "value" : "55" } | To topic Humidity
DEVICE sensHumidity_0_8704263 | Publishing data = { "value" : "203" } | To topic Humidity
DEVICE sensHumidity_0_8704263 | Publishing data = { "value" : "48" } | To topic Humidity
DEVICE sensHumidity_0_8704263 | Publishing data = { "value" : "104" } | To topic Humidity
DEVICE sensHumidity_0_8704263 | Publishing data = { "value" : "137" } | To topic Humidity
DEVICE sensHumidity_0_8704263 | Publishing data = { "value" : "225" } | To topic Humidity
DEVICE sensHumidity_0_8704263 | Publishing data = { "value" : "234" } | To topic Humidity
DEVICE sensHumidity_0_8704263 | Publishing data = { "value" : "222" } | To topic Humidity
DEVICE sensHumidity_0_8704263 | Publishing data = { "value" : "82" } | To topic Humidity
DEVICE sensHumidity_0_8704263 | Publishing data = { "value" : "76" } | To topic Humidity
DEVICE sensHumidity_0_8704263 | Publishing data = { "value" : "39" } | To topic Humidity
DEVICE sensHumidity_0_8704263 | Publishing data = { "value" : "80" } | To topic Humidity
DEVICE sensHumidity_0_8704263 | Publishing data = { "value" : "45" } | To topic Humidity
DEVICE sensHumidity_0_8704263 | Publishing data = { "value" : "90" } | To topic Humidity
DEVICE sensHumidity_0_8704263 | Publishing data = { "value" : "20" } | To topic Humidity
DEVICE sensHumidity_0_8704263 | Publishing data = { "value" : "73" } | To topic Humidity
DEVICE sensHumidity_0_8704263 | Publishing data = { "value" : "150" } | To topic Humidity
DEVICE sensHumidity_0_8704263 | Publishing data = { "value" : "72" } | To topic Humidity
