WARNING: An illegal reflective access operation has occurred
WARNING: Illegal reflective access by org.eclipse.paho.client.mqttv3.internal.FileLock (jar:file:/tmp/thorntailorg.eclipse.paho.client.mqttv3-1.2.016698594223208011979.jar!/) to method sun.nio.ch.FileLockImpl.release()
WARNING: Please consider reporting this to the maintainers of org.eclipse.paho.client.mqttv3.internal.FileLock
WARNING: Use --illegal-access=warn to enable warnings of further illegal reflective access operations
WARNING: All illegal access operations will be denied in a future release
Connected to tcp://mosquitto-humidity0:1884
DEVICE sensHumidity_0_8319120 | Publishing data = { "value" : "35" } | To topic Humidity
DEVICE sensHumidity_0_8319120 | Publishing data = { "value" : "15" } | To topic Humidity
DEVICE sensHumidity_0_8319120 | Publishing data = { "value" : "90" } | To topic Humidity
DEVICE sensHumidity_0_8319120 | Publishing data = { "value" : "43" } | To topic Humidity
DEVICE sensHumidity_0_8319120 | Publishing data = { "value" : "90" } | To topic Humidity
DEVICE sensHumidity_0_8319120 | Publishing data = { "value" : "0" } | To topic Humidity
DEVICE sensHumidity_0_8319120 | Publishing data = { "value" : "9" } | To topic Humidity
DEVICE sensHumidity_0_8319120 | Publishing data = { "value" : "60" } | To topic Humidity
DEVICE sensHumidity_0_8319120 | Publishing data = { "value" : "48" } | To topic Humidity
DEVICE sensHumidity_0_8319120 | Publishing data = { "value" : "22" } | To topic Humidity
DEVICE sensHumidity_0_8319120 | Publishing data = { "value" : "5" } | To topic Humidity
DEVICE sensHumidity_0_8319120 | Publishing data = { "value" : "4" } | To topic Humidity
DEVICE sensHumidity_0_8319120 | Publishing data = { "value" : "14" } | To topic Humidity
DEVICE sensHumidity_0_8319120 | Publishing data = { "value" : "17" } | To topic Humidity
DEVICE sensHumidity_0_8319120 | Publishing data = { "value" : "22" } | To topic Humidity
DEVICE sensHumidity_0_8319120 | Publishing data = { "value" : "56" } | To topic Humidity
DEVICE sensHumidity_0_8319120 | Publishing data = { "value" : "32" } | To topic Humidity
DEVICE sensHumidity_0_8319120 | Publishing data = { "value" : "19" } | To topic Humidity
DEVICE sensHumidity_0_8319120 | Publishing data = { "value" : "82" } | To topic Humidity
DEVICE sensHumidity_0_8319120 | Publishing data = { "value" : "50" } | To topic Humidity
DEVICE sensHumidity_0_8319120 | Publishing data = { "value" : "96" } | To topic Humidity
DEVICE sensHumidity_0_8319120 | Publishing data = { "value" : "56" } | To topic Humidity
DEVICE sensHumidity_0_8319120 | Publishing data = { "value" : "22" } | To topic Humidity
DEVICE sensHumidity_0_8319120 | Publishing data = { "value" : "89" } | To topic Humidity
DEVICE sensHumidity_0_8319120 | Publishing data = { "value" : "4" } | To topic Humidity
DEVICE sensHumidity_0_8319120 | Publishing data = { "value" : "45" } | To topic Humidity
DEVICE sensHumidity_0_8319120 | Publishing data = { "value" : "32" } | To topic Humidity
DEVICE sensHumidity_0_8319120 | Publishing data = { "value" : "86" } | To topic Humidity
DEVICE sensHumidity_0_8319120 | Publishing data = { "value" : "61" } | To topic Humidity
DEVICE sensHumidity_0_8319120 | Publishing data = { "value" : "2" } | To topic Humidity
DEVICE sensHumidity_0_8319120 | Publishing data = { "value" : "87" } | To topic Humidity
DEVICE sensHumidity_0_8319120 | Publishing data = { "value" : "22" } | To topic Humidity
DEVICE sensHumidity_0_8319120 | Publishing data = { "value" : "41" } | To topic Humidity
DEVICE sensHumidity_0_8319120 | Publishing data = { "value" : "17" } | To topic Humidity
DEVICE sensHumidity_0_8319120 | Publishing data = { "value" : "96" } | To topic Humidity
DEVICE sensHumidity_0_8319120 | Publishing data = { "value" : "29" } | To topic Humidity
DEVICE sensHumidity_0_8319120 | Publishing data = { "value" : "81" } | To topic Humidity
DEVICE sensHumidity_0_8319120 | Publishing data = { "value" : "55" } | To topic Humidity
DEVICE sensHumidity_0_8319120 | Publishing data = { "value" : "49" } | To topic Humidity
DEVICE sensHumidity_0_8319120 | Publishing data = { "value" : "73" } | To topic Humidity
DEVICE sensHumidity_0_8319120 | Publishing data = { "value" : "14" } | To topic Humidity
DEVICE sensHumidity_0_8319120 | Publishing data = { "value" : "38" } | To topic Humidity
DEVICE sensHumidity_0_8319120 | Publishing data = { "value" : "29" } | To topic Humidity
DEVICE sensHumidity_0_8319120 | Publishing data = { "value" : "35" } | To topic Humidity
DEVICE sensHumidity_0_8319120 | Publishing data = { "value" : "75" } | To topic Humidity
DEVICE sensHumidity_0_8319120 | Publishing data = { "value" : "89" } | To topic Humidity
DEVICE sensHumidity_0_8319120 | Publishing data = { "value" : "78" } | To topic Humidity
DEVICE sensHumidity_0_8319120 | Publishing data = { "value" : "2" } | To topic Humidity
DEVICE sensHumidity_0_8319120 | Publishing data = { "value" : "26" } | To topic Humidity
DEVICE sensHumidity_0_8319120 | Publishing data = { "value" : "27" } | To topic Humidity
DEVICE sensHumidity_0_8319120 | Publishing data = { "value" : "38" } | To topic Humidity
DEVICE sensHumidity_0_8319120 | Publishing data = { "value" : "84" } | To topic Humidity
DEVICE sensHumidity_0_8319120 | Publishing data = { "value" : "11" } | To topic Humidity
DEVICE sensHumidity_0_8319120 | Publishing data = { "value" : "22" } | To topic Humidity
DEVICE sensHumidity_0_8319120 | Publishing data = { "value" : "78" } | To topic Humidity
DEVICE sensHumidity_0_8319120 | Publishing data = { "value" : "43" } | To topic Humidity
DEVICE sensHumidity_0_8319120 | Publishing data = { "value" : "53" } | To topic Humidity
DEVICE sensHumidity_0_8319120 | Publishing data = { "value" : "0" } | To topic Humidity
DEVICE sensHumidity_0_8319120 | Publishing data = { "value" : "96" } | To topic Humidity
DEVICE sensHumidity_0_8319120 | Publishing data = { "value" : "1" } | To topic Humidity
DEVICE sensHumidity_0_8319120 | Publishing data = { "value" : "43" } | To topic Humidity
DEVICE sensHumidity_0_8319120 | Publishing data = { "value" : "63" } | To topic Humidity
DEVICE sensHumidity_0_8319120 | Publishing data = { "value" : "9" } | To topic Humidity
DEVICE sensHumidity_0_8319120 | Publishing data = { "value" : "45" } | To topic Humidity
DEVICE sensHumidity_0_8319120 | Publishing data = { "value" : "33" } | To topic Humidity
DEVICE sensHumidity_0_8319120 | Publishing data = { "value" : "93" } | To topic Humidity
DEVICE sensHumidity_0_8319120 | Publishing data = { "value" : "27" } | To topic Humidity
DEVICE sensHumidity_0_8319120 | Publishing data = { "value" : "26" } | To topic Humidity
DEVICE sensHumidity_0_8319120 | Publishing data = { "value" : "20" } | To topic Humidity
DEVICE sensHumidity_0_8319120 | Publishing data = { "value" : "46" } | To topic Humidity
DEVICE sensHumidity_0_8319120 | Publishing data = { "value" : "43" } | To topic Humidity
DEVICE sensHumidity_0_8319120 | Publishing data = { "value" : "10" } | To topic Humidity
DEVICE sensHumidity_0_8319120 | Publishing data = { "value" : "25" } | To topic Humidity
DEVICE sensHumidity_0_8319120 | Publishing data = { "value" : "71" } | To topic Humidity
DEVICE sensHumidity_0_8319120 | Publishing data = { "value" : "81" } | To topic Humidity
DEVICE sensHumidity_0_8319120 | Publishing data = { "value" : "40" } | To topic Humidity
DEVICE sensHumidity_0_8319120 | Publishing data = { "value" : "45" } | To topic Humidity
DEVICE sensHumidity_0_8319120 | Publishing data = { "value" : "21" } | To topic Humidity
DEVICE sensHumidity_0_8319120 | Publishing data = { "value" : "74" } | To topic Humidity
DEVICE sensHumidity_0_8319120 | Publishing data = { "value" : "40" } | To topic Humidity
DEVICE sensHumidity_0_8319120 | Publishing data = { "value" : "12" } | To topic Humidity
DEVICE sensHumidity_0_8319120 | Publishing data = { "value" : "5" } | To topic Humidity
DEVICE sensHumidity_0_8319120 | Publishing data = { "value" : "42" } | To topic Humidity
DEVICE sensHumidity_0_8319120 | Publishing data = { "value" : "55" } | To topic Humidity
DEVICE sensHumidity_0_8319120 | Publishing data = { "value" : "12" } | To topic Humidity
DEVICE sensHumidity_0_8319120 | Publishing data = { "value" : "94" } | To topic Humidity
DEVICE sensHumidity_0_8319120 | Publishing data = { "value" : "94" } | To topic Humidity
DEVICE sensHumidity_0_8319120 | Publishing data = { "value" : "50" } | To topic Humidity
DEVICE sensHumidity_0_8319120 | Publishing data = { "value" : "58" } | To topic Humidity
DEVICE sensHumidity_0_8319120 | Publishing data = { "value" : "3" } | To topic Humidity
DEVICE sensHumidity_0_8319120 | Publishing data = { "value" : "41" } | To topic Humidity
DEVICE sensHumidity_0_8319120 | Publishing data = { "value" : "40" } | To topic Humidity
DEVICE sensHumidity_0_8319120 | Publishing data = { "value" : "79" } | To topic Humidity
DEVICE sensHumidity_0_8319120 | Publishing data = { "value" : "91" } | To topic Humidity
DEVICE sensHumidity_0_8319120 | Publishing data = { "value" : "56" } | To topic Humidity
DEVICE sensHumidity_0_8319120 | Publishing data = { "value" : "35" } | To topic Humidity
DEVICE sensHumidity_0_8319120 | Publishing data = { "value" : "90" } | To topic Humidity
DEVICE sensHumidity_0_8319120 | Publishing data = { "value" : "58" } | To topic Humidity
DEVICE sensHumidity_0_8319120 | Publishing data = { "value" : "25" } | To topic Humidity
DEVICE sensHumidity_0_8319120 | Publishing data = { "value" : "74" } | To topic Humidity
Aug 21, 2023 10:39:23 AM jdk.internal.reflect.NativeMethodAccessorImpl invoke0
INFO: THORN99999: Thorntail is Ready
