WARNING: An illegal reflective access operation has occurred
WARNING: Illegal reflective access by org.eclipse.paho.client.mqttv3.internal.FileLock (jar:file:/tmp/thorntailorg.eclipse.paho.client.mqttv3-1.2.012658012335225127294.jar!/) to method sun.nio.ch.FileLockImpl.release()
WARNING: Please consider reporting this to the maintainers of org.eclipse.paho.client.mqttv3.internal.FileLock
WARNING: Use --illegal-access=warn to enable warnings of further illegal reflective access operations
WARNING: All illegal access operations will be denied in a future release
Connected to tcp://mosquitto-waterlevel2:1886
DEVICE sensWaterLevel_2_3539365 | Publishing data = { "value" : "46" } | To topic WaterLevel
DEVICE sensWaterLevel_2_3539365 | Publishing data = { "value" : "23" } | To topic WaterLevel
DEVICE sensWaterLevel_2_3539365 | Publishing data = { "value" : "110" } | To topic WaterLevel
DEVICE sensWaterLevel_2_3539365 | Publishing data = { "value" : "161" } | To topic WaterLevel
DEVICE sensWaterLevel_2_3539365 | Publishing data = { "value" : "429" } | To topic WaterLevel
DEVICE sensWaterLevel_2_3539365 | Publishing data = { "value" : "421" } | To topic WaterLevel
DEVICE sensWaterLevel_2_3539365 | Publishing data = { "value" : "71" } | To topic WaterLevel
DEVICE sensWaterLevel_2_3539365 | Publishing data = { "value" : "206" } | To topic WaterLevel
DEVICE sensWaterLevel_2_3539365 | Publishing data = { "value" : "271" } | To topic WaterLevel
DEVICE sensWaterLevel_2_3539365 | Publishing data = { "value" : "31" } | To topic WaterLevel
DEVICE sensWaterLevel_2_3539365 | Publishing data = { "value" : "225" } | To topic WaterLevel
DEVICE sensWaterLevel_2_3539365 | Publishing data = { "value" : "326" } | To topic WaterLevel
DEVICE sensWaterLevel_2_3539365 | Publishing data = { "value" : "482" } | To topic WaterLevel
DEVICE sensWaterLevel_2_3539365 | Publishing data = { "value" : "174" } | To topic WaterLevel
DEVICE sensWaterLevel_2_3539365 | Publishing data = { "value" : "138" } | To topic WaterLevel
DEVICE sensWaterLevel_2_3539365 | Publishing data = { "value" : "281" } | To topic WaterLevel
DEVICE sensWaterLevel_2_3539365 | Publishing data = { "value" : "450" } | To topic WaterLevel
DEVICE sensWaterLevel_2_3539365 | Publishing data = { "value" : "99" } | To topic WaterLevel
DEVICE sensWaterLevel_2_3539365 | Publishing data = { "value" : "402" } | To topic WaterLevel
DEVICE sensWaterLevel_2_3539365 | Publishing data = { "value" : "449" } | To topic WaterLevel
DEVICE sensWaterLevel_2_3539365 | Publishing data = { "value" : "31" } | To topic WaterLevel
DEVICE sensWaterLevel_2_3539365 | Publishing data = { "value" : "87" } | To topic WaterLevel
DEVICE sensWaterLevel_2_3539365 | Publishing data = { "value" : "109" } | To topic WaterLevel
DEVICE sensWaterLevel_2_3539365 | Publishing data = { "value" : "416" } | To topic WaterLevel
DEVICE sensWaterLevel_2_3539365 | Publishing data = { "value" : "118" } | To topic WaterLevel
DEVICE sensWaterLevel_2_3539365 | Publishing data = { "value" : "309" } | To topic WaterLevel
DEVICE sensWaterLevel_2_3539365 | Publishing data = { "value" : "242" } | To topic WaterLevel
DEVICE sensWaterLevel_2_3539365 | Publishing data = { "value" : "302" } | To topic WaterLevel
DEVICE sensWaterLevel_2_3539365 | Publishing data = { "value" : "288" } | To topic WaterLevel
DEVICE sensWaterLevel_2_3539365 | Publishing data = { "value" : "80" } | To topic WaterLevel
DEVICE sensWaterLevel_2_3539365 | Publishing data = { "value" : "469" } | To topic WaterLevel
DEVICE sensWaterLevel_2_3539365 | Publishing data = { "value" : "117" } | To topic WaterLevel
DEVICE sensWaterLevel_2_3539365 | Publishing data = { "value" : "174" } | To topic WaterLevel
DEVICE sensWaterLevel_2_3539365 | Publishing data = { "value" : "173" } | To topic WaterLevel
DEVICE sensWaterLevel_2_3539365 | Publishing data = { "value" : "437" } | To topic WaterLevel
DEVICE sensWaterLevel_2_3539365 | Publishing data = { "value" : "26" } | To topic WaterLevel
DEVICE sensWaterLevel_2_3539365 | Publishing data = { "value" : "16" } | To topic WaterLevel
DEVICE sensWaterLevel_2_3539365 | Publishing data = { "value" : "222" } | To topic WaterLevel
DEVICE sensWaterLevel_2_3539365 | Publishing data = { "value" : "428" } | To topic WaterLevel
DEVICE sensWaterLevel_2_3539365 | Publishing data = { "value" : "0" } | To topic WaterLevel
DEVICE sensWaterLevel_2_3539365 | Publishing data = { "value" : "217" } | To topic WaterLevel
DEVICE sensWaterLevel_2_3539365 | Publishing data = { "value" : "331" } | To topic WaterLevel
DEVICE sensWaterLevel_2_3539365 | Publishing data = { "value" : "271" } | To topic WaterLevel
DEVICE sensWaterLevel_2_3539365 | Publishing data = { "value" : "191" } | To topic WaterLevel
DEVICE sensWaterLevel_2_3539365 | Publishing data = { "value" : "284" } | To topic WaterLevel
DEVICE sensWaterLevel_2_3539365 | Publishing data = { "value" : "440" } | To topic WaterLevel
DEVICE sensWaterLevel_2_3539365 | Publishing data = { "value" : "27" } | To topic WaterLevel
DEVICE sensWaterLevel_2_3539365 | Publishing data = { "value" : "260" } | To topic WaterLevel
DEVICE sensWaterLevel_2_3539365 | Publishing data = { "value" : "375" } | To topic WaterLevel
DEVICE sensWaterLevel_2_3539365 | Publishing data = { "value" : "7" } | To topic WaterLevel
DEVICE sensWaterLevel_2_3539365 | Publishing data = { "value" : "113" } | To topic WaterLevel
DEVICE sensWaterLevel_2_3539365 | Publishing data = { "value" : "480" } | To topic WaterLevel
DEVICE sensWaterLevel_2_3539365 | Publishing data = { "value" : "1" } | To topic WaterLevel
DEVICE sensWaterLevel_2_3539365 | Publishing data = { "value" : "101" } | To topic WaterLevel
DEVICE sensWaterLevel_2_3539365 | Publishing data = { "value" : "202" } | To topic WaterLevel
DEVICE sensWaterLevel_2_3539365 | Publishing data = { "value" : "334" } | To topic WaterLevel
DEVICE sensWaterLevel_2_3539365 | Publishing data = { "value" : "438" } | To topic WaterLevel
DEVICE sensWaterLevel_2_3539365 | Publishing data = { "value" : "204" } | To topic WaterLevel
DEVICE sensWaterLevel_2_3539365 | Publishing data = { "value" : "244" } | To topic WaterLevel
DEVICE sensWaterLevel_2_3539365 | Publishing data = { "value" : "363" } | To topic WaterLevel
DEVICE sensWaterLevel_2_3539365 | Publishing data = { "value" : "406" } | To topic WaterLevel
DEVICE sensWaterLevel_2_3539365 | Publishing data = { "value" : "471" } | To topic WaterLevel
DEVICE sensWaterLevel_2_3539365 | Publishing data = { "value" : "312" } | To topic WaterLevel
DEVICE sensWaterLevel_2_3539365 | Publishing data = { "value" : "412" } | To topic WaterLevel
DEVICE sensWaterLevel_2_3539365 | Publishing data = { "value" : "466" } | To topic WaterLevel
DEVICE sensWaterLevel_2_3539365 | Publishing data = { "value" : "420" } | To topic WaterLevel
DEVICE sensWaterLevel_2_3539365 | Publishing data = { "value" : "157" } | To topic WaterLevel
DEVICE sensWaterLevel_2_3539365 | Publishing data = { "value" : "415" } | To topic WaterLevel
DEVICE sensWaterLevel_2_3539365 | Publishing data = { "value" : "149" } | To topic WaterLevel
DEVICE sensWaterLevel_2_3539365 | Publishing data = { "value" : "93" } | To topic WaterLevel
DEVICE sensWaterLevel_2_3539365 | Publishing data = { "value" : "74" } | To topic WaterLevel
DEVICE sensWaterLevel_2_3539365 | Publishing data = { "value" : "137" } | To topic WaterLevel
DEVICE sensWaterLevel_2_3539365 | Publishing data = { "value" : "420" } | To topic WaterLevel
DEVICE sensWaterLevel_2_3539365 | Publishing data = { "value" : "153" } | To topic WaterLevel
DEVICE sensWaterLevel_2_3539365 | Publishing data = { "value" : "388" } | To topic WaterLevel
DEVICE sensWaterLevel_2_3539365 | Publishing data = { "value" : "52" } | To topic WaterLevel
DEVICE sensWaterLevel_2_3539365 | Publishing data = { "value" : "275" } | To topic WaterLevel
DEVICE sensWaterLevel_2_3539365 | Publishing data = { "value" : "336" } | To topic WaterLevel
DEVICE sensWaterLevel_2_3539365 | Publishing data = { "value" : "155" } | To topic WaterLevel
DEVICE sensWaterLevel_2_3539365 | Publishing data = { "value" : "299" } | To topic WaterLevel
DEVICE sensWaterLevel_2_3539365 | Publishing data = { "value" : "372" } | To topic WaterLevel
DEVICE sensWaterLevel_2_3539365 | Publishing data = { "value" : "101" } | To topic WaterLevel
DEVICE sensWaterLevel_2_3539365 | Publishing data = { "value" : "90" } | To topic WaterLevel
DEVICE sensWaterLevel_2_3539365 | Publishing data = { "value" : "462" } | To topic WaterLevel
DEVICE sensWaterLevel_2_3539365 | Publishing data = { "value" : "409" } | To topic WaterLevel
DEVICE sensWaterLevel_2_3539365 | Publishing data = { "value" : "445" } | To topic WaterLevel
DEVICE sensWaterLevel_2_3539365 | Publishing data = { "value" : "224" } | To topic WaterLevel
DEVICE sensWaterLevel_2_3539365 | Publishing data = { "value" : "384" } | To topic WaterLevel
DEVICE sensWaterLevel_2_3539365 | Publishing data = { "value" : "418" } | To topic WaterLevel
DEVICE sensWaterLevel_2_3539365 | Publishing data = { "value" : "109" } | To topic WaterLevel
DEVICE sensWaterLevel_2_3539365 | Publishing data = { "value" : "221" } | To topic WaterLevel
DEVICE sensWaterLevel_2_3539365 | Publishing data = { "value" : "16" } | To topic WaterLevel
DEVICE sensWaterLevel_2_3539365 | Publishing data = { "value" : "362" } | To topic WaterLevel
DEVICE sensWaterLevel_2_3539365 | Publishing data = { "value" : "461" } | To topic WaterLevel
DEVICE sensWaterLevel_2_3539365 | Publishing data = { "value" : "265" } | To topic WaterLevel
DEVICE sensWaterLevel_2_3539365 | Publishing data = { "value" : "190" } | To topic WaterLevel
DEVICE sensWaterLevel_2_3539365 | Publishing data = { "value" : "452" } | To topic WaterLevel
DEVICE sensWaterLevel_2_3539365 | Publishing data = { "value" : "448" } | To topic WaterLevel
DEVICE sensWaterLevel_2_3539365 | Publishing data = { "value" : "475" } | To topic WaterLevel
DEVICE sensWaterLevel_2_3539365 | Publishing data = { "value" : "6" } | To topic WaterLevel
Aug 21, 2023 11:51:15 AM jdk.internal.reflect.NativeMethodAccessorImpl invoke0
INFO: THORN99999: Thorntail is Ready
