WARNING: An illegal reflective access operation has occurred
WARNING: Illegal reflective access by org.eclipse.paho.client.mqttv3.internal.FileLock (jar:file:/tmp/thorntailorg.eclipse.paho.client.mqttv3-1.2.0975787960863145325.jar!/) to method sun.nio.ch.FileLockImpl.release()
WARNING: Please consider reporting this to the maintainers of org.eclipse.paho.client.mqttv3.internal.FileLock
WARNING: Use --illegal-access=warn to enable warnings of further illegal reflective access operations
WARNING: All illegal access operations will be denied in a future release
Connected to tcp://mosquitto-waterlevel2:1886
DEVICE sensWaterLevel_2_8762941 | Publishing data = { "value" : "360" } | To topic WaterLevel
DEVICE sensWaterLevel_2_8762941 | Publishing data = { "value" : "1" } | To topic WaterLevel
DEVICE sensWaterLevel_2_8762941 | Publishing data = { "value" : "185" } | To topic WaterLevel
DEVICE sensWaterLevel_2_8762941 | Publishing data = { "value" : "367" } | To topic WaterLevel
DEVICE sensWaterLevel_2_8762941 | Publishing data = { "value" : "485" } | To topic WaterLevel
DEVICE sensWaterLevel_2_8762941 | Publishing data = { "value" : "74" } | To topic WaterLevel
DEVICE sensWaterLevel_2_8762941 | Publishing data = { "value" : "74" } | To topic WaterLevel
DEVICE sensWaterLevel_2_8762941 | Publishing data = { "value" : "3" } | To topic WaterLevel
DEVICE sensWaterLevel_2_8762941 | Publishing data = { "value" : "392" } | To topic WaterLevel
DEVICE sensWaterLevel_2_8762941 | Publishing data = { "value" : "111" } | To topic WaterLevel
DEVICE sensWaterLevel_2_8762941 | Publishing data = { "value" : "401" } | To topic WaterLevel
DEVICE sensWaterLevel_2_8762941 | Publishing data = { "value" : "350" } | To topic WaterLevel
DEVICE sensWaterLevel_2_8762941 | Publishing data = { "value" : "337" } | To topic WaterLevel
DEVICE sensWaterLevel_2_8762941 | Publishing data = { "value" : "494" } | To topic WaterLevel
DEVICE sensWaterLevel_2_8762941 | Publishing data = { "value" : "338" } | To topic WaterLevel
DEVICE sensWaterLevel_2_8762941 | Publishing data = { "value" : "163" } | To topic WaterLevel
DEVICE sensWaterLevel_2_8762941 | Publishing data = { "value" : "443" } | To topic WaterLevel
DEVICE sensWaterLevel_2_8762941 | Publishing data = { "value" : "167" } | To topic WaterLevel
DEVICE sensWaterLevel_2_8762941 | Publishing data = { "value" : "317" } | To topic WaterLevel
DEVICE sensWaterLevel_2_8762941 | Publishing data = { "value" : "465" } | To topic WaterLevel
DEVICE sensWaterLevel_2_8762941 | Publishing data = { "value" : "132" } | To topic WaterLevel
DEVICE sensWaterLevel_2_8762941 | Publishing data = { "value" : "119" } | To topic WaterLevel
DEVICE sensWaterLevel_2_8762941 | Publishing data = { "value" : "216" } | To topic WaterLevel
DEVICE sensWaterLevel_2_8762941 | Publishing data = { "value" : "9" } | To topic WaterLevel
DEVICE sensWaterLevel_2_8762941 | Publishing data = { "value" : "454" } | To topic WaterLevel
DEVICE sensWaterLevel_2_8762941 | Publishing data = { "value" : "92" } | To topic WaterLevel
DEVICE sensWaterLevel_2_8762941 | Publishing data = { "value" : "48" } | To topic WaterLevel
DEVICE sensWaterLevel_2_8762941 | Publishing data = { "value" : "311" } | To topic WaterLevel
DEVICE sensWaterLevel_2_8762941 | Publishing data = { "value" : "222" } | To topic WaterLevel
DEVICE sensWaterLevel_2_8762941 | Publishing data = { "value" : "442" } | To topic WaterLevel
DEVICE sensWaterLevel_2_8762941 | Publishing data = { "value" : "422" } | To topic WaterLevel
DEVICE sensWaterLevel_2_8762941 | Publishing data = { "value" : "246" } | To topic WaterLevel
DEVICE sensWaterLevel_2_8762941 | Publishing data = { "value" : "387" } | To topic WaterLevel
DEVICE sensWaterLevel_2_8762941 | Publishing data = { "value" : "56" } | To topic WaterLevel
DEVICE sensWaterLevel_2_8762941 | Publishing data = { "value" : "135" } | To topic WaterLevel
DEVICE sensWaterLevel_2_8762941 | Publishing data = { "value" : "319" } | To topic WaterLevel
DEVICE sensWaterLevel_2_8762941 | Publishing data = { "value" : "245" } | To topic WaterLevel
DEVICE sensWaterLevel_2_8762941 | Publishing data = { "value" : "108" } | To topic WaterLevel
DEVICE sensWaterLevel_2_8762941 | Publishing data = { "value" : "9" } | To topic WaterLevel
DEVICE sensWaterLevel_2_8762941 | Publishing data = { "value" : "112" } | To topic WaterLevel
DEVICE sensWaterLevel_2_8762941 | Publishing data = { "value" : "224" } | To topic WaterLevel
DEVICE sensWaterLevel_2_8762941 | Publishing data = { "value" : "225" } | To topic WaterLevel
DEVICE sensWaterLevel_2_8762941 | Publishing data = { "value" : "17" } | To topic WaterLevel
DEVICE sensWaterLevel_2_8762941 | Publishing data = { "value" : "150" } | To topic WaterLevel
DEVICE sensWaterLevel_2_8762941 | Publishing data = { "value" : "125" } | To topic WaterLevel
DEVICE sensWaterLevel_2_8762941 | Publishing data = { "value" : "117" } | To topic WaterLevel
DEVICE sensWaterLevel_2_8762941 | Publishing data = { "value" : "126" } | To topic WaterLevel
DEVICE sensWaterLevel_2_8762941 | Publishing data = { "value" : "167" } | To topic WaterLevel
DEVICE sensWaterLevel_2_8762941 | Publishing data = { "value" : "434" } | To topic WaterLevel
DEVICE sensWaterLevel_2_8762941 | Publishing data = { "value" : "367" } | To topic WaterLevel
DEVICE sensWaterLevel_2_8762941 | Publishing data = { "value" : "157" } | To topic WaterLevel
DEVICE sensWaterLevel_2_8762941 | Publishing data = { "value" : "378" } | To topic WaterLevel
DEVICE sensWaterLevel_2_8762941 | Publishing data = { "value" : "50" } | To topic WaterLevel
DEVICE sensWaterLevel_2_8762941 | Publishing data = { "value" : "229" } | To topic WaterLevel
DEVICE sensWaterLevel_2_8762941 | Publishing data = { "value" : "306" } | To topic WaterLevel
DEVICE sensWaterLevel_2_8762941 | Publishing data = { "value" : "347" } | To topic WaterLevel
DEVICE sensWaterLevel_2_8762941 | Publishing data = { "value" : "214" } | To topic WaterLevel
DEVICE sensWaterLevel_2_8762941 | Publishing data = { "value" : "164" } | To topic WaterLevel
DEVICE sensWaterLevel_2_8762941 | Publishing data = { "value" : "90" } | To topic WaterLevel
DEVICE sensWaterLevel_2_8762941 | Publishing data = { "value" : "51" } | To topic WaterLevel
DEVICE sensWaterLevel_2_8762941 | Publishing data = { "value" : "344" } | To topic WaterLevel
DEVICE sensWaterLevel_2_8762941 | Publishing data = { "value" : "13" } | To topic WaterLevel
DEVICE sensWaterLevel_2_8762941 | Publishing data = { "value" : "444" } | To topic WaterLevel
DEVICE sensWaterLevel_2_8762941 | Publishing data = { "value" : "223" } | To topic WaterLevel
DEVICE sensWaterLevel_2_8762941 | Publishing data = { "value" : "116" } | To topic WaterLevel
DEVICE sensWaterLevel_2_8762941 | Publishing data = { "value" : "356" } | To topic WaterLevel
DEVICE sensWaterLevel_2_8762941 | Publishing data = { "value" : "239" } | To topic WaterLevel
DEVICE sensWaterLevel_2_8762941 | Publishing data = { "value" : "29" } | To topic WaterLevel
DEVICE sensWaterLevel_2_8762941 | Publishing data = { "value" : "296" } | To topic WaterLevel
DEVICE sensWaterLevel_2_8762941 | Publishing data = { "value" : "293" } | To topic WaterLevel
DEVICE sensWaterLevel_2_8762941 | Publishing data = { "value" : "451" } | To topic WaterLevel
DEVICE sensWaterLevel_2_8762941 | Publishing data = { "value" : "229" } | To topic WaterLevel
