WARNING: An illegal reflective access operation has occurred
WARNING: Illegal reflective access by org.eclipse.paho.client.mqttv3.internal.FileLock (jar:file:/tmp/thorntailorg.eclipse.paho.client.mqttv3-1.2.03214896747285811873.jar!/) to method sun.nio.ch.FileLockImpl.release()
WARNING: Please consider reporting this to the maintainers of org.eclipse.paho.client.mqttv3.internal.FileLock
WARNING: Use --illegal-access=warn to enable warnings of further illegal reflective access operations
WARNING: All illegal access operations will be denied in a future release
Connected to tcp://mosquitto-waterlevel2:1886
FOG WaterLevel_2 | Received data: { "value" : "148" } |From topic: WaterLevel
Aug 22, 2023 6:07:52 PM jdk.internal.reflect.NativeMethodAccessorImpl invoke0
INFO: THORN99999: Thorntail is Ready
FOG WaterLevel_2 | Received data: { "value" : "138" } |From topic: WaterLevel
FOG WaterLevel_2 | Received data: { "value" : "126" } |From topic: WaterLevel
FOG WaterLevel_2 | Received data: { "value" : "78" } |From topic: WaterLevel
FOG WaterLevel_2 | Received data: { "value" : "132" } |From topic: WaterLevel
FOG WaterLevel_2 | Received data: { "value" : "180" } |From topic: WaterLevel
FOG WaterLevel_2 | Received data: { "value" : "114" } |From topic: WaterLevel
FOG WaterLevel_2 | Received data: { "value" : "6" } |From topic: WaterLevel
FOG WaterLevel_2 | Received data: { "value" : "122" } |From topic: WaterLevel
FOG WaterLevel_2 | Received data: { "value" : "110" } |From topic: WaterLevel
FOG WaterLevel_2 | Received data: { "value" : "83" } |From topic: WaterLevel
FOG WaterLevel_2 | Received data: { "value" : "62" } |From topic: WaterLevel
FOG WaterLevel_2 | Received data: { "value" : "107" } |From topic: WaterLevel
FOG WaterLevel_2 | Received data: { "value" : "21" } |From topic: WaterLevel
FOG WaterLevel_2 | Received data: { "value" : "65" } |From topic: WaterLevel
FOG WaterLevel_2 | Received data: { "value" : "174" } |From topic: WaterLevel
FOG WaterLevel_2 | Received data: { "value" : "23" } |From topic: WaterLevel
FOG WaterLevel_2 | Received data: { "value" : "243" } |From topic: WaterLevel
FOG WaterLevel_2 | Received data: { "value" : "99" } |From topic: WaterLevel
FOG WaterLevel_2 | Received data: { "value" : "18" } |From topic: WaterLevel
FOG WaterLevel_2 | Received data: { "value" : "108" } |From topic: WaterLevel
FOG WaterLevel_2 | Received data: { "value" : "37" } |From topic: WaterLevel
FOG WaterLevel_2 | Received data: { "value" : "82" } |From topic: WaterLevel
FOG WaterLevel_2 | Received data: { "value" : "38" } |From topic: WaterLevel
FOG WaterLevel_2 | Received data: { "value" : "91" } |From topic: WaterLevel
FOG WaterLevel_2 | Received data: { "value" : "142" } |From topic: WaterLevel
FOG WaterLevel_2 | Received data: { "value" : "231" } |From topic: WaterLevel
FOG WaterLevel_2 | Received data: { "value" : "30" } |From topic: WaterLevel
FOG WaterLevel_2 | Received data: { "value" : "218" } |From topic: WaterLevel
FOG WaterLevel_2 | Received data: { "value" : "216" } |From topic: WaterLevel
FOG WaterLevel_2 | Received data: { "value" : "1" } |From topic: WaterLevel
FOG WaterLevel_2 | Received data: { "value" : "61" } |From topic: WaterLevel
FOG WaterLevel_2 | Received data: { "value" : "96" } |From topic: WaterLevel
FOG WaterLevel_2 | Received data: { "value" : "211" } |From topic: WaterLevel
FOG WaterLevel_2 | Received data: { "value" : "208" } |From topic: WaterLevel
FOG WaterLevel_2 | Received data: { "value" : "141" } |From topic: WaterLevel
FOG WaterLevel_2 | Received data: { "value" : "180" } |From topic: WaterLevel
FOG WaterLevel_2 | Received data: { "value" : "164" } |From topic: WaterLevel
FOG WaterLevel_2 | Received data: { "value" : "227" } |From topic: WaterLevel
FOG WaterLevel_2 | Received data: { "value" : "59" } |From topic: WaterLevel
FOG WaterLevel_2 | Received data: { "value" : "128" } |From topic: WaterLevel
FOG WaterLevel_2 | Received data: { "value" : "76" } |From topic: WaterLevel
FOG WaterLevel_2 | Received data: { "value" : "19" } |From topic: WaterLevel
